2020-12-11T10:44:12.1845694+01:00 [INF] Request starting HTTP/2 GET https://TX82564:5055/api/getlogs   (Microsoft.AspNetCore.Hosting.Diagnostics) (ca22a1cb)
2020-12-11T10:44:12.1847134+01:00 [INF] Executing endpoint '"SiteSelector.Controllers.GetLogsController.GetLogsList (SiteSelector)"' (Microsoft.AspNetCore.Routing.EndpointMiddleware) (500cc934)
2020-12-11T10:44:12.1848337+01:00 [INF] Route matched with "{action = \"GetLogsList\", controller = \"GetLogs\", page = \"\"}". Executing controller action with signature "System.Threading.Tasks.Task`1[Microsoft.AspNetCore.Mvc.IActionResult] GetLogsList()" on controller "SiteSelector.Controllers.GetLogsController" ("SiteSelector"). (Microsoft.AspNetCore.Mvc.Infrastructure.ControllerActionInvoker) (122b2fdf)
2020-12-11T10:44:12.1854894+01:00 [INF] Executing ObjectResult, writing value of type '"System.String"'. (Microsoft.AspNetCore.Mvc.Infrastructure.ObjectResultExecutor) (8a1b66c8)
2020-12-11T10:44:12.1857648+01:00 [INF] Executed action "SiteSelector.Controllers.GetLogsController.GetLogsList (SiteSelector)" in 0.85ms (Microsoft.AspNetCore.Mvc.Infrastructure.ControllerActionInvoker) (afa2e885)
2020-12-11T10:44:12.1858605+01:00 [INF] Executed endpoint '"SiteSelector.Controllers.GetLogsController.GetLogsList (SiteSelector)"' (Microsoft.AspNetCore.Routing.EndpointMiddleware) (99874f2b)
2020-12-11T10:44:12.1860072+01:00 [INF] Request finished in 1.5079ms 200 text/plain; charset=utf-8 (Microsoft.AspNetCore.Hosting.Diagnostics) (791a596a)
2020-12-11T10:44:12.2772400+01:00 [INF] Request starting HTTP/2 GET https://TX82564:5055/api/getlogs/file?filename=GalaxySiteSelector-TX82564-20201207.log   (Microsoft.AspNetCore.Hosting.Diagnostics) (ca22a1cb)
2020-12-11T10:44:12.2773315+01:00 [INF] Executing endpoint '"SiteSelector.Controllers.GetLogsController.GetLogFile (SiteSelector)"' (Microsoft.AspNetCore.Routing.EndpointMiddleware) (500cc934)
2020-12-11T10:44:12.2774043+01:00 [INF] Route matched with "{action = \"GetLogFile\", controller = \"GetLogs\", page = \"\"}". Executing controller action with signature "System.Threading.Tasks.Task`1[Microsoft.AspNetCore.Mvc.IActionResult] GetLogFile(System.String)" on controller "SiteSelector.Controllers.GetLogsController" ("SiteSelector"). (Microsoft.AspNetCore.Mvc.Infrastructure.ControllerActionInvoker) (122b2fdf)
2020-12-11T10:44:12.2783988+01:00 [INF] Executing ObjectResult, writing value of type '"System.String"'. (Microsoft.AspNetCore.Mvc.Infrastructure.ObjectResultExecutor) (8a1b66c8)
2020-12-11T10:44:12.2785757+01:00 [INF] Executed action "SiteSelector.Controllers.GetLogsController.GetLogFile (SiteSelector)" in 1.1324ms (Microsoft.AspNetCore.Mvc.Infrastructure.ControllerActionInvoker) (afa2e885)
2020-12-11T10:44:12.2786070+01:00 [INF] Executed endpoint '"SiteSelector.Controllers.GetLogsController.GetLogFile (SiteSelector)"' (Microsoft.AspNetCore.Routing.EndpointMiddleware) (99874f2b)
2020-12-11T10:44:12.2786427+01:00 [INF] Request finished in 1.4344ms 200 text/plain; charset=utf-8 (Microsoft.AspNetCore.Hosting.Diagnostics) (791a596a)
2020-12-11T10:44:12.3785625+01:00 [INF] Request starting HTTP/2 GET https://TX82564:5055/api/getlogs/file?filename=GalaxySiteSelector-TX82564-20201208.log   (Microsoft.AspNetCore.Hosting.Diagnostics) (ca22a1cb)
2020-12-11T10:44:12.3786824+01:00 [INF] Executing endpoint '"SiteSelector.Controllers.GetLogsController.GetLogFile (SiteSelector)"' (Microsoft.AspNetCore.Routing.EndpointMiddleware) (500cc934)
2020-12-11T10:44:12.3787718+01:00 [INF] Route matched with "{action = \"GetLogFile\", controller = \"GetLogs\", page = \"\"}". Executing controller action with signature "System.Threading.Tasks.Task`1[Microsoft.AspNetCore.Mvc.IActionResult] GetLogFile(System.String)" on controller "SiteSelector.Controllers.GetLogsController" ("SiteSelector"). (Microsoft.AspNetCore.Mvc.Infrastructure.ControllerActionInvoker) (122b2fdf)
2020-12-11T10:44:12.3803265+01:00 [INF] Executing ObjectResult, writing value of type '"System.String"'. (Microsoft.AspNetCore.Mvc.Infrastructure.ObjectResultExecutor) (8a1b66c8)
2020-12-11T10:44:12.3819249+01:00 [INF] Executed action "SiteSelector.Controllers.GetLogsController.GetLogFile (SiteSelector)" in 3.0995ms (Microsoft.AspNetCore.Mvc.Infrastructure.ControllerActionInvoker) (afa2e885)
2020-12-11T10:44:12.3819636+01:00 [INF] Executed endpoint '"SiteSelector.Controllers.GetLogsController.GetLogFile (SiteSelector)"' (Microsoft.AspNetCore.Routing.EndpointMiddleware) (99874f2b)
2020-12-11T10:44:12.3820236+01:00 [INF] Request finished in 3.4873ms 200 text/plain; charset=utf-8 (Microsoft.AspNetCore.Hosting.Diagnostics) (791a596a)
2020-12-11T10:44:12.4780556+01:00 [INF] Request starting HTTP/2 GET https://TX82564:5055/api/getlogs/file?filename=GalaxySiteSelector-TX82564-20201209.log   (Microsoft.AspNetCore.Hosting.Diagnostics) (ca22a1cb)
2020-12-11T10:44:12.4781392+01:00 [INF] Executing endpoint '"SiteSelector.Controllers.GetLogsController.GetLogFile (SiteSelector)"' (Microsoft.AspNetCore.Routing.EndpointMiddleware) (500cc934)
2020-12-11T10:44:12.4782185+01:00 [INF] Route matched with "{action = \"GetLogFile\", controller = \"GetLogs\", page = \"\"}". Executing controller action with signature "System.Threading.Tasks.Task`1[Microsoft.AspNetCore.Mvc.IActionResult] GetLogFile(System.String)" on controller "SiteSelector.Controllers.GetLogsController" ("SiteSelector"). (Microsoft.AspNetCore.Mvc.Infrastructure.ControllerActionInvoker) (122b2fdf)
2020-12-11T10:44:12.4793621+01:00 [INF] Executing ObjectResult, writing value of type '"System.String"'. (Microsoft.AspNetCore.Mvc.Infrastructure.ObjectResultExecutor) (8a1b66c8)
2020-12-11T10:44:12.4800370+01:00 [INF] Executed action "SiteSelector.Controllers.GetLogsController.GetLogFile (SiteSelector)" in 1.7675ms (Microsoft.AspNetCore.Mvc.Infrastructure.ControllerActionInvoker) (afa2e885)
2020-12-11T10:44:12.4800658+01:00 [INF] Executed endpoint '"SiteSelector.Controllers.GetLogsController.GetLogFile (SiteSelector)"' (Microsoft.AspNetCore.Routing.EndpointMiddleware) (99874f2b)
2020-12-11T10:44:12.4801154+01:00 [INF] Request finished in 2.0816ms 200 text/plain; charset=utf-8 (Microsoft.AspNetCore.Hosting.Diagnostics) (791a596a)
2020-12-11T10:44:12.5883005+01:00 [INF] Request starting HTTP/2 GET https://TX82564:5055/api/getlogs/file?filename=GalaxySiteSelector-TX82564-20201210.log   (Microsoft.AspNetCore.Hosting.Diagnostics) (ca22a1cb)
2020-12-11T10:44:12.5883845+01:00 [INF] Executing endpoint '"SiteSelector.Controllers.GetLogsController.GetLogFile (SiteSelector)"' (Microsoft.AspNetCore.Routing.EndpointMiddleware) (500cc934)
2020-12-11T10:44:12.5884609+01:00 [INF] Route matched with "{action = \"GetLogFile\", controller = \"GetLogs\", page = \"\"}". Executing controller action with signature "System.Threading.Tasks.Task`1[Microsoft.AspNetCore.Mvc.IActionResult] GetLogFile(System.String)" on controller "SiteSelector.Controllers.GetLogsController" ("SiteSelector"). (Microsoft.AspNetCore.Mvc.Infrastructure.ControllerActionInvoker) (122b2fdf)
2020-12-11T10:44:12.5897495+01:00 [INF] Executing ObjectResult, writing value of type '"System.String"'. (Microsoft.AspNetCore.Mvc.Infrastructure.ObjectResultExecutor) (8a1b66c8)
2020-12-11T10:44:12.5909464+01:00 [INF] Executed action "SiteSelector.Controllers.GetLogsController.GetLogFile (SiteSelector)" in 2.3164ms (Microsoft.AspNetCore.Mvc.Infrastructure.ControllerActionInvoker) (afa2e885)
2020-12-11T10:44:12.5910043+01:00 [INF] Executed endpoint '"SiteSelector.Controllers.GetLogsController.GetLogFile (SiteSelector)"' (Microsoft.AspNetCore.Routing.EndpointMiddleware) (99874f2b)
2020-12-11T10:44:12.5910872+01:00 [INF] Request finished in 2.7841ms 200 text/plain; charset=utf-8 (Microsoft.AspNetCore.Hosting.Diagnostics) (791a596a)
2020-12-11T10:45:50.3299111+01:00 [INF] Request starting HTTP/2 GET https://TX82564:5055/api/getlogs   (Microsoft.AspNetCore.Hosting.Diagnostics) (ca22a1cb)
2020-12-11T10:45:50.3300450+01:00 [INF] Executing endpoint '"SiteSelector.Controllers.GetLogsController.GetLogsList (SiteSelector)"' (Microsoft.AspNetCore.Routing.EndpointMiddleware) (500cc934)
2020-12-11T10:45:50.3301670+01:00 [INF] Route matched with "{action = \"GetLogsList\", controller = \"GetLogs\", page = \"\"}". Executing controller action with signature "System.Threading.Tasks.Task`1[Microsoft.AspNetCore.Mvc.IActionResult] GetLogsList()" on controller "SiteSelector.Controllers.GetLogsController" ("SiteSelector"). (Microsoft.AspNetCore.Mvc.Infrastructure.ControllerActionInvoker) (122b2fdf)
2020-12-11T10:45:50.3307815+01:00 [INF] Executing ObjectResult, writing value of type '"System.String"'. (Microsoft.AspNetCore.Mvc.Infrastructure.ObjectResultExecutor) (8a1b66c8)
2020-12-11T10:45:50.3309234+01:00 [INF] Executed action "SiteSelector.Controllers.GetLogsController.GetLogsList (SiteSelector)" in 0.706ms (Microsoft.AspNetCore.Mvc.Infrastructure.ControllerActionInvoker) (afa2e885)
2020-12-11T10:45:50.3309550+01:00 [INF] Executed endpoint '"SiteSelector.Controllers.GetLogsController.GetLogsList (SiteSelector)"' (Microsoft.AspNetCore.Routing.EndpointMiddleware) (99874f2b)
2020-12-11T10:45:50.3310065+01:00 [INF] Request finished in 1.1694ms 200 text/plain; charset=utf-8 (Microsoft.AspNetCore.Hosting.Diagnostics) (791a596a)
2020-12-11T10:46:18.2693806+01:00 [INF] Request starting HTTP/2 GET https://TX82564:5055/api/getlogs   (Microsoft.AspNetCore.Hosting.Diagnostics) (ca22a1cb)
2020-12-11T10:46:18.2694996+01:00 [INF] Executing endpoint '"SiteSelector.Controllers.GetLogsController.GetLogsList (SiteSelector)"' (Microsoft.AspNetCore.Routing.EndpointMiddleware) (500cc934)
2020-12-11T10:46:18.2696012+01:00 [INF] Route matched with "{action = \"GetLogsList\", controller = \"GetLogs\", page = \"\"}". Executing controller action with signature "System.Threading.Tasks.Task`1[Microsoft.AspNetCore.Mvc.IActionResult] GetLogsList()" on controller "SiteSelector.Controllers.GetLogsController" ("SiteSelector"). (Microsoft.AspNetCore.Mvc.Infrastructure.ControllerActionInvoker) (122b2fdf)
2020-12-11T10:46:18.2702403+01:00 [INF] Executing ObjectResult, writing value of type '"System.String"'. (Microsoft.AspNetCore.Mvc.Infrastructure.ObjectResultExecutor) (8a1b66c8)
2020-12-11T10:46:18.2703882+01:00 [INF] Executed action "SiteSelector.Controllers.GetLogsController.GetLogsList (SiteSelector)" in 0.7335ms (Microsoft.AspNetCore.Mvc.Infrastructure.ControllerActionInvoker) (afa2e885)
2020-12-11T10:46:18.2704217+01:00 [INF] Executed endpoint '"SiteSelector.Controllers.GetLogsController.GetLogsList (SiteSelector)"' (Microsoft.AspNetCore.Routing.EndpointMiddleware) (99874f2b)
2020-12-11T10:46:18.2704835+01:00 [INF] Request finished in 1.1567ms 200 text/plain; charset=utf-8 (Microsoft.AspNetCore.Hosting.Diagnostics) (791a596a)
2020-12-11T10:47:15.6232460+01:00 [INF] Request starting HTTP/2 GET https://TX82564:5055/api/getlogs   (Microsoft.AspNetCore.Hosting.Diagnostics) (ca22a1cb)
2020-12-11T10:47:15.6233650+01:00 [INF] Executing endpoint '"SiteSelector.Controllers.GetLogsController.GetLogsList (SiteSelector)"' (Microsoft.AspNetCore.Routing.EndpointMiddleware) (500cc934)
2020-12-11T10:47:15.6234596+01:00 [INF] Route matched with "{action = \"GetLogsList\", controller = \"GetLogs\", page = \"\"}". Executing controller action with signature "System.Threading.Tasks.Task`1[Microsoft.AspNetCore.Mvc.IActionResult] GetLogsList()" on controller "SiteSelector.Controllers.GetLogsController" ("SiteSelector"). (Microsoft.AspNetCore.Mvc.Infrastructure.ControllerActionInvoker) (122b2fdf)
2020-12-11T10:47:15.6241164+01:00 [INF] Executing ObjectResult, writing value of type '"System.String"'. (Microsoft.AspNetCore.Mvc.Infrastructure.ObjectResultExecutor) (8a1b66c8)
2020-12-11T10:47:15.6242648+01:00 [INF] Executed action "SiteSelector.Controllers.GetLogsController.GetLogsList (SiteSelector)" in 0.751ms (Microsoft.AspNetCore.Mvc.Infrastructure.ControllerActionInvoker) (afa2e885)
2020-12-11T10:47:15.6242953+01:00 [INF] Executed endpoint '"SiteSelector.Controllers.GetLogsController.GetLogsList (SiteSelector)"' (Microsoft.AspNetCore.Routing.EndpointMiddleware) (99874f2b)
2020-12-11T10:47:15.6243437+01:00 [INF] Request finished in 1.1433ms 200 text/plain; charset=utf-8 (Microsoft.AspNetCore.Hosting.Diagnostics) (791a596a)
2020-12-11T10:47:50.8170723+01:00 [INF] Request starting HTTP/2 GET https://TX82564:5055/api/getlogs   (Microsoft.AspNetCore.Hosting.Diagnostics) (ca22a1cb)
2020-12-11T10:47:50.8171896+01:00 [INF] Executing endpoint '"SiteSelector.Controllers.GetLogsController.GetLogsList (SiteSelector)"' (Microsoft.AspNetCore.Routing.EndpointMiddleware) (500cc934)
2020-12-11T10:47:50.8172871+01:00 [INF] Route matched with "{action = \"GetLogsList\", controller = \"GetLogs\", page = \"\"}". Executing controller action with signature "System.Threading.Tasks.Task`1[Microsoft.AspNetCore.Mvc.IActionResult] GetLogsList()" on controller "SiteSelector.Controllers.GetLogsController" ("SiteSelector"). (Microsoft.AspNetCore.Mvc.Infrastructure.ControllerActionInvoker) (122b2fdf)
2020-12-11T10:47:50.8178815+01:00 [INF] Executing ObjectResult, writing value of type '"System.String"'. (Microsoft.AspNetCore.Mvc.Infrastructure.ObjectResultExecutor) (8a1b66c8)
2020-12-11T10:47:50.8180279+01:00 [INF] Executed action "SiteSelector.Controllers.GetLogsController.GetLogsList (SiteSelector)" in 0.6995ms (Microsoft.AspNetCore.Mvc.Infrastructure.ControllerActionInvoker) (afa2e885)
2020-12-11T10:47:50.8180592+01:00 [INF] Executed endpoint '"SiteSelector.Controllers.GetLogsController.GetLogsList (SiteSelector)"' (Microsoft.AspNetCore.Routing.EndpointMiddleware) (99874f2b)
2020-12-11T10:47:50.8181127+01:00 [INF] Request finished in 1.1012ms 200 text/plain; charset=utf-8 (Microsoft.AspNetCore.Hosting.Diagnostics) (791a596a)
2020-12-11T10:47:50.9420684+01:00 [INF] Request starting HTTP/2 GET https://TX82564:5055/api/getlogs/file?filename=GalaxySiteSelector-TX82564-20201207.log   (Microsoft.AspNetCore.Hosting.Diagnostics) (ca22a1cb)
2020-12-11T10:47:50.9422198+01:00 [INF] Executing endpoint '"SiteSelector.Controllers.GetLogsController.GetLogFile (SiteSelector)"' (Microsoft.AspNetCore.Routing.EndpointMiddleware) (500cc934)
2020-12-11T10:47:50.9423928+01:00 [INF] Route matched with "{action = \"GetLogFile\", controller = \"GetLogs\", page = \"\"}". Executing controller action with signature "System.Threading.Tasks.Task`1[Microsoft.AspNetCore.Mvc.IActionResult] GetLogFile(System.String)" on controller "SiteSelector.Controllers.GetLogsController" ("SiteSelector"). (Microsoft.AspNetCore.Mvc.Infrastructure.ControllerActionInvoker) (122b2fdf)
2020-12-11T10:47:50.9443533+01:00 [INF] Executing ObjectResult, writing value of type '"System.String"'. (Microsoft.AspNetCore.Mvc.Infrastructure.ObjectResultExecutor) (8a1b66c8)
2020-12-11T10:47:50.9446019+01:00 [INF] Executed action "SiteSelector.Controllers.GetLogsController.GetLogFile (SiteSelector)" in 2.1155ms (Microsoft.AspNetCore.Mvc.Infrastructure.ControllerActionInvoker) (afa2e885)
2020-12-11T10:47:50.9446392+01:00 [INF] Executed endpoint '"SiteSelector.Controllers.GetLogsController.GetLogFile (SiteSelector)"' (Microsoft.AspNetCore.Routing.EndpointMiddleware) (99874f2b)
2020-12-11T10:47:50.9446927+01:00 [INF] Request finished in 2.6623ms 200 text/plain; charset=utf-8 (Microsoft.AspNetCore.Hosting.Diagnostics) (791a596a)
2020-12-11T10:47:51.0501705+01:00 [INF] Request starting HTTP/2 GET https://TX82564:5055/api/getlogs/file?filename=GalaxySiteSelector-TX82564-20201208.log   (Microsoft.AspNetCore.Hosting.Diagnostics) (ca22a1cb)
2020-12-11T10:47:51.0502886+01:00 [INF] Executing endpoint '"SiteSelector.Controllers.GetLogsController.GetLogFile (SiteSelector)"' (Microsoft.AspNetCore.Routing.EndpointMiddleware) (500cc934)
2020-12-11T10:47:51.0503960+01:00 [INF] Route matched with "{action = \"GetLogFile\", controller = \"GetLogs\", page = \"\"}". Executing controller action with signature "System.Threading.Tasks.Task`1[Microsoft.AspNetCore.Mvc.IActionResult] GetLogFile(System.String)" on controller "SiteSelector.Controllers.GetLogsController" ("SiteSelector"). (Microsoft.AspNetCore.Mvc.Infrastructure.ControllerActionInvoker) (122b2fdf)
2020-12-11T10:47:51.0527301+01:00 [INF] Executing ObjectResult, writing value of type '"System.String"'. (Microsoft.AspNetCore.Mvc.Infrastructure.ObjectResultExecutor) (8a1b66c8)
2020-12-11T10:47:51.0549046+01:00 [INF] Executed action "SiteSelector.Controllers.GetLogsController.GetLogFile (SiteSelector)" in 4.4313ms (Microsoft.AspNetCore.Mvc.Infrastructure.ControllerActionInvoker) (afa2e885)
2020-12-11T10:47:51.0549542+01:00 [INF] Executed endpoint '"SiteSelector.Controllers.GetLogsController.GetLogFile (SiteSelector)"' (Microsoft.AspNetCore.Routing.EndpointMiddleware) (99874f2b)
2020-12-11T10:47:51.0550403+01:00 [INF] Request finished in 4.911ms 200 text/plain; charset=utf-8 (Microsoft.AspNetCore.Hosting.Diagnostics) (791a596a)
2020-12-11T10:47:51.1533036+01:00 [INF] Request starting HTTP/2 GET https://TX82564:5055/api/getlogs/file?filename=GalaxySiteSelector-TX82564-20201209.log   (Microsoft.AspNetCore.Hosting.Diagnostics) (ca22a1cb)
2020-12-11T10:47:51.1534232+01:00 [INF] Executing endpoint '"SiteSelector.Controllers.GetLogsController.GetLogFile (SiteSelector)"' (Microsoft.AspNetCore.Routing.EndpointMiddleware) (500cc934)
2020-12-11T10:47:51.1535265+01:00 [INF] Route matched with "{action = \"GetLogFile\", controller = \"GetLogs\", page = \"\"}". Executing controller action with signature "System.Threading.Tasks.Task`1[Microsoft.AspNetCore.Mvc.IActionResult] GetLogFile(System.String)" on controller "SiteSelector.Controllers.GetLogsController" ("SiteSelector"). (Microsoft.AspNetCore.Mvc.Infrastructure.ControllerActionInvoker) (122b2fdf)
2020-12-11T10:47:51.1553600+01:00 [INF] Executing ObjectResult, writing value of type '"System.String"'. (Microsoft.AspNetCore.Mvc.Infrastructure.ObjectResultExecutor) (8a1b66c8)
2020-12-11T10:47:51.1564114+01:00 [INF] Executed action "SiteSelector.Controllers.GetLogsController.GetLogFile (SiteSelector)" in 2.8055ms (Microsoft.AspNetCore.Mvc.Infrastructure.ControllerActionInvoker) (afa2e885)
2020-12-11T10:47:51.1564767+01:00 [INF] Executed endpoint '"SiteSelector.Controllers.GetLogsController.GetLogFile (SiteSelector)"' (Microsoft.AspNetCore.Routing.EndpointMiddleware) (99874f2b)
2020-12-11T10:47:51.1565601+01:00 [INF] Request finished in 3.2955ms 200 text/plain; charset=utf-8 (Microsoft.AspNetCore.Hosting.Diagnostics) (791a596a)
2020-12-11T10:47:51.2590328+01:00 [INF] Request starting HTTP/2 GET https://TX82564:5055/api/getlogs/file?filename=GalaxySiteSelector-TX82564-20201210.log   (Microsoft.AspNetCore.Hosting.Diagnostics) (ca22a1cb)
2020-12-11T10:47:51.2591760+01:00 [INF] Executing endpoint '"SiteSelector.Controllers.GetLogsController.GetLogFile (SiteSelector)"' (Microsoft.AspNetCore.Routing.EndpointMiddleware) (500cc934)
2020-12-11T10:47:51.2592771+01:00 [INF] Route matched with "{action = \"GetLogFile\", controller = \"GetLogs\", page = \"\"}". Executing controller action with signature "System.Threading.Tasks.Task`1[Microsoft.AspNetCore.Mvc.IActionResult] GetLogFile(System.String)" on controller "SiteSelector.Controllers.GetLogsController" ("SiteSelector"). (Microsoft.AspNetCore.Mvc.Infrastructure.ControllerActionInvoker) (122b2fdf)
2020-12-11T10:47:51.2615571+01:00 [INF] Executing ObjectResult, writing value of type '"System.String"'. (Microsoft.AspNetCore.Mvc.Infrastructure.ObjectResultExecutor) (8a1b66c8)
2020-12-11T10:47:51.2626051+01:00 [INF] Executed action "SiteSelector.Controllers.GetLogsController.GetLogFile (SiteSelector)" in 3.2629ms (Microsoft.AspNetCore.Mvc.Infrastructure.ControllerActionInvoker) (afa2e885)
2020-12-11T10:47:51.2626541+01:00 [INF] Executed endpoint '"SiteSelector.Controllers.GetLogsController.GetLogFile (SiteSelector)"' (Microsoft.AspNetCore.Routing.EndpointMiddleware) (99874f2b)
2020-12-11T10:47:51.2627447+01:00 [INF] Request finished in 3.751ms 200 text/plain; charset=utf-8 (Microsoft.AspNetCore.Hosting.Diagnostics) (791a596a)
2020-12-11T10:47:51.3635841+01:00 [INF] Request starting HTTP/2 GET https://TX82564:5055/api/getlogs/file?filename=GalaxySiteSelector-TX82564-20201211.log   (Microsoft.AspNetCore.Hosting.Diagnostics) (ca22a1cb)
2020-12-11T10:47:51.3637593+01:00 [INF] Executing endpoint '"SiteSelector.Controllers.GetLogsController.GetLogFile (SiteSelector)"' (Microsoft.AspNetCore.Routing.EndpointMiddleware) (500cc934)
2020-12-11T10:47:51.3638558+01:00 [INF] Route matched with "{action = \"GetLogFile\", controller = \"GetLogs\", page = \"\"}". Executing controller action with signature "System.Threading.Tasks.Task`1[Microsoft.AspNetCore.Mvc.IActionResult] GetLogFile(System.String)" on controller "SiteSelector.Controllers.GetLogsController" ("SiteSelector"). (Microsoft.AspNetCore.Mvc.Infrastructure.ControllerActionInvoker) (122b2fdf)
