2020-10-16T10:22:50.3154620+02:00 [INF] Request starting HTTP/2 GET https://localhost:5055/SiteSelector   (Microsoft.AspNetCore.Hosting.Diagnostics) (ca22a1cb)
2020-10-16T10:22:50.3159500+02:00 [INF] Executing endpoint '"/_Host"' (Microsoft.AspNetCore.Routing.EndpointMiddleware) (500cc934)
2020-10-16T10:22:50.3164597+02:00 [INF] Route matched with "{page = \"/_Host\", action = \"\", controller = \"\"}". Executing page "/_Host" (Microsoft.AspNetCore.Mvc.RazorPages.Infrastructure.PageActionInvoker) (547e620f)
2020-10-16T10:22:50.3179671+02:00 [INF] Executing an implicit handler method - ModelState is Valid (Microsoft.AspNetCore.Mvc.RazorPages.Infrastructure.PageActionInvoker) (232a55d1)
2020-10-16T10:22:50.3180511+02:00 [INF] Executed an implicit handler method, returned result "Microsoft.AspNetCore.Mvc.RazorPages.PageResult". (Microsoft.AspNetCore.Mvc.RazorPages.Infrastructure.PageActionInvoker) (f857da66)
2020-10-16T10:22:50.3233398+02:00 [INF] Executed page "/_Host" in 6.756ms (Microsoft.AspNetCore.Mvc.RazorPages.Infrastructure.PageActionInvoker) (02e01280)
2020-10-16T10:22:50.3233891+02:00 [INF] Executed endpoint '"/_Host"' (Microsoft.AspNetCore.Routing.EndpointMiddleware) (99874f2b)
2020-10-16T10:22:50.3235316+02:00 [INF] Request finished in 8.2299ms 200 text/html; charset=utf-8 (Microsoft.AspNetCore.Hosting.Diagnostics) (791a596a)
2020-10-16T10:22:50.3277723+02:00 [INF] Request starting HTTP/2 GET https://localhost:5055/css/bootstrap/bootstrap.min.css   (Microsoft.AspNetCore.Hosting.Diagnostics) (ca22a1cb)
2020-10-16T10:22:50.3277700+02:00 [INF] Request starting HTTP/2 GET https://localhost:5055/css/site.css   (Microsoft.AspNetCore.Hosting.Diagnostics) (ca22a1cb)
2020-10-16T10:22:50.3277916+02:00 [INF] Request starting HTTP/2 GET https://localhost:5055/_framework/blazor.server.js   (Microsoft.AspNetCore.Hosting.Diagnostics) (ca22a1cb)
2020-10-16T10:22:50.3280415+02:00 [INF] Request starting HTTP/2 GET https://localhost:5055/js/interop.js   (Microsoft.AspNetCore.Hosting.Diagnostics) (ca22a1cb)
2020-10-16T10:22:50.3298421+02:00 [INF] Sending file. Request path: '"/js/interop.js"'. Physical path: '"C:\ProgramData\GalaxySiteSelector\wwwroot\js\interop.js"' (Microsoft.AspNetCore.StaticFiles.StaticFileMiddleware) (27b0a520)
2020-10-16T10:22:50.3298450+02:00 [INF] Sending file. Request path: '"/css/site.css"'. Physical path: '"C:\ProgramData\GalaxySiteSelector\wwwroot\css\site.css"' (Microsoft.AspNetCore.StaticFiles.StaticFileMiddleware) (27b0a520)
2020-10-16T10:22:50.3320888+02:00 [INF] Request finished in 4.0287ms 200 application/javascript (Microsoft.AspNetCore.Hosting.Diagnostics) (791a596a)
2020-10-16T10:22:50.3320856+02:00 [INF] Request finished in 4.3051ms 200 text/css (Microsoft.AspNetCore.Hosting.Diagnostics) (791a596a)
2020-10-16T10:22:50.3332022+02:00 [INF] Sending file. Request path: '"/_framework/blazor.server.js"'. Physical path: '"N/A"' (Microsoft.AspNetCore.StaticFiles.StaticFileMiddleware) (27b0a520)
2020-10-16T10:22:50.3333393+02:00 [INF] Request finished in 5.5377ms 200 application/javascript (Microsoft.AspNetCore.Hosting.Diagnostics) (791a596a)
2020-10-16T10:22:50.3341877+02:00 [INF] Sending file. Request path: '"/css/bootstrap/bootstrap.min.css"'. Physical path: '"C:\ProgramData\GalaxySiteSelector\wwwroot\css\bootstrap\bootstrap.min.css"' (Microsoft.AspNetCore.StaticFiles.StaticFileMiddleware) (27b0a520)
2020-10-16T10:22:50.3342599+02:00 [INF] Request finished in 6.5133ms 200 text/css (Microsoft.AspNetCore.Hosting.Diagnostics) (791a596a)
2020-10-16T10:22:50.3566117+02:00 [INF] Request starting HTTP/2 GET https://localhost:5055/css/open-iconic/font/css/open-iconic-bootstrap.min.css   (Microsoft.AspNetCore.Hosting.Diagnostics) (ca22a1cb)
2020-10-16T10:22:50.3571525+02:00 [INF] Sending file. Request path: '"/css/open-iconic/font/css/open-iconic-bootstrap.min.css"'. Physical path: '"C:\ProgramData\GalaxySiteSelector\wwwroot\css\open-iconic\font\css\open-iconic-bootstrap.min.css"' (Microsoft.AspNetCore.StaticFiles.StaticFileMiddleware) (27b0a520)
2020-10-16T10:22:50.3572082+02:00 [INF] Request finished in 0.6208ms 200 text/css (Microsoft.AspNetCore.Hosting.Diagnostics) (791a596a)
2020-10-16T10:22:50.3889236+02:00 [INF] Request starting HTTP/2 POST https://localhost:5055/_blazor/negotiate?negotiateVersion=1 text/plain;charset=UTF-8 0 (Microsoft.AspNetCore.Hosting.Diagnostics) (ca22a1cb)
2020-10-16T10:22:50.3891092+02:00 [INF] Executing endpoint '"/_blazor/negotiate"' (Microsoft.AspNetCore.Routing.EndpointMiddleware) (500cc934)
2020-10-16T10:22:50.3895478+02:00 [INF] Executed endpoint '"/_blazor/negotiate"' (Microsoft.AspNetCore.Routing.EndpointMiddleware) (99874f2b)
2020-10-16T10:22:50.3896088+02:00 [INF] Request finished in 0.7347ms 200 application/json (Microsoft.AspNetCore.Hosting.Diagnostics) (791a596a)
2020-10-16T10:22:50.3946008+02:00 [INF] Request starting HTTP/1.1 GET https://localhost:5055/_blazor?id=OrkvgwJZ35Uj0svFWgw9vQ   (Microsoft.AspNetCore.Hosting.Diagnostics) (ca22a1cb)
2020-10-16T10:22:50.3947169+02:00 [INF] Executing endpoint '"/_blazor"' (Microsoft.AspNetCore.Routing.EndpointMiddleware) (500cc934)
2020-10-16T10:22:50.4171032+02:00 [INF] Running SetupSession (SiteSelector.Domain.SessionStart.ActorSessionStart) (7e9ff657)
2020-10-16T10:22:50.4202381+02:00 [INF] Found galaxy-client in configuration: "Galaxy Systemvælger" (SiteSelector.Domain.Persist.ReadConfigXml) (88c8e810)
2020-10-16T10:22:50.4203413+02:00 [INF] @GetDaletServiceIsInstalled, looking for service: "DaletService" (SiteSelector.Domain.SessionStart.CheckEnvironment) (bb0ef24c)
2020-10-16T10:22:50.4207037+02:00 [INF] Found service "DaletService" in state: StartService (SiteSelector.Domain.Services.ServiceHandler) (d73723f9)
2020-10-16T10:22:50.4208180+02:00 [INF] @GetDaletServiceIsInstalled, found service "DaletService": True (SiteSelector.Domain.SessionStart.CheckEnvironment) (10d3e8ac)
2020-10-16T10:22:50.4263517+02:00 [INF] Could not detect "DaletGalaxy". (SiteSelector.Domain.Processes.ProcessHandler) (37043ae9)
2020-10-16T10:22:50.4264087+02:00 [INF] Detected "DaletGalaxy" running on client:False (SiteSelector.Domain.Processes.ProcessHandler) (92f7db5d)
2020-10-16T10:22:50.4436095+02:00 [INF] Request starting HTTP/2 GET https://localhost:5055/css/open-iconic/font/fonts/open-iconic.woff   (Microsoft.AspNetCore.Hosting.Diagnostics) (ca22a1cb)
2020-10-16T10:22:50.4441516+02:00 [INF] Sending file. Request path: '"/css/open-iconic/font/fonts/open-iconic.woff"'. Physical path: '"C:\ProgramData\GalaxySiteSelector\wwwroot\css\open-iconic\font\fonts\open-iconic.woff"' (Microsoft.AspNetCore.StaticFiles.StaticFileMiddleware) (27b0a520)
2020-10-16T10:22:50.4442240+02:00 [INF] Request finished in 0.6349ms 200 application/font-woff (Microsoft.AspNetCore.Hosting.Diagnostics) (791a596a)
2020-10-16T10:22:50.5093149+02:00 [INF] DetectGalaxyRunning - Galaxy is running: False (SiteSelector.Domain.SessionStart.CheckEnvironment) (fd1e0f1e)
2020-10-16T10:22:50.6035684+02:00 [INF] Found user "w-efl", is allowed to see test-sites: True (SiteSelector.Domain.SessionStart.CheckEnvironment) (7a41e528)
2020-10-16T10:22:50.6036070+02:00 [INF] Test-sites should be included in site-listing: True (SiteSelector.Domain.SessionStart.CheckEnvironment) (375b5f05)
2020-10-16T10:22:50.6039710+02:00 [INF] Found local SiteSelector.xml at "C:\ProgramData\GalaxySiteSelector\SiteSelector.xml" (SiteSelector.Domain.SessionStart.UpdateLocalSiteSelectorXml) (926e481e)
2020-10-16T10:22:50.6062660+02:00 [INF] Found "\\dalet1\DpShare\SiteSelector\config\SiteSelector.xml": True (SiteSelector.Domain.SessionStart.UpdateLocalSiteSelectorXml) (43bd9e6d)
2020-10-16T10:22:50.6066327+02:00 [INF] SaveXmlToLocal(): MostUpdatedFile path: "\\dalet1\DpShare\SiteSelector\config\SiteSelector.xml" (SiteSelector.Domain.SessionStart.UpdateLocalSiteSelectorXml) (ff43c0b5)
2020-10-16T10:22:50.6178973+02:00 [INF] SaveXmlToLocal(): Copied file from "\\dalet1\DpShare\SiteSelector\config\SiteSelector.xml" to "C:\ProgramData\GalaxySiteSelector\SiteSelector.xml": True (SiteSelector.Domain.SessionStart.UpdateLocalSiteSelectorXml) (b7df6e7c)
2020-10-16T10:22:50.6179315+02:00 [INF] Acquired SiteSelector.xml from "\\dalet1\DpShare\SiteSelector\config\SiteSelector.xml": True (SiteSelector.Domain.SessionStart.UpdateLocalSiteSelectorXml) (e7e6200c)
2020-10-16T10:22:50.6179464+02:00 [INF] Local SiteSelector.xml was detected: True (SiteSelector.Domain.SessionStart.UpdateLocalSiteSelectorXml) (0845ccfd)
2020-10-16T10:22:50.6179637+02:00 [INF] Local SiteSelector.xml was updated from "\\dalet1\DpShare\SiteSelector\config\SiteSelector.xml": True (SiteSelector.Domain.SessionStart.UpdateLocalSiteSelectorXml) (40a93371)
2020-10-16T10:22:50.6192374+02:00 [INF] Found 6 galaxy-sites in sites-list. (SiteSelector.Domain.Persist.ReadConfigXml) (ee6a3325)
2020-10-16T10:22:50.6200516+02:00 [INF] Found galaxy-client in configuration: "Galaxy Systemvælger" (SiteSelector.Domain.Persist.ReadConfigXml) (88c8e810)
2020-10-16T10:22:50.6200755+02:00 [INF] @GetDaletServiceIsInstalled, looking for service: "DaletService" (SiteSelector.Domain.SessionStart.CheckEnvironment) (bb0ef24c)
2020-10-16T10:22:50.6203029+02:00 [INF] Found service "DaletService" in state: StartService (SiteSelector.Domain.Services.ServiceHandler) (d73723f9)
2020-10-16T10:22:50.6203422+02:00 [INF] @GetDaletServiceIsInstalled, found service "DaletService": True (SiteSelector.Domain.SessionStart.CheckEnvironment) (10d3e8ac)
2020-10-16T10:22:50.6227083+02:00 [INF] Could not detect "DaletGalaxy". (SiteSelector.Domain.Processes.ProcessHandler) (37043ae9)
2020-10-16T10:22:50.6227538+02:00 [INF] Detected "DaletGalaxy" running on client:False (SiteSelector.Domain.Processes.ProcessHandler) (92f7db5d)
2020-10-16T10:22:50.6227855+02:00 [INF] DetectGalaxyRunning - Galaxy is running: False (SiteSelector.Domain.SessionStart.CheckEnvironment) (fd1e0f1e)
2020-10-16T10:22:50.6895493+02:00 [INF] Found user "w-efl", is allowed to see test-sites: True (SiteSelector.Domain.SessionStart.CheckEnvironment) (7a41e528)
2020-10-16T10:22:50.6895871+02:00 [INF] Test-sites should be included in site-listing: True (SiteSelector.Domain.SessionStart.CheckEnvironment) (375b5f05)
2020-10-16T10:22:50.6901131+02:00 [INF] Succesfully read file: "C:\ProgramData\DaletPlusData\config.ini" (SiteSelector.Domain.SessionStart.HandleConfigIni) (70338fcf)
2020-10-16T10:22:50.6903801+02:00 [INF] Succesfully read file: "C:\ProgramData\DaletPlusData\config.ini" (SiteSelector.Domain.SessionStart.HandleConfigIni) (70338fcf)
2020-10-16T10:22:50.6904423+02:00 [INF] Completed SetupSession (SiteSelector.Domain.SessionStart.ActorSessionStart) (f17818b2)
2020-10-16T10:22:50.6904681+02:00 [INF] DaletService exists on client: True (SiteSelector.Pages.MainPage.MainComponent) (ac368e96)
2020-10-16T10:22:50.6907353+02:00 [INF] UI found current site: True (SiteSelector.Pages.MainPage.SitesListComponent) (8d1f5b96)
2020-10-16T10:23:03.2969330+02:00 [INF] User requested site: "DALG1Vtest", AsWinUser: False, Restart Service: False (SiteSelector.Pages.MainPage.SitesListComponent) (d8efe5db)
2020-10-16T10:23:03.2979290+02:00 [INF] Succesfully read file: "C:\ProgramData\DaletPlusData\config.ini" (SiteSelector.Domain.SessionStart.HandleConfigIni) (70338fcf)
2020-10-16T10:23:03.2984016+02:00 [INF] Succesfully read file: "C:\ProgramData\DaletPlusData\config.ini" (SiteSelector.Domain.SessionStart.HandleConfigIni) (70338fcf)
2020-10-16T10:23:03.2992061+02:00 [INF] Succesfully wrote file: "C:\ProgramData\DaletPlusData\config.ini" (SiteSelector.Domain.SessionStart.HandleConfigIni) (073e61d3)
2020-10-16T10:23:03.2992373+02:00 [INF] Succesfully updated config.ini to "DALGVAPP11TST DALGVAPP12TST": True (SiteSelector.Domain.SessionRespond.UpdateConfigIni) (4d06f4d8)
2020-10-16T10:23:03.3002066+02:00 [INF] SendEvent: Message - Success - "Config.ini was updated successfully." - "(null)" (SiteSelector.Domain.SessionRespond.ActorSessionRespond) (a9efe48d)
2020-10-16T10:23:03.3011341+02:00 [INF] SendEvent: Message - Waiting - "Preparing to start Galaxy." - "(null)" (SiteSelector.Domain.SessionRespond.ActorSessionRespond) (a9efe48d)
2020-10-16T10:23:03.3042013+02:00 [INF] SessionID is : 0 (SiteSelector.Domain.Processes.ProcessHandler) (6c7ef343)
2020-10-16T10:23:03.3905706+02:00 [INF] Found owner: "NET\w-efl" (SiteSelector.Domain.Processes.ProcessHandler) (22b07dda)
2020-10-16T10:23:03.3906713+02:00 [INF] Non-interactive session. Now starting Galaxy. (SiteSelector.Domain.Processes.ProcessHandler) (dc4b6270)
2020-10-16T10:23:03.3907527+02:00 [INF] StartProcessAsUser: args: "C:\Program Files\Dalet\DaletPlus\bin\DaletGalaxy.exe -F -S DALGVAPP11TST" (SiteSelector.Domain.Processes.ProcessHandler) (aee9c874)
2020-10-16T10:23:03.3943402+02:00 [INF] @ApplicationLoaderHelper, got environment as current user: True (SiteSelector.Domain.Processes.ProcessHandler) (78894c7a)
2020-10-16T10:23:03.3943934+02:00 [INF] @ApplicationLoaderHelper, environment var: "ALLUSERSPROFILE": "C:\ProgramData" (SiteSelector.Domain.Processes.ProcessHandler) (1999c767)
2020-10-16T10:23:03.3944136+02:00 [INF] @ApplicationLoaderHelper, environment var: "APPDATA": "C:\Users\w-efl\AppData\Roaming" (SiteSelector.Domain.Processes.ProcessHandler) (1999c767)
2020-10-16T10:23:03.3944278+02:00 [INF] @ApplicationLoaderHelper, environment var: "CommonProgramFiles": "C:\Program Files\Common Files" (SiteSelector.Domain.Processes.ProcessHandler) (1999c767)
2020-10-16T10:23:03.3944429+02:00 [INF] @ApplicationLoaderHelper, environment var: "CommonProgramFiles(x86)": "C:\Program Files (x86)\Common Files" (SiteSelector.Domain.Processes.ProcessHandler) (1999c767)
2020-10-16T10:23:03.3944583+02:00 [INF] @ApplicationLoaderHelper, environment var: "CommonProgramW6432": "C:\Program Files\Common Files" (SiteSelector.Domain.Processes.ProcessHandler) (1999c767)
2020-10-16T10:23:03.3944718+02:00 [INF] @ApplicationLoaderHelper, environment var: "COMPUTERNAME": "TX82564" (SiteSelector.Domain.Processes.ProcessHandler) (1999c767)
2020-10-16T10:23:03.3944870+02:00 [INF] @ApplicationLoaderHelper, environment var: "ComSpec": "C:\WINDOWS\system32\cmd.exe" (SiteSelector.Domain.Processes.ProcessHandler) (1999c767)
2020-10-16T10:23:03.3945011+02:00 [INF] @ApplicationLoaderHelper, environment var: "DriverData": "C:\Windows\System32\Drivers\DriverData" (SiteSelector.Domain.Processes.ProcessHandler) (1999c767)
2020-10-16T10:23:03.3945158+02:00 [INF] @ApplicationLoaderHelper, environment var: "HOMEDRIVE": "C:" (SiteSelector.Domain.Processes.ProcessHandler) (1999c767)
2020-10-16T10:23:03.3945296+02:00 [INF] @ApplicationLoaderHelper, environment var: "HOMEPATH": "\Users\w-efl" (SiteSelector.Domain.Processes.ProcessHandler) (1999c767)
2020-10-16T10:23:03.3945445+02:00 [INF] @ApplicationLoaderHelper, environment var: "LOCALAPPDATA": "C:\Users\w-efl\AppData\Local" (SiteSelector.Domain.Processes.ProcessHandler) (1999c767)
2020-10-16T10:23:03.3945593+02:00 [INF] @ApplicationLoaderHelper, environment var: "LOGONSERVER": "\\DC03" (SiteSelector.Domain.Processes.ProcessHandler) (1999c767)
2020-10-16T10:23:03.3945732+02:00 [INF] @ApplicationLoaderHelper, environment var: "NUMBER_OF_PROCESSORS": "8" (SiteSelector.Domain.Processes.ProcessHandler) (1999c767)
2020-10-16T10:23:03.3945886+02:00 [INF] @ApplicationLoaderHelper, environment var: "OneDrive": "C:\Users\w-efl\OneDrive" (SiteSelector.Domain.Processes.ProcessHandler) (1999c767)
2020-10-16T10:23:03.3946025+02:00 [INF] @ApplicationLoaderHelper, environment var: "OS": "Windows_NT" (SiteSelector.Domain.Processes.ProcessHandler) (1999c767)
2020-10-16T10:23:03.3946296+02:00 [INF] @ApplicationLoaderHelper, environment var: "Path": "C:\ProgramData\Oracle\Java\javapath;C:\WINDOWS\system32;C:\WINDOWS;C:\WINDOWS\System32\Wbem;C:\WINDOWS\System32\WindowsPowerShell\v1.0\;C:\WINDOWS\System32\OpenSSH\;C:\Users\w-efl\AppData\Local\Microsoft\WindowsApps" (SiteSelector.Domain.Processes.ProcessHandler) (1999c767)
2020-10-16T10:23:03.3946457+02:00 [INF] @ApplicationLoaderHelper, environment var: "PATHEXT": ".COM;.EXE;.BAT;.CMD;.VBS;.VBE;.JS;.JSE;.WSF;.WSH;.MSC" (SiteSelector.Domain.Processes.ProcessHandler) (1999c767)
2020-10-16T10:23:03.3946593+02:00 [INF] @ApplicationLoaderHelper, environment var: "PROCESSOR_ARCHITECTURE": "AMD64" (SiteSelector.Domain.Processes.ProcessHandler) (1999c767)
2020-10-16T10:23:03.3946745+02:00 [INF] @ApplicationLoaderHelper, environment var: "PROCESSOR_IDENTIFIER": "Intel64 Family 6 Model 85 Stepping 4, GenuineIntel" (SiteSelector.Domain.Processes.ProcessHandler) (1999c767)
2020-10-16T10:23:03.3946899+02:00 [INF] @ApplicationLoaderHelper, environment var: "PROCESSOR_LEVEL": "6" (SiteSelector.Domain.Processes.ProcessHandler) (1999c767)
2020-10-16T10:23:03.3947035+02:00 [INF] @ApplicationLoaderHelper, environment var: "PROCESSOR_REVISION": "5504" (SiteSelector.Domain.Processes.ProcessHandler) (1999c767)
2020-10-16T10:23:03.3947186+02:00 [INF] @ApplicationLoaderHelper, environment var: "ProgramData": "C:\ProgramData" (SiteSelector.Domain.Processes.ProcessHandler) (1999c767)
2020-10-16T10:23:03.3947324+02:00 [INF] @ApplicationLoaderHelper, environment var: "ProgramFiles": "C:\Program Files" (SiteSelector.Domain.Processes.ProcessHandler) (1999c767)
2020-10-16T10:23:03.3947473+02:00 [INF] @ApplicationLoaderHelper, environment var: "ProgramFiles(x86)": "C:\Program Files (x86)" (SiteSelector.Domain.Processes.ProcessHandler) (1999c767)
2020-10-16T10:23:03.3947602+02:00 [INF] @ApplicationLoaderHelper, environment var: "ProgramW6432": "C:\Program Files" (SiteSelector.Domain.Processes.ProcessHandler) (1999c767)
2020-10-16T10:23:03.3947746+02:00 [INF] @ApplicationLoaderHelper, environment var: "PSModulePath": "%ProgramFiles%\WindowsPowerShell\Modules;C:\WINDOWS\system32\WindowsPowerShell\v1.0\Modules" (SiteSelector.Domain.Processes.ProcessHandler) (1999c767)
2020-10-16T10:23:03.3947848+02:00 [INF] @ApplicationLoaderHelper, environment var: "PUBLIC": "C:\Users\Public" (SiteSelector.Domain.Processes.ProcessHandler) (1999c767)
2020-10-16T10:23:03.3947938+02:00 [INF] @ApplicationLoaderHelper, environment var: "SystemDrive": "C:" (SiteSelector.Domain.Processes.ProcessHandler) (1999c767)
2020-10-16T10:23:03.3951456+02:00 [INF] @ApplicationLoaderHelper, environment var: "SystemRoot": "C:\WINDOWS" (SiteSelector.Domain.Processes.ProcessHandler) (1999c767)
2020-10-16T10:23:03.3951962+02:00 [INF] @ApplicationLoaderHelper, environment var: "TEMP": "C:\Users\w-efl\AppData\Local\Temp" (SiteSelector.Domain.Processes.ProcessHandler) (1999c767)
2020-10-16T10:23:03.3952262+02:00 [INF] @ApplicationLoaderHelper, environment var: "TMP": "C:\Users\w-efl\AppData\Local\Temp" (SiteSelector.Domain.Processes.ProcessHandler) (1999c767)
2020-10-16T10:23:03.3952447+02:00 [INF] @ApplicationLoaderHelper, environment var: "UATDATA": "C:\WINDOWS\CCM\UATData\D9F8C395-CAB8-491d-B8AC-179A1FE1BE77" (SiteSelector.Domain.Processes.ProcessHandler) (1999c767)
2020-10-16T10:23:03.3952595+02:00 [INF] @ApplicationLoaderHelper, environment var: "USERDNSDOMAIN": "NET.DR.DK" (SiteSelector.Domain.Processes.ProcessHandler) (1999c767)
2020-10-16T10:23:03.3952836+02:00 [INF] @ApplicationLoaderHelper, environment var: "USERDOMAIN": "NET" (SiteSelector.Domain.Processes.ProcessHandler) (1999c767)
2020-10-16T10:23:03.3953019+02:00 [INF] @ApplicationLoaderHelper, environment var: "USERDOMAIN_ROAMINGPROFILE": "NET" (SiteSelector.Domain.Processes.ProcessHandler) (1999c767)
2020-10-16T10:23:03.3953278+02:00 [INF] @ApplicationLoaderHelper, environment var: "USERNAME": "w-efl" (SiteSelector.Domain.Processes.ProcessHandler) (1999c767)
2020-10-16T10:23:03.3953533+02:00 [INF] @ApplicationLoaderHelper, environment var: "USERPROFILE": "C:\Users\w-efl" (SiteSelector.Domain.Processes.ProcessHandler) (1999c767)
2020-10-16T10:23:03.3953710+02:00 [INF] @ApplicationLoaderHelper, environment var: "windir": "C:\WINDOWS" (SiteSelector.Domain.Processes.ProcessHandler) (1999c767)
2020-10-16T10:23:03.4646230+02:00 [INF] @ApplicationLoaderHelper, started process "C:\Program Files\Dalet\DaletPlus\bin\DaletGalaxy.exe -F -S DALGVAPP11TST", PID: 4192 (SiteSelector.Domain.Processes.ProcessHandler) (cb3dba52)
2020-10-16T10:23:03.4647514+02:00 [INF] StartProcessAsUser - Started process: 4192 (SiteSelector.Domain.Processes.ProcessHandler) (018bf248)
2020-10-16T10:23:03.4647805+02:00 [INF] StartProcessEnvironmentAware. Process "C:\Program Files\Dalet\DaletPlus\bin\DaletGalaxy.exe" has been invoked. (SiteSelector.Domain.Processes.ProcessHandler) (f0f71640)
2020-10-16T10:23:03.4648052+02:00 [INF] StartGalaxy - started Dalet Galaxy: True (SiteSelector.Domain.SessionRespond.Launcher) (bddbbfc5)
2020-10-16T10:23:03.4648764+02:00 [INF] Now Switching to site "DALG1Vtest" (SiteSelector.Pages.MainPage.MainComponent) (105e6a29)
2020-10-16T10:23:03.4654987+02:00 [INF] SendEvent: StartGalaxy - Success - "Successfully started Galaxy" - "DALG1Vtest" (SiteSelector.Domain.SessionRespond.ActorSessionRespond) (a9efe48d)
2020-10-16T10:23:03.4655259+02:00 [INF] Successfully started Dalet Galaxy. (SiteSelector.Domain.SessionRespond.ActorSessionRespond) (df2d65df)
2020-10-16T10:23:03.4766679+02:00 [INF] Successfully build configuration (SiteSelector.Domain.Persist.PersistAppSettings) (34a2c1a5)
2020-10-16T10:23:03.4787884+02:00 [INF] Disposing now (SiteSelector.Pages.MainPage.MainComponent) (7c5e0a46)
2020-10-16T10:23:03.4788528+02:00 [INF] Unsubscribed to all events. (SiteSelector.Pages.MainPage.MainComponent) (8a173910)
2020-10-16T10:23:03.4789373+02:00 [INF] Disposing now (SiteSelector.Pages.MainPage.SitesListComponent) (7c5e0a46)
2020-10-16T10:23:03.4795818+02:00 [INF] Successfully updated configuration to appsettings.json (SiteSelector.Domain.Persist.PersistAppSettings) (de26bb35)
2020-10-16T10:23:03.4800412+02:00 [INF] Galaxy was started: True (SiteSelector.Pages.MainPage.SitesListComponent) (86cbc7be)
2020-10-16T10:23:06.4899694+02:00 [INF] Closed current browser-window (MS Edge only). (SiteSelector.Pages.MainPage.MainComponent) (023c2a79)
2020-10-16T10:23:06.4925259+02:00 [INF] Request starting HTTP/2 GET https://localhost:5055/html/SwitchComplete.html   (Microsoft.AspNetCore.Hosting.Diagnostics) (ca22a1cb)
2020-10-16T10:23:06.4938219+02:00 [INF] Sending file. Request path: '"/html/SwitchComplete.html"'. Physical path: '"C:\ProgramData\GalaxySiteSelector\wwwroot\html\SwitchComplete.html"' (Microsoft.AspNetCore.StaticFiles.StaticFileMiddleware) (27b0a520)
2020-10-16T10:23:06.4940879+02:00 [INF] Request finished in 1.5654ms 200 text/html (Microsoft.AspNetCore.Hosting.Diagnostics) (791a596a)
2020-10-16T10:23:06.4957837+02:00 [INF] Request starting HTTP/2 POST https://localhost:5055/_blazor/disconnect multipart/form-data; boundary=---------------------------7e41eb62405ec 363 (Microsoft.AspNetCore.Hosting.Diagnostics) (ca22a1cb)
2020-10-16T10:23:06.4963038+02:00 [INF] Executing endpoint '"Blazor disconnect"' (Microsoft.AspNetCore.Routing.EndpointMiddleware) (500cc934)
2020-10-16T10:23:06.4976600+02:00 [INF] Executed endpoint '"Blazor disconnect"' (Microsoft.AspNetCore.Routing.EndpointMiddleware) (99874f2b)
2020-10-16T10:23:06.4978053+02:00 [INF] Request finished in 2.1474ms 200  (Microsoft.AspNetCore.Hosting.Diagnostics) (791a596a)
2020-10-16T10:23:06.5013196+02:00 [INF] Executed endpoint '"/_blazor"' (Microsoft.AspNetCore.Routing.EndpointMiddleware) (99874f2b)
2020-10-16T10:23:06.5015113+02:00 [INF] Request finished in 16106.9164ms 101  (Microsoft.AspNetCore.Hosting.Diagnostics) (791a596a)
