2020-12-07T11:25:57.3771891+01:00 [INF] "GalaxySiteSelector" - service version: "0.9.5.5", library version: "0.9.5.9" - machinename: "TX80359" (SiteSelector.Program) (b27fd4b2)
2020-12-07T11:25:57.4154901+01:00 [INF] User profile is available. Using '"C:\WINDOWS\system32\config\systemprofile\AppData\Local\ASP.NET\DataProtection-Keys"' as key repository and Windows DPAPI to encrypt keys at rest. (Microsoft.AspNetCore.DataProtection.KeyManagement.XmlKeyManager) (7ac5e29c)
2020-12-07T11:25:57.6370948+01:00 [INF] Now listening on: "https://[::]:5055" (Microsoft.Hosting.Lifetime) (d826f4b8)
2020-12-07T11:25:57.6372679+01:00 [INF] Application started. Hosting environment: "Production"; Content root path: "C:\ProgramData\GalaxySiteSelector" (Microsoft.Hosting.Lifetime) (9029d6f8)
2020-12-07T11:26:09.4685487+01:00 [INF] Request starting HTTP/2 GET https://localhost:5055/SiteSelector   (Microsoft.AspNetCore.Hosting.Diagnostics) (ca22a1cb)
2020-12-07T11:26:09.7454857+01:00 [INF] Executing endpoint '"/_Host"' (Microsoft.AspNetCore.Routing.EndpointMiddleware) (500cc934)
2020-12-07T11:26:09.9980447+01:00 [INF] Route matched with "{page = \"/_Host\", action = \"\", controller = \"\"}". Executing page "/_Host" (Microsoft.AspNetCore.Mvc.RazorPages.Infrastructure.PageActionInvoker) (547e620f)
2020-12-07T11:26:10.0232198+01:00 [INF] Executing an implicit handler method - ModelState is Valid (Microsoft.AspNetCore.Mvc.RazorPages.Infrastructure.PageActionInvoker) (232a55d1)
2020-12-07T11:26:10.0234138+01:00 [INF] Executed an implicit handler method, returned result "Microsoft.AspNetCore.Mvc.RazorPages.PageResult". (Microsoft.AspNetCore.Mvc.RazorPages.Infrastructure.PageActionInvoker) (f857da66)
2020-12-07T11:26:10.2798825+01:00 [INF] Executed page "/_Host" in 274.4084ms (Microsoft.AspNetCore.Mvc.RazorPages.Infrastructure.PageActionInvoker) (02e01280)
2020-12-07T11:26:10.2800370+01:00 [INF] Executed endpoint '"/_Host"' (Microsoft.AspNetCore.Routing.EndpointMiddleware) (99874f2b)
2020-12-07T11:26:10.2804414+01:00 [INF] Request starting HTTP/2 GET https://localhost:5055/_framework/blazor.server.js   (Microsoft.AspNetCore.Hosting.Diagnostics) (ca22a1cb)
2020-12-07T11:26:10.2804467+01:00 [INF] Request starting HTTP/2 GET https://localhost:5055/js/interop.js   (Microsoft.AspNetCore.Hosting.Diagnostics) (ca22a1cb)
2020-12-07T11:26:10.2804479+01:00 [INF] Request starting HTTP/2 GET https://localhost:5055/css/bootstrap/bootstrap.min.css   (Microsoft.AspNetCore.Hosting.Diagnostics) (ca22a1cb)
2020-12-07T11:26:10.2806062+01:00 [INF] Request starting HTTP/2 GET https://localhost:5055/css/site.css   (Microsoft.AspNetCore.Hosting.Diagnostics) (ca22a1cb)
2020-12-07T11:26:10.2830619+01:00 [INF] Request finished in 817.1357ms 200 text/html; charset=utf-8 (Microsoft.AspNetCore.Hosting.Diagnostics) (791a596a)
2020-12-07T11:26:10.4124980+01:00 [INF] Sending file. Request path: '"/js/interop.js"'. Physical path: '"C:\ProgramData\GalaxySiteSelector\wwwroot\js\interop.js"' (Microsoft.AspNetCore.StaticFiles.StaticFileMiddleware) (27b0a520)
2020-12-07T11:26:10.4124980+01:00 [INF] Sending file. Request path: '"/css/site.css"'. Physical path: '"C:\ProgramData\GalaxySiteSelector\wwwroot\css\site.css"' (Microsoft.AspNetCore.StaticFiles.StaticFileMiddleware) (27b0a520)
2020-12-07T11:26:10.4559469+01:00 [INF] Request finished in 175.4381ms 200 application/javascript (Microsoft.AspNetCore.Hosting.Diagnostics) (791a596a)
2020-12-07T11:26:10.4559469+01:00 [INF] Request finished in 175.3403ms 200 text/css (Microsoft.AspNetCore.Hosting.Diagnostics) (791a596a)
2020-12-07T11:26:10.4585743+01:00 [INF] Sending file. Request path: '"/css/bootstrap/bootstrap.min.css"'. Physical path: '"C:\ProgramData\GalaxySiteSelector\wwwroot\css\bootstrap\bootstrap.min.css"' (Microsoft.AspNetCore.StaticFiles.StaticFileMiddleware) (27b0a520)
2020-12-07T11:26:10.4591487+01:00 [INF] Request finished in 178.7289ms 200 text/css (Microsoft.AspNetCore.Hosting.Diagnostics) (791a596a)
2020-12-07T11:26:10.4694098+01:00 [INF] Sending file. Request path: '"/_framework/blazor.server.js"'. Physical path: '"N/A"' (Microsoft.AspNetCore.StaticFiles.StaticFileMiddleware) (27b0a520)
2020-12-07T11:26:10.4695551+01:00 [INF] Request finished in 189.1416ms 200 application/javascript (Microsoft.AspNetCore.Hosting.Diagnostics) (791a596a)
2020-12-07T11:26:10.5106030+01:00 [INF] Request starting HTTP/2 GET https://localhost:5055/css/open-iconic/font/css/open-iconic-bootstrap.min.css   (Microsoft.AspNetCore.Hosting.Diagnostics) (ca22a1cb)
2020-12-07T11:26:10.5113050+01:00 [INF] Sending file. Request path: '"/css/open-iconic/font/css/open-iconic-bootstrap.min.css"'. Physical path: '"C:\ProgramData\GalaxySiteSelector\wwwroot\css\open-iconic\font\css\open-iconic-bootstrap.min.css"' (Microsoft.AspNetCore.StaticFiles.StaticFileMiddleware) (27b0a520)
2020-12-07T11:26:10.5114124+01:00 [INF] Request finished in 0.8269ms 200 text/css (Microsoft.AspNetCore.Hosting.Diagnostics) (791a596a)
2020-12-07T11:26:10.6764247+01:00 [INF] Request starting HTTP/2 POST https://localhost:5055/_blazor/negotiate?negotiateVersion=1 text/plain;charset=UTF-8 0 (Microsoft.AspNetCore.Hosting.Diagnostics) (ca22a1cb)
2020-12-07T11:26:10.6779345+01:00 [INF] Executing endpoint '"/_blazor/negotiate"' (Microsoft.AspNetCore.Routing.EndpointMiddleware) (500cc934)
2020-12-07T11:26:10.7272868+01:00 [INF] Executed endpoint '"/_blazor/negotiate"' (Microsoft.AspNetCore.Routing.EndpointMiddleware) (99874f2b)
2020-12-07T11:26:10.7274018+01:00 [INF] Request finished in 51.1107ms 200 application/json (Microsoft.AspNetCore.Hosting.Diagnostics) (791a596a)
2020-12-07T11:26:10.7928680+01:00 [INF] Request starting HTTP/1.1 GET https://localhost:5055/_blazor?id=NcKgkm_0ThGHaEwPZnPeXA   (Microsoft.AspNetCore.Hosting.Diagnostics) (ca22a1cb)
2020-12-07T11:26:10.7931776+01:00 [INF] Executing endpoint '"/_blazor"' (Microsoft.AspNetCore.Routing.EndpointMiddleware) (500cc934)
2020-12-07T11:26:11.2965360+01:00 [INF] Running SetupSession (SiteSelector.Domain.SessionStart.ActorSessionStart) (7e9ff657)
2020-12-07T11:26:11.4989870+01:00 [INF] Found galaxy-client in configuration: "Galaxy Systemvælger" (SiteSelector.Domain.Persist.ReadConfigXml) (88c8e810)
2020-12-07T11:26:11.4994858+01:00 [INF] @GetDaletServiceIsInstalled, looking for service: "DaletService" (SiteSelector.Domain.SessionStart.CheckEnvironment) (bb0ef24c)
2020-12-07T11:26:11.5101284+01:00 [INF] Found service "DaletService" in state: StartService (SiteSelector.Domain.Services.ServiceHandler) (d73723f9)
2020-12-07T11:26:11.5103362+01:00 [INF] @GetDaletServiceIsInstalled, found service "DaletService": True (SiteSelector.Domain.SessionStart.CheckEnvironment) (10d3e8ac)
2020-12-07T11:26:11.5399900+01:00 [INF] Could not detect "DaletGalaxy". (SiteSelector.Domain.Processes.ProcessHandler) (37043ae9)
2020-12-07T11:26:11.5400695+01:00 [INF] Detected "DaletGalaxy" running on client:False (SiteSelector.Domain.Processes.ProcessHandler) (92f7db5d)
2020-12-07T11:26:11.7532290+01:00 [INF] DetectGalaxyRunning - Galaxy is running: False (SiteSelector.Domain.SessionStart.CheckEnvironment) (fd1e0f1e)
2020-12-07T11:26:11.7714933+01:00 [INF] Request starting HTTP/2 GET https://localhost:5055/css/open-iconic/font/fonts/open-iconic.woff   (Microsoft.AspNetCore.Hosting.Diagnostics) (ca22a1cb)
2020-12-07T11:26:11.7723158+01:00 [INF] Sending file. Request path: '"/css/open-iconic/font/fonts/open-iconic.woff"'. Physical path: '"C:\ProgramData\GalaxySiteSelector\wwwroot\css\open-iconic\font\fonts\open-iconic.woff"' (Microsoft.AspNetCore.StaticFiles.StaticFileMiddleware) (27b0a520)
2020-12-07T11:26:11.7724507+01:00 [INF] Request finished in 1.0001ms 200 application/font-woff (Microsoft.AspNetCore.Hosting.Diagnostics) (791a596a)
2020-12-07T11:26:11.9996186+01:00 [INF] Found user "Testrum3-TX80359", is allowed to see test-sites: True (SiteSelector.Domain.SessionStart.CheckEnvironment) (7a41e528)
2020-12-07T11:26:11.9996944+01:00 [INF] Test-sites should be included in site-listing: True (SiteSelector.Domain.SessionStart.CheckEnvironment) (375b5f05)
2020-12-07T11:26:12.0034851+01:00 [INF] Found local SiteSelector.xml at "C:\ProgramData\GalaxySiteSelector\SiteSelector.xml" (SiteSelector.Domain.SessionStart.UpdateLocalSiteSelectorXml) (926e481e)
2020-12-07T11:26:12.0164344+01:00 [INF] Found "\\dalet1\DpShare\SiteSelector\config\SiteSelector.xml": True (SiteSelector.Domain.SessionStart.UpdateLocalSiteSelectorXml) (43bd9e6d)
2020-12-07T11:26:12.0169412+01:00 [INF] Local SiteSelector.xml was detected: True (SiteSelector.Domain.SessionStart.UpdateLocalSiteSelectorXml) (0845ccfd)
2020-12-07T11:26:12.0169797+01:00 [INF] Local SiteSelector.xml was updated from "\\dalet1\DpShare\SiteSelector\config\SiteSelector.xml": False (SiteSelector.Domain.SessionStart.UpdateLocalSiteSelectorXml) (40a93371)
2020-12-07T11:26:12.0182934+01:00 [INF] Found 7 galaxy-sites in sites-list. (SiteSelector.Domain.Persist.ReadConfigXml) (ee6a3325)
2020-12-07T11:26:12.0216492+01:00 [INF] Succesfully read file: "C:\ProgramData\DaletPlusData\config.ini" (SiteSelector.Domain.SessionStart.HandleConfigIni) (70338fcf)
2020-12-07T11:26:12.0229394+01:00 [INF] Succesfully read file: "C:\ProgramData\DaletPlusData\config.ini" (SiteSelector.Domain.SessionStart.HandleConfigIni) (70338fcf)
2020-12-07T11:26:12.0232252+01:00 [INF] Completed SetupSession (SiteSelector.Domain.SessionStart.ActorSessionStart) (f17818b2)
2020-12-07T11:26:12.0236007+01:00 [INF] DaletService exists on client: True (SiteSelector.Pages.MainPage.MainComponent) (ac368e96)
2020-12-07T11:26:12.0242610+01:00 [INF] UI found current site: True (SiteSelector.Pages.MainPage.SitesListComponent) (8d1f5b96)
2020-12-07T11:26:14.6503260+01:00 [INF] Clicked it: DALG3 (SiteSelector.Pages.MainPage.SitesListComponent) (260afd18)
2020-12-07T11:26:17.0253764+01:00 [INF] Clicked it: DALG3test (SiteSelector.Pages.MainPage.SitesListComponent) (eca8c77e)
2020-12-07T11:26:33.6870011+01:00 [INF] User requested site: "DALG3test", AsWinUser: False, Restart Service: True (SiteSelector.Pages.MainPage.SitesListComponent) (d8efe5db)
2020-12-07T11:26:33.6910243+01:00 [INF] SendEvent: Message - Waiting - "Trying to stop DaletService." - "(null)" (SiteSelector.Domain.SessionRespond.ActorSessionRespond) (a9efe48d)
2020-12-07T11:26:33.6924985+01:00 [INF] Found service "DaletService" in state: StartService (SiteSelector.Domain.Services.ServiceHandler) (d73723f9)
2020-12-07T11:26:33.6926093+01:00 [INF] Trying to stop "DaletService". (SiteSelector.Domain.SessionRespond.StartStopDaletService) (04887d2e)
2020-12-07T11:26:33.7401075+01:00 [INF] Found 6 processes in DaletServiceXml. (SiteSelector.Domain.Persist.ReadDaletServiceXml) (a289d3dd)
2020-12-07T11:26:33.9495810+01:00 [INF] @InvokeRestartManager, process "DALG2test-ASIOServer_1" is added to kill-list. (SiteSelector.Domain.SessionRespond.StartStopDaletService) (06cb7ec8)
2020-12-07T11:26:33.9635228+01:00 [INF] @InvokeRestartManager, process "DALG2test-AudioMediaAgent_1" is added to kill-list. (SiteSelector.Domain.SessionRespond.StartStopDaletService) (06cb7ec8)
2020-12-07T11:26:33.9767365+01:00 [INF] @InvokeRestartManager, process "DALG2test-AudioMediaAgent_2" is added to kill-list. (SiteSelector.Domain.SessionRespond.StartStopDaletService) (06cb7ec8)
2020-12-07T11:26:33.9900673+01:00 [INF] @InvokeRestartManager, process "DALG2test-AudioMediaAgent_3" is added to kill-list. (SiteSelector.Domain.SessionRespond.StartStopDaletService) (06cb7ec8)
2020-12-07T11:26:34.0037103+01:00 [INF] @InvokeRestartManager, process "DALG2test-BroadcastServer_1" is added to kill-list. (SiteSelector.Domain.SessionRespond.StartStopDaletService) (06cb7ec8)
2020-12-07T11:26:34.0167213+01:00 [INF] @InvokeRestartManager, process "LOCAL-ChannelDetectorAgent_1" is added to kill-list. (SiteSelector.Domain.SessionRespond.StartStopDaletService) (06cb7ec8)
2020-12-07T11:26:36.9849298+01:00 [INF] StartProcessAndWait: "Incorrect function." (SiteSelector.Domain.Processes.ProcessHandler) (75e65bc8)
2020-12-07T11:26:37.0500511+01:00 [INF] StartProcessAndWait: "Incorrect function." (SiteSelector.Domain.Processes.ProcessHandler) (75e65bc8)
2020-12-07T11:26:37.0502155+01:00 [INF] StartProcessAndWait: "Incorrect function." (SiteSelector.Domain.Processes.ProcessHandler) (75e65bc8)
2020-12-07T11:26:37.3279124+01:00 [INF] StartProcessAndWait: "Incorrect function." (SiteSelector.Domain.Processes.ProcessHandler) (75e65bc8)
2020-12-07T11:26:46.4817016+01:00 [INF] StartProcessAndWait: "Incorrect function." (SiteSelector.Domain.Processes.ProcessHandler) (75e65bc8)
2020-12-07T11:26:46.4897743+01:00 [INF] StartProcessAndWait: "-208 - unknown Exitcode." (SiteSelector.Domain.Processes.ProcessHandler) (75e65bc8)
2020-12-07T11:26:46.4913902+01:00 [INF] @InvokeRestartManager, completed action. (SiteSelector.Domain.SessionRespond.StartStopDaletService) (96d20844)
2020-12-07T11:26:46.4917308+01:00 [INF] @CheckForRunningProcesses, try#: 1 (SiteSelector.Domain.SessionRespond.StartStopDaletService) (e0f04456)
2020-12-07T11:26:46.4939424+01:00 [INF] Could not detect "ASIOServerAgent". (SiteSelector.Domain.Processes.ProcessHandler) (37043ae9)
2020-12-07T11:26:46.4940142+01:00 [INF] Detected "ASIOServerAgent" running on client:False (SiteSelector.Domain.Processes.ProcessHandler) (92f7db5d)
2020-12-07T11:26:46.4963446+01:00 [INF] Could not detect "MediaChannelContainer". (SiteSelector.Domain.Processes.ProcessHandler) (37043ae9)
2020-12-07T11:26:46.4964044+01:00 [INF] Detected "MediaChannelContainer" running on client:False (SiteSelector.Domain.Processes.ProcessHandler) (92f7db5d)
2020-12-07T11:26:46.4983472+01:00 [INF] Could not detect "bs_server". (SiteSelector.Domain.Processes.ProcessHandler) (37043ae9)
2020-12-07T11:26:46.4984016+01:00 [INF] Detected "bs_server" running on client:False (SiteSelector.Domain.Processes.ProcessHandler) (92f7db5d)
2020-12-07T11:26:46.5001968+01:00 [INF] Detected "ChannelDetectorAgent" running on client:True (SiteSelector.Domain.Processes.ProcessHandler) (92f7db5d)
2020-12-07T11:26:46.5002942+01:00 [INF] @CheckForRunningProcesses, trying to stop: "ChannelDetectorAgent" (SiteSelector.Domain.SessionRespond.StartStopDaletService) (893a7649)
2020-12-07T11:26:46.5020148+01:00 [INF] @CheckForRunningProcesses, tried stopping: "ChannelDetectorAgent" (SiteSelector.Domain.SessionRespond.StartStopDaletService) (0eb6f192)
2020-12-07T11:26:46.5042085+01:00 [INF] Could not detect "ControlDeviceAgent". (SiteSelector.Domain.Processes.ProcessHandler) (37043ae9)
2020-12-07T11:26:46.5042535+01:00 [INF] Detected "ControlDeviceAgent" running on client:False (SiteSelector.Domain.Processes.ProcessHandler) (92f7db5d)
2020-12-07T11:26:47.0097123+01:00 [INF] @CheckForRunningProcesses, try#: 2 (SiteSelector.Domain.SessionRespond.StartStopDaletService) (e0f04456)
2020-12-07T11:26:47.0118609+01:00 [INF] Could not detect "ASIOServerAgent". (SiteSelector.Domain.Processes.ProcessHandler) (37043ae9)
2020-12-07T11:26:47.0119149+01:00 [INF] Detected "ASIOServerAgent" running on client:False (SiteSelector.Domain.Processes.ProcessHandler) (92f7db5d)
2020-12-07T11:26:47.0136065+01:00 [INF] Could not detect "MediaChannelContainer". (SiteSelector.Domain.Processes.ProcessHandler) (37043ae9)
2020-12-07T11:26:47.0136638+01:00 [INF] Detected "MediaChannelContainer" running on client:False (SiteSelector.Domain.Processes.ProcessHandler) (92f7db5d)
2020-12-07T11:26:47.0152687+01:00 [INF] Could not detect "bs_server". (SiteSelector.Domain.Processes.ProcessHandler) (37043ae9)
2020-12-07T11:26:47.0153372+01:00 [INF] Detected "bs_server" running on client:False (SiteSelector.Domain.Processes.ProcessHandler) (92f7db5d)
2020-12-07T11:26:47.0169941+01:00 [INF] Could not detect "ChannelDetectorAgent". (SiteSelector.Domain.Processes.ProcessHandler) (37043ae9)
2020-12-07T11:26:47.0170573+01:00 [INF] Detected "ChannelDetectorAgent" running on client:False (SiteSelector.Domain.Processes.ProcessHandler) (92f7db5d)
2020-12-07T11:26:47.0189632+01:00 [INF] Could not detect "ControlDeviceAgent". (SiteSelector.Domain.Processes.ProcessHandler) (37043ae9)
2020-12-07T11:26:47.0190280+01:00 [INF] Detected "ControlDeviceAgent" running on client:False (SiteSelector.Domain.Processes.ProcessHandler) (92f7db5d)
2020-12-07T11:26:47.0211467+01:00 [INF] @StopServiceAsync, current attempt# 1 (SiteSelector.Domain.Services.ServiceHandler) (75b481b3)
2020-12-07T11:26:47.2744206+01:00 [INF] Service name and status: "DaletService": Stopped (SiteSelector.Domain.Services.ServiceHandler) (d88393ae)
2020-12-07T11:26:47.2766480+01:00 [INF] SendEvent: Message - Success - "DaletService was stopped successfully." - "(null)" (SiteSelector.Domain.SessionRespond.ActorSessionRespond) (a9efe48d)
2020-12-07T11:26:47.2772747+01:00 [INF] Looking for DaletServiceSource-folder at "\\DALET1\DpShare\DALG3test\DS_Config\TX80359" (SiteSelector.Domain.SessionRespond.DaletServiceXml) (4ccc8816)
2020-12-07T11:26:47.3256267+01:00 [INF] DaletServiceSource-folder at "\\DALET1\DpShare\DALG3test\DS_Config\TX80359" detected: False (SiteSelector.Domain.SessionRespond.DaletServiceXml) (cfe69921)
2020-12-07T11:26:47.3257062+01:00 [INF] Preparing to acquire DaletServiceSourceXml. (SiteSelector.Domain.SessionRespond.DaletServiceXml) (d75359a2)
2020-12-07T11:26:47.3257450+01:00 [INF] preparing to invoke Generator... (SiteSelector.Domain.SessionRespond.DaletServiceXml) (4f17ac6c)
2020-12-07T11:26:47.8286360+01:00 [INF] StartProcessAndWait: "The operation completed successfully." (SiteSelector.Domain.Processes.ProcessHandler) (75e65bc8)
2020-12-07T11:26:47.8289582+01:00 [INF] InvokeGenerator "\\DALET1\DpShare\DALG3test\DS_Config\_std\Copy_std.cmd" was invoked successfully. (SiteSelector.Domain.SessionRespond.DaletServiceXml) (e9b26421)
2020-12-07T11:26:47.8320973+01:00 [INF] SendEvent: Message - Success - "DaletService.xml was acquired successfully." - "(null)" (SiteSelector.Domain.SessionRespond.ActorSessionRespond) (a9efe48d)
2020-12-07T11:26:47.8341286+01:00 [INF] Succesfully read file: "C:\ProgramData\DaletPlusData\config.ini" (SiteSelector.Domain.SessionStart.HandleConfigIni) (70338fcf)
2020-12-07T11:26:47.8354014+01:00 [INF] Succesfully read file: "C:\ProgramData\DaletPlusData\config.ini" (SiteSelector.Domain.SessionStart.HandleConfigIni) (70338fcf)
2020-12-07T11:26:47.8368032+01:00 [INF] Succesfully wrote file: "C:\ProgramData\DaletPlusData\config.ini" (SiteSelector.Domain.SessionStart.HandleConfigIni) (073e61d3)
2020-12-07T11:26:47.8368743+01:00 [INF] Succesfully updated config.ini to "DALG3APP01TST DALG3APP02TST": True (SiteSelector.Domain.SessionRespond.UpdateConfigIni) (4d06f4d8)
2020-12-07T11:26:47.8378374+01:00 [INF] SendEvent: Message - Success - "Config.ini was updated successfully." - "(null)" (SiteSelector.Domain.SessionRespond.ActorSessionRespond) (a9efe48d)
2020-12-07T11:26:47.8384085+01:00 [INF] SendEvent: Message - Waiting - "Preparing to start Galaxy." - "(null)" (SiteSelector.Domain.SessionRespond.ActorSessionRespond) (a9efe48d)
2020-12-07T11:26:47.8387432+01:00 [INF] Preparing to restart service: "DaletService" (SiteSelector.Domain.SessionRespond.Launcher) (5a64e8b2)
2020-12-07T11:26:47.8396189+01:00 [INF] Found service "DaletService" in state: StopService (SiteSelector.Domain.Services.ServiceHandler) (d73723f9)
2020-12-07T11:26:47.8412571+01:00 [INF] @StopServiceAsync, current attempt# 1 (SiteSelector.Domain.Services.ServiceHandler) (75b481b3)
2020-12-07T11:26:48.2049038+01:00 [INF] Actual startUpType for service "DaletService": "Manual" vs requested: Manual (SiteSelector.Domain.Services.ServiceHandler) (c09c8fd6)
2020-12-07T11:26:49.2563634+01:00 [INF] Service name and status: "DaletService": Running (SiteSelector.Domain.Services.ServiceHandler) (d88393ae)
2020-12-07T11:26:49.2581090+01:00 [INF] Restarted service: "DaletService". (SiteSelector.Domain.SessionRespond.StartStopDaletService) (2deba2b1)
2020-12-07T11:26:49.2587281+01:00 [INF] Completed service interaction: "DaletService" (SiteSelector.Domain.SessionRespond.Launcher) (56082d23)
2020-12-07T11:26:49.2641575+01:00 [INF] SessionID is : 0 (SiteSelector.Domain.Processes.ProcessHandler) (6c7ef343)
2020-12-07T11:26:49.3434678+01:00 [INF] Found owner: "NET\Testrum3-TX80359" (SiteSelector.Domain.Processes.ProcessHandler) (22b07dda)
2020-12-07T11:26:49.3435491+01:00 [INF] Non-interactive session. Now starting Galaxy. (SiteSelector.Domain.Processes.ProcessHandler) (dc4b6270)
2020-12-07T11:26:49.3442089+01:00 [INF] StartProcessAsUser: args: "C:\Program Files\Dalet\DaletPlus\bin\DaletGalaxy.exe -F -S DALG3APP01TST" (SiteSelector.Domain.Processes.ProcessHandler) (aee9c874)
2020-12-07T11:26:49.3505782+01:00 [INF] @ApplicationLoaderHelper, got environment as current user: True (SiteSelector.Domain.Processes.ProcessHandler) (78894c7a)
2020-12-07T11:26:49.3506949+01:00 [INF] @ApplicationLoaderHelper, environment var: "ALLUSERSPROFILE": "C:\ProgramData" (SiteSelector.Domain.Processes.ProcessHandler) (1999c767)
2020-12-07T11:26:49.3507280+01:00 [INF] @ApplicationLoaderHelper, environment var: "APPDATA": "C:\Users\Testrum3-TX80359\AppData\Roaming" (SiteSelector.Domain.Processes.ProcessHandler) (1999c767)
2020-12-07T11:26:49.3507470+01:00 [INF] @ApplicationLoaderHelper, environment var: "CommonProgramFiles": "C:\Program Files\Common Files" (SiteSelector.Domain.Processes.ProcessHandler) (1999c767)
2020-12-07T11:26:49.3507611+01:00 [INF] @ApplicationLoaderHelper, environment var: "CommonProgramFiles(x86)": "C:\Program Files (x86)\Common Files" (SiteSelector.Domain.Processes.ProcessHandler) (1999c767)
2020-12-07T11:26:49.3507768+01:00 [INF] @ApplicationLoaderHelper, environment var: "CommonProgramW6432": "C:\Program Files\Common Files" (SiteSelector.Domain.Processes.ProcessHandler) (1999c767)
2020-12-07T11:26:49.3507896+01:00 [INF] @ApplicationLoaderHelper, environment var: "COMPUTERNAME": "TX80359" (SiteSelector.Domain.Processes.ProcessHandler) (1999c767)
2020-12-07T11:26:49.3508053+01:00 [INF] @ApplicationLoaderHelper, environment var: "ComSpec": "C:\WINDOWS\system32\cmd.exe" (SiteSelector.Domain.Processes.ProcessHandler) (1999c767)
2020-12-07T11:26:49.3508246+01:00 [INF] @ApplicationLoaderHelper, environment var: "DriverData": "C:\Windows\System32\Drivers\DriverData" (SiteSelector.Domain.Processes.ProcessHandler) (1999c767)
2020-12-07T11:26:49.3508405+01:00 [INF] @ApplicationLoaderHelper, environment var: "HOMEDRIVE": "C:" (SiteSelector.Domain.Processes.ProcessHandler) (1999c767)
2020-12-07T11:26:49.3508565+01:00 [INF] @ApplicationLoaderHelper, environment var: "HOMEPATH": "\Users\Testrum3-TX80359" (SiteSelector.Domain.Processes.ProcessHandler) (1999c767)
2020-12-07T11:26:49.3508691+01:00 [INF] @ApplicationLoaderHelper, environment var: "LOCALAPPDATA": "C:\Users\Testrum3-TX80359\AppData\Local" (SiteSelector.Domain.Processes.ProcessHandler) (1999c767)
2020-12-07T11:26:49.3508937+01:00 [INF] @ApplicationLoaderHelper, environment var: "LOGONSERVER": "\\DC01" (SiteSelector.Domain.Processes.ProcessHandler) (1999c767)
2020-12-07T11:26:49.3509100+01:00 [INF] @ApplicationLoaderHelper, environment var: "NUMBER_OF_PROCESSORS": "8" (SiteSelector.Domain.Processes.ProcessHandler) (1999c767)
2020-12-07T11:26:49.3509256+01:00 [INF] @ApplicationLoaderHelper, environment var: "OneDrive": "C:\Users\Testrum3-TX80359\OneDrive" (SiteSelector.Domain.Processes.ProcessHandler) (1999c767)
2020-12-07T11:26:49.3509377+01:00 [INF] @ApplicationLoaderHelper, environment var: "OS": "Windows_NT" (SiteSelector.Domain.Processes.ProcessHandler) (1999c767)
2020-12-07T11:26:49.3509545+01:00 [INF] @ApplicationLoaderHelper, environment var: "Path": "C:\ProgramData\Oracle\Java\javapath;C:\WINDOWS\system32;C:\WINDOWS;C:\WINDOWS\System32\Wbem;C:\WINDOWS\System32\WindowsPowerShell\v1.0\;C:\WINDOWS\System32\OpenSSH\;C:\Users\Testrum3-TX80359\AppData\Local\Microsoft\WindowsApps" (SiteSelector.Domain.Processes.ProcessHandler) (1999c767)
2020-12-07T11:26:49.3509704+01:00 [INF] @ApplicationLoaderHelper, environment var: "PATHEXT": ".COM;.EXE;.BAT;.CMD;.VBS;.VBE;.JS;.JSE;.WSF;.WSH;.MSC" (SiteSelector.Domain.Processes.ProcessHandler) (1999c767)
2020-12-07T11:26:49.3509857+01:00 [INF] @ApplicationLoaderHelper, environment var: "PROCESSOR_ARCHITECTURE": "AMD64" (SiteSelector.Domain.Processes.ProcessHandler) (1999c767)
2020-12-07T11:26:49.3509982+01:00 [INF] @ApplicationLoaderHelper, environment var: "PROCESSOR_IDENTIFIER": "Intel64 Family 6 Model 60 Stepping 3, GenuineIntel" (SiteSelector.Domain.Processes.ProcessHandler) (1999c767)
2020-12-07T11:26:49.3510128+01:00 [INF] @ApplicationLoaderHelper, environment var: "PROCESSOR_LEVEL": "6" (SiteSelector.Domain.Processes.ProcessHandler) (1999c767)
2020-12-07T11:26:49.3510249+01:00 [INF] @ApplicationLoaderHelper, environment var: "PROCESSOR_REVISION": "3c03" (SiteSelector.Domain.Processes.ProcessHandler) (1999c767)
2020-12-07T11:26:49.3510399+01:00 [INF] @ApplicationLoaderHelper, environment var: "ProgramData": "C:\ProgramData" (SiteSelector.Domain.Processes.ProcessHandler) (1999c767)
2020-12-07T11:26:49.3510517+01:00 [INF] @ApplicationLoaderHelper, environment var: "ProgramFiles": "C:\Program Files" (SiteSelector.Domain.Processes.ProcessHandler) (1999c767)
2020-12-07T11:26:49.3510665+01:00 [INF] @ApplicationLoaderHelper, environment var: "ProgramFiles(x86)": "C:\Program Files (x86)" (SiteSelector.Domain.Processes.ProcessHandler) (1999c767)
2020-12-07T11:26:49.3510836+01:00 [INF] @ApplicationLoaderHelper, environment var: "ProgramW6432": "C:\Program Files" (SiteSelector.Domain.Processes.ProcessHandler) (1999c767)
2020-12-07T11:26:49.3511143+01:00 [INF] @ApplicationLoaderHelper, environment var: "PSModulePath": "%ProgramFiles%\WindowsPowerShell\Modules;C:\WINDOWS\system32\WindowsPowerShell\v1.0\Modules" (SiteSelector.Domain.Processes.ProcessHandler) (1999c767)
2020-12-07T11:26:49.3511378+01:00 [INF] @ApplicationLoaderHelper, environment var: "PUBLIC": "C:\Users\Public" (SiteSelector.Domain.Processes.ProcessHandler) (1999c767)
2020-12-07T11:26:49.3511509+01:00 [INF] @ApplicationLoaderHelper, environment var: "SystemDrive": "C:" (SiteSelector.Domain.Processes.ProcessHandler) (1999c767)
2020-12-07T11:26:49.3511683+01:00 [INF] @ApplicationLoaderHelper, environment var: "SystemRoot": "C:\WINDOWS" (SiteSelector.Domain.Processes.ProcessHandler) (1999c767)
2020-12-07T11:26:49.3511923+01:00 [INF] @ApplicationLoaderHelper, environment var: "TEMP": "C:\Users\TESTRU~1\AppData\Local\Temp" (SiteSelector.Domain.Processes.ProcessHandler) (1999c767)
2020-12-07T11:26:49.3512400+01:00 [INF] @ApplicationLoaderHelper, environment var: "TMP": "C:\Users\TESTRU~1\AppData\Local\Temp" (SiteSelector.Domain.Processes.ProcessHandler) (1999c767)
2020-12-07T11:26:49.3512579+01:00 [INF] @ApplicationLoaderHelper, environment var: "UATDATA": "C:\WINDOWS\CCM\UATData\D9F8C395-CAB8-491d-B8AC-179A1FE1BE77" (SiteSelector.Domain.Processes.ProcessHandler) (1999c767)
2020-12-07T11:26:49.3512703+01:00 [INF] @ApplicationLoaderHelper, environment var: "USERDNSDOMAIN": "NET.DR.DK" (SiteSelector.Domain.Processes.ProcessHandler) (1999c767)
2020-12-07T11:26:49.3512849+01:00 [INF] @ApplicationLoaderHelper, environment var: "USERDOMAIN": "NET" (SiteSelector.Domain.Processes.ProcessHandler) (1999c767)
2020-12-07T11:26:49.3512970+01:00 [INF] @ApplicationLoaderHelper, environment var: "USERDOMAIN_ROAMINGPROFILE": "NET" (SiteSelector.Domain.Processes.ProcessHandler) (1999c767)
2020-12-07T11:26:49.3513116+01:00 [INF] @ApplicationLoaderHelper, environment var: "USERNAME": "Testrum3-TX80359" (SiteSelector.Domain.Processes.ProcessHandler) (1999c767)
2020-12-07T11:26:49.3513236+01:00 [INF] @ApplicationLoaderHelper, environment var: "USERPROFILE": "C:\Users\Testrum3-TX80359" (SiteSelector.Domain.Processes.ProcessHandler) (1999c767)
2020-12-07T11:26:49.3513398+01:00 [INF] @ApplicationLoaderHelper, environment var: "windir": "C:\WINDOWS" (SiteSelector.Domain.Processes.ProcessHandler) (1999c767)
2020-12-07T11:26:49.5334770+01:00 [INF] @ApplicationLoaderHelper, started process "C:\Program Files\Dalet\DaletPlus\bin\DaletGalaxy.exe -F -S DALG3APP01TST", PID: 11108 (SiteSelector.Domain.Processes.ProcessHandler) (cb3dba52)
2020-12-07T11:26:49.5342779+01:00 [INF] StartProcessAsUser - Started process: 11108 (SiteSelector.Domain.Processes.ProcessHandler) (018bf248)
2020-12-07T11:26:49.5343387+01:00 [INF] StartProcessEnvironmentAware. Process "C:\Program Files\Dalet\DaletPlus\bin\DaletGalaxy.exe" has been invoked. (SiteSelector.Domain.Processes.ProcessHandler) (f0f71640)
2020-12-07T11:26:49.5343838+01:00 [INF] StartGalaxy - started Dalet Galaxy: True (SiteSelector.Domain.SessionRespond.Launcher) (bddbbfc5)
2020-12-07T11:26:49.5346936+01:00 [INF] Now Switching to site "DALG3test" (SiteSelector.Pages.MainPage.MainComponent) (105e6a29)
2020-12-07T11:26:49.5385523+01:00 [INF] SendEvent: StartGalaxy - Success - "Successfully started Galaxy" - "DALG3test" (SiteSelector.Domain.SessionRespond.ActorSessionRespond) (a9efe48d)
2020-12-07T11:26:49.5386374+01:00 [INF] Successfully started Dalet Galaxy. (SiteSelector.Domain.SessionRespond.ActorSessionRespond) (df2d65df)
2020-12-07T11:26:49.5635372+01:00 [INF] Successfully build configuration (SiteSelector.Domain.Persist.PersistAppSettings) (34a2c1a5)
2020-12-07T11:26:49.5688420+01:00 [INF] Disposing now (SiteSelector.Pages.MainPage.MainComponent) (7c5e0a46)
2020-12-07T11:26:49.5689861+01:00 [INF] Unsubscribed to all events. (SiteSelector.Pages.MainPage.MainComponent) (8a173910)
2020-12-07T11:26:49.5692559+01:00 [INF] Disposing now (SiteSelector.Pages.MainPage.SitesListComponent) (7c5e0a46)
2020-12-07T11:26:49.5705423+01:00 [INF] Successfully updated configuration to appsettings.json (SiteSelector.Domain.Persist.PersistAppSettings) (de26bb35)
2020-12-07T11:26:49.5718656+01:00 [INF] Galaxy was started: True (SiteSelector.Pages.MainPage.SitesListComponent) (86cbc7be)
2020-12-07T11:26:52.5546082+01:00 [INF] Request starting HTTP/2 POST https://localhost:5055/_blazor/disconnect multipart/form-data; boundary=---------------------------7e42263410270 363 (Microsoft.AspNetCore.Hosting.Diagnostics) (ca22a1cb)
2020-12-07T11:26:52.5568554+01:00 [INF] Executing endpoint '"Blazor disconnect"' (Microsoft.AspNetCore.Routing.EndpointMiddleware) (500cc934)
2020-12-07T11:26:52.5569078+01:00 [INF] Closed current browser-window (MS Edge only). (SiteSelector.Pages.MainPage.MainComponent) (023c2a79)
2020-12-07T11:26:52.5589099+01:00 [INF] Request starting HTTP/2 GET https://localhost:5055/html/SwitchComplete.html   (Microsoft.AspNetCore.Hosting.Diagnostics) (ca22a1cb)
2020-12-07T11:26:52.5615280+01:00 [INF] Sending file. Request path: '"/html/SwitchComplete.html"'. Physical path: '"C:\ProgramData\GalaxySiteSelector\wwwroot\html\SwitchComplete.html"' (Microsoft.AspNetCore.StaticFiles.StaticFileMiddleware) (27b0a520)
2020-12-07T11:26:52.5621815+01:00 [INF] Request finished in 2.9154ms 200 text/html (Microsoft.AspNetCore.Hosting.Diagnostics) (791a596a)
2020-12-07T11:26:52.6154842+01:00 [INF] Executed endpoint '"Blazor disconnect"' (Microsoft.AspNetCore.Routing.EndpointMiddleware) (99874f2b)
2020-12-07T11:26:52.6158349+01:00 [INF] Request finished in 61.4208ms 200  (Microsoft.AspNetCore.Hosting.Diagnostics) (791a596a)
2020-12-07T11:26:52.6191198+01:00 [INF] Executed endpoint '"/_blazor"' (Microsoft.AspNetCore.Routing.EndpointMiddleware) (99874f2b)
2020-12-07T11:26:52.6193146+01:00 [INF] Request finished in 41826.4876ms 101  (Microsoft.AspNetCore.Hosting.Diagnostics) (791a596a)
2020-12-07T11:30:10.4891688+01:00 [INF] Request starting HTTP/2 GET https://localhost:5055/SiteSelector   (Microsoft.AspNetCore.Hosting.Diagnostics) (ca22a1cb)
2020-12-07T11:30:10.4896785+01:00 [INF] Executing endpoint '"/_Host"' (Microsoft.AspNetCore.Routing.EndpointMiddleware) (500cc934)
2020-12-07T11:30:10.4901255+01:00 [INF] Route matched with "{page = \"/_Host\", action = \"\", controller = \"\"}". Executing page "/_Host" (Microsoft.AspNetCore.Mvc.RazorPages.Infrastructure.PageActionInvoker) (547e620f)
2020-12-07T11:30:10.4908686+01:00 [INF] Executing an implicit handler method - ModelState is Valid (Microsoft.AspNetCore.Mvc.RazorPages.Infrastructure.PageActionInvoker) (232a55d1)
2020-12-07T11:30:10.4909352+01:00 [INF] Executed an implicit handler method, returned result "Microsoft.AspNetCore.Mvc.RazorPages.PageResult". (Microsoft.AspNetCore.Mvc.RazorPages.Infrastructure.PageActionInvoker) (f857da66)
2020-12-07T11:30:10.4949402+01:00 [INF] Executed page "/_Host" in 4.6427ms (Microsoft.AspNetCore.Mvc.RazorPages.Infrastructure.PageActionInvoker) (02e01280)
2020-12-07T11:30:10.4950312+01:00 [INF] Executed endpoint '"/_Host"' (Microsoft.AspNetCore.Routing.EndpointMiddleware) (99874f2b)
2020-12-07T11:30:10.4952531+01:00 [INF] Request finished in 6.317ms 200 text/html; charset=utf-8 (Microsoft.AspNetCore.Hosting.Diagnostics) (791a596a)
2020-12-07T11:30:10.5248165+01:00 [INF] Request starting HTTP/2 GET https://localhost:5055/js/interop.js   (Microsoft.AspNetCore.Hosting.Diagnostics) (ca22a1cb)
2020-12-07T11:30:10.5248098+01:00 [INF] Request starting HTTP/2 GET https://localhost:5055/css/site.css   (Microsoft.AspNetCore.Hosting.Diagnostics) (ca22a1cb)
2020-12-07T11:30:10.5248407+01:00 [INF] Request starting HTTP/2 GET https://localhost:5055/css/bootstrap/bootstrap.min.css   (Microsoft.AspNetCore.Hosting.Diagnostics) (ca22a1cb)
2020-12-07T11:30:10.5248886+01:00 [INF] Request starting HTTP/2 GET https://localhost:5055/_framework/blazor.server.js   (Microsoft.AspNetCore.Hosting.Diagnostics) (ca22a1cb)
2020-12-07T11:30:10.7054872+01:00 [INF] The file "/js/interop.js" was not modified (Microsoft.AspNetCore.StaticFiles.StaticFileMiddleware) (f1f8d725)
2020-12-07T11:30:10.7054871+01:00 [INF] The file "/css/site.css" was not modified (Microsoft.AspNetCore.StaticFiles.StaticFileMiddleware) (f1f8d725)
2020-12-07T11:30:10.7054950+01:00 [INF] The file "/css/bootstrap/bootstrap.min.css" was not modified (Microsoft.AspNetCore.StaticFiles.StaticFileMiddleware) (f1f8d725)
2020-12-07T11:30:10.7067119+01:00 [INF] Request finished in 181.9214ms 304 application/javascript (Microsoft.AspNetCore.Hosting.Diagnostics) (791a596a)
2020-12-07T11:30:10.7067086+01:00 [INF] Request finished in 181.854ms 304 text/css (Microsoft.AspNetCore.Hosting.Diagnostics) (791a596a)
2020-12-07T11:30:10.7067925+01:00 [INF] Request finished in 181.9184ms 304 text/css (Microsoft.AspNetCore.Hosting.Diagnostics) (791a596a)
2020-12-07T11:30:10.7084934+01:00 [INF] Sending file. Request path: '"/_framework/blazor.server.js"'. Physical path: '"N/A"' (Microsoft.AspNetCore.StaticFiles.StaticFileMiddleware) (27b0a520)
2020-12-07T11:30:10.7086199+01:00 [INF] Request finished in 183.7487ms 200 application/javascript (Microsoft.AspNetCore.Hosting.Diagnostics) (791a596a)
2020-12-07T11:30:10.8858859+01:00 [INF] Request starting HTTP/2 GET https://localhost:5055/css/open-iconic/font/css/open-iconic-bootstrap.min.css   (Microsoft.AspNetCore.Hosting.Diagnostics) (ca22a1cb)
2020-12-07T11:30:10.8863223+01:00 [INF] The file "/css/open-iconic/font/css/open-iconic-bootstrap.min.css" was not modified (Microsoft.AspNetCore.StaticFiles.StaticFileMiddleware) (f1f8d725)
2020-12-07T11:30:10.8865497+01:00 [INF] Request finished in 0.6885ms 304 text/css (Microsoft.AspNetCore.Hosting.Diagnostics) (791a596a)
2020-12-07T11:30:10.9564000+01:00 [INF] Request starting HTTP/2 POST https://localhost:5055/_blazor/negotiate?negotiateVersion=1 text/plain;charset=UTF-8 0 (Microsoft.AspNetCore.Hosting.Diagnostics) (ca22a1cb)
2020-12-07T11:30:10.9569197+01:00 [INF] Executing endpoint '"/_blazor/negotiate"' (Microsoft.AspNetCore.Routing.EndpointMiddleware) (500cc934)
2020-12-07T11:30:10.9578575+01:00 [INF] Executed endpoint '"/_blazor/negotiate"' (Microsoft.AspNetCore.Routing.EndpointMiddleware) (99874f2b)
2020-12-07T11:30:10.9583166+01:00 [INF] Request finished in 2.0738ms 200 application/json (Microsoft.AspNetCore.Hosting.Diagnostics) (791a596a)
2020-12-07T11:30:10.9666961+01:00 [INF] Request starting HTTP/1.1 GET https://localhost:5055/_blazor?id=JzRS7pZMmRAkxtyd3gF8Rw   (Microsoft.AspNetCore.Hosting.Diagnostics) (ca22a1cb)
2020-12-07T11:30:10.9672420+01:00 [INF] Executing endpoint '"/_blazor"' (Microsoft.AspNetCore.Routing.EndpointMiddleware) (500cc934)
2020-12-07T11:30:10.9885261+01:00 [INF] Running SetupSession (SiteSelector.Domain.SessionStart.ActorSessionStart) (7e9ff657)
2020-12-07T11:30:11.0008062+01:00 [INF] Found galaxy-client in configuration: "Galaxy Systemvælger" (SiteSelector.Domain.Persist.ReadConfigXml) (88c8e810)
2020-12-07T11:30:11.0014453+01:00 [INF] @GetDaletServiceIsInstalled, looking for service: "DaletService" (SiteSelector.Domain.SessionStart.CheckEnvironment) (bb0ef24c)
2020-12-07T11:30:11.0019907+01:00 [INF] Found service "DaletService" in state: StartService (SiteSelector.Domain.Services.ServiceHandler) (d73723f9)
2020-12-07T11:30:11.0021150+01:00 [INF] @GetDaletServiceIsInstalled, found service "DaletService": True (SiteSelector.Domain.SessionStart.CheckEnvironment) (10d3e8ac)
2020-12-07T11:30:11.0058844+01:00 [INF] Could not detect "DaletGalaxy". (SiteSelector.Domain.Processes.ProcessHandler) (37043ae9)
2020-12-07T11:30:11.0060027+01:00 [INF] Detected "DaletGalaxy" running on client:False (SiteSelector.Domain.Processes.ProcessHandler) (92f7db5d)
2020-12-07T11:30:11.0256050+01:00 [INF] Request starting HTTP/2 GET https://localhost:5055/css/open-iconic/font/fonts/open-iconic.woff   (Microsoft.AspNetCore.Hosting.Diagnostics) (ca22a1cb)
2020-12-07T11:30:11.0260698+01:00 [INF] The file "/css/open-iconic/font/fonts/open-iconic.woff" was not modified (Microsoft.AspNetCore.StaticFiles.StaticFileMiddleware) (f1f8d725)
2020-12-07T11:30:11.0263468+01:00 [INF] Request finished in 0.8035ms 304 application/font-woff (Microsoft.AspNetCore.Hosting.Diagnostics) (791a596a)
2020-12-07T11:30:11.0911074+01:00 [INF] DetectGalaxyRunning - Galaxy is running: False (SiteSelector.Domain.SessionStart.CheckEnvironment) (fd1e0f1e)
2020-12-07T11:30:11.2378810+01:00 [INF] Found user "w-efl", is allowed to see test-sites: True (SiteSelector.Domain.SessionStart.CheckEnvironment) (7a41e528)
2020-12-07T11:30:11.2381077+01:00 [INF] Test-sites should be included in site-listing: True (SiteSelector.Domain.SessionStart.CheckEnvironment) (375b5f05)
2020-12-07T11:30:11.2389815+01:00 [INF] Found local SiteSelector.xml at "C:\ProgramData\GalaxySiteSelector\SiteSelector.xml" (SiteSelector.Domain.SessionStart.UpdateLocalSiteSelectorXml) (926e481e)
2020-12-07T11:30:11.2514138+01:00 [INF] Found "\\dalet1\DpShare\SiteSelector\config\SiteSelector.xml": True (SiteSelector.Domain.SessionStart.UpdateLocalSiteSelectorXml) (43bd9e6d)
2020-12-07T11:30:11.2518712+01:00 [INF] Local SiteSelector.xml was detected: True (SiteSelector.Domain.SessionStart.UpdateLocalSiteSelectorXml) (0845ccfd)
2020-12-07T11:30:11.2519114+01:00 [INF] Local SiteSelector.xml was updated from "\\dalet1\DpShare\SiteSelector\config\SiteSelector.xml": False (SiteSelector.Domain.SessionStart.UpdateLocalSiteSelectorXml) (40a93371)
2020-12-07T11:30:11.2525154+01:00 [INF] Found 7 galaxy-sites in sites-list. (SiteSelector.Domain.Persist.ReadConfigXml) (ee6a3325)
2020-12-07T11:30:11.2531570+01:00 [INF] Succesfully read file: "C:\ProgramData\DaletPlusData\config.ini" (SiteSelector.Domain.SessionStart.HandleConfigIni) (70338fcf)
2020-12-07T11:30:11.2535950+01:00 [INF] Succesfully read file: "C:\ProgramData\DaletPlusData\config.ini" (SiteSelector.Domain.SessionStart.HandleConfigIni) (70338fcf)
2020-12-07T11:30:11.2536941+01:00 [INF] Completed SetupSession (SiteSelector.Domain.SessionStart.ActorSessionStart) (f17818b2)
2020-12-07T11:30:11.2537894+01:00 [INF] DaletService exists on client: True (SiteSelector.Pages.MainPage.MainComponent) (ac368e96)
2020-12-07T11:30:11.2543129+01:00 [INF] UI found current site: True (SiteSelector.Pages.MainPage.SitesListComponent) (8d1f5b96)
2020-12-07T11:30:16.0971366+01:00 [INF] User requested site: "DALG3test", AsWinUser: True, Restart Service: False (SiteSelector.Pages.MainPage.SitesListComponent) (d8efe5db)
2020-12-07T11:30:16.0988250+01:00 [INF] Succesfully read file: "C:\ProgramData\DaletPlusData\config.ini" (SiteSelector.Domain.SessionStart.HandleConfigIni) (70338fcf)
2020-12-07T11:30:16.0994316+01:00 [INF] Succesfully read file: "C:\ProgramData\DaletPlusData\config.ini" (SiteSelector.Domain.SessionStart.HandleConfigIni) (70338fcf)
2020-12-07T11:30:16.1007910+01:00 [INF] Succesfully wrote file: "C:\ProgramData\DaletPlusData\config.ini" (SiteSelector.Domain.SessionStart.HandleConfigIni) (073e61d3)
2020-12-07T11:30:16.1008578+01:00 [INF] Succesfully updated config.ini to "DALG3APP01TST DALG3APP02TST": True (SiteSelector.Domain.SessionRespond.UpdateConfigIni) (4d06f4d8)
2020-12-07T11:30:16.1021048+01:00 [INF] SendEvent: Message - Success - "Config.ini was updated successfully." - "(null)" (SiteSelector.Domain.SessionRespond.ActorSessionRespond) (a9efe48d)
2020-12-07T11:30:16.1024827+01:00 [INF] SendEvent: Message - Waiting - "Preparing to start Galaxy." - "(null)" (SiteSelector.Domain.SessionRespond.ActorSessionRespond) (a9efe48d)
2020-12-07T11:30:16.1051567+01:00 [INF] SessionID is : 0 (SiteSelector.Domain.Processes.ProcessHandler) (6c7ef343)
2020-12-07T11:30:16.4870575+01:00 [INF] Found owner: "NET\w-efl" (SiteSelector.Domain.Processes.ProcessHandler) (22b07dda)
2020-12-07T11:30:16.4872806+01:00 [INF] Non-interactive session. Now starting Galaxy. (SiteSelector.Domain.Processes.ProcessHandler) (dc4b6270)
2020-12-07T11:30:16.4873788+01:00 [INF] StartProcessAsUser: args: "C:\Program Files\Dalet\DaletPlus\bin\DaletGalaxy.exe -A Trusted -S DALG3APP01TST" (SiteSelector.Domain.Processes.ProcessHandler) (aee9c874)
2020-12-07T11:30:16.4906959+01:00 [INF] @ApplicationLoaderHelper, got environment as current user: True (SiteSelector.Domain.Processes.ProcessHandler) (78894c7a)
2020-12-07T11:30:16.4908030+01:00 [INF] @ApplicationLoaderHelper, environment var: "ALLUSERSPROFILE": "C:\ProgramData" (SiteSelector.Domain.Processes.ProcessHandler) (1999c767)
2020-12-07T11:30:16.4908377+01:00 [INF] @ApplicationLoaderHelper, environment var: "APPDATA": "C:\Users\w-efl\AppData\Roaming" (SiteSelector.Domain.Processes.ProcessHandler) (1999c767)
2020-12-07T11:30:16.4908759+01:00 [INF] @ApplicationLoaderHelper, environment var: "CommonProgramFiles": "C:\Program Files\Common Files" (SiteSelector.Domain.Processes.ProcessHandler) (1999c767)
2020-12-07T11:30:16.4909065+01:00 [INF] @ApplicationLoaderHelper, environment var: "CommonProgramFiles(x86)": "C:\Program Files (x86)\Common Files" (SiteSelector.Domain.Processes.ProcessHandler) (1999c767)
2020-12-07T11:30:16.4909271+01:00 [INF] @ApplicationLoaderHelper, environment var: "CommonProgramW6432": "C:\Program Files\Common Files" (SiteSelector.Domain.Processes.ProcessHandler) (1999c767)
2020-12-07T11:30:16.4909517+01:00 [INF] @ApplicationLoaderHelper, environment var: "COMPUTERNAME": "TX80359" (SiteSelector.Domain.Processes.ProcessHandler) (1999c767)
2020-12-07T11:30:16.4910096+01:00 [INF] @ApplicationLoaderHelper, environment var: "ComSpec": "C:\WINDOWS\system32\cmd.exe" (SiteSelector.Domain.Processes.ProcessHandler) (1999c767)
2020-12-07T11:30:16.4910466+01:00 [INF] @ApplicationLoaderHelper, environment var: "DriverData": "C:\Windows\System32\Drivers\DriverData" (SiteSelector.Domain.Processes.ProcessHandler) (1999c767)
2020-12-07T11:30:16.4910693+01:00 [INF] @ApplicationLoaderHelper, environment var: "HOMEDRIVE": "C:" (SiteSelector.Domain.Processes.ProcessHandler) (1999c767)
2020-12-07T11:30:16.4910845+01:00 [INF] @ApplicationLoaderHelper, environment var: "HOMEPATH": "\Users\w-efl" (SiteSelector.Domain.Processes.ProcessHandler) (1999c767)
2020-12-07T11:30:16.4911022+01:00 [INF] @ApplicationLoaderHelper, environment var: "LOCALAPPDATA": "C:\Users\w-efl\AppData\Local" (SiteSelector.Domain.Processes.ProcessHandler) (1999c767)
2020-12-07T11:30:16.4911188+01:00 [INF] @ApplicationLoaderHelper, environment var: "LOGONSERVER": "\\DC01" (SiteSelector.Domain.Processes.ProcessHandler) (1999c767)
2020-12-07T11:30:16.4911370+01:00 [INF] @ApplicationLoaderHelper, environment var: "NUMBER_OF_PROCESSORS": "8" (SiteSelector.Domain.Processes.ProcessHandler) (1999c767)
2020-12-07T11:30:16.4911531+01:00 [INF] @ApplicationLoaderHelper, environment var: "OneDrive": "C:\Users\w-efl\OneDrive" (SiteSelector.Domain.Processes.ProcessHandler) (1999c767)
2020-12-07T11:30:16.4911663+01:00 [INF] @ApplicationLoaderHelper, environment var: "OS": "Windows_NT" (SiteSelector.Domain.Processes.ProcessHandler) (1999c767)
2020-12-07T11:30:16.4911845+01:00 [INF] @ApplicationLoaderHelper, environment var: "Path": "C:\ProgramData\Oracle\Java\javapath;C:\WINDOWS\system32;C:\WINDOWS;C:\WINDOWS\System32\Wbem;C:\WINDOWS\System32\WindowsPowerShell\v1.0\;C:\WINDOWS\System32\OpenSSH\;C:\Users\w-efl\AppData\Local\Microsoft\WindowsApps" (SiteSelector.Domain.Processes.ProcessHandler) (1999c767)
2020-12-07T11:30:16.4912032+01:00 [INF] @ApplicationLoaderHelper, environment var: "PATHEXT": ".COM;.EXE;.BAT;.CMD;.VBS;.VBE;.JS;.JSE;.WSF;.WSH;.MSC" (SiteSelector.Domain.Processes.ProcessHandler) (1999c767)
2020-12-07T11:30:16.4912170+01:00 [INF] @ApplicationLoaderHelper, environment var: "PROCESSOR_ARCHITECTURE": "AMD64" (SiteSelector.Domain.Processes.ProcessHandler) (1999c767)
2020-12-07T11:30:16.4912339+01:00 [INF] @ApplicationLoaderHelper, environment var: "PROCESSOR_IDENTIFIER": "Intel64 Family 6 Model 60 Stepping 3, GenuineIntel" (SiteSelector.Domain.Processes.ProcessHandler) (1999c767)
2020-12-07T11:30:16.4912492+01:00 [INF] @ApplicationLoaderHelper, environment var: "PROCESSOR_LEVEL": "6" (SiteSelector.Domain.Processes.ProcessHandler) (1999c767)
2020-12-07T11:30:16.4912623+01:00 [INF] @ApplicationLoaderHelper, environment var: "PROCESSOR_REVISION": "3c03" (SiteSelector.Domain.Processes.ProcessHandler) (1999c767)
2020-12-07T11:30:16.4912779+01:00 [INF] @ApplicationLoaderHelper, environment var: "ProgramData": "C:\ProgramData" (SiteSelector.Domain.Processes.ProcessHandler) (1999c767)
2020-12-07T11:30:16.4912909+01:00 [INF] @ApplicationLoaderHelper, environment var: "ProgramFiles": "C:\Program Files" (SiteSelector.Domain.Processes.ProcessHandler) (1999c767)
2020-12-07T11:30:16.4913070+01:00 [INF] @ApplicationLoaderHelper, environment var: "ProgramFiles(x86)": "C:\Program Files (x86)" (SiteSelector.Domain.Processes.ProcessHandler) (1999c767)
2020-12-07T11:30:16.4913215+01:00 [INF] @ApplicationLoaderHelper, environment var: "ProgramW6432": "C:\Program Files" (SiteSelector.Domain.Processes.ProcessHandler) (1999c767)
2020-12-07T11:30:16.4913375+01:00 [INF] @ApplicationLoaderHelper, environment var: "PSModulePath": "%ProgramFiles%\WindowsPowerShell\Modules;C:\WINDOWS\system32\WindowsPowerShell\v1.0\Modules" (SiteSelector.Domain.Processes.ProcessHandler) (1999c767)
2020-12-07T11:30:16.4913517+01:00 [INF] @ApplicationLoaderHelper, environment var: "PUBLIC": "C:\Users\Public" (SiteSelector.Domain.Processes.ProcessHandler) (1999c767)
2020-12-07T11:30:16.4913714+01:00 [INF] @ApplicationLoaderHelper, environment var: "SystemDrive": "C:" (SiteSelector.Domain.Processes.ProcessHandler) (1999c767)
2020-12-07T11:30:16.4913878+01:00 [INF] @ApplicationLoaderHelper, environment var: "SystemRoot": "C:\WINDOWS" (SiteSelector.Domain.Processes.ProcessHandler) (1999c767)
2020-12-07T11:30:16.4913987+01:00 [INF] @ApplicationLoaderHelper, environment var: "TEMP": "C:\Users\w-efl\AppData\Local\Temp" (SiteSelector.Domain.Processes.ProcessHandler) (1999c767)
2020-12-07T11:30:16.4914132+01:00 [INF] @ApplicationLoaderHelper, environment var: "TMP": "C:\Users\w-efl\AppData\Local\Temp" (SiteSelector.Domain.Processes.ProcessHandler) (1999c767)
2020-12-07T11:30:16.4914246+01:00 [INF] @ApplicationLoaderHelper, environment var: "UATDATA": "C:\WINDOWS\CCM\UATData\D9F8C395-CAB8-491d-B8AC-179A1FE1BE77" (SiteSelector.Domain.Processes.ProcessHandler) (1999c767)
2020-12-07T11:30:16.4914383+01:00 [INF] @ApplicationLoaderHelper, environment var: "USERDNSDOMAIN": "NET.DR.DK" (SiteSelector.Domain.Processes.ProcessHandler) (1999c767)
2020-12-07T11:30:16.4914485+01:00 [INF] @ApplicationLoaderHelper, environment var: "USERDOMAIN": "NET" (SiteSelector.Domain.Processes.ProcessHandler) (1999c767)
2020-12-07T11:30:16.4914617+01:00 [INF] @ApplicationLoaderHelper, environment var: "USERDOMAIN_ROAMINGPROFILE": "NET" (SiteSelector.Domain.Processes.ProcessHandler) (1999c767)
2020-12-07T11:30:16.4914719+01:00 [INF] @ApplicationLoaderHelper, environment var: "USERNAME": "w-efl" (SiteSelector.Domain.Processes.ProcessHandler) (1999c767)
2020-12-07T11:30:16.4914852+01:00 [INF] @ApplicationLoaderHelper, environment var: "USERPROFILE": "C:\Users\w-efl" (SiteSelector.Domain.Processes.ProcessHandler) (1999c767)
2020-12-07T11:30:16.4914988+01:00 [INF] @ApplicationLoaderHelper, environment var: "windir": "C:\WINDOWS" (SiteSelector.Domain.Processes.ProcessHandler) (1999c767)
2020-12-07T11:30:16.5338657+01:00 [INF] @ApplicationLoaderHelper, started process "C:\Program Files\Dalet\DaletPlus\bin\DaletGalaxy.exe -A Trusted -S DALG3APP01TST", PID: 10900 (SiteSelector.Domain.Processes.ProcessHandler) (cb3dba52)
2020-12-07T11:30:16.5340512+01:00 [INF] StartProcessAsUser - Started process: 10900 (SiteSelector.Domain.Processes.ProcessHandler) (018bf248)
2020-12-07T11:30:16.5340784+01:00 [INF] StartProcessEnvironmentAware. Process "C:\Program Files\Dalet\DaletPlus\bin\DaletGalaxy.exe" has been invoked. (SiteSelector.Domain.Processes.ProcessHandler) (f0f71640)
2020-12-07T11:30:16.5341087+01:00 [INF] StartGalaxy - started Dalet Galaxy: True (SiteSelector.Domain.SessionRespond.Launcher) (bddbbfc5)
2020-12-07T11:30:16.5341733+01:00 [INF] Now Switching to site "DALG3test" (SiteSelector.Pages.MainPage.MainComponent) (105e6a29)
2020-12-07T11:30:16.5350236+01:00 [INF] SendEvent: StartGalaxy - Success - "Successfully started Galaxy" - "DALG3test" (SiteSelector.Domain.SessionRespond.ActorSessionRespond) (a9efe48d)
2020-12-07T11:30:16.5350583+01:00 [INF] Successfully started Dalet Galaxy. (SiteSelector.Domain.SessionRespond.ActorSessionRespond) (df2d65df)
2020-12-07T11:30:16.5455009+01:00 [INF] Disposing now (SiteSelector.Pages.MainPage.MainComponent) (7c5e0a46)
2020-12-07T11:30:16.5456001+01:00 [INF] Unsubscribed to all events. (SiteSelector.Pages.MainPage.MainComponent) (8a173910)
2020-12-07T11:30:16.5457398+01:00 [INF] Disposing now (SiteSelector.Pages.MainPage.SitesListComponent) (7c5e0a46)
2020-12-07T11:30:16.6332065+01:00 [INF] Successfully build configuration (SiteSelector.Domain.Persist.PersistAppSettings) (34a2c1a5)
2020-12-07T11:30:16.6340085+01:00 [INF] Successfully updated configuration to appsettings.json (SiteSelector.Domain.Persist.PersistAppSettings) (de26bb35)
2020-12-07T11:30:16.6343887+01:00 [INF] Galaxy was started: True (SiteSelector.Pages.MainPage.SitesListComponent) (86cbc7be)
2020-12-07T11:30:19.5515561+01:00 [INF] Request starting HTTP/2 POST https://localhost:5055/_blazor/disconnect multipart/form-data; boundary=---------------------------7e422413202be 363 (Microsoft.AspNetCore.Hosting.Diagnostics) (ca22a1cb)
2020-12-07T11:30:19.5521164+01:00 [INF] Executing endpoint '"Blazor disconnect"' (Microsoft.AspNetCore.Routing.EndpointMiddleware) (500cc934)
2020-12-07T11:30:19.5543493+01:00 [INF] Executed endpoint '"Blazor disconnect"' (Microsoft.AspNetCore.Routing.EndpointMiddleware) (99874f2b)
2020-12-07T11:30:19.5548377+01:00 [INF] Request finished in 3.3439ms 200  (Microsoft.AspNetCore.Hosting.Diagnostics) (791a596a)
2020-12-07T11:30:19.5613296+01:00 [INF] Executed endpoint '"/_blazor"' (Microsoft.AspNetCore.Routing.EndpointMiddleware) (99874f2b)
2020-12-07T11:30:19.5614982+01:00 [INF] Request finished in 8594.9772ms 101  (Microsoft.AspNetCore.Hosting.Diagnostics) (791a596a)
2020-12-07T11:30:19.6284779+01:00 [INF] Request starting HTTP/2 GET https://localhost:5055/html/SwitchComplete.html   (Microsoft.AspNetCore.Hosting.Diagnostics) (ca22a1cb)
2020-12-07T11:30:19.6289424+01:00 [INF] The file "/html/SwitchComplete.html" was not modified (Microsoft.AspNetCore.StaticFiles.StaticFileMiddleware) (f1f8d725)
2020-12-07T11:30:19.6291512+01:00 [INF] Request finished in 0.692ms 304 text/html (Microsoft.AspNetCore.Hosting.Diagnostics) (791a596a)
2020-12-07T11:31:20.0804555+01:00 [ERR] Unhandled exception in circuit '"FngNlP2yFssI6HoS-RAe72OnLVd3dcwKZ4C-yl_7n4E"'. (Microsoft.AspNetCore.Components.Server.Circuits.CircuitHost) (47be2d5d)
System.Threading.Tasks.TaskCanceledException: A task was canceled.
   at Microsoft.JSInterop.JSRuntime.InvokeWithDefaultCancellation[T](String identifier, Object[] args)
   at Microsoft.JSInterop.JSRuntimeExtensions.InvokeVoidAsync(IJSRuntime jsRuntime, String identifier, Object[] args)
   at SiteSelector.Pages.MainPage.MainComponent.GalaxyWasStarted(SessionEventArgs sessionEvent)
   at SiteSelector.Pages.MainPage.MainComponent.HandleOnActorSessionRespond(Object sender, SessionEventArgs sessionEvent)
   at SiteSelector.Pages.MainPage.MainComponent.HandleSessionEvents(Object sender, SessionEventArgs sessionEvent)
   at System.Threading.Tasks.Task.<>c.<ThrowAsync>b__139_0(Object state)
   at Microsoft.AspNetCore.Components.Rendering.RendererSynchronizationContext.ExecuteSynchronously(TaskCompletionSource`1 completion, SendOrPostCallback d, Object state)
   at Microsoft.AspNetCore.Components.Rendering.RendererSynchronizationContext.<>c.<.cctor>b__23_0(Object state)
   at System.Threading.ExecutionContext.RunInternal(ExecutionContext executionContext, ContextCallback callback, Object state)
--- End of stack trace from previous location where exception was thrown ---
   at Microsoft.AspNetCore.Components.Rendering.RendererSynchronizationContext.ExecuteBackground(WorkItem item)
2020-12-07T11:36:41.2573334+01:00 [INF] "GalaxySiteSelector" - service version: "0.9.5.5", library version: "0.9.5.9" - machinename: "TX80359" (SiteSelector.Program) (b27fd4b2)
2020-12-07T11:36:41.2895038+01:00 [INF] User profile is available. Using '"C:\WINDOWS\system32\config\systemprofile\AppData\Local\ASP.NET\DataProtection-Keys"' as key repository and Windows DPAPI to encrypt keys at rest. (Microsoft.AspNetCore.DataProtection.KeyManagement.XmlKeyManager) (7ac5e29c)
2020-12-07T11:36:41.9461290+01:00 [INF] Now listening on: "https://[::]:5055" (Microsoft.Hosting.Lifetime) (d826f4b8)
2020-12-07T11:36:41.9462788+01:00 [INF] Application started. Hosting environment: "Production"; Content root path: "C:\ProgramData\GalaxySiteSelector" (Microsoft.Hosting.Lifetime) (9029d6f8)
2020-12-07T13:14:26.1290793+01:00 [INF] "GalaxySiteSelector" - service version: "0.9.5.5", library version: "0.9.5.9" - machinename: "TX80359" (SiteSelector.Program) (b27fd4b2)
2020-12-07T13:14:26.1592108+01:00 [INF] User profile is available. Using '"C:\WINDOWS\system32\config\systemprofile\AppData\Local\ASP.NET\DataProtection-Keys"' as key repository and Windows DPAPI to encrypt keys at rest. (Microsoft.AspNetCore.DataProtection.KeyManagement.XmlKeyManager) (7ac5e29c)
2020-12-07T13:14:27.0401418+01:00 [INF] Now listening on: "https://[::]:5055" (Microsoft.Hosting.Lifetime) (d826f4b8)
2020-12-07T13:14:27.0403629+01:00 [INF] Application started. Hosting environment: "Production"; Content root path: "C:\ProgramData\GalaxySiteSelector" (Microsoft.Hosting.Lifetime) (9029d6f8)
