2020-12-11T10:44:22.1746167+01:00 [INF] Request starting HTTP/2 GET https://KX82337:5055/api/getlogs   (Microsoft.AspNetCore.Hosting.Diagnostics) (ca22a1cb)
2020-12-11T10:44:22.1748640+01:00 [INF] Executing endpoint '"SiteSelector.Controllers.GetLogsController.GetLogsList (SiteSelector)"' (Microsoft.AspNetCore.Routing.EndpointMiddleware) (500cc934)
2020-12-11T10:44:22.1750495+01:00 [INF] Route matched with "{action = \"GetLogsList\", controller = \"GetLogs\", page = \"\"}". Executing controller action with signature "System.Threading.Tasks.Task`1[Microsoft.AspNetCore.Mvc.IActionResult] GetLogsList()" on controller "SiteSelector.Controllers.GetLogsController" ("SiteSelector"). (Microsoft.AspNetCore.Mvc.Infrastructure.ControllerActionInvoker) (122b2fdf)
2020-12-11T10:44:22.1759251+01:00 [INF] Executing ObjectResult, writing value of type '"System.String"'. (Microsoft.AspNetCore.Mvc.Infrastructure.ObjectResultExecutor) (8a1b66c8)
2020-12-11T10:44:22.1761465+01:00 [INF] Executed action "SiteSelector.Controllers.GetLogsController.GetLogsList (SiteSelector)" in 1.0465ms (Microsoft.AspNetCore.Mvc.Infrastructure.ControllerActionInvoker) (afa2e885)
2020-12-11T10:44:22.1761704+01:00 [INF] Executed endpoint '"SiteSelector.Controllers.GetLogsController.GetLogsList (SiteSelector)"' (Microsoft.AspNetCore.Routing.EndpointMiddleware) (99874f2b)
2020-12-11T10:44:22.1762495+01:00 [INF] Request finished in 1.6604ms 200 text/plain; charset=utf-8 (Microsoft.AspNetCore.Hosting.Diagnostics) (791a596a)
2020-12-11T10:44:22.2810788+01:00 [INF] Request starting HTTP/2 GET https://KX82337:5055/api/getlogs/file?filename=GalaxySiteSelector-KX82337-20201207.log   (Microsoft.AspNetCore.Hosting.Diagnostics) (ca22a1cb)
2020-12-11T10:44:22.2812609+01:00 [INF] Executing endpoint '"SiteSelector.Controllers.GetLogsController.GetLogFile (SiteSelector)"' (Microsoft.AspNetCore.Routing.EndpointMiddleware) (500cc934)
2020-12-11T10:44:22.2813553+01:00 [INF] Route matched with "{action = \"GetLogFile\", controller = \"GetLogs\", page = \"\"}". Executing controller action with signature "System.Threading.Tasks.Task`1[Microsoft.AspNetCore.Mvc.IActionResult] GetLogFile(System.String)" on controller "SiteSelector.Controllers.GetLogsController" ("SiteSelector"). (Microsoft.AspNetCore.Mvc.Infrastructure.ControllerActionInvoker) (122b2fdf)
2020-12-11T10:44:22.2823895+01:00 [INF] Executing ObjectResult, writing value of type '"System.String"'. (Microsoft.AspNetCore.Mvc.Infrastructure.ObjectResultExecutor) (8a1b66c8)
2020-12-11T10:44:22.2825357+01:00 [INF] Executed action "SiteSelector.Controllers.GetLogsController.GetLogFile (SiteSelector)" in 1.1429ms (Microsoft.AspNetCore.Mvc.Infrastructure.ControllerActionInvoker) (afa2e885)
2020-12-11T10:44:22.2825582+01:00 [INF] Executed endpoint '"SiteSelector.Controllers.GetLogsController.GetLogFile (SiteSelector)"' (Microsoft.AspNetCore.Routing.EndpointMiddleware) (99874f2b)
2020-12-11T10:44:22.2826034+01:00 [INF] Request finished in 1.5601ms 200 text/plain; charset=utf-8 (Microsoft.AspNetCore.Hosting.Diagnostics) (791a596a)
2020-12-11T10:44:22.3953857+01:00 [INF] Request starting HTTP/2 GET https://KX82337:5055/api/getlogs/file?filename=GalaxySiteSelector-KX82337-20201210.log   (Microsoft.AspNetCore.Hosting.Diagnostics) (ca22a1cb)
2020-12-11T10:44:22.3954819+01:00 [INF] Executing endpoint '"SiteSelector.Controllers.GetLogsController.GetLogFile (SiteSelector)"' (Microsoft.AspNetCore.Routing.EndpointMiddleware) (500cc934)
2020-12-11T10:44:22.3955563+01:00 [INF] Route matched with "{action = \"GetLogFile\", controller = \"GetLogs\", page = \"\"}". Executing controller action with signature "System.Threading.Tasks.Task`1[Microsoft.AspNetCore.Mvc.IActionResult] GetLogFile(System.String)" on controller "SiteSelector.Controllers.GetLogsController" ("SiteSelector"). (Microsoft.AspNetCore.Mvc.Infrastructure.ControllerActionInvoker) (122b2fdf)
2020-12-11T10:44:22.3964580+01:00 [INF] Executing ObjectResult, writing value of type '"System.String"'. (Microsoft.AspNetCore.Mvc.Infrastructure.ObjectResultExecutor) (8a1b66c8)
2020-12-11T10:44:22.3972471+01:00 [INF] Executed action "SiteSelector.Controllers.GetLogsController.GetLogFile (SiteSelector)" in 1.6511ms (Microsoft.AspNetCore.Mvc.Infrastructure.ControllerActionInvoker) (afa2e885)
2020-12-11T10:44:22.3972719+01:00 [INF] Executed endpoint '"SiteSelector.Controllers.GetLogsController.GetLogFile (SiteSelector)"' (Microsoft.AspNetCore.Routing.EndpointMiddleware) (99874f2b)
2020-12-11T10:44:22.3973064+01:00 [INF] Request finished in 1.9552ms 200 text/plain; charset=utf-8 (Microsoft.AspNetCore.Hosting.Diagnostics) (791a596a)
2020-12-11T10:44:22.4972304+01:00 [INF] Request starting HTTP/2 GET https://KX82337:5055/api/getlogs/file?filename=GalaxySiteSelector-KX82337-20201211.log   (Microsoft.AspNetCore.Hosting.Diagnostics) (ca22a1cb)
2020-12-11T10:44:22.4973159+01:00 [INF] Executing endpoint '"SiteSelector.Controllers.GetLogsController.GetLogFile (SiteSelector)"' (Microsoft.AspNetCore.Routing.EndpointMiddleware) (500cc934)
2020-12-11T10:44:22.4974097+01:00 [INF] Route matched with "{action = \"GetLogFile\", controller = \"GetLogs\", page = \"\"}". Executing controller action with signature "System.Threading.Tasks.Task`1[Microsoft.AspNetCore.Mvc.IActionResult] GetLogFile(System.String)" on controller "SiteSelector.Controllers.GetLogsController" ("SiteSelector"). (Microsoft.AspNetCore.Mvc.Infrastructure.ControllerActionInvoker) (122b2fdf)
2020-12-11T10:44:22.4981174+01:00 [INF] Executing ObjectResult, writing value of type '"System.String"'. (Microsoft.AspNetCore.Mvc.Infrastructure.ObjectResultExecutor) (8a1b66c8)
2020-12-11T10:44:22.4982339+01:00 [INF] Executed action "SiteSelector.Controllers.GetLogsController.GetLogFile (SiteSelector)" in 0.7803ms (Microsoft.AspNetCore.Mvc.Infrastructure.ControllerActionInvoker) (afa2e885)
2020-12-11T10:44:22.4982541+01:00 [INF] Executed endpoint '"SiteSelector.Controllers.GetLogsController.GetLogFile (SiteSelector)"' (Microsoft.AspNetCore.Routing.EndpointMiddleware) (99874f2b)
2020-12-11T10:44:22.4982898+01:00 [INF] Request finished in 1.0947ms 200 text/plain; charset=utf-8 (Microsoft.AspNetCore.Hosting.Diagnostics) (791a596a)
2020-12-11T10:45:57.2005015+01:00 [INF] Request starting HTTP/2 GET https://KX82337:5055/api/getlogs   (Microsoft.AspNetCore.Hosting.Diagnostics) (ca22a1cb)
2020-12-11T10:45:57.2006323+01:00 [INF] Executing endpoint '"SiteSelector.Controllers.GetLogsController.GetLogsList (SiteSelector)"' (Microsoft.AspNetCore.Routing.EndpointMiddleware) (500cc934)
2020-12-11T10:45:57.2008799+01:00 [INF] Route matched with "{action = \"GetLogsList\", controller = \"GetLogs\", page = \"\"}". Executing controller action with signature "System.Threading.Tasks.Task`1[Microsoft.AspNetCore.Mvc.IActionResult] GetLogsList()" on controller "SiteSelector.Controllers.GetLogsController" ("SiteSelector"). (Microsoft.AspNetCore.Mvc.Infrastructure.ControllerActionInvoker) (122b2fdf)
2020-12-11T10:45:57.2015814+01:00 [INF] Executing ObjectResult, writing value of type '"System.String"'. (Microsoft.AspNetCore.Mvc.Infrastructure.ObjectResultExecutor) (8a1b66c8)
2020-12-11T10:45:57.2018116+01:00 [INF] Executed action "SiteSelector.Controllers.GetLogsController.GetLogsList (SiteSelector)" in 0.8582ms (Microsoft.AspNetCore.Mvc.Infrastructure.ControllerActionInvoker) (afa2e885)
2020-12-11T10:45:57.2018458+01:00 [INF] Executed endpoint '"SiteSelector.Controllers.GetLogsController.GetLogsList (SiteSelector)"' (Microsoft.AspNetCore.Routing.EndpointMiddleware) (99874f2b)
2020-12-11T10:45:57.2019377+01:00 [INF] Request finished in 1.4589ms 200 text/plain; charset=utf-8 (Microsoft.AspNetCore.Hosting.Diagnostics) (791a596a)
2020-12-11T10:47:22.4843157+01:00 [INF] Request starting HTTP/2 GET https://KX82337:5055/api/getlogs   (Microsoft.AspNetCore.Hosting.Diagnostics) (ca22a1cb)
2020-12-11T10:47:22.4844066+01:00 [INF] Executing endpoint '"SiteSelector.Controllers.GetLogsController.GetLogsList (SiteSelector)"' (Microsoft.AspNetCore.Routing.EndpointMiddleware) (500cc934)
2020-12-11T10:47:22.4845300+01:00 [INF] Route matched with "{action = \"GetLogsList\", controller = \"GetLogs\", page = \"\"}". Executing controller action with signature "System.Threading.Tasks.Task`1[Microsoft.AspNetCore.Mvc.IActionResult] GetLogsList()" on controller "SiteSelector.Controllers.GetLogsController" ("SiteSelector"). (Microsoft.AspNetCore.Mvc.Infrastructure.ControllerActionInvoker) (122b2fdf)
2020-12-11T10:47:22.4850777+01:00 [INF] Executing ObjectResult, writing value of type '"System.String"'. (Microsoft.AspNetCore.Mvc.Infrastructure.ObjectResultExecutor) (8a1b66c8)
2020-12-11T10:47:22.4851834+01:00 [INF] Executed action "SiteSelector.Controllers.GetLogsController.GetLogsList (SiteSelector)" in 0.6133ms (Microsoft.AspNetCore.Mvc.Infrastructure.ControllerActionInvoker) (afa2e885)
2020-12-11T10:47:22.4852054+01:00 [INF] Executed endpoint '"SiteSelector.Controllers.GetLogsController.GetLogsList (SiteSelector)"' (Microsoft.AspNetCore.Routing.EndpointMiddleware) (99874f2b)
2020-12-11T10:47:22.4852430+01:00 [INF] Request finished in 0.96ms 200 text/plain; charset=utf-8 (Microsoft.AspNetCore.Hosting.Diagnostics) (791a596a)
2020-12-11T10:48:00.2374031+01:00 [INF] Request starting HTTP/2 GET https://KX82337:5055/api/getlogs   (Microsoft.AspNetCore.Hosting.Diagnostics) (ca22a1cb)
2020-12-11T10:48:00.2374716+01:00 [INF] Executing endpoint '"SiteSelector.Controllers.GetLogsController.GetLogsList (SiteSelector)"' (Microsoft.AspNetCore.Routing.EndpointMiddleware) (500cc934)
2020-12-11T10:48:00.2375329+01:00 [INF] Route matched with "{action = \"GetLogsList\", controller = \"GetLogs\", page = \"\"}". Executing controller action with signature "System.Threading.Tasks.Task`1[Microsoft.AspNetCore.Mvc.IActionResult] GetLogsList()" on controller "SiteSelector.Controllers.GetLogsController" ("SiteSelector"). (Microsoft.AspNetCore.Mvc.Infrastructure.ControllerActionInvoker) (122b2fdf)
2020-12-11T10:48:00.2380246+01:00 [INF] Executing ObjectResult, writing value of type '"System.String"'. (Microsoft.AspNetCore.Mvc.Infrastructure.ObjectResultExecutor) (8a1b66c8)
2020-12-11T10:48:00.2381439+01:00 [INF] Executed action "SiteSelector.Controllers.GetLogsController.GetLogsList (SiteSelector)" in 0.5794ms (Microsoft.AspNetCore.Mvc.Infrastructure.ControllerActionInvoker) (afa2e885)
2020-12-11T10:48:00.2381667+01:00 [INF] Executed endpoint '"SiteSelector.Controllers.GetLogsController.GetLogsList (SiteSelector)"' (Microsoft.AspNetCore.Routing.EndpointMiddleware) (99874f2b)
2020-12-11T10:48:00.2382043+01:00 [INF] Request finished in 0.8316ms 200 text/plain; charset=utf-8 (Microsoft.AspNetCore.Hosting.Diagnostics) (791a596a)
2020-12-11T10:48:00.3377333+01:00 [INF] Request starting HTTP/2 GET https://KX82337:5055/api/getlogs/file?filename=GalaxySiteSelector-KX82337-20201207.log   (Microsoft.AspNetCore.Hosting.Diagnostics) (ca22a1cb)
2020-12-11T10:48:00.3378018+01:00 [INF] Executing endpoint '"SiteSelector.Controllers.GetLogsController.GetLogFile (SiteSelector)"' (Microsoft.AspNetCore.Routing.EndpointMiddleware) (500cc934)
2020-12-11T10:48:00.3378641+01:00 [INF] Route matched with "{action = \"GetLogFile\", controller = \"GetLogs\", page = \"\"}". Executing controller action with signature "System.Threading.Tasks.Task`1[Microsoft.AspNetCore.Mvc.IActionResult] GetLogFile(System.String)" on controller "SiteSelector.Controllers.GetLogsController" ("SiteSelector"). (Microsoft.AspNetCore.Mvc.Infrastructure.ControllerActionInvoker) (122b2fdf)
2020-12-11T10:48:00.3388938+01:00 [INF] Executing ObjectResult, writing value of type '"System.String"'. (Microsoft.AspNetCore.Mvc.Infrastructure.ObjectResultExecutor) (8a1b66c8)
2020-12-11T10:48:00.3390466+01:00 [INF] Executed action "SiteSelector.Controllers.GetLogsController.GetLogFile (SiteSelector)" in 1.1532ms (Microsoft.AspNetCore.Mvc.Infrastructure.ControllerActionInvoker) (afa2e885)
2020-12-11T10:48:00.3390693+01:00 [INF] Executed endpoint '"SiteSelector.Controllers.GetLogsController.GetLogFile (SiteSelector)"' (Microsoft.AspNetCore.Routing.EndpointMiddleware) (99874f2b)
2020-12-11T10:48:00.3391071+01:00 [INF] Request finished in 1.408ms 200 text/plain; charset=utf-8 (Microsoft.AspNetCore.Hosting.Diagnostics) (791a596a)
2020-12-11T10:48:00.4515831+01:00 [INF] Request starting HTTP/2 GET https://KX82337:5055/api/getlogs/file?filename=GalaxySiteSelector-KX82337-20201210.log   (Microsoft.AspNetCore.Hosting.Diagnostics) (ca22a1cb)
2020-12-11T10:48:00.4516591+01:00 [INF] Executing endpoint '"SiteSelector.Controllers.GetLogsController.GetLogFile (SiteSelector)"' (Microsoft.AspNetCore.Routing.EndpointMiddleware) (500cc934)
2020-12-11T10:48:00.4517176+01:00 [INF] Route matched with "{action = \"GetLogFile\", controller = \"GetLogs\", page = \"\"}". Executing controller action with signature "System.Threading.Tasks.Task`1[Microsoft.AspNetCore.Mvc.IActionResult] GetLogFile(System.String)" on controller "SiteSelector.Controllers.GetLogsController" ("SiteSelector"). (Microsoft.AspNetCore.Mvc.Infrastructure.ControllerActionInvoker) (122b2fdf)
2020-12-11T10:48:00.4530079+01:00 [INF] Executing ObjectResult, writing value of type '"System.String"'. (Microsoft.AspNetCore.Mvc.Infrastructure.ObjectResultExecutor) (8a1b66c8)
2020-12-11T10:48:00.4536286+01:00 [INF] Executed action "SiteSelector.Controllers.GetLogsController.GetLogFile (SiteSelector)" in 1.8783ms (Microsoft.AspNetCore.Mvc.Infrastructure.ControllerActionInvoker) (afa2e885)
2020-12-11T10:48:00.4536545+01:00 [INF] Executed endpoint '"SiteSelector.Controllers.GetLogsController.GetLogFile (SiteSelector)"' (Microsoft.AspNetCore.Routing.EndpointMiddleware) (99874f2b)
2020-12-11T10:48:00.4536931+01:00 [INF] Request finished in 2.1318ms 200 text/plain; charset=utf-8 (Microsoft.AspNetCore.Hosting.Diagnostics) (791a596a)
2020-12-11T10:48:00.5630853+01:00 [INF] Request starting HTTP/2 GET https://KX82337:5055/api/getlogs/file?filename=GalaxySiteSelector-KX82337-20201211.log   (Microsoft.AspNetCore.Hosting.Diagnostics) (ca22a1cb)
2020-12-11T10:48:00.5631550+01:00 [INF] Executing endpoint '"SiteSelector.Controllers.GetLogsController.GetLogFile (SiteSelector)"' (Microsoft.AspNetCore.Routing.EndpointMiddleware) (500cc934)
2020-12-11T10:48:00.5632165+01:00 [INF] Route matched with "{action = \"GetLogFile\", controller = \"GetLogs\", page = \"\"}". Executing controller action with signature "System.Threading.Tasks.Task`1[Microsoft.AspNetCore.Mvc.IActionResult] GetLogFile(System.String)" on controller "SiteSelector.Controllers.GetLogsController" ("SiteSelector"). (Microsoft.AspNetCore.Mvc.Infrastructure.ControllerActionInvoker) (122b2fdf)
