2020-12-11T10:21:46.6697472+01:00 [INF] "GalaxySiteSelector" - service version: "0.9.5.5", library version: "0.9.5.9" - machinename: "AX86506" (SiteSelector.Program) (b27fd4b2)
2020-12-11T10:21:46.7151234+01:00 [INF] User profile is available. Using '"C:\WINDOWS\system32\config\systemprofile\AppData\Local\ASP.NET\DataProtection-Keys"' as key repository and Windows DPAPI to encrypt keys at rest. (Microsoft.AspNetCore.DataProtection.KeyManagement.XmlKeyManager) (7ac5e29c)
2020-12-11T10:21:47.1429267+01:00 [INF] Now listening on: "https://[::]:5055" (Microsoft.Hosting.Lifetime) (d826f4b8)
2020-12-11T10:21:47.1430961+01:00 [INF] Application started. Hosting environment: "Production"; Content root path: "C:\ProgramData\GalaxySiteSelector" (Microsoft.Hosting.Lifetime) (9029d6f8)
2020-12-11T10:44:29.2698554+01:00 [INF] Request starting HTTP/2 GET https://AX86506:5055/api/getlogs   (Microsoft.AspNetCore.Hosting.Diagnostics) (ca22a1cb)
2020-12-11T10:44:29.2989305+01:00 [INF] Executing endpoint '"SiteSelector.Controllers.GetLogsController.GetLogsList (SiteSelector)"' (Microsoft.AspNetCore.Routing.EndpointMiddleware) (500cc934)
2020-12-11T10:44:29.3222214+01:00 [INF] Route matched with "{action = \"GetLogsList\", controller = \"GetLogs\", page = \"\"}". Executing controller action with signature "System.Threading.Tasks.Task`1[Microsoft.AspNetCore.Mvc.IActionResult] GetLogsList()" on controller "SiteSelector.Controllers.GetLogsController" ("SiteSelector"). (Microsoft.AspNetCore.Mvc.Infrastructure.ControllerActionInvoker) (122b2fdf)
2020-12-11T10:44:29.3333473+01:00 [INF] Executing ObjectResult, writing value of type '"System.String"'. (Microsoft.AspNetCore.Mvc.Infrastructure.ObjectResultExecutor) (8a1b66c8)
2020-12-11T10:44:29.3418276+01:00 [INF] Executed action "SiteSelector.Controllers.GetLogsController.GetLogsList (SiteSelector)" in 14.5493ms (Microsoft.AspNetCore.Mvc.Infrastructure.ControllerActionInvoker) (afa2e885)
2020-12-11T10:44:29.3422179+01:00 [INF] Executed endpoint '"SiteSelector.Controllers.GetLogsController.GetLogsList (SiteSelector)"' (Microsoft.AspNetCore.Routing.EndpointMiddleware) (99874f2b)
2020-12-11T10:44:29.3435894+01:00 [INF] Request finished in 75.9639ms 200 text/plain; charset=utf-8 (Microsoft.AspNetCore.Hosting.Diagnostics) (791a596a)
2020-12-11T10:44:29.4525984+01:00 [INF] Request starting HTTP/2 GET https://AX86506:5055/api/getlogs/file?filename=GalaxySiteSelector-AX86506-20201208.log   (Microsoft.AspNetCore.Hosting.Diagnostics) (ca22a1cb)
2020-12-11T10:44:29.4542795+01:00 [INF] Executing endpoint '"SiteSelector.Controllers.GetLogsController.GetLogFile (SiteSelector)"' (Microsoft.AspNetCore.Routing.EndpointMiddleware) (500cc934)
2020-12-11T10:44:29.4639426+01:00 [INF] Route matched with "{action = \"GetLogFile\", controller = \"GetLogs\", page = \"\"}". Executing controller action with signature "System.Threading.Tasks.Task`1[Microsoft.AspNetCore.Mvc.IActionResult] GetLogFile(System.String)" on controller "SiteSelector.Controllers.GetLogsController" ("SiteSelector"). (Microsoft.AspNetCore.Mvc.Infrastructure.ControllerActionInvoker) (122b2fdf)
2020-12-11T10:44:29.4819071+01:00 [INF] Executing ObjectResult, writing value of type '"System.String"'. (Microsoft.AspNetCore.Mvc.Infrastructure.ObjectResultExecutor) (8a1b66c8)
2020-12-11T10:44:29.4822299+01:00 [INF] Executed action "SiteSelector.Controllers.GetLogsController.GetLogFile (SiteSelector)" in 18.196ms (Microsoft.AspNetCore.Mvc.Infrastructure.ControllerActionInvoker) (afa2e885)
2020-12-11T10:44:29.4822775+01:00 [INF] Executed endpoint '"SiteSelector.Controllers.GetLogsController.GetLogFile (SiteSelector)"' (Microsoft.AspNetCore.Routing.EndpointMiddleware) (99874f2b)
2020-12-11T10:44:29.4823965+01:00 [INF] Request finished in 29.8346ms 200 text/plain; charset=utf-8 (Microsoft.AspNetCore.Hosting.Diagnostics) (791a596a)
2020-12-11T10:44:29.5857029+01:00 [INF] Request starting HTTP/2 GET https://AX86506:5055/api/getlogs/file?filename=GalaxySiteSelector-AX86506-20201211.log   (Microsoft.AspNetCore.Hosting.Diagnostics) (ca22a1cb)
2020-12-11T10:44:29.5858468+01:00 [INF] Executing endpoint '"SiteSelector.Controllers.GetLogsController.GetLogFile (SiteSelector)"' (Microsoft.AspNetCore.Routing.EndpointMiddleware) (500cc934)
2020-12-11T10:44:29.5860309+01:00 [INF] Route matched with "{action = \"GetLogFile\", controller = \"GetLogs\", page = \"\"}". Executing controller action with signature "System.Threading.Tasks.Task`1[Microsoft.AspNetCore.Mvc.IActionResult] GetLogFile(System.String)" on controller "SiteSelector.Controllers.GetLogsController" ("SiteSelector"). (Microsoft.AspNetCore.Mvc.Infrastructure.ControllerActionInvoker) (122b2fdf)
2020-12-11T10:44:29.5884194+01:00 [INF] Executing ObjectResult, writing value of type '"System.String"'. (Microsoft.AspNetCore.Mvc.Infrastructure.ObjectResultExecutor) (8a1b66c8)
2020-12-11T10:44:29.5899441+01:00 [INF] Executed action "SiteSelector.Controllers.GetLogsController.GetLogFile (SiteSelector)" in 3.8297ms (Microsoft.AspNetCore.Mvc.Infrastructure.ControllerActionInvoker) (afa2e885)
2020-12-11T10:44:29.5900341+01:00 [INF] Executed endpoint '"SiteSelector.Controllers.GetLogsController.GetLogFile (SiteSelector)"' (Microsoft.AspNetCore.Routing.EndpointMiddleware) (99874f2b)
2020-12-11T10:44:29.5901102+01:00 [INF] Request finished in 4.4544ms 200 text/plain; charset=utf-8 (Microsoft.AspNetCore.Hosting.Diagnostics) (791a596a)
2020-12-11T10:46:03.6120156+01:00 [INF] Request starting HTTP/2 GET https://AX86506:5055/api/getlogs   (Microsoft.AspNetCore.Hosting.Diagnostics) (ca22a1cb)
2020-12-11T10:46:03.6123888+01:00 [INF] Executing endpoint '"SiteSelector.Controllers.GetLogsController.GetLogsList (SiteSelector)"' (Microsoft.AspNetCore.Routing.EndpointMiddleware) (500cc934)
2020-12-11T10:46:03.6126137+01:00 [INF] Route matched with "{action = \"GetLogsList\", controller = \"GetLogs\", page = \"\"}". Executing controller action with signature "System.Threading.Tasks.Task`1[Microsoft.AspNetCore.Mvc.IActionResult] GetLogsList()" on controller "SiteSelector.Controllers.GetLogsController" ("SiteSelector"). (Microsoft.AspNetCore.Mvc.Infrastructure.ControllerActionInvoker) (122b2fdf)
2020-12-11T10:46:03.6137796+01:00 [INF] Executing ObjectResult, writing value of type '"System.String"'. (Microsoft.AspNetCore.Mvc.Infrastructure.ObjectResultExecutor) (8a1b66c8)
2020-12-11T10:46:03.6140851+01:00 [INF] Executed action "SiteSelector.Controllers.GetLogsController.GetLogsList (SiteSelector)" in 1.368ms (Microsoft.AspNetCore.Mvc.Infrastructure.ControllerActionInvoker) (afa2e885)
2020-12-11T10:46:03.6141321+01:00 [INF] Executed endpoint '"SiteSelector.Controllers.GetLogsController.GetLogsList (SiteSelector)"' (Microsoft.AspNetCore.Routing.EndpointMiddleware) (99874f2b)
2020-12-11T10:46:03.6142694+01:00 [INF] Request finished in 2.4541ms 200 text/plain; charset=utf-8 (Microsoft.AspNetCore.Hosting.Diagnostics) (791a596a)
2020-12-11T10:48:07.2759715+01:00 [INF] Request starting HTTP/2 GET https://AX86506:5055/api/getlogs   (Microsoft.AspNetCore.Hosting.Diagnostics) (ca22a1cb)
2020-12-11T10:48:07.2767628+01:00 [INF] Executing endpoint '"SiteSelector.Controllers.GetLogsController.GetLogsList (SiteSelector)"' (Microsoft.AspNetCore.Routing.EndpointMiddleware) (500cc934)
2020-12-11T10:48:07.2773573+01:00 [INF] Route matched with "{action = \"GetLogsList\", controller = \"GetLogs\", page = \"\"}". Executing controller action with signature "System.Threading.Tasks.Task`1[Microsoft.AspNetCore.Mvc.IActionResult] GetLogsList()" on controller "SiteSelector.Controllers.GetLogsController" ("SiteSelector"). (Microsoft.AspNetCore.Mvc.Infrastructure.ControllerActionInvoker) (122b2fdf)
2020-12-11T10:48:07.2797377+01:00 [INF] Executing ObjectResult, writing value of type '"System.String"'. (Microsoft.AspNetCore.Mvc.Infrastructure.ObjectResultExecutor) (8a1b66c8)
2020-12-11T10:48:07.2804852+01:00 [INF] Executed action "SiteSelector.Controllers.GetLogsController.GetLogsList (SiteSelector)" in 2.8329ms (Microsoft.AspNetCore.Mvc.Infrastructure.ControllerActionInvoker) (afa2e885)
2020-12-11T10:48:07.2806880+01:00 [INF] Executed endpoint '"SiteSelector.Controllers.GetLogsController.GetLogsList (SiteSelector)"' (Microsoft.AspNetCore.Routing.EndpointMiddleware) (99874f2b)
2020-12-11T10:48:07.2810594+01:00 [INF] Request finished in 5.4829ms 200 text/plain; charset=utf-8 (Microsoft.AspNetCore.Hosting.Diagnostics) (791a596a)
2020-12-11T10:48:07.3797197+01:00 [INF] Request starting HTTP/2 GET https://AX86506:5055/api/getlogs/file?filename=GalaxySiteSelector-AX86506-20201208.log   (Microsoft.AspNetCore.Hosting.Diagnostics) (ca22a1cb)
2020-12-11T10:48:07.3801394+01:00 [INF] Executing endpoint '"SiteSelector.Controllers.GetLogsController.GetLogFile (SiteSelector)"' (Microsoft.AspNetCore.Routing.EndpointMiddleware) (500cc934)
2020-12-11T10:48:07.3803936+01:00 [INF] Route matched with "{action = \"GetLogFile\", controller = \"GetLogs\", page = \"\"}". Executing controller action with signature "System.Threading.Tasks.Task`1[Microsoft.AspNetCore.Mvc.IActionResult] GetLogFile(System.String)" on controller "SiteSelector.Controllers.GetLogsController" ("SiteSelector"). (Microsoft.AspNetCore.Mvc.Infrastructure.ControllerActionInvoker) (122b2fdf)
2020-12-11T10:48:07.3820161+01:00 [INF] Executing ObjectResult, writing value of type '"System.String"'. (Microsoft.AspNetCore.Mvc.Infrastructure.ObjectResultExecutor) (8a1b66c8)
2020-12-11T10:48:07.3824487+01:00 [INF] Executed action "SiteSelector.Controllers.GetLogsController.GetLogFile (SiteSelector)" in 1.9274ms (Microsoft.AspNetCore.Mvc.Infrastructure.ControllerActionInvoker) (afa2e885)
2020-12-11T10:48:07.3824934+01:00 [INF] Executed endpoint '"SiteSelector.Controllers.GetLogsController.GetLogFile (SiteSelector)"' (Microsoft.AspNetCore.Routing.EndpointMiddleware) (99874f2b)
2020-12-11T10:48:07.3826536+01:00 [INF] Request finished in 3.2071ms 200 text/plain; charset=utf-8 (Microsoft.AspNetCore.Hosting.Diagnostics) (791a596a)
2020-12-11T10:48:07.4938661+01:00 [INF] Request starting HTTP/2 GET https://AX86506:5055/api/getlogs/file?filename=GalaxySiteSelector-AX86506-20201211.log   (Microsoft.AspNetCore.Hosting.Diagnostics) (ca22a1cb)
2020-12-11T10:48:07.4942988+01:00 [INF] Executing endpoint '"SiteSelector.Controllers.GetLogsController.GetLogFile (SiteSelector)"' (Microsoft.AspNetCore.Routing.EndpointMiddleware) (500cc934)
2020-12-11T10:48:07.4946061+01:00 [INF] Route matched with "{action = \"GetLogFile\", controller = \"GetLogs\", page = \"\"}". Executing controller action with signature "System.Threading.Tasks.Task`1[Microsoft.AspNetCore.Mvc.IActionResult] GetLogFile(System.String)" on controller "SiteSelector.Controllers.GetLogsController" ("SiteSelector"). (Microsoft.AspNetCore.Mvc.Infrastructure.ControllerActionInvoker) (122b2fdf)
