2020-10-01T15:41:14.0051627+02:00 [INF] "GalaxySiteSelector" - service version: "0.9.5.3", library version: "0.9.5.6" - machinename: "TX82564" (SiteSelector.Program) (b27fd4b2)
2020-10-01T15:41:14.2105793+02:00 [INF] User profile is available. Using '"C:\WINDOWS\system32\config\systemprofile\AppData\Local\ASP.NET\DataProtection-Keys"' as key repository and Windows DPAPI to encrypt keys at rest. (Microsoft.AspNetCore.DataProtection.KeyManagement.XmlKeyManager) (7ac5e29c)
2020-10-01T15:41:14.6807399+02:00 [INF] Now listening on: "https://[::]:5055" (Microsoft.Hosting.Lifetime) (d826f4b8)
2020-10-01T15:41:14.6808738+02:00 [INF] Application started. Hosting environment: "Production"; Content root path: "C:\ProgramData\GalaxySiteSelector" (Microsoft.Hosting.Lifetime) (9029d6f8)
2020-10-01T15:41:29.4299178+02:00 [INF] Request starting HTTP/2 GET https://localhost:5055/SiteSelector   (Microsoft.AspNetCore.Hosting.Diagnostics) (ca22a1cb)
2020-10-01T15:41:29.4537064+02:00 [INF] Executing endpoint '"/_Host"' (Microsoft.AspNetCore.Routing.EndpointMiddleware) (500cc934)
2020-10-01T15:41:29.4784677+02:00 [INF] Route matched with "{page = \"/_Host\", action = \"\", controller = \"\"}". Executing page "/_Host" (Microsoft.AspNetCore.Mvc.RazorPages.Infrastructure.PageActionInvoker) (547e620f)
2020-10-01T15:41:29.4883003+02:00 [INF] Executing an implicit handler method - ModelState is Valid (Microsoft.AspNetCore.Mvc.RazorPages.Infrastructure.PageActionInvoker) (232a55d1)
2020-10-01T15:41:29.4884934+02:00 [INF] Executed an implicit handler method, returned result "Microsoft.AspNetCore.Mvc.RazorPages.PageResult". (Microsoft.AspNetCore.Mvc.RazorPages.Infrastructure.PageActionInvoker) (f857da66)
2020-10-01T15:41:29.5259193+02:00 [INF] Request starting HTTP/2 GET https://localhost:5055/css/site.css   (Microsoft.AspNetCore.Hosting.Diagnostics) (ca22a1cb)
2020-10-01T15:41:29.5259192+02:00 [INF] Request starting HTTP/2 GET https://localhost:5055/css/bootstrap/bootstrap.min.css   (Microsoft.AspNetCore.Hosting.Diagnostics) (ca22a1cb)
2020-10-01T15:41:29.5259192+02:00 [INF] Request starting HTTP/2 GET https://localhost:5055/js/interop.js   (Microsoft.AspNetCore.Hosting.Diagnostics) (ca22a1cb)
2020-10-01T15:41:29.5261144+02:00 [INF] Executed page "/_Host" in 40.2986ms (Microsoft.AspNetCore.Mvc.RazorPages.Infrastructure.PageActionInvoker) (02e01280)
2020-10-01T15:41:29.5262181+02:00 [INF] Executed endpoint '"/_Host"' (Microsoft.AspNetCore.Routing.EndpointMiddleware) (99874f2b)
2020-10-01T15:41:29.5287175+02:00 [INF] Request finished in 101.0125ms 200 text/html; charset=utf-8 (Microsoft.AspNetCore.Hosting.Diagnostics) (791a596a)
2020-10-01T15:41:29.5315256+02:00 [INF] The file "/js/interop.js" was not modified (Microsoft.AspNetCore.StaticFiles.StaticFileMiddleware) (f1f8d725)
2020-10-01T15:41:29.5315256+02:00 [INF] The file "/css/bootstrap/bootstrap.min.css" was not modified (Microsoft.AspNetCore.StaticFiles.StaticFileMiddleware) (f1f8d725)
2020-10-01T15:41:29.5315257+02:00 [INF] The file "/css/site.css" was not modified (Microsoft.AspNetCore.StaticFiles.StaticFileMiddleware) (f1f8d725)
2020-10-01T15:41:29.5325158+02:00 [INF] Request finished in 6.6509ms 304 text/css (Microsoft.AspNetCore.Hosting.Diagnostics) (791a596a)
2020-10-01T15:41:29.5325378+02:00 [INF] Request finished in 6.6977ms 304 application/javascript (Microsoft.AspNetCore.Hosting.Diagnostics) (791a596a)
2020-10-01T15:41:29.5325485+02:00 [INF] Request finished in 6.7102ms 304 text/css (Microsoft.AspNetCore.Hosting.Diagnostics) (791a596a)
2020-10-01T15:41:29.5548918+02:00 [INF] Request starting HTTP/2 GET https://localhost:5055/css/open-iconic/font/css/open-iconic-bootstrap.min.css   (Microsoft.AspNetCore.Hosting.Diagnostics) (ca22a1cb)
2020-10-01T15:41:29.5551890+02:00 [INF] The file "/css/open-iconic/font/css/open-iconic-bootstrap.min.css" was not modified (Microsoft.AspNetCore.StaticFiles.StaticFileMiddleware) (f1f8d725)
2020-10-01T15:41:29.5553121+02:00 [INF] Request finished in 0.4572ms 304 text/css (Microsoft.AspNetCore.Hosting.Diagnostics) (791a596a)
2020-10-01T15:41:29.5803022+02:00 [INF] Request starting HTTP/2 GET https://localhost:5055/_framework/blazor.server.js   (Microsoft.AspNetCore.Hosting.Diagnostics) (ca22a1cb)
2020-10-01T15:41:29.5922208+02:00 [INF] Sending file. Request path: '"/_framework/blazor.server.js"'. Physical path: '"N/A"' (Microsoft.AspNetCore.StaticFiles.StaticFileMiddleware) (27b0a520)
2020-10-01T15:41:29.5931227+02:00 [INF] Request finished in 12.8196ms 200 application/javascript (Microsoft.AspNetCore.Hosting.Diagnostics) (791a596a)
2020-10-01T15:41:29.6228648+02:00 [INF] Request starting HTTP/2 POST https://localhost:5055/_blazor/negotiate?negotiateVersion=1 text/plain;charset=UTF-8 0 (Microsoft.AspNetCore.Hosting.Diagnostics) (ca22a1cb)
2020-10-01T15:41:29.6240001+02:00 [INF] Executing endpoint '"/_blazor/negotiate"' (Microsoft.AspNetCore.Routing.EndpointMiddleware) (500cc934)
2020-10-01T15:41:29.6291280+02:00 [INF] Executed endpoint '"/_blazor/negotiate"' (Microsoft.AspNetCore.Routing.EndpointMiddleware) (99874f2b)
2020-10-01T15:41:29.6292649+02:00 [INF] Request finished in 6.4837ms 200 application/json (Microsoft.AspNetCore.Hosting.Diagnostics) (791a596a)
2020-10-01T15:41:29.6358534+02:00 [INF] Request starting HTTP/1.1 GET https://localhost:5055/_blazor?id=Shz2BE1FF0TdUBmDFaqFOQ   (Microsoft.AspNetCore.Hosting.Diagnostics) (ca22a1cb)
2020-10-01T15:41:29.6360864+02:00 [INF] Executing endpoint '"/_blazor"' (Microsoft.AspNetCore.Routing.EndpointMiddleware) (500cc934)
2020-10-01T15:41:29.7135131+02:00 [INF] Running SetupSession (SiteSelector.Domain.SessionStart.ActorSessionStart) (7e9ff657)
2020-10-01T15:41:29.7293623+02:00 [INF] Found galaxy-client in configuration: "Galaxy Systemvælger" (SiteSelector.Domain.Persist.ReadConfigXml) (88c8e810)
2020-10-01T15:41:29.7297411+02:00 [INF] @GetDaletServiceIsInstalled, looking for service: "DaletService" (SiteSelector.Domain.SessionStart.CheckEnvironment) (bb0ef24c)
2020-10-01T15:41:29.7317517+02:00 [INF] Found service "DaletService" in state: StartService (SiteSelector.Domain.Services.ServiceHandler) (d73723f9)
2020-10-01T15:41:29.7318855+02:00 [INF] @GetDaletServiceIsInstalled, found service "DaletService": True (SiteSelector.Domain.SessionStart.CheckEnvironment) (10d3e8ac)
2020-10-01T15:41:29.7395064+02:00 [INF] Could not detect "DaletGalaxy". (SiteSelector.Domain.Processes.ProcessHandler) (37043ae9)
2020-10-01T15:41:29.7395681+02:00 [INF] Detected "DaletGalaxy" running on client:False (SiteSelector.Domain.Processes.ProcessHandler) (92f7db5d)
2020-10-01T15:41:29.7830835+02:00 [INF] DetectGalaxyRunning - Galaxy is running: False (SiteSelector.Domain.SessionStart.CheckEnvironment) (fd1e0f1e)
2020-10-01T15:41:29.8008256+02:00 [INF] Request starting HTTP/2 GET https://localhost:5055/css/open-iconic/font/fonts/open-iconic.woff   (Microsoft.AspNetCore.Hosting.Diagnostics) (ca22a1cb)
2020-10-01T15:41:29.8010315+02:00 [INF] The file "/css/open-iconic/font/fonts/open-iconic.woff" was not modified (Microsoft.AspNetCore.StaticFiles.StaticFileMiddleware) (f1f8d725)
2020-10-01T15:41:29.8011743+02:00 [INF] Request finished in 0.3888ms 304 application/font-woff (Microsoft.AspNetCore.Hosting.Diagnostics) (791a596a)
2020-10-01T15:41:29.9430532+02:00 [INF] Found user "w-efl", is allowed to see test-sites: True (SiteSelector.Domain.SessionStart.CheckEnvironment) (7a41e528)
2020-10-01T15:41:29.9431338+02:00 [INF] Test-sites should be included in site-listing: True (SiteSelector.Domain.SessionStart.CheckEnvironment) (375b5f05)
2020-10-01T15:41:29.9470207+02:00 [INF] Found local SiteSelector.xml at "C:\ProgramData\GalaxySiteSelector\SiteSelector.xml" (SiteSelector.Domain.SessionStart.UpdateLocalSiteSelectorXml) (926e481e)
2020-10-01T15:41:29.9486933+02:00 [INF] Found "\\dalet1\DpShare\SiteSelector\config\SiteSelector.xml": True (SiteSelector.Domain.SessionStart.UpdateLocalSiteSelectorXml) (43bd9e6d)
2020-10-01T15:41:29.9491550+02:00 [INF] Local SiteSelector.xml was detected: True (SiteSelector.Domain.SessionStart.UpdateLocalSiteSelectorXml) (0845ccfd)
2020-10-01T15:41:29.9491894+02:00 [INF] Local SiteSelector.xml was updated from "\\dalet1\DpShare\SiteSelector\config\SiteSelector.xml": False (SiteSelector.Domain.SessionStart.UpdateLocalSiteSelectorXml) (40a93371)
2020-10-01T15:41:29.9503303+02:00 [INF] Found 6 galaxy-sites in sites-list. (SiteSelector.Domain.Persist.ReadConfigXml) (ee6a3325)
2020-10-01T15:41:29.9532932+02:00 [INF] Succesfully read file: "C:\ProgramData\DaletPlusData\config.ini" (SiteSelector.Domain.SessionStart.HandleConfigIni) (70338fcf)
2020-10-01T15:41:29.9543159+02:00 [INF] Succesfully read file: "C:\ProgramData\DaletPlusData\config.ini" (SiteSelector.Domain.SessionStart.HandleConfigIni) (70338fcf)
2020-10-01T15:41:29.9545922+02:00 [INF] Completed SetupSession (SiteSelector.Domain.SessionStart.ActorSessionStart) (f17818b2)
2020-10-01T15:41:29.9549551+02:00 [INF] DaletService exists on client: True (SiteSelector.Pages.MainPage.MainComponent) (ac368e96)
2020-10-01T15:41:29.9555974+02:00 [INF] UI found current site: True (SiteSelector.Pages.MainPage.SitesListComponent) (8d1f5b96)
2020-10-01T15:41:32.1993544+02:00 [INF] Found galaxy-client in configuration: "Galaxy Systemvælger" (SiteSelector.Domain.Persist.ReadConfigXml) (88c8e810)
2020-10-01T15:41:32.2017028+02:00 [INF] Disposing now (SiteSelector.Pages.MainPage.MainComponent) (7c5e0a46)
2020-10-01T15:41:32.2018170+02:00 [INF] Unsubscribed to all events. (SiteSelector.Pages.MainPage.MainComponent) (8a173910)
2020-10-01T15:41:32.2020174+02:00 [INF] Disposing now (SiteSelector.Pages.MainPage.SitesListComponent) (7c5e0a46)
2020-10-01T15:41:32.2027764+02:00 [INF] Could not detect "DaletGalaxy". (SiteSelector.Domain.Processes.ProcessHandler) (37043ae9)
2020-10-01T15:41:32.2028613+02:00 [INF] Detected "DaletGalaxy" running on client:False (SiteSelector.Domain.Processes.ProcessHandler) (92f7db5d)
2020-10-01T15:41:32.2029641+02:00 [INF] DetectGalaxyRunning - Galaxy is running: False (SiteSelector.Domain.SessionStart.CheckEnvironment) (fd1e0f1e)
2020-10-01T15:41:32.2039756+02:00 [INF] Found service "DaletService" in state: StartService (SiteSelector.Domain.Services.ServiceHandler) (d73723f9)
2020-10-01T15:41:34.3896607+02:00 [INF] Running SetupSession (SiteSelector.Domain.SessionStart.ActorSessionStart) (7e9ff657)
2020-10-01T15:41:34.3991974+02:00 [INF] Found galaxy-client in configuration: "Galaxy Systemvælger" (SiteSelector.Domain.Persist.ReadConfigXml) (88c8e810)
2020-10-01T15:41:34.4000966+02:00 [INF] @GetDaletServiceIsInstalled, looking for service: "DaletService" (SiteSelector.Domain.SessionStart.CheckEnvironment) (bb0ef24c)
2020-10-01T15:41:34.4007380+02:00 [INF] Found service "DaletService" in state: StartService (SiteSelector.Domain.Services.ServiceHandler) (d73723f9)
2020-10-01T15:41:34.4008861+02:00 [INF] @GetDaletServiceIsInstalled, found service "DaletService": True (SiteSelector.Domain.SessionStart.CheckEnvironment) (10d3e8ac)
2020-10-01T15:41:34.4055453+02:00 [INF] Could not detect "DaletGalaxy". (SiteSelector.Domain.Processes.ProcessHandler) (37043ae9)
2020-10-01T15:41:34.4056593+02:00 [INF] Detected "DaletGalaxy" running on client:False (SiteSelector.Domain.Processes.ProcessHandler) (92f7db5d)
2020-10-01T15:41:34.4640901+02:00 [INF] DetectGalaxyRunning - Galaxy is running: False (SiteSelector.Domain.SessionStart.CheckEnvironment) (fd1e0f1e)
2020-10-01T15:41:34.5278494+02:00 [INF] Found user "w-efl", is allowed to see test-sites: True (SiteSelector.Domain.SessionStart.CheckEnvironment) (7a41e528)
2020-10-01T15:41:34.5279104+02:00 [INF] Test-sites should be included in site-listing: True (SiteSelector.Domain.SessionStart.CheckEnvironment) (375b5f05)
2020-10-01T15:41:34.5284015+02:00 [INF] Found local SiteSelector.xml at "C:\ProgramData\GalaxySiteSelector\SiteSelector.xml" (SiteSelector.Domain.SessionStart.UpdateLocalSiteSelectorXml) (926e481e)
2020-10-01T15:41:34.5289665+02:00 [INF] Found "\\dalet1\DpShare\SiteSelector\config\SiteSelector.xml": True (SiteSelector.Domain.SessionStart.UpdateLocalSiteSelectorXml) (43bd9e6d)
2020-10-01T15:41:34.5293477+02:00 [INF] Local SiteSelector.xml was detected: True (SiteSelector.Domain.SessionStart.UpdateLocalSiteSelectorXml) (0845ccfd)
2020-10-01T15:41:34.5293889+02:00 [INF] Local SiteSelector.xml was updated from "\\dalet1\DpShare\SiteSelector\config\SiteSelector.xml": False (SiteSelector.Domain.SessionStart.UpdateLocalSiteSelectorXml) (40a93371)
2020-10-01T15:41:34.5297897+02:00 [INF] Found 6 galaxy-sites in sites-list. (SiteSelector.Domain.Persist.ReadConfigXml) (ee6a3325)
2020-10-01T15:41:34.5301921+02:00 [INF] Succesfully read file: "C:\ProgramData\DaletPlusData\config.ini" (SiteSelector.Domain.SessionStart.HandleConfigIni) (70338fcf)
2020-10-01T15:41:34.5304624+02:00 [INF] Succesfully read file: "C:\ProgramData\DaletPlusData\config.ini" (SiteSelector.Domain.SessionStart.HandleConfigIni) (70338fcf)
2020-10-01T15:41:34.5305342+02:00 [INF] Completed SetupSession (SiteSelector.Domain.SessionStart.ActorSessionStart) (f17818b2)
2020-10-01T15:41:34.5305681+02:00 [INF] DaletService exists on client: True (SiteSelector.Pages.MainPage.MainComponent) (ac368e96)
2020-10-01T15:41:34.5309203+02:00 [INF] UI found current site: True (SiteSelector.Pages.MainPage.SitesListComponent) (8d1f5b96)
2020-10-01T15:41:49.6102841+02:00 [INF] Request starting HTTP/2 GET https://localhost:5055/api/service   (Microsoft.AspNetCore.Hosting.Diagnostics) (ca22a1cb)
2020-10-01T15:41:49.6112059+02:00 [INF] Executing endpoint '"SiteSelector.Controllers.ServiceController.PeekService (SiteSelector)"' (Microsoft.AspNetCore.Routing.EndpointMiddleware) (500cc934)
2020-10-01T15:41:49.6259160+02:00 [INF] Route matched with "{action = \"PeekService\", controller = \"Service\", page = \"\"}". Executing controller action with signature "System.Threading.Tasks.Task`1[Microsoft.AspNetCore.Mvc.IActionResult] PeekService()" on controller "SiteSelector.Controllers.ServiceController" ("SiteSelector"). (Microsoft.AspNetCore.Mvc.Infrastructure.ControllerActionInvoker) (122b2fdf)
2020-10-01T15:41:49.6328208+02:00 [INF] Found galaxy-client in configuration: "Galaxy Systemvælger" (SiteSelector.Domain.Persist.ReadConfigXml) (88c8e810)
2020-10-01T15:41:49.6381292+02:00 [INF] Could not detect "DaletGalaxy". (SiteSelector.Domain.Processes.ProcessHandler) (37043ae9)
2020-10-01T15:41:49.6382254+02:00 [INF] Detected "DaletGalaxy" running on client:False (SiteSelector.Domain.Processes.ProcessHandler) (92f7db5d)
2020-10-01T15:41:49.6383279+02:00 [INF] DetectGalaxyRunning - Galaxy is running: False (SiteSelector.Domain.SessionStart.CheckEnvironment) (fd1e0f1e)
2020-10-01T15:41:49.6394542+02:00 [INF] Found service "DaletService" in state: StartService (SiteSelector.Domain.Services.ServiceHandler) (d73723f9)
2020-10-01T15:41:49.6396319+02:00 [INF] Service DaletService is currently in state: StartService (SiteSelector.Controllers.ServiceController) (daf7be91)
2020-10-01T15:41:49.6434601+02:00 [INF] Executing ObjectResult, writing value of type '"System.String"'. (Microsoft.AspNetCore.Mvc.Infrastructure.ObjectResultExecutor) (8a1b66c8)
2020-10-01T15:41:49.6448105+02:00 [INF] Executed action "SiteSelector.Controllers.ServiceController.PeekService (SiteSelector)" in 18.6654ms (Microsoft.AspNetCore.Mvc.Infrastructure.ControllerActionInvoker) (afa2e885)
2020-10-01T15:41:49.6452132+02:00 [INF] Executed endpoint '"SiteSelector.Controllers.ServiceController.PeekService (SiteSelector)"' (Microsoft.AspNetCore.Routing.EndpointMiddleware) (99874f2b)
2020-10-01T15:41:49.6454385+02:00 [INF] Request finished in 35.458ms 200 text/plain; charset=utf-8 (Microsoft.AspNetCore.Hosting.Diagnostics) (791a596a)
2020-10-01T15:41:49.6492459+02:00 [INF] Request starting HTTP/2 POST https://localhost:5055/_blazor/disconnect multipart/form-data; boundary=---------------------------7e428531102b2 363 (Microsoft.AspNetCore.Hosting.Diagnostics) (ca22a1cb)
2020-10-01T15:41:49.6501324+02:00 [INF] Executing endpoint '"Blazor disconnect"' (Microsoft.AspNetCore.Routing.EndpointMiddleware) (500cc934)
2020-10-01T15:41:49.6658681+02:00 [INF] Executed endpoint '"/_blazor"' (Microsoft.AspNetCore.Routing.EndpointMiddleware) (99874f2b)
2020-10-01T15:41:49.6660576+02:00 [INF] Request finished in 20030.209ms 101  (Microsoft.AspNetCore.Hosting.Diagnostics) (791a596a)
2020-10-01T15:41:49.6670178+02:00 [INF] Disposing now (SiteSelector.Pages.MainPage.MainComponent) (7c5e0a46)
2020-10-01T15:41:49.6670927+02:00 [INF] Unsubscribed to all events. (SiteSelector.Pages.MainPage.MainComponent) (8a173910)
2020-10-01T15:41:49.6671238+02:00 [INF] Disposing now (SiteSelector.Pages.MainPage.SitesListComponent) (7c5e0a46)
2020-10-01T15:41:49.6672856+02:00 [INF] Executed endpoint '"Blazor disconnect"' (Microsoft.AspNetCore.Routing.EndpointMiddleware) (99874f2b)
2020-10-01T15:41:49.6674281+02:00 [INF] Request finished in 18.2473ms 200  (Microsoft.AspNetCore.Hosting.Diagnostics) (791a596a)
2020-10-01T15:42:01.4025575+02:00 [INF] Request starting HTTP/2 GET https://localhost:5055/SiteSelector   (Microsoft.AspNetCore.Hosting.Diagnostics) (ca22a1cb)
2020-10-01T15:42:01.4033254+02:00 [INF] Executing endpoint '"/_Host"' (Microsoft.AspNetCore.Routing.EndpointMiddleware) (500cc934)
2020-10-01T15:42:01.4042974+02:00 [INF] Route matched with "{page = \"/_Host\", action = \"\", controller = \"\"}". Executing page "/_Host" (Microsoft.AspNetCore.Mvc.RazorPages.Infrastructure.PageActionInvoker) (547e620f)
2020-10-01T15:42:01.4051629+02:00 [INF] Executing an implicit handler method - ModelState is Valid (Microsoft.AspNetCore.Mvc.RazorPages.Infrastructure.PageActionInvoker) (232a55d1)
2020-10-01T15:42:01.4052358+02:00 [INF] Executed an implicit handler method, returned result "Microsoft.AspNetCore.Mvc.RazorPages.PageResult". (Microsoft.AspNetCore.Mvc.RazorPages.Infrastructure.PageActionInvoker) (f857da66)
2020-10-01T15:42:01.4086639+02:00 [INF] Executed page "/_Host" in 4.1351ms (Microsoft.AspNetCore.Mvc.RazorPages.Infrastructure.PageActionInvoker) (02e01280)
2020-10-01T15:42:01.4087465+02:00 [INF] Executed endpoint '"/_Host"' (Microsoft.AspNetCore.Routing.EndpointMiddleware) (99874f2b)
2020-10-01T15:42:01.4089517+02:00 [INF] Request finished in 6.7391ms 200 text/html; charset=utf-8 (Microsoft.AspNetCore.Hosting.Diagnostics) (791a596a)
2020-10-01T15:42:01.5042260+02:00 [INF] Request starting HTTP/2 POST https://localhost:5055/_blazor/negotiate?negotiateVersion=1 text/plain;charset=UTF-8 0 (Microsoft.AspNetCore.Hosting.Diagnostics) (ca22a1cb)
2020-10-01T15:42:01.5045018+02:00 [INF] Executing endpoint '"/_blazor/negotiate"' (Microsoft.AspNetCore.Routing.EndpointMiddleware) (500cc934)
2020-10-01T15:42:01.5050109+02:00 [INF] Executed endpoint '"/_blazor/negotiate"' (Microsoft.AspNetCore.Routing.EndpointMiddleware) (99874f2b)
2020-10-01T15:42:01.5052604+02:00 [INF] Request finished in 1.1144ms 200 application/json (Microsoft.AspNetCore.Hosting.Diagnostics) (791a596a)
2020-10-01T15:42:01.5097047+02:00 [INF] Request starting HTTP/1.1 GET https://localhost:5055/_blazor?id=LgxVds2j1bQ_KgK8Grb9SA   (Microsoft.AspNetCore.Hosting.Diagnostics) (ca22a1cb)
2020-10-01T15:42:01.5099478+02:00 [INF] Executing endpoint '"/_blazor"' (Microsoft.AspNetCore.Routing.EndpointMiddleware) (500cc934)
2020-10-01T15:42:01.5239743+02:00 [INF] Running SetupSession (SiteSelector.Domain.SessionStart.ActorSessionStart) (7e9ff657)
2020-10-01T15:42:01.5262456+02:00 [INF] Found galaxy-client in configuration: "Galaxy Systemvælger" (SiteSelector.Domain.Persist.ReadConfigXml) (88c8e810)
2020-10-01T15:42:01.5264490+02:00 [INF] @GetDaletServiceIsInstalled, looking for service: "DaletService" (SiteSelector.Domain.SessionStart.CheckEnvironment) (bb0ef24c)
2020-10-01T15:42:01.5268956+02:00 [INF] Found service "DaletService" in state: StartService (SiteSelector.Domain.Services.ServiceHandler) (d73723f9)
2020-10-01T15:42:01.5270338+02:00 [INF] @GetDaletServiceIsInstalled, found service "DaletService": True (SiteSelector.Domain.SessionStart.CheckEnvironment) (10d3e8ac)
2020-10-01T15:42:01.5297680+02:00 [INF] Could not detect "DaletGalaxy". (SiteSelector.Domain.Processes.ProcessHandler) (37043ae9)
2020-10-01T15:42:01.5298396+02:00 [INF] Detected "DaletGalaxy" running on client:False (SiteSelector.Domain.Processes.ProcessHandler) (92f7db5d)
2020-10-01T15:42:01.5960589+02:00 [INF] DetectGalaxyRunning - Galaxy is running: False (SiteSelector.Domain.SessionStart.CheckEnvironment) (fd1e0f1e)
2020-10-01T15:42:01.6872783+02:00 [INF] Found user "w-efl", is allowed to see test-sites: True (SiteSelector.Domain.SessionStart.CheckEnvironment) (7a41e528)
2020-10-01T15:42:01.6873378+02:00 [INF] Test-sites should be included in site-listing: True (SiteSelector.Domain.SessionStart.CheckEnvironment) (375b5f05)
2020-10-01T15:42:01.6878320+02:00 [INF] Found local SiteSelector.xml at "C:\ProgramData\GalaxySiteSelector\SiteSelector.xml" (SiteSelector.Domain.SessionStart.UpdateLocalSiteSelectorXml) (926e481e)
2020-10-01T15:42:01.6904529+02:00 [INF] Found "\\dalet1\DpShare\SiteSelector\config\SiteSelector.xml": True (SiteSelector.Domain.SessionStart.UpdateLocalSiteSelectorXml) (43bd9e6d)
2020-10-01T15:42:01.6908533+02:00 [INF] Local SiteSelector.xml was detected: True (SiteSelector.Domain.SessionStart.UpdateLocalSiteSelectorXml) (0845ccfd)
2020-10-01T15:42:01.6908908+02:00 [INF] Local SiteSelector.xml was updated from "\\dalet1\DpShare\SiteSelector\config\SiteSelector.xml": False (SiteSelector.Domain.SessionStart.UpdateLocalSiteSelectorXml) (40a93371)
2020-10-01T15:42:01.6913388+02:00 [INF] Found 6 galaxy-sites in sites-list. (SiteSelector.Domain.Persist.ReadConfigXml) (ee6a3325)
2020-10-01T15:42:01.6917827+02:00 [INF] Succesfully read file: "C:\ProgramData\DaletPlusData\config.ini" (SiteSelector.Domain.SessionStart.HandleConfigIni) (70338fcf)
2020-10-01T15:42:01.6921309+02:00 [INF] Succesfully read file: "C:\ProgramData\DaletPlusData\config.ini" (SiteSelector.Domain.SessionStart.HandleConfigIni) (70338fcf)
2020-10-01T15:42:01.6922195+02:00 [INF] Completed SetupSession (SiteSelector.Domain.SessionStart.ActorSessionStart) (f17818b2)
2020-10-01T15:42:01.6922750+02:00 [INF] DaletService exists on client: True (SiteSelector.Pages.MainPage.MainComponent) (ac368e96)
2020-10-01T15:42:01.6926680+02:00 [INF] UI found current site: True (SiteSelector.Pages.MainPage.SitesListComponent) (8d1f5b96)
2020-10-01T15:42:04.9388625+02:00 [INF] User pressed a key: "Enter" (SiteSelector.Pages.MainPage.SitesListComponent) (c6ca5ace)
2020-10-01T15:42:04.9395994+02:00 [INF] User requested site: "DALG2", AsWinUser: False, Restart Service: False (SiteSelector.Pages.MainPage.SitesListComponent) (d8efe5db)
2020-10-01T15:42:04.9481082+02:00 [INF] Succesfully read file: "C:\ProgramData\DaletPlusData\config.ini" (SiteSelector.Domain.SessionStart.HandleConfigIni) (70338fcf)
2020-10-01T15:42:04.9491055+02:00 [INF] Succesfully read file: "C:\ProgramData\DaletPlusData\config.ini" (SiteSelector.Domain.SessionStart.HandleConfigIni) (70338fcf)
2020-10-01T15:42:04.9508468+02:00 [INF] Succesfully wrote file: "C:\ProgramData\DaletPlusData\config.ini" (SiteSelector.Domain.SessionStart.HandleConfigIni) (073e61d3)
2020-10-01T15:42:04.9509617+02:00 [INF] Succesfully updated config.ini to "DALG2APP15": True (SiteSelector.Domain.SessionRespond.UpdateConfigIni) (4d06f4d8)
2020-10-01T15:42:04.9528671+02:00 [INF] SendEvent: Message - Success - "Config.ini was updated successfully." - "(null)" (SiteSelector.Domain.SessionRespond.ActorSessionRespond) (a9efe48d)
2020-10-01T15:42:04.9534352+02:00 [INF] SendEvent: Message - Waiting - "Preparing to start Galaxy." - "(null)" (SiteSelector.Domain.SessionRespond.ActorSessionRespond) (a9efe48d)
2020-10-01T15:42:04.9586802+02:00 [INF] SessionID is : 0 (SiteSelector.Domain.Processes.ProcessHandler) (6c7ef343)
2020-10-01T15:42:05.0259608+02:00 [INF] Found owner: "NET\w-efl" (SiteSelector.Domain.Processes.ProcessHandler) (22b07dda)
2020-10-01T15:42:05.0260184+02:00 [INF] Non-interactive session. Now starting Galaxy. (SiteSelector.Domain.Processes.ProcessHandler) (dc4b6270)
2020-10-01T15:42:05.0264642+02:00 [INF] StartProcessAsUser: args: "C:\Program Files\Dalet\DaletPlus\bin\DaletGalaxy.exe -F -S DALG2APP15" (SiteSelector.Domain.Processes.ProcessHandler) (aee9c874)
2020-10-01T15:42:05.0316742+02:00 [INF] @ApplicationLoaderHelper, got environment as current user: True (SiteSelector.Domain.Processes.ProcessHandler) (78894c7a)
2020-10-01T15:42:05.0317883+02:00 [INF] @ApplicationLoaderHelper, environment var: "ALLUSERSPROFILE": "C:\ProgramData" (SiteSelector.Domain.Processes.ProcessHandler) (1999c767)
2020-10-01T15:42:05.0318078+02:00 [INF] @ApplicationLoaderHelper, environment var: "APPDATA": "C:\Users\w-efl\AppData\Roaming" (SiteSelector.Domain.Processes.ProcessHandler) (1999c767)
2020-10-01T15:42:05.0318250+02:00 [INF] @ApplicationLoaderHelper, environment var: "CommonProgramFiles": "C:\Program Files\Common Files" (SiteSelector.Domain.Processes.ProcessHandler) (1999c767)
2020-10-01T15:42:05.0318440+02:00 [INF] @ApplicationLoaderHelper, environment var: "CommonProgramFiles(x86)": "C:\Program Files (x86)\Common Files" (SiteSelector.Domain.Processes.ProcessHandler) (1999c767)
2020-10-01T15:42:05.0318571+02:00 [INF] @ApplicationLoaderHelper, environment var: "CommonProgramW6432": "C:\Program Files\Common Files" (SiteSelector.Domain.Processes.ProcessHandler) (1999c767)
2020-10-01T15:42:05.0318762+02:00 [INF] @ApplicationLoaderHelper, environment var: "COMPUTERNAME": "TX82564" (SiteSelector.Domain.Processes.ProcessHandler) (1999c767)
2020-10-01T15:42:05.0318894+02:00 [INF] @ApplicationLoaderHelper, environment var: "ComSpec": "C:\WINDOWS\system32\cmd.exe" (SiteSelector.Domain.Processes.ProcessHandler) (1999c767)
2020-10-01T15:42:05.0319054+02:00 [INF] @ApplicationLoaderHelper, environment var: "DriverData": "C:\Windows\System32\Drivers\DriverData" (SiteSelector.Domain.Processes.ProcessHandler) (1999c767)
2020-10-01T15:42:05.0319182+02:00 [INF] @ApplicationLoaderHelper, environment var: "HOMEDRIVE": "C:" (SiteSelector.Domain.Processes.ProcessHandler) (1999c767)
2020-10-01T15:42:05.0319334+02:00 [INF] @ApplicationLoaderHelper, environment var: "HOMEPATH": "\Users\w-efl" (SiteSelector.Domain.Processes.ProcessHandler) (1999c767)
2020-10-01T15:42:05.0319461+02:00 [INF] @ApplicationLoaderHelper, environment var: "LOCALAPPDATA": "C:\Users\w-efl\AppData\Local" (SiteSelector.Domain.Processes.ProcessHandler) (1999c767)
2020-10-01T15:42:05.0319614+02:00 [INF] @ApplicationLoaderHelper, environment var: "LOGONSERVER": "\\DC01" (SiteSelector.Domain.Processes.ProcessHandler) (1999c767)
2020-10-01T15:42:05.0319765+02:00 [INF] @ApplicationLoaderHelper, environment var: "NUMBER_OF_PROCESSORS": "8" (SiteSelector.Domain.Processes.ProcessHandler) (1999c767)
2020-10-01T15:42:05.0319892+02:00 [INF] @ApplicationLoaderHelper, environment var: "OneDrive": "C:\Users\w-efl\OneDrive" (SiteSelector.Domain.Processes.ProcessHandler) (1999c767)
2020-10-01T15:42:05.0320047+02:00 [INF] @ApplicationLoaderHelper, environment var: "OS": "Windows_NT" (SiteSelector.Domain.Processes.ProcessHandler) (1999c767)
2020-10-01T15:42:05.0320229+02:00 [INF] @ApplicationLoaderHelper, environment var: "Path": "C:\ProgramData\Oracle\Java\javapath;C:\WINDOWS\system32;C:\WINDOWS;C:\WINDOWS\System32\Wbem;C:\WINDOWS\System32\WindowsPowerShell\v1.0\;C:\WINDOWS\System32\OpenSSH\;C:\Users\w-efl\AppData\Local\Microsoft\WindowsApps" (SiteSelector.Domain.Processes.ProcessHandler) (1999c767)
2020-10-01T15:42:05.0320357+02:00 [INF] @ApplicationLoaderHelper, environment var: "PATHEXT": ".COM;.EXE;.BAT;.CMD;.VBS;.VBE;.JS;.JSE;.WSF;.WSH;.MSC" (SiteSelector.Domain.Processes.ProcessHandler) (1999c767)
2020-10-01T15:42:05.0320517+02:00 [INF] @ApplicationLoaderHelper, environment var: "PROCESSOR_ARCHITECTURE": "AMD64" (SiteSelector.Domain.Processes.ProcessHandler) (1999c767)
2020-10-01T15:42:05.0320674+02:00 [INF] @ApplicationLoaderHelper, environment var: "PROCESSOR_IDENTIFIER": "Intel64 Family 6 Model 85 Stepping 4, GenuineIntel" (SiteSelector.Domain.Processes.ProcessHandler) (1999c767)
2020-10-01T15:42:05.0320803+02:00 [INF] @ApplicationLoaderHelper, environment var: "PROCESSOR_LEVEL": "6" (SiteSelector.Domain.Processes.ProcessHandler) (1999c767)
2020-10-01T15:42:05.0320957+02:00 [INF] @ApplicationLoaderHelper, environment var: "PROCESSOR_REVISION": "5504" (SiteSelector.Domain.Processes.ProcessHandler) (1999c767)
2020-10-01T15:42:05.0321081+02:00 [INF] @ApplicationLoaderHelper, environment var: "ProgramData": "C:\ProgramData" (SiteSelector.Domain.Processes.ProcessHandler) (1999c767)
2020-10-01T15:42:05.0321250+02:00 [INF] @ApplicationLoaderHelper, environment var: "ProgramFiles": "C:\Program Files" (SiteSelector.Domain.Processes.ProcessHandler) (1999c767)
2020-10-01T15:42:05.0321376+02:00 [INF] @ApplicationLoaderHelper, environment var: "ProgramFiles(x86)": "C:\Program Files (x86)" (SiteSelector.Domain.Processes.ProcessHandler) (1999c767)
2020-10-01T15:42:05.0321530+02:00 [INF] @ApplicationLoaderHelper, environment var: "ProgramW6432": "C:\Program Files" (SiteSelector.Domain.Processes.ProcessHandler) (1999c767)
2020-10-01T15:42:05.0321660+02:00 [INF] @ApplicationLoaderHelper, environment var: "PSModulePath": "%ProgramFiles%\WindowsPowerShell\Modules;C:\WINDOWS\system32\WindowsPowerShell\v1.0\Modules" (SiteSelector.Domain.Processes.ProcessHandler) (1999c767)
2020-10-01T15:42:05.0321814+02:00 [INF] @ApplicationLoaderHelper, environment var: "PUBLIC": "C:\Users\Public" (SiteSelector.Domain.Processes.ProcessHandler) (1999c767)
2020-10-01T15:42:05.0322016+02:00 [INF] @ApplicationLoaderHelper, environment var: "SystemDrive": "C:" (SiteSelector.Domain.Processes.ProcessHandler) (1999c767)
2020-10-01T15:42:05.0322142+02:00 [INF] @ApplicationLoaderHelper, environment var: "SystemRoot": "C:\WINDOWS" (SiteSelector.Domain.Processes.ProcessHandler) (1999c767)
2020-10-01T15:42:05.0322293+02:00 [INF] @ApplicationLoaderHelper, environment var: "TEMP": "C:\Users\w-efl\AppData\Local\Temp" (SiteSelector.Domain.Processes.ProcessHandler) (1999c767)
2020-10-01T15:42:05.0322420+02:00 [INF] @ApplicationLoaderHelper, environment var: "TMP": "C:\Users\w-efl\AppData\Local\Temp" (SiteSelector.Domain.Processes.ProcessHandler) (1999c767)
2020-10-01T15:42:05.0322575+02:00 [INF] @ApplicationLoaderHelper, environment var: "UATDATA": "C:\WINDOWS\CCM\UATData\D9F8C395-CAB8-491d-B8AC-179A1FE1BE77" (SiteSelector.Domain.Processes.ProcessHandler) (1999c767)
2020-10-01T15:42:05.0322702+02:00 [INF] @ApplicationLoaderHelper, environment var: "USERDNSDOMAIN": "NET.DR.DK" (SiteSelector.Domain.Processes.ProcessHandler) (1999c767)
2020-10-01T15:42:05.0322853+02:00 [INF] @ApplicationLoaderHelper, environment var: "USERDOMAIN": "NET" (SiteSelector.Domain.Processes.ProcessHandler) (1999c767)
2020-10-01T15:42:05.0322980+02:00 [INF] @ApplicationLoaderHelper, environment var: "USERDOMAIN_ROAMINGPROFILE": "NET" (SiteSelector.Domain.Processes.ProcessHandler) (1999c767)
2020-10-01T15:42:05.0323133+02:00 [INF] @ApplicationLoaderHelper, environment var: "USERNAME": "w-efl" (SiteSelector.Domain.Processes.ProcessHandler) (1999c767)
2020-10-01T15:42:05.0323257+02:00 [INF] @ApplicationLoaderHelper, environment var: "USERPROFILE": "C:\Users\w-efl" (SiteSelector.Domain.Processes.ProcessHandler) (1999c767)
2020-10-01T15:42:05.0323412+02:00 [INF] @ApplicationLoaderHelper, environment var: "windir": "C:\WINDOWS" (SiteSelector.Domain.Processes.ProcessHandler) (1999c767)
2020-10-01T15:42:05.0380166+02:00 [INF] @ApplicationLoaderHelper, started process "C:\Program Files\Dalet\DaletPlus\bin\DaletGalaxy.exe -F -S DALG2APP15", PID: 4256 (SiteSelector.Domain.Processes.ProcessHandler) (cb3dba52)
2020-10-01T15:42:05.0385319+02:00 [INF] StartProcessAsUser - Started process: 4256 (SiteSelector.Domain.Processes.ProcessHandler) (018bf248)
2020-10-01T15:42:05.0385748+02:00 [INF] StartProcessEnvironmentAware. Process "C:\Program Files\Dalet\DaletPlus\bin\DaletGalaxy.exe" has been invoked. (SiteSelector.Domain.Processes.ProcessHandler) (f0f71640)
2020-10-01T15:42:05.0386248+02:00 [INF] StartGalaxy - started Dalet Galaxy: True (SiteSelector.Domain.SessionRespond.Launcher) (bddbbfc5)
2020-10-01T15:42:05.0388349+02:00 [INF] Now Switching to site "DALG2" (SiteSelector.Pages.MainPage.MainComponent) (105e6a29)
2020-10-01T15:42:05.0413818+02:00 [INF] SendEvent: StartGalaxy - Success - "Successfully started Galaxy" - "DALG2" (SiteSelector.Domain.SessionRespond.ActorSessionRespond) (a9efe48d)
2020-10-01T15:42:05.0414431+02:00 [INF] Successfully started Dalet Galaxy. (SiteSelector.Domain.SessionRespond.ActorSessionRespond) (df2d65df)
2020-10-01T15:42:05.0625137+02:00 [INF] Successfully build configuration (SiteSelector.Domain.Persist.PersistAppSettings) (34a2c1a5)
2020-10-01T15:42:05.0656132+02:00 [INF] Disposing now (SiteSelector.Pages.MainPage.MainComponent) (7c5e0a46)
2020-10-01T15:42:05.0656855+02:00 [INF] Unsubscribed to all events. (SiteSelector.Pages.MainPage.MainComponent) (8a173910)
2020-10-01T15:42:05.0657419+02:00 [INF] Disposing now (SiteSelector.Pages.MainPage.SitesListComponent) (7c5e0a46)
2020-10-01T15:42:05.0663273+02:00 [INF] Successfully updated configuration to appsettings.json (SiteSelector.Domain.Persist.PersistAppSettings) (de26bb35)
2020-10-01T15:42:05.0675742+02:00 [INF] Galaxy was started: True (SiteSelector.Pages.MainPage.SitesListComponent) (86cbc7be)
2020-10-01T15:42:08.0589355+02:00 [INF] Closed current browser-window (MS Edge only). (SiteSelector.Pages.MainPage.MainComponent) (023c2a79)
2020-10-01T15:42:08.0631121+02:00 [INF] Request starting HTTP/2 GET https://localhost:5055/html/SwitchComplete.html   (Microsoft.AspNetCore.Hosting.Diagnostics) (ca22a1cb)
2020-10-01T15:42:08.0631123+02:00 [INF] Request starting HTTP/2 POST https://localhost:5055/_blazor/disconnect multipart/form-data; boundary=---------------------------7e43c8102b2 359 (Microsoft.AspNetCore.Hosting.Diagnostics) (ca22a1cb)
2020-10-01T15:42:08.0637739+02:00 [INF] Executing endpoint '"Blazor disconnect"' (Microsoft.AspNetCore.Routing.EndpointMiddleware) (500cc934)
2020-10-01T15:42:08.0639842+02:00 [INF] The file "/html/SwitchComplete.html" was not modified (Microsoft.AspNetCore.StaticFiles.StaticFileMiddleware) (f1f8d725)
2020-10-01T15:42:08.0644343+02:00 [INF] Request finished in 1.4363ms 304 text/html (Microsoft.AspNetCore.Hosting.Diagnostics) (791a596a)
2020-10-01T15:42:08.0652760+02:00 [INF] Executed endpoint '"Blazor disconnect"' (Microsoft.AspNetCore.Routing.EndpointMiddleware) (99874f2b)
2020-10-01T15:42:08.0654146+02:00 [INF] Request finished in 2.4048ms 200  (Microsoft.AspNetCore.Hosting.Diagnostics) (791a596a)
2020-10-01T15:42:08.0727972+02:00 [INF] Executed endpoint '"/_blazor"' (Microsoft.AspNetCore.Routing.EndpointMiddleware) (99874f2b)
2020-10-01T15:42:08.0729158+02:00 [INF] Request finished in 6563.2436ms 101  (Microsoft.AspNetCore.Hosting.Diagnostics) (791a596a)
2020-10-01T15:42:11.6772276+02:00 [INF] Request starting HTTP/2 GET https://localhost:5055/SiteSelector   (Microsoft.AspNetCore.Hosting.Diagnostics) (ca22a1cb)
2020-10-01T15:42:11.6776462+02:00 [INF] Executing endpoint '"/_Host"' (Microsoft.AspNetCore.Routing.EndpointMiddleware) (500cc934)
2020-10-01T15:42:11.6779318+02:00 [INF] Route matched with "{page = \"/_Host\", action = \"\", controller = \"\"}". Executing page "/_Host" (Microsoft.AspNetCore.Mvc.RazorPages.Infrastructure.PageActionInvoker) (547e620f)
2020-10-01T15:42:11.6791630+02:00 [INF] Executing an implicit handler method - ModelState is Valid (Microsoft.AspNetCore.Mvc.RazorPages.Infrastructure.PageActionInvoker) (232a55d1)
2020-10-01T15:42:11.6792409+02:00 [INF] Executed an implicit handler method, returned result "Microsoft.AspNetCore.Mvc.RazorPages.PageResult". (Microsoft.AspNetCore.Mvc.RazorPages.Infrastructure.PageActionInvoker) (f857da66)
2020-10-01T15:42:11.6815887+02:00 [INF] Executed page "/_Host" in 3.5293ms (Microsoft.AspNetCore.Mvc.RazorPages.Infrastructure.PageActionInvoker) (02e01280)
2020-10-01T15:42:11.6816586+02:00 [INF] Executed endpoint '"/_Host"' (Microsoft.AspNetCore.Routing.EndpointMiddleware) (99874f2b)
2020-10-01T15:42:11.6818259+02:00 [INF] Request finished in 4.7693ms 200 text/html; charset=utf-8 (Microsoft.AspNetCore.Hosting.Diagnostics) (791a596a)
2020-10-01T15:42:11.6865432+02:00 [INF] Request starting HTTP/2 GET https://localhost:5055/js/interop.js   (Microsoft.AspNetCore.Hosting.Diagnostics) (ca22a1cb)
2020-10-01T15:42:11.6865629+02:00 [INF] Request starting HTTP/2 GET https://localhost:5055/css/site.css   (Microsoft.AspNetCore.Hosting.Diagnostics) (ca22a1cb)
2020-10-01T15:42:11.6865629+02:00 [INF] Request starting HTTP/2 GET https://localhost:5055/_framework/blazor.server.js   (Microsoft.AspNetCore.Hosting.Diagnostics) (ca22a1cb)
2020-10-01T15:42:11.6865863+02:00 [INF] Request starting HTTP/2 GET https://localhost:5055/css/bootstrap/bootstrap.min.css   (Microsoft.AspNetCore.Hosting.Diagnostics) (ca22a1cb)
2020-10-01T15:42:11.6870701+02:00 [INF] The file "/_framework/blazor.server.js" was not modified (Microsoft.AspNetCore.StaticFiles.StaticFileMiddleware) (f1f8d725)
2020-10-01T15:42:11.6870702+02:00 [INF] The file "/css/bootstrap/bootstrap.min.css" was not modified (Microsoft.AspNetCore.StaticFiles.StaticFileMiddleware) (f1f8d725)
2020-10-01T15:42:11.6870702+02:00 [INF] The file "/js/interop.js" was not modified (Microsoft.AspNetCore.StaticFiles.StaticFileMiddleware) (f1f8d725)
2020-10-01T15:42:11.6870777+02:00 [INF] The file "/css/site.css" was not modified (Microsoft.AspNetCore.StaticFiles.StaticFileMiddleware) (f1f8d725)
2020-10-01T15:42:11.6873070+02:00 [INF] Request finished in 0.7435ms 304 text/css (Microsoft.AspNetCore.Hosting.Diagnostics) (791a596a)
2020-10-01T15:42:11.6873705+02:00 [INF] Request finished in 0.8539ms 304 application/javascript (Microsoft.AspNetCore.Hosting.Diagnostics) (791a596a)
2020-10-01T15:42:11.6873788+02:00 [INF] Request finished in 0.8245ms 304 application/javascript (Microsoft.AspNetCore.Hosting.Diagnostics) (791a596a)
2020-10-01T15:42:11.6873767+02:00 [INF] Request finished in 0.7955ms 304 text/css (Microsoft.AspNetCore.Hosting.Diagnostics) (791a596a)
2020-10-01T15:42:11.7047384+02:00 [INF] Request starting HTTP/2 GET https://localhost:5055/css/open-iconic/font/css/open-iconic-bootstrap.min.css   (Microsoft.AspNetCore.Hosting.Diagnostics) (ca22a1cb)
2020-10-01T15:42:11.7050461+02:00 [INF] The file "/css/open-iconic/font/css/open-iconic-bootstrap.min.css" was not modified (Microsoft.AspNetCore.StaticFiles.StaticFileMiddleware) (f1f8d725)
2020-10-01T15:42:11.7052861+02:00 [INF] Request finished in 0.5621ms 304 text/css (Microsoft.AspNetCore.Hosting.Diagnostics) (791a596a)
2020-10-01T15:42:11.7473970+02:00 [INF] Request starting HTTP/2 POST https://localhost:5055/_blazor/negotiate?negotiateVersion=1 text/plain;charset=UTF-8 0 (Microsoft.AspNetCore.Hosting.Diagnostics) (ca22a1cb)
2020-10-01T15:42:11.7475762+02:00 [INF] Executing endpoint '"/_blazor/negotiate"' (Microsoft.AspNetCore.Routing.EndpointMiddleware) (500cc934)
2020-10-01T15:42:11.7481612+02:00 [INF] Executed endpoint '"/_blazor/negotiate"' (Microsoft.AspNetCore.Routing.EndpointMiddleware) (99874f2b)
2020-10-01T15:42:11.7485257+02:00 [INF] Request finished in 0.9308ms 200 application/json (Microsoft.AspNetCore.Hosting.Diagnostics) (791a596a)
2020-10-01T15:42:11.7550292+02:00 [INF] Request starting HTTP/1.1 GET https://localhost:5055/_blazor?id=rV7H1YVT0kQN6sJ_jVzUdg   (Microsoft.AspNetCore.Hosting.Diagnostics) (ca22a1cb)
2020-10-01T15:42:11.7552143+02:00 [INF] Executing endpoint '"/_blazor"' (Microsoft.AspNetCore.Routing.EndpointMiddleware) (500cc934)
2020-10-01T15:42:11.7680384+02:00 [INF] Running SetupSession (SiteSelector.Domain.SessionStart.ActorSessionStart) (7e9ff657)
2020-10-01T15:42:11.7705501+02:00 [INF] Found galaxy-client in configuration: "Galaxy Systemvælger" (SiteSelector.Domain.Persist.ReadConfigXml) (88c8e810)
2020-10-01T15:42:11.7706634+02:00 [INF] @GetDaletServiceIsInstalled, looking for service: "DaletService" (SiteSelector.Domain.SessionStart.CheckEnvironment) (bb0ef24c)
2020-10-01T15:42:11.7709700+02:00 [INF] Found service "DaletService" in state: StartService (SiteSelector.Domain.Services.ServiceHandler) (d73723f9)
2020-10-01T15:42:11.7710519+02:00 [INF] @GetDaletServiceIsInstalled, found service "DaletService": True (SiteSelector.Domain.SessionStart.CheckEnvironment) (10d3e8ac)
2020-10-01T15:42:11.7739458+02:00 [INF] Detected "DaletGalaxy" running on client:True (SiteSelector.Domain.Processes.ProcessHandler) (92f7db5d)
2020-10-01T15:42:11.7914774+02:00 [INF] Request starting HTTP/2 GET https://localhost:5055/css/open-iconic/font/fonts/open-iconic.woff   (Microsoft.AspNetCore.Hosting.Diagnostics) (ca22a1cb)
2020-10-01T15:42:11.7917997+02:00 [INF] The file "/css/open-iconic/font/fonts/open-iconic.woff" was not modified (Microsoft.AspNetCore.StaticFiles.StaticFileMiddleware) (f1f8d725)
2020-10-01T15:42:11.7919515+02:00 [INF] Request finished in 0.5153ms 304 application/font-woff (Microsoft.AspNetCore.Hosting.Diagnostics) (791a596a)
2020-10-01T15:42:11.8546692+02:00 [INF] DetectGalaxyRunning - Galaxy is running: True (SiteSelector.Domain.SessionStart.CheckEnvironment) (fd1e0f1e)
2020-10-01T15:42:11.9214728+02:00 [INF] Found user "w-efl", is allowed to see test-sites: True (SiteSelector.Domain.SessionStart.CheckEnvironment) (7a41e528)
2020-10-01T15:42:11.9215328+02:00 [INF] Test-sites should be included in site-listing: True (SiteSelector.Domain.SessionStart.CheckEnvironment) (375b5f05)
2020-10-01T15:42:11.9215830+02:00 [WRN] Galaxy is currently running - Cannot continue. (SiteSelector.Domain.SessionStart.ActorSessionStart) (3a53d356)
2020-10-01T15:42:11.9217472+02:00 [INF] Disposing now (SiteSelector.Pages.MainPage.SitesListComponent) (7c5e0a46)
2020-10-01T15:42:11.9221418+02:00 [INF] SendEvent: GalaxyIsRunnning - FatalError - "Galaxy is currently running - Cannot continue." - "(null)" (SiteSelector.Domain.SessionStart.ActorSessionStart) (a9efe48d)
2020-10-01T15:42:11.9222010+02:00 [INF] DaletService exists on client: True (SiteSelector.Pages.MainPage.MainComponent) (ac368e96)
2020-10-01T15:42:13.5357632+02:00 [INF] Found galaxy-client in configuration: "Galaxy Systemvælger" (SiteSelector.Domain.Persist.ReadConfigXml) (88c8e810)
2020-10-01T15:42:13.5364418+02:00 [INF] Disposing now (SiteSelector.Pages.MainPage.MainComponent) (7c5e0a46)
2020-10-01T15:42:13.5366769+02:00 [INF] Unsubscribed to all events. (SiteSelector.Pages.MainPage.MainComponent) (8a173910)
2020-10-01T15:42:13.5412488+02:00 [INF] Detected "DaletGalaxy" running on client:True (SiteSelector.Domain.Processes.ProcessHandler) (92f7db5d)
2020-10-01T15:42:13.5422477+02:00 [INF] DetectGalaxyRunning - Galaxy is running: True (SiteSelector.Domain.SessionStart.CheckEnvironment) (fd1e0f1e)
2020-10-01T15:42:22.4003615+02:00 [INF] Request starting HTTP/2 GET https://localhost:5055/api/Service   (Microsoft.AspNetCore.Hosting.Diagnostics) (ca22a1cb)
2020-10-01T15:42:22.4024394+02:00 [INF] Executing endpoint '"SiteSelector.Controllers.ServiceController.PeekService (SiteSelector)"' (Microsoft.AspNetCore.Routing.EndpointMiddleware) (500cc934)
2020-10-01T15:42:22.4034656+02:00 [INF] Route matched with "{action = \"PeekService\", controller = \"Service\", page = \"\"}". Executing controller action with signature "System.Threading.Tasks.Task`1[Microsoft.AspNetCore.Mvc.IActionResult] PeekService()" on controller "SiteSelector.Controllers.ServiceController" ("SiteSelector"). (Microsoft.AspNetCore.Mvc.Infrastructure.ControllerActionInvoker) (122b2fdf)
2020-10-01T15:42:22.4160605+02:00 [INF] Found galaxy-client in configuration: "Galaxy Systemvælger" (SiteSelector.Domain.Persist.ReadConfigXml) (88c8e810)
2020-10-01T15:42:22.4188516+02:00 [INF] Detected "DaletGalaxy" running on client:True (SiteSelector.Domain.Processes.ProcessHandler) (92f7db5d)
2020-10-01T15:42:22.4191560+02:00 [INF] DetectGalaxyRunning - Galaxy is running: True (SiteSelector.Domain.SessionStart.CheckEnvironment) (fd1e0f1e)
2020-10-01T15:42:22.4196668+02:00 [INF] Found service "DaletService" in state: StartService (SiteSelector.Domain.Services.ServiceHandler) (d73723f9)
2020-10-01T15:42:22.4198157+02:00 [INF] Warning: Galaxy is currently running!
Service DaletService is currently in state: StartService (SiteSelector.Controllers.ServiceController) (f2739aaf)
2020-10-01T15:42:22.4203779+02:00 [INF] Executing ObjectResult, writing value of type '"System.String"'. (Microsoft.AspNetCore.Mvc.Infrastructure.ObjectResultExecutor) (8a1b66c8)
2020-10-01T15:42:22.4210121+02:00 [INF] Executed action "SiteSelector.Controllers.ServiceController.PeekService (SiteSelector)" in 17.0353ms (Microsoft.AspNetCore.Mvc.Infrastructure.ControllerActionInvoker) (afa2e885)
2020-10-01T15:42:22.4211483+02:00 [INF] Executed endpoint '"SiteSelector.Controllers.ServiceController.PeekService (SiteSelector)"' (Microsoft.AspNetCore.Routing.EndpointMiddleware) (99874f2b)
2020-10-01T15:42:22.4215277+02:00 [INF] Request finished in 21.3449ms 200 text/plain; charset=utf-8 (Microsoft.AspNetCore.Hosting.Diagnostics) (791a596a)
2020-10-01T15:42:22.4287999+02:00 [INF] Request starting HTTP/2 POST https://localhost:5055/_blazor/disconnect multipart/form-data; boundary=---------------------------7e41a6161105ea 365 (Microsoft.AspNetCore.Hosting.Diagnostics) (ca22a1cb)
2020-10-01T15:42:22.4292491+02:00 [INF] Executing endpoint '"Blazor disconnect"' (Microsoft.AspNetCore.Routing.EndpointMiddleware) (500cc934)
2020-10-01T15:42:22.4309881+02:00 [INF] Executed endpoint '"/_blazor"' (Microsoft.AspNetCore.Routing.EndpointMiddleware) (99874f2b)
2020-10-01T15:42:22.4310767+02:00 [INF] Executed endpoint '"Blazor disconnect"' (Microsoft.AspNetCore.Routing.EndpointMiddleware) (99874f2b)
2020-10-01T15:42:22.4311904+02:00 [INF] Request finished in 10675.542ms 101  (Microsoft.AspNetCore.Hosting.Diagnostics) (791a596a)
2020-10-01T15:42:22.4313643+02:00 [INF] Request finished in 3.8038ms 200  (Microsoft.AspNetCore.Hosting.Diagnostics) (791a596a)
2020-10-01T15:42:30.9788757+02:00 [INF] Request starting HTTP/2 GET https://localhost:5055/api/Service/stop   (Microsoft.AspNetCore.Hosting.Diagnostics) (ca22a1cb)
2020-10-01T15:42:30.9799630+02:00 [INF] Executing endpoint '"SiteSelector.Controllers.ServiceController.StopService (SiteSelector)"' (Microsoft.AspNetCore.Routing.EndpointMiddleware) (500cc934)
2020-10-01T15:42:30.9877314+02:00 [INF] Route matched with "{action = \"StopService\", controller = \"Service\", page = \"\"}". Executing controller action with signature "System.Threading.Tasks.Task`1[Microsoft.AspNetCore.Mvc.IActionResult] StopService()" on controller "SiteSelector.Controllers.ServiceController" ("SiteSelector"). (Microsoft.AspNetCore.Mvc.Infrastructure.ControllerActionInvoker) (122b2fdf)
2020-10-01T15:42:30.9933544+02:00 [INF] Found galaxy-client in configuration: "Galaxy Systemvælger" (SiteSelector.Domain.Persist.ReadConfigXml) (88c8e810)
2020-10-01T15:42:30.9972112+02:00 [INF] Detected "DaletGalaxy" running on client:True (SiteSelector.Domain.Processes.ProcessHandler) (92f7db5d)
2020-10-01T15:42:30.9973238+02:00 [INF] DetectGalaxyRunning - Galaxy is running: True (SiteSelector.Domain.SessionStart.CheckEnvironment) (fd1e0f1e)
2020-10-01T15:42:30.9984457+02:00 [INF] Found service "DaletService" in state: StartService (SiteSelector.Domain.Services.ServiceHandler) (d73723f9)
2020-10-01T15:42:31.0014292+02:00 [INF] Executing ObjectResult, writing value of type '"System.String"'. (Microsoft.AspNetCore.Mvc.Infrastructure.ObjectResultExecutor) (8a1b66c8)
2020-10-01T15:42:31.0020480+02:00 [INF] Executed action "SiteSelector.Controllers.ServiceController.StopService (SiteSelector)" in 14.1131ms (Microsoft.AspNetCore.Mvc.Infrastructure.ControllerActionInvoker) (afa2e885)
2020-10-01T15:42:31.0021272+02:00 [INF] Executed endpoint '"SiteSelector.Controllers.ServiceController.StopService (SiteSelector)"' (Microsoft.AspNetCore.Routing.EndpointMiddleware) (99874f2b)
2020-10-01T15:42:31.0023458+02:00 [INF] Request finished in 23.7354ms 500 text/plain; charset=utf-8 (Microsoft.AspNetCore.Hosting.Diagnostics) (791a596a)
2020-10-01T15:42:42.1129906+02:00 [INF] Request starting HTTP/2 GET https://localhost:5055/api/getlogs   (Microsoft.AspNetCore.Hosting.Diagnostics) (ca22a1cb)
2020-10-01T15:42:42.1134754+02:00 [INF] Executing endpoint '"SiteSelector.Controllers.GetLogsController.GetLogsList (SiteSelector)"' (Microsoft.AspNetCore.Routing.EndpointMiddleware) (500cc934)
2020-10-01T15:42:42.1221611+02:00 [INF] Route matched with "{action = \"GetLogsList\", controller = \"GetLogs\", page = \"\"}". Executing controller action with signature "System.Threading.Tasks.Task`1[Microsoft.AspNetCore.Mvc.IActionResult] GetLogsList()" on controller "SiteSelector.Controllers.GetLogsController" ("SiteSelector"). (Microsoft.AspNetCore.Mvc.Infrastructure.ControllerActionInvoker) (122b2fdf)
2020-10-01T15:42:42.1257966+02:00 [INF] Executing ObjectResult, writing value of type '"System.Collections.Generic.List`1[[System.String, System.Private.CoreLib, Version=4.0.0.0, Culture=neutral, PublicKeyToken=7cec85d7bea7798e]]"'. (Microsoft.AspNetCore.Mvc.Infrastructure.ObjectResultExecutor) (8a1b66c8)
2020-10-01T15:42:42.1276297+02:00 [INF] Executed action "SiteSelector.Controllers.GetLogsController.GetLogsList (SiteSelector)" in 5.278ms (Microsoft.AspNetCore.Mvc.Infrastructure.ControllerActionInvoker) (afa2e885)
2020-10-01T15:42:42.1277399+02:00 [INF] Executed endpoint '"SiteSelector.Controllers.GetLogsController.GetLogsList (SiteSelector)"' (Microsoft.AspNetCore.Routing.EndpointMiddleware) (99874f2b)
2020-10-01T15:42:42.1279564+02:00 [INF] Request finished in 15.0585ms 200 application/json; charset=utf-8 (Microsoft.AspNetCore.Hosting.Diagnostics) (791a596a)
2020-10-01T15:44:25.1798332+02:00 [INF] Request starting HTTP/1.1 GET https://tx82564:5055/api/getlogs   (Microsoft.AspNetCore.Hosting.Diagnostics) (ca22a1cb)
2020-10-01T15:44:25.1803979+02:00 [INF] Executing endpoint '"SiteSelector.Controllers.GetLogsController.GetLogsList (SiteSelector)"' (Microsoft.AspNetCore.Routing.EndpointMiddleware) (500cc934)
2020-10-01T15:44:25.1808192+02:00 [INF] Route matched with "{action = \"GetLogsList\", controller = \"GetLogs\", page = \"\"}". Executing controller action with signature "System.Threading.Tasks.Task`1[Microsoft.AspNetCore.Mvc.IActionResult] GetLogsList()" on controller "SiteSelector.Controllers.GetLogsController" ("SiteSelector"). (Microsoft.AspNetCore.Mvc.Infrastructure.ControllerActionInvoker) (122b2fdf)
2020-10-01T15:44:25.1825890+02:00 [INF] Executing ObjectResult, writing value of type '"System.Collections.Generic.List`1[[System.String, System.Private.CoreLib, Version=4.0.0.0, Culture=neutral, PublicKeyToken=7cec85d7bea7798e]]"'. (Microsoft.AspNetCore.Mvc.Infrastructure.ObjectResultExecutor) (8a1b66c8)
2020-10-01T15:44:25.1839444+02:00 [INF] Executed action "SiteSelector.Controllers.GetLogsController.GetLogsList (SiteSelector)" in 2.9752ms (Microsoft.AspNetCore.Mvc.Infrastructure.ControllerActionInvoker) (afa2e885)
2020-10-01T15:44:25.1840123+02:00 [INF] Executed endpoint '"SiteSelector.Controllers.GetLogsController.GetLogsList (SiteSelector)"' (Microsoft.AspNetCore.Routing.EndpointMiddleware) (99874f2b)
2020-10-01T15:44:25.1841677+02:00 [INF] Request finished in 4.4668ms 200 application/json; charset=utf-8 (Microsoft.AspNetCore.Hosting.Diagnostics) (791a596a)
2020-10-01T15:44:58.6281957+02:00 [INF] Request starting HTTP/1.1 GET https://tx82564:5055/api/getlogs   (Microsoft.AspNetCore.Hosting.Diagnostics) (ca22a1cb)
2020-10-01T15:44:58.6286925+02:00 [INF] Executing endpoint '"SiteSelector.Controllers.GetLogsController.GetLogsList (SiteSelector)"' (Microsoft.AspNetCore.Routing.EndpointMiddleware) (500cc934)
2020-10-01T15:44:58.6291088+02:00 [INF] Route matched with "{action = \"GetLogsList\", controller = \"GetLogs\", page = \"\"}". Executing controller action with signature "System.Threading.Tasks.Task`1[Microsoft.AspNetCore.Mvc.IActionResult] GetLogsList()" on controller "SiteSelector.Controllers.GetLogsController" ("SiteSelector"). (Microsoft.AspNetCore.Mvc.Infrastructure.ControllerActionInvoker) (122b2fdf)
2020-10-01T15:44:58.6313464+02:00 [INF] Executing ObjectResult, writing value of type '"System.Collections.Generic.List`1[[System.String, System.Private.CoreLib, Version=4.0.0.0, Culture=neutral, PublicKeyToken=7cec85d7bea7798e]]"'. (Microsoft.AspNetCore.Mvc.Infrastructure.ObjectResultExecutor) (8a1b66c8)
2020-10-01T15:44:58.6321826+02:00 [INF] Executed action "SiteSelector.Controllers.GetLogsController.GetLogsList (SiteSelector)" in 2.9262ms (Microsoft.AspNetCore.Mvc.Infrastructure.ControllerActionInvoker) (afa2e885)
2020-10-01T15:44:58.6322583+02:00 [INF] Executed endpoint '"SiteSelector.Controllers.GetLogsController.GetLogsList (SiteSelector)"' (Microsoft.AspNetCore.Routing.EndpointMiddleware) (99874f2b)
2020-10-01T15:44:58.6324205+02:00 [INF] Request finished in 4.3636ms 200 application/json; charset=utf-8 (Microsoft.AspNetCore.Hosting.Diagnostics) (791a596a)
