2020-12-08T14:21:27.9220878+01:00 [INF] "GalaxySiteSelector" - service version: "0.9.5.5", library version: "0.9.5.9" - machinename: "TX84402" (SiteSelector.Program) (b27fd4b2)
2020-12-08T14:21:27.9610318+01:00 [INF] User profile is available. Using '"C:\WINDOWS\system32\config\systemprofile\AppData\Local\ASP.NET\DataProtection-Keys"' as key repository and Windows DPAPI to encrypt keys at rest. (Microsoft.AspNetCore.DataProtection.KeyManagement.XmlKeyManager) (7ac5e29c)
2020-12-08T14:21:28.1930484+01:00 [INF] Now listening on: "https://[::]:5055" (Microsoft.Hosting.Lifetime) (d826f4b8)
2020-12-08T14:21:28.1932197+01:00 [INF] Application started. Hosting environment: "Production"; Content root path: "C:\ProgramData\GalaxySiteSelector" (Microsoft.Hosting.Lifetime) (9029d6f8)
2020-12-08T14:28:21.6000205+01:00 [INF] Request starting HTTP/2 GET https://localhost:5055/SiteSelector   (Microsoft.AspNetCore.Hosting.Diagnostics) (ca22a1cb)
2020-12-08T14:28:21.6370834+01:00 [INF] Executing endpoint '"/_Host"' (Microsoft.AspNetCore.Routing.EndpointMiddleware) (500cc934)
2020-12-08T14:28:21.6643228+01:00 [INF] Route matched with "{page = \"/_Host\", action = \"\", controller = \"\"}". Executing page "/_Host" (Microsoft.AspNetCore.Mvc.RazorPages.Infrastructure.PageActionInvoker) (547e620f)
2020-12-08T14:28:21.6746982+01:00 [INF] Executing an implicit handler method - ModelState is Valid (Microsoft.AspNetCore.Mvc.RazorPages.Infrastructure.PageActionInvoker) (232a55d1)
2020-12-08T14:28:21.6748625+01:00 [INF] Executed an implicit handler method, returned result "Microsoft.AspNetCore.Mvc.RazorPages.PageResult". (Microsoft.AspNetCore.Mvc.RazorPages.Infrastructure.PageActionInvoker) (f857da66)
2020-12-08T14:28:21.7181359+01:00 [INF] Request starting HTTP/2 GET https://localhost:5055/css/site.css   (Microsoft.AspNetCore.Hosting.Diagnostics) (ca22a1cb)
2020-12-08T14:28:21.7181360+01:00 [INF] Request starting HTTP/2 GET https://localhost:5055/_framework/blazor.server.js   (Microsoft.AspNetCore.Hosting.Diagnostics) (ca22a1cb)
2020-12-08T14:28:21.7183231+01:00 [INF] Request starting HTTP/2 GET https://localhost:5055/js/interop.js   (Microsoft.AspNetCore.Hosting.Diagnostics) (ca22a1cb)
2020-12-08T14:28:21.7183825+01:00 [INF] Request starting HTTP/2 GET https://localhost:5055/css/bootstrap/bootstrap.min.css   (Microsoft.AspNetCore.Hosting.Diagnostics) (ca22a1cb)
2020-12-08T14:28:21.7193065+01:00 [INF] Executed page "/_Host" in 45.173ms (Microsoft.AspNetCore.Mvc.RazorPages.Infrastructure.PageActionInvoker) (02e01280)
2020-12-08T14:28:21.7195026+01:00 [INF] Executed endpoint '"/_Host"' (Microsoft.AspNetCore.Routing.EndpointMiddleware) (99874f2b)
2020-12-08T14:28:21.7230171+01:00 [INF] Request finished in 128.5931ms 200 text/html; charset=utf-8 (Microsoft.AspNetCore.Hosting.Diagnostics) (791a596a)
2020-12-08T14:28:21.7234496+01:00 [INF] The file "/css/site.css" was not modified (Microsoft.AspNetCore.StaticFiles.StaticFileMiddleware) (f1f8d725)
2020-12-08T14:28:21.7234496+01:00 [INF] The file "/css/bootstrap/bootstrap.min.css" was not modified (Microsoft.AspNetCore.StaticFiles.StaticFileMiddleware) (f1f8d725)
2020-12-08T14:28:21.7234499+01:00 [INF] The file "/_framework/blazor.server.js" was not modified (Microsoft.AspNetCore.StaticFiles.StaticFileMiddleware) (f1f8d725)
2020-12-08T14:28:21.7236916+01:00 [INF] The file "/js/interop.js" was not modified (Microsoft.AspNetCore.StaticFiles.StaticFileMiddleware) (f1f8d725)
2020-12-08T14:28:21.7251402+01:00 [INF] Request finished in 7.0363ms 304 application/javascript (Microsoft.AspNetCore.Hosting.Diagnostics) (791a596a)
2020-12-08T14:28:21.7251402+01:00 [INF] Request finished in 7.0093ms 304 text/css (Microsoft.AspNetCore.Hosting.Diagnostics) (791a596a)
2020-12-08T14:28:21.7252738+01:00 [INF] Request finished in 6.9096ms 304 text/css (Microsoft.AspNetCore.Hosting.Diagnostics) (791a596a)
2020-12-08T14:28:21.7253455+01:00 [INF] Request finished in 7.026ms 304 application/javascript (Microsoft.AspNetCore.Hosting.Diagnostics) (791a596a)
2020-12-08T14:28:21.7479714+01:00 [INF] Request starting HTTP/2 GET https://localhost:5055/css/open-iconic/font/css/open-iconic-bootstrap.min.css   (Microsoft.AspNetCore.Hosting.Diagnostics) (ca22a1cb)
2020-12-08T14:28:21.7483460+01:00 [INF] The file "/css/open-iconic/font/css/open-iconic-bootstrap.min.css" was not modified (Microsoft.AspNetCore.StaticFiles.StaticFileMiddleware) (f1f8d725)
2020-12-08T14:28:21.7485476+01:00 [INF] Request finished in 0.672ms 304 text/css (Microsoft.AspNetCore.Hosting.Diagnostics) (791a596a)
2020-12-08T14:28:21.7892169+01:00 [INF] Request starting HTTP/2 POST https://localhost:5055/_blazor/negotiate?negotiateVersion=1 text/plain;charset=UTF-8 0 (Microsoft.AspNetCore.Hosting.Diagnostics) (ca22a1cb)
2020-12-08T14:28:21.7973240+01:00 [INF] Executing endpoint '"/_blazor/negotiate"' (Microsoft.AspNetCore.Routing.EndpointMiddleware) (500cc934)
2020-12-08T14:28:21.8075130+01:00 [INF] Executed endpoint '"/_blazor/negotiate"' (Microsoft.AspNetCore.Routing.EndpointMiddleware) (99874f2b)
2020-12-08T14:28:21.8084570+01:00 [INF] Request finished in 19.187ms 200 application/json (Microsoft.AspNetCore.Hosting.Diagnostics) (791a596a)
2020-12-08T14:28:21.8193584+01:00 [INF] Request starting HTTP/1.1 GET https://localhost:5055/_blazor?id=l_oPXECl1G6WGtx7YJhwuQ   (Microsoft.AspNetCore.Hosting.Diagnostics) (ca22a1cb)
2020-12-08T14:28:21.8198828+01:00 [INF] Executing endpoint '"/_blazor"' (Microsoft.AspNetCore.Routing.EndpointMiddleware) (500cc934)
2020-12-08T14:28:21.9136612+01:00 [INF] Running SetupSession (SiteSelector.Domain.SessionStart.ActorSessionStart) (7e9ff657)
2020-12-08T14:28:21.9349668+01:00 [INF] Found galaxy-client in configuration: "Galaxy Systemvælger" (SiteSelector.Domain.Persist.ReadConfigXml) (88c8e810)
2020-12-08T14:28:21.9354049+01:00 [INF] @GetDaletServiceIsInstalled, looking for service: "DaletService" (SiteSelector.Domain.SessionStart.CheckEnvironment) (bb0ef24c)
2020-12-08T14:28:21.9375330+01:00 [INF] Found service "DaletService" in state: StartService (SiteSelector.Domain.Services.ServiceHandler) (d73723f9)
2020-12-08T14:28:21.9376843+01:00 [INF] @GetDaletServiceIsInstalled, found service "DaletService": True (SiteSelector.Domain.SessionStart.CheckEnvironment) (10d3e8ac)
2020-12-08T14:28:21.9438547+01:00 [INF] Could not detect "DaletGalaxy". (SiteSelector.Domain.Processes.ProcessHandler) (37043ae9)
2020-12-08T14:28:21.9439319+01:00 [INF] Detected "DaletGalaxy" running on client:False (SiteSelector.Domain.Processes.ProcessHandler) (92f7db5d)
2020-12-08T14:28:21.9903335+01:00 [INF] DetectGalaxyRunning - Galaxy is running: False (SiteSelector.Domain.SessionStart.CheckEnvironment) (fd1e0f1e)
2020-12-08T14:28:22.0129104+01:00 [INF] Request starting HTTP/2 GET https://localhost:5055/css/open-iconic/font/fonts/open-iconic.woff   (Microsoft.AspNetCore.Hosting.Diagnostics) (ca22a1cb)
2020-12-08T14:28:22.0132862+01:00 [INF] The file "/css/open-iconic/font/fonts/open-iconic.woff" was not modified (Microsoft.AspNetCore.StaticFiles.StaticFileMiddleware) (f1f8d725)
2020-12-08T14:28:22.0135266+01:00 [INF] Request finished in 0.6713ms 304 application/font-woff (Microsoft.AspNetCore.Hosting.Diagnostics) (791a596a)
2020-12-08T14:28:22.3416661+01:00 [INF] Found user "w-psog", is allowed to see test-sites: True (SiteSelector.Domain.SessionStart.CheckEnvironment) (7a41e528)
2020-12-08T14:28:22.3417688+01:00 [INF] Test-sites should be included in site-listing: True (SiteSelector.Domain.SessionStart.CheckEnvironment) (375b5f05)
2020-12-08T14:28:22.3467565+01:00 [INF] Found local SiteSelector.xml at "C:\ProgramData\GalaxySiteSelector\SiteSelector.xml" (SiteSelector.Domain.SessionStart.UpdateLocalSiteSelectorXml) (926e481e)
2020-12-08T14:28:22.3701312+01:00 [INF] Found "\\dalet1\DpShare\SiteSelector\config\SiteSelector.xml": True (SiteSelector.Domain.SessionStart.UpdateLocalSiteSelectorXml) (43bd9e6d)
2020-12-08T14:28:22.3709527+01:00 [INF] Local SiteSelector.xml was detected: True (SiteSelector.Domain.SessionStart.UpdateLocalSiteSelectorXml) (0845ccfd)
2020-12-08T14:28:22.3710338+01:00 [INF] Local SiteSelector.xml was updated from "\\dalet1\DpShare\SiteSelector\config\SiteSelector.xml": False (SiteSelector.Domain.SessionStart.UpdateLocalSiteSelectorXml) (40a93371)
2020-12-08T14:28:22.3728178+01:00 [INF] Found 7 galaxy-sites in sites-list. (SiteSelector.Domain.Persist.ReadConfigXml) (ee6a3325)
2020-12-08T14:28:22.3770255+01:00 [INF] Succesfully read file: "C:\ProgramData\DaletPlusData\config.ini" (SiteSelector.Domain.SessionStart.HandleConfigIni) (70338fcf)
2020-12-08T14:28:22.3785078+01:00 [INF] Succesfully read file: "C:\ProgramData\DaletPlusData\config.ini" (SiteSelector.Domain.SessionStart.HandleConfigIni) (70338fcf)
2020-12-08T14:28:22.3788647+01:00 [INF] Completed SetupSession (SiteSelector.Domain.SessionStart.ActorSessionStart) (f17818b2)
2020-12-08T14:28:22.3793517+01:00 [INF] DaletService exists on client: True (SiteSelector.Pages.MainPage.MainComponent) (ac368e96)
2020-12-08T14:28:22.3800525+01:00 [INF] UI found current site: True (SiteSelector.Pages.MainPage.SitesListComponent) (8d1f5b96)
2020-12-08T14:28:26.5066668+01:00 [INF] Clicked it: DALG3test (SiteSelector.Pages.MainPage.SitesListComponent) (eca8c77e)
2020-12-08T14:28:32.6604526+01:00 [INF] User requested site: "DALG3test", AsWinUser: True, Restart Service: True (SiteSelector.Pages.MainPage.SitesListComponent) (d8efe5db)
2020-12-08T14:28:32.6645426+01:00 [INF] SendEvent: Message - Waiting - "Trying to stop DaletService." - "(null)" (SiteSelector.Domain.SessionRespond.ActorSessionRespond) (a9efe48d)
2020-12-08T14:28:32.6758172+01:00 [INF] Found service "DaletService" in state: StartService (SiteSelector.Domain.Services.ServiceHandler) (d73723f9)
2020-12-08T14:28:32.6760460+01:00 [INF] Trying to stop "DaletService". (SiteSelector.Domain.SessionRespond.StartStopDaletService) (04887d2e)
2020-12-08T14:28:32.6950403+01:00 [INF] Found 5 processes in DaletServiceXml. (SiteSelector.Domain.Persist.ReadDaletServiceXml) (a289d3dd)
2020-12-08T14:28:32.7633414+01:00 [INF] @InvokeRestartManager, process "DALG2test-ASIOServer_1" is added to kill-list. (SiteSelector.Domain.SessionRespond.StartStopDaletService) (06cb7ec8)
2020-12-08T14:28:32.7797427+01:00 [INF] @InvokeRestartManager, process "DALG2test-AudioMediaAgent_1" is added to kill-list. (SiteSelector.Domain.SessionRespond.StartStopDaletService) (06cb7ec8)
2020-12-08T14:28:32.7976443+01:00 [INF] @InvokeRestartManager, process "DALG2test-AudioMediaAgent_2" is added to kill-list. (SiteSelector.Domain.SessionRespond.StartStopDaletService) (06cb7ec8)
2020-12-08T14:28:32.8102722+01:00 [INF] @InvokeRestartManager, process "DALG2test-BroadcastServer_1" is added to kill-list. (SiteSelector.Domain.SessionRespond.StartStopDaletService) (06cb7ec8)
2020-12-08T14:28:32.8376080+01:00 [INF] @InvokeRestartManager, process "LOCAL-ChannelDetectorAgent_1" is added to kill-list. (SiteSelector.Domain.SessionRespond.StartStopDaletService) (06cb7ec8)
2020-12-08T14:28:35.7927163+01:00 [INF] StartProcessAndWait: "Incorrect function." (SiteSelector.Domain.Processes.ProcessHandler) (75e65bc8)
2020-12-08T14:28:35.8766277+01:00 [INF] StartProcessAndWait: "Incorrect function." (SiteSelector.Domain.Processes.ProcessHandler) (75e65bc8)
2020-12-08T14:28:35.9003006+01:00 [INF] StartProcessAndWait: "Incorrect function." (SiteSelector.Domain.Processes.ProcessHandler) (75e65bc8)
2020-12-08T14:28:45.5031604+01:00 [INF] StartProcessAndWait: "-208 - unknown Exitcode." (SiteSelector.Domain.Processes.ProcessHandler) (75e65bc8)
2020-12-08T14:28:45.5760404+01:00 [INF] StartProcessAndWait: "-208 - unknown Exitcode." (SiteSelector.Domain.Processes.ProcessHandler) (75e65bc8)
2020-12-08T14:28:45.5781081+01:00 [INF] @InvokeRestartManager, completed action. (SiteSelector.Domain.SessionRespond.StartStopDaletService) (96d20844)
2020-12-08T14:28:45.5785996+01:00 [INF] @CheckForRunningProcesses, try#: 1 (SiteSelector.Domain.SessionRespond.StartStopDaletService) (e0f04456)
2020-12-08T14:28:45.5811790+01:00 [INF] Could not detect "ASIOServerAgent". (SiteSelector.Domain.Processes.ProcessHandler) (37043ae9)
2020-12-08T14:28:45.5812620+01:00 [INF] Detected "ASIOServerAgent" running on client:False (SiteSelector.Domain.Processes.ProcessHandler) (92f7db5d)
2020-12-08T14:28:45.5841736+01:00 [INF] Could not detect "MediaChannelContainer". (SiteSelector.Domain.Processes.ProcessHandler) (37043ae9)
2020-12-08T14:28:45.5842707+01:00 [INF] Detected "MediaChannelContainer" running on client:False (SiteSelector.Domain.Processes.ProcessHandler) (92f7db5d)
2020-12-08T14:28:45.5864824+01:00 [INF] Detected "bs_server" running on client:True (SiteSelector.Domain.Processes.ProcessHandler) (92f7db5d)
2020-12-08T14:28:45.5865754+01:00 [INF] @CheckForRunningProcesses, trying to stop: "bs_server" (SiteSelector.Domain.SessionRespond.StartStopDaletService) (893a7649)
2020-12-08T14:28:45.5881711+01:00 [INF] @CheckForRunningProcesses, tried stopping: "bs_server" (SiteSelector.Domain.SessionRespond.StartStopDaletService) (0eb6f192)
2020-12-08T14:28:45.5904715+01:00 [INF] Detected "ChannelDetectorAgent" running on client:True (SiteSelector.Domain.Processes.ProcessHandler) (92f7db5d)
2020-12-08T14:28:45.5905746+01:00 [INF] @CheckForRunningProcesses, trying to stop: "ChannelDetectorAgent" (SiteSelector.Domain.SessionRespond.StartStopDaletService) (893a7649)
2020-12-08T14:28:45.5911070+01:00 [INF] @CheckForRunningProcesses, tried stopping: "ChannelDetectorAgent" (SiteSelector.Domain.SessionRespond.StartStopDaletService) (0eb6f192)
2020-12-08T14:28:45.5942628+01:00 [INF] Could not detect "ControlDeviceAgent". (SiteSelector.Domain.Processes.ProcessHandler) (37043ae9)
2020-12-08T14:28:45.5944371+01:00 [INF] Detected "ControlDeviceAgent" running on client:False (SiteSelector.Domain.Processes.ProcessHandler) (92f7db5d)
2020-12-08T14:28:46.0956608+01:00 [INF] @CheckForRunningProcesses, try#: 2 (SiteSelector.Domain.SessionRespond.StartStopDaletService) (e0f04456)
2020-12-08T14:28:46.0988361+01:00 [INF] Could not detect "ASIOServerAgent". (SiteSelector.Domain.Processes.ProcessHandler) (37043ae9)
2020-12-08T14:28:46.0989381+01:00 [INF] Detected "ASIOServerAgent" running on client:False (SiteSelector.Domain.Processes.ProcessHandler) (92f7db5d)
2020-12-08T14:28:46.1011073+01:00 [INF] Could not detect "MediaChannelContainer". (SiteSelector.Domain.Processes.ProcessHandler) (37043ae9)
2020-12-08T14:28:46.1011644+01:00 [INF] Detected "MediaChannelContainer" running on client:False (SiteSelector.Domain.Processes.ProcessHandler) (92f7db5d)
2020-12-08T14:28:46.1030839+01:00 [INF] Could not detect "bs_server". (SiteSelector.Domain.Processes.ProcessHandler) (37043ae9)
2020-12-08T14:28:46.1031353+01:00 [INF] Detected "bs_server" running on client:False (SiteSelector.Domain.Processes.ProcessHandler) (92f7db5d)
2020-12-08T14:28:46.1050821+01:00 [INF] Could not detect "ChannelDetectorAgent". (SiteSelector.Domain.Processes.ProcessHandler) (37043ae9)
2020-12-08T14:28:46.1051335+01:00 [INF] Detected "ChannelDetectorAgent" running on client:False (SiteSelector.Domain.Processes.ProcessHandler) (92f7db5d)
2020-12-08T14:28:46.1071109+01:00 [INF] Could not detect "ControlDeviceAgent". (SiteSelector.Domain.Processes.ProcessHandler) (37043ae9)
2020-12-08T14:28:46.1071620+01:00 [INF] Detected "ControlDeviceAgent" running on client:False (SiteSelector.Domain.Processes.ProcessHandler) (92f7db5d)
2020-12-08T14:28:46.1091216+01:00 [INF] @StopServiceAsync, current attempt# 1 (SiteSelector.Domain.Services.ServiceHandler) (75b481b3)
2020-12-08T14:28:46.3632374+01:00 [INF] Service name and status: "DaletService": Stopped (SiteSelector.Domain.Services.ServiceHandler) (d88393ae)
2020-12-08T14:28:46.3660172+01:00 [INF] SendEvent: Message - Success - "DaletService was stopped successfully." - "(null)" (SiteSelector.Domain.SessionRespond.ActorSessionRespond) (a9efe48d)
2020-12-08T14:28:46.3669807+01:00 [INF] Looking for DaletServiceSource-folder at "\\DALET1\DpShare\DALG3test\DS_Config\TX84402" (SiteSelector.Domain.SessionRespond.DaletServiceXml) (4ccc8816)
2020-12-08T14:28:46.4564606+01:00 [INF] DaletServiceSource-folder at "\\DALET1\DpShare\DALG3test\DS_Config\TX84402" detected: True (SiteSelector.Domain.SessionRespond.DaletServiceXml) (cfe69921)
2020-12-08T14:28:46.4565404+01:00 [INF] Preparing to acquire DaletServiceSourceXml. (SiteSelector.Domain.SessionRespond.DaletServiceXml) (d75359a2)
2020-12-08T14:28:46.5558905+01:00 [INF] DaletServiceSource-files were copied from network: True (SiteSelector.Domain.SessionRespond.DaletServiceXml) (73288b83)
2020-12-08T14:28:46.5583821+01:00 [INF] SendEvent: Message - Success - "DaletService.xml was acquired successfully." - "(null)" (SiteSelector.Domain.SessionRespond.ActorSessionRespond) (a9efe48d)
2020-12-08T14:28:46.5676808+01:00 [INF] Succesfully read file: "C:\ProgramData\DaletPlusData\config.ini" (SiteSelector.Domain.SessionStart.HandleConfigIni) (70338fcf)
2020-12-08T14:28:46.5704407+01:00 [INF] Succesfully read file: "C:\ProgramData\DaletPlusData\config.ini" (SiteSelector.Domain.SessionStart.HandleConfigIni) (70338fcf)
2020-12-08T14:28:46.5736861+01:00 [INF] Succesfully wrote file: "C:\ProgramData\DaletPlusData\config.ini" (SiteSelector.Domain.SessionStart.HandleConfigIni) (073e61d3)
2020-12-08T14:28:46.5738753+01:00 [INF] Succesfully updated config.ini to "DALG3APP01TST DALG3APP02TST": True (SiteSelector.Domain.SessionRespond.UpdateConfigIni) (4d06f4d8)
2020-12-08T14:28:46.5748270+01:00 [INF] SendEvent: Message - Success - "Config.ini was updated successfully." - "(null)" (SiteSelector.Domain.SessionRespond.ActorSessionRespond) (a9efe48d)
2020-12-08T14:28:46.5760023+01:00 [INF] SendEvent: Message - Waiting - "Preparing to start Galaxy." - "(null)" (SiteSelector.Domain.SessionRespond.ActorSessionRespond) (a9efe48d)
2020-12-08T14:28:46.5769539+01:00 [INF] Preparing to restart service: "DaletService" (SiteSelector.Domain.SessionRespond.Launcher) (5a64e8b2)
2020-12-08T14:28:46.5785926+01:00 [INF] Found service "DaletService" in state: StopService (SiteSelector.Domain.Services.ServiceHandler) (d73723f9)
2020-12-08T14:28:46.5824539+01:00 [INF] @StopServiceAsync, current attempt# 1 (SiteSelector.Domain.Services.ServiceHandler) (75b481b3)
2020-12-08T14:28:46.5979640+01:00 [INF] CopyNetWorkFilesToLocal - copy from: "\\DALET1\DpShare\DALG3test\DS_Config\TX84402\DaletService.xml" to: "C:\ProgramData\DaletPlusData\DaletService.xml" was succesfull: True (SiteSelector.Domain.SessionRespond.DaletServiceXml) (027c37f2)
2020-12-08T14:28:46.9348971+01:00 [INF] Actual startUpType for service "DaletService": "Manual" vs requested: Manual (SiteSelector.Domain.Services.ServiceHandler) (c09c8fd6)
2020-12-08T14:28:47.7441703+01:00 [INF] Service name and status: "DaletService": Running (SiteSelector.Domain.Services.ServiceHandler) (d88393ae)
2020-12-08T14:28:47.7458217+01:00 [INF] Restarted service: "DaletService". (SiteSelector.Domain.SessionRespond.StartStopDaletService) (2deba2b1)
2020-12-08T14:28:47.7463696+01:00 [INF] Completed service interaction: "DaletService" (SiteSelector.Domain.SessionRespond.Launcher) (56082d23)
2020-12-08T14:28:47.7495963+01:00 [INF] SessionID is : 0 (SiteSelector.Domain.Processes.ProcessHandler) (6c7ef343)
2020-12-08T14:28:47.8454264+01:00 [INF] Found owner: "NET\w-psog" (SiteSelector.Domain.Processes.ProcessHandler) (22b07dda)
2020-12-08T14:28:47.8454914+01:00 [INF] Non-interactive session. Now starting Galaxy. (SiteSelector.Domain.Processes.ProcessHandler) (dc4b6270)
2020-12-08T14:28:47.8460078+01:00 [INF] StartProcessAsUser: args: "C:\Program Files\Dalet\DaletPlus\bin\DaletGalaxy.exe -A Trusted -S DALG3APP01TST" (SiteSelector.Domain.Processes.ProcessHandler) (aee9c874)
2020-12-08T14:28:47.8526062+01:00 [INF] @ApplicationLoaderHelper, got environment as current user: True (SiteSelector.Domain.Processes.ProcessHandler) (78894c7a)
2020-12-08T14:28:47.8528213+01:00 [INF] @ApplicationLoaderHelper, environment var: "ALLUSERSPROFILE": "C:\ProgramData" (SiteSelector.Domain.Processes.ProcessHandler) (1999c767)
2020-12-08T14:28:47.8529065+01:00 [INF] @ApplicationLoaderHelper, environment var: "APPDATA": "C:\Users\w-psog\AppData\Roaming" (SiteSelector.Domain.Processes.ProcessHandler) (1999c767)
2020-12-08T14:28:47.8529516+01:00 [INF] @ApplicationLoaderHelper, environment var: "CommonProgramFiles": "C:\Program Files\Common Files" (SiteSelector.Domain.Processes.ProcessHandler) (1999c767)
2020-12-08T14:28:47.8530089+01:00 [INF] @ApplicationLoaderHelper, environment var: "CommonProgramFiles(x86)": "C:\Program Files (x86)\Common Files" (SiteSelector.Domain.Processes.ProcessHandler) (1999c767)
2020-12-08T14:28:47.8530673+01:00 [INF] @ApplicationLoaderHelper, environment var: "CommonProgramW6432": "C:\Program Files\Common Files" (SiteSelector.Domain.Processes.ProcessHandler) (1999c767)
2020-12-08T14:28:47.8531058+01:00 [INF] @ApplicationLoaderHelper, environment var: "COMPUTERNAME": "TX84402" (SiteSelector.Domain.Processes.ProcessHandler) (1999c767)
2020-12-08T14:28:47.8531620+01:00 [INF] @ApplicationLoaderHelper, environment var: "ComSpec": "C:\WINDOWS\system32\cmd.exe" (SiteSelector.Domain.Processes.ProcessHandler) (1999c767)
2020-12-08T14:28:47.8532163+01:00 [INF] @ApplicationLoaderHelper, environment var: "DriverData": "C:\Windows\System32\Drivers\DriverData" (SiteSelector.Domain.Processes.ProcessHandler) (1999c767)
2020-12-08T14:28:47.8532619+01:00 [INF] @ApplicationLoaderHelper, environment var: "HOMEDRIVE": "C:" (SiteSelector.Domain.Processes.ProcessHandler) (1999c767)
2020-12-08T14:28:47.8533048+01:00 [INF] @ApplicationLoaderHelper, environment var: "HOMEPATH": "\Users\w-psog" (SiteSelector.Domain.Processes.ProcessHandler) (1999c767)
2020-12-08T14:28:47.8533595+01:00 [INF] @ApplicationLoaderHelper, environment var: "LOCALAPPDATA": "C:\Users\w-psog\AppData\Local" (SiteSelector.Domain.Processes.ProcessHandler) (1999c767)
2020-12-08T14:28:47.8534142+01:00 [INF] @ApplicationLoaderHelper, environment var: "LOGONSERVER": "\\DC02" (SiteSelector.Domain.Processes.ProcessHandler) (1999c767)
2020-12-08T14:28:47.8534498+01:00 [INF] @ApplicationLoaderHelper, environment var: "NUMBER_OF_PROCESSORS": "4" (SiteSelector.Domain.Processes.ProcessHandler) (1999c767)
2020-12-08T14:28:47.8535092+01:00 [INF] @ApplicationLoaderHelper, environment var: "OneDrive": "C:\Users\w-psog\OneDrive" (SiteSelector.Domain.Processes.ProcessHandler) (1999c767)
2020-12-08T14:28:47.8535610+01:00 [INF] @ApplicationLoaderHelper, environment var: "OS": "Windows_NT" (SiteSelector.Domain.Processes.ProcessHandler) (1999c767)
2020-12-08T14:28:47.8536224+01:00 [INF] @ApplicationLoaderHelper, environment var: "Path": "C:\Prog32\Oracle\Ora11GR2\bin\;C:\ProgramData\Oracle\Java\javapath;C:\WINDOWS\system32;C:\WINDOWS;C:\WINDOWS\System32\Wbem;C:\WINDOWS\System32\WindowsPowerShell\v1.0\;C:\WINDOWS\System32\OpenSSH\;C:\Users\w-psog\AppData\Local\Microsoft\WindowsApps" (SiteSelector.Domain.Processes.ProcessHandler) (1999c767)
2020-12-08T14:28:47.8536549+01:00 [INF] @ApplicationLoaderHelper, environment var: "PATHEXT": ".COM;.EXE;.BAT;.CMD;.VBS;.VBE;.JS;.JSE;.WSF;.WSH;.MSC" (SiteSelector.Domain.Processes.ProcessHandler) (1999c767)
2020-12-08T14:28:47.8536842+01:00 [INF] @ApplicationLoaderHelper, environment var: "PROCESSOR_ARCHITECTURE": "AMD64" (SiteSelector.Domain.Processes.ProcessHandler) (1999c767)
2020-12-08T14:28:47.8537102+01:00 [INF] @ApplicationLoaderHelper, environment var: "PROCESSOR_IDENTIFIER": "Intel64 Family 6 Model 142 Stepping 9, GenuineIntel" (SiteSelector.Domain.Processes.ProcessHandler) (1999c767)
2020-12-08T14:28:47.8537420+01:00 [INF] @ApplicationLoaderHelper, environment var: "PROCESSOR_LEVEL": "6" (SiteSelector.Domain.Processes.ProcessHandler) (1999c767)
2020-12-08T14:28:47.8537679+01:00 [INF] @ApplicationLoaderHelper, environment var: "PROCESSOR_REVISION": "8e09" (SiteSelector.Domain.Processes.ProcessHandler) (1999c767)
2020-12-08T14:28:47.8537972+01:00 [INF] @ApplicationLoaderHelper, environment var: "ProgramData": "C:\ProgramData" (SiteSelector.Domain.Processes.ProcessHandler) (1999c767)
2020-12-08T14:28:47.8538222+01:00 [INF] @ApplicationLoaderHelper, environment var: "ProgramFiles": "C:\Program Files" (SiteSelector.Domain.Processes.ProcessHandler) (1999c767)
2020-12-08T14:28:47.8538522+01:00 [INF] @ApplicationLoaderHelper, environment var: "ProgramFiles(x86)": "C:\Program Files (x86)" (SiteSelector.Domain.Processes.ProcessHandler) (1999c767)
2020-12-08T14:28:47.8538776+01:00 [INF] @ApplicationLoaderHelper, environment var: "ProgramW6432": "C:\Program Files" (SiteSelector.Domain.Processes.ProcessHandler) (1999c767)
2020-12-08T14:28:47.8539121+01:00 [INF] @ApplicationLoaderHelper, environment var: "PSModulePath": "%ProgramFiles(x86)%\WindowsPowerShell\Modules;C:\WINDOWS\system32\WindowsPowerShell\v1.0\Modules;C:\Prog32\AutoIt3\AutoItX" (SiteSelector.Domain.Processes.ProcessHandler) (1999c767)
2020-12-08T14:28:47.8539407+01:00 [INF] @ApplicationLoaderHelper, environment var: "PUBLIC": "C:\Users\Public" (SiteSelector.Domain.Processes.ProcessHandler) (1999c767)
2020-12-08T14:28:47.8539662+01:00 [INF] @ApplicationLoaderHelper, environment var: "SCITE_USERHOME": "C:\Users\w-psog\AppData\Local\AutoIt v3\SciTE" (SiteSelector.Domain.Processes.ProcessHandler) (1999c767)
2020-12-08T14:28:47.8539952+01:00 [INF] @ApplicationLoaderHelper, environment var: "SystemDrive": "C:" (SiteSelector.Domain.Processes.ProcessHandler) (1999c767)
2020-12-08T14:28:47.8540202+01:00 [INF] @ApplicationLoaderHelper, environment var: "SystemRoot": "C:\WINDOWS" (SiteSelector.Domain.Processes.ProcessHandler) (1999c767)
2020-12-08T14:28:47.8540492+01:00 [INF] @ApplicationLoaderHelper, environment var: "TEMP": "C:\Users\w-psog\AppData\Local\Temp" (SiteSelector.Domain.Processes.ProcessHandler) (1999c767)
2020-12-08T14:28:47.8540743+01:00 [INF] @ApplicationLoaderHelper, environment var: "TMP": "C:\Users\w-psog\AppData\Local\Temp" (SiteSelector.Domain.Processes.ProcessHandler) (1999c767)
2020-12-08T14:28:47.8541033+01:00 [INF] @ApplicationLoaderHelper, environment var: "UATDATA": "C:\WINDOWS\CCM\UATData\D9F8C395-CAB8-491d-B8AC-179A1FE1BE77" (SiteSelector.Domain.Processes.ProcessHandler) (1999c767)
2020-12-08T14:28:47.8541304+01:00 [INF] @ApplicationLoaderHelper, environment var: "USERDNSDOMAIN": "NET.DR.DK" (SiteSelector.Domain.Processes.ProcessHandler) (1999c767)
2020-12-08T14:28:47.8541559+01:00 [INF] @ApplicationLoaderHelper, environment var: "USERDOMAIN": "NET" (SiteSelector.Domain.Processes.ProcessHandler) (1999c767)
2020-12-08T14:28:47.8541874+01:00 [INF] @ApplicationLoaderHelper, environment var: "USERDOMAIN_ROAMINGPROFILE": "NET" (SiteSelector.Domain.Processes.ProcessHandler) (1999c767)
2020-12-08T14:28:47.8542124+01:00 [INF] @ApplicationLoaderHelper, environment var: "USERNAME": "w-psog" (SiteSelector.Domain.Processes.ProcessHandler) (1999c767)
2020-12-08T14:28:47.8542419+01:00 [INF] @ApplicationLoaderHelper, environment var: "USERPROFILE": "C:\Users\w-psog" (SiteSelector.Domain.Processes.ProcessHandler) (1999c767)
2020-12-08T14:28:47.8542704+01:00 [INF] @ApplicationLoaderHelper, environment var: "windir": "C:\WINDOWS" (SiteSelector.Domain.Processes.ProcessHandler) (1999c767)
2020-12-08T14:28:48.7396027+01:00 [INF] @ApplicationLoaderHelper, started process "C:\Program Files\Dalet\DaletPlus\bin\DaletGalaxy.exe -A Trusted -S DALG3APP01TST", PID: 11452 (SiteSelector.Domain.Processes.ProcessHandler) (cb3dba52)
2020-12-08T14:28:48.7405466+01:00 [INF] StartProcessAsUser - Started process: 11452 (SiteSelector.Domain.Processes.ProcessHandler) (018bf248)
2020-12-08T14:28:48.7406416+01:00 [INF] StartProcessEnvironmentAware. Process "C:\Program Files\Dalet\DaletPlus\bin\DaletGalaxy.exe" has been invoked. (SiteSelector.Domain.Processes.ProcessHandler) (f0f71640)
2020-12-08T14:28:48.7407107+01:00 [INF] StartGalaxy - started Dalet Galaxy: True (SiteSelector.Domain.SessionRespond.Launcher) (bddbbfc5)
2020-12-08T14:28:48.7410250+01:00 [INF] Now Switching to site "DALG3test" (SiteSelector.Pages.MainPage.MainComponent) (105e6a29)
2020-12-08T14:28:48.7460290+01:00 [INF] SendEvent: StartGalaxy - Success - "Successfully started Galaxy" - "DALG3test" (SiteSelector.Domain.SessionRespond.ActorSessionRespond) (a9efe48d)
2020-12-08T14:28:48.7461295+01:00 [INF] Successfully started Dalet Galaxy. (SiteSelector.Domain.SessionRespond.ActorSessionRespond) (df2d65df)
2020-12-08T14:28:48.7868651+01:00 [INF] Successfully build configuration (SiteSelector.Domain.Persist.PersistAppSettings) (34a2c1a5)
2020-12-08T14:28:48.7936311+01:00 [INF] Disposing now (SiteSelector.Pages.MainPage.MainComponent) (7c5e0a46)
2020-12-08T14:28:48.7937916+01:00 [INF] Unsubscribed to all events. (SiteSelector.Pages.MainPage.MainComponent) (8a173910)
2020-12-08T14:28:48.7941239+01:00 [INF] Disposing now (SiteSelector.Pages.MainPage.SitesListComponent) (7c5e0a46)
2020-12-08T14:28:48.7954586+01:00 [INF] Successfully updated configuration to appsettings.json (SiteSelector.Domain.Persist.PersistAppSettings) (de26bb35)
2020-12-08T14:28:48.8002414+01:00 [INF] Galaxy was started: True (SiteSelector.Pages.MainPage.SitesListComponent) (86cbc7be)
2020-12-08T14:28:51.7615426+01:00 [INF] Request starting HTTP/2 POST https://localhost:5055/_blazor/disconnect multipart/form-data; boundary=---------------------------7e42f23328007c 365 (Microsoft.AspNetCore.Hosting.Diagnostics) (ca22a1cb)
2020-12-08T14:28:51.7632971+01:00 [INF] Request starting HTTP/2 GET https://localhost:5055/html/SwitchComplete.html   (Microsoft.AspNetCore.Hosting.Diagnostics) (ca22a1cb)
2020-12-08T14:28:51.7632972+01:00 [INF] Closed current browser-window (MS Edge only). (SiteSelector.Pages.MainPage.MainComponent) (023c2a79)
2020-12-08T14:28:51.7636965+01:00 [INF] Executing endpoint '"Blazor disconnect"' (Microsoft.AspNetCore.Routing.EndpointMiddleware) (500cc934)
2020-12-08T14:28:51.7706877+01:00 [INF] Sending file. Request path: '"/html/SwitchComplete.html"'. Physical path: '"C:\ProgramData\GalaxySiteSelector\wwwroot\html\SwitchComplete.html"' (Microsoft.AspNetCore.StaticFiles.StaticFileMiddleware) (27b0a520)
2020-12-08T14:28:51.7711788+01:00 [INF] Request finished in 7.8104ms 200 text/html (Microsoft.AspNetCore.Hosting.Diagnostics) (791a596a)
2020-12-08T14:28:51.7839153+01:00 [INF] Executed endpoint '"Blazor disconnect"' (Microsoft.AspNetCore.Routing.EndpointMiddleware) (99874f2b)
2020-12-08T14:28:51.7840908+01:00 [INF] Request finished in 23.0159ms 200  (Microsoft.AspNetCore.Hosting.Diagnostics) (791a596a)
2020-12-08T14:28:51.7906667+01:00 [INF] Executed endpoint '"/_blazor"' (Microsoft.AspNetCore.Routing.EndpointMiddleware) (99874f2b)
2020-12-08T14:28:51.7932159+01:00 [INF] Request finished in 29973.8168ms 101  (Microsoft.AspNetCore.Hosting.Diagnostics) (791a596a)
2020-12-08T14:34:12.0583687+01:00 [INF] Request starting HTTP/2 POST https://localhost:5055/_blazor/negotiate?negotiateVersion=1 text/plain;charset=UTF-8 0 (Microsoft.AspNetCore.Hosting.Diagnostics) (ca22a1cb)
2020-12-08T14:34:12.0589017+01:00 [INF] Executing endpoint '"/_blazor/negotiate"' (Microsoft.AspNetCore.Routing.EndpointMiddleware) (500cc934)
2020-12-08T14:34:12.0594635+01:00 [INF] Executed endpoint '"/_blazor/negotiate"' (Microsoft.AspNetCore.Routing.EndpointMiddleware) (99874f2b)
2020-12-08T14:34:12.0596814+01:00 [INF] Request finished in 1.4763ms 200 application/json (Microsoft.AspNetCore.Hosting.Diagnostics) (791a596a)
2020-12-08T14:34:12.0641175+01:00 [INF] Request starting HTTP/1.1 GET https://localhost:5055/_blazor?id=OCwSreYxeIXLM5B_68jnOg   (Microsoft.AspNetCore.Hosting.Diagnostics) (ca22a1cb)
2020-12-08T14:34:12.0642484+01:00 [INF] Executing endpoint '"/_blazor"' (Microsoft.AspNetCore.Routing.EndpointMiddleware) (500cc934)
2020-12-08T14:34:17.4951353+01:00 [INF] Request starting HTTP/2 POST https://localhost:5055/_blazor/disconnect multipart/form-data; boundary=---------------------------7e41e81128007c 365 (Microsoft.AspNetCore.Hosting.Diagnostics) (ca22a1cb)
2020-12-08T14:34:17.4962324+01:00 [INF] Executing endpoint '"Blazor disconnect"' (Microsoft.AspNetCore.Routing.EndpointMiddleware) (500cc934)
2020-12-08T14:34:17.4985893+01:00 [INF] Executed endpoint '"Blazor disconnect"' (Microsoft.AspNetCore.Routing.EndpointMiddleware) (99874f2b)
2020-12-08T14:34:17.4993688+01:00 [INF] Request finished in 4.6717ms 200  (Microsoft.AspNetCore.Hosting.Diagnostics) (791a596a)
2020-12-08T14:34:17.5022366+01:00 [INF] Executed endpoint '"/_blazor"' (Microsoft.AspNetCore.Routing.EndpointMiddleware) (99874f2b)
2020-12-08T14:34:17.5026912+01:00 [INF] Request finished in 5438.4705ms 101  (Microsoft.AspNetCore.Hosting.Diagnostics) (791a596a)
2020-12-08T14:34:17.5133152+01:00 [INF] Request starting HTTP/2 GET https://localhost:5055/   (Microsoft.AspNetCore.Hosting.Diagnostics) (ca22a1cb)
2020-12-08T14:34:17.5136105+01:00 [INF] Executing endpoint '"/_Host"' (Microsoft.AspNetCore.Routing.EndpointMiddleware) (500cc934)
2020-12-08T14:34:17.5139913+01:00 [INF] Route matched with "{page = \"/_Host\", action = \"\", controller = \"\"}". Executing page "/_Host" (Microsoft.AspNetCore.Mvc.RazorPages.Infrastructure.PageActionInvoker) (547e620f)
2020-12-08T14:34:17.5147249+01:00 [INF] Executing an implicit handler method - ModelState is Valid (Microsoft.AspNetCore.Mvc.RazorPages.Infrastructure.PageActionInvoker) (232a55d1)
2020-12-08T14:34:17.5148157+01:00 [INF] Executed an implicit handler method, returned result "Microsoft.AspNetCore.Mvc.RazorPages.PageResult". (Microsoft.AspNetCore.Mvc.RazorPages.Infrastructure.PageActionInvoker) (f857da66)
2020-12-08T14:34:17.5184694+01:00 [INF] Executed page "/_Host" in 4.3456ms (Microsoft.AspNetCore.Mvc.RazorPages.Infrastructure.PageActionInvoker) (02e01280)
2020-12-08T14:34:17.5185479+01:00 [INF] Executed endpoint '"/_Host"' (Microsoft.AspNetCore.Routing.EndpointMiddleware) (99874f2b)
2020-12-08T14:34:17.5187136+01:00 [INF] Request finished in 5.4478ms 200 text/html; charset=utf-8 (Microsoft.AspNetCore.Hosting.Diagnostics) (791a596a)
2020-12-08T14:34:17.5265863+01:00 [INF] Request starting HTTP/2 GET https://localhost:5055/_framework/blazor.server.js   (Microsoft.AspNetCore.Hosting.Diagnostics) (ca22a1cb)
2020-12-08T14:34:17.5272159+01:00 [INF] Request starting HTTP/2 GET https://localhost:5055/js/interop.js   (Microsoft.AspNetCore.Hosting.Diagnostics) (ca22a1cb)
2020-12-08T14:34:17.5272159+01:00 [INF] Request starting HTTP/2 GET https://localhost:5055/css/bootstrap/bootstrap.min.css   (Microsoft.AspNetCore.Hosting.Diagnostics) (ca22a1cb)
2020-12-08T14:34:17.5272898+01:00 [INF] The file "/_framework/blazor.server.js" was not modified (Microsoft.AspNetCore.StaticFiles.StaticFileMiddleware) (f1f8d725)
2020-12-08T14:34:17.5275640+01:00 [INF] The file "/js/interop.js" was not modified (Microsoft.AspNetCore.StaticFiles.StaticFileMiddleware) (f1f8d725)
2020-12-08T14:34:17.5275259+01:00 [INF] The file "/css/bootstrap/bootstrap.min.css" was not modified (Microsoft.AspNetCore.StaticFiles.StaticFileMiddleware) (f1f8d725)
2020-12-08T14:34:17.5276487+01:00 [INF] Request finished in 1.2027ms 304 application/javascript (Microsoft.AspNetCore.Hosting.Diagnostics) (791a596a)
2020-12-08T14:34:17.5276858+01:00 [INF] Request finished in 0.4851ms 304 application/javascript (Microsoft.AspNetCore.Hosting.Diagnostics) (791a596a)
2020-12-08T14:34:17.5277284+01:00 [INF] Request finished in 0.5357ms 304 text/css (Microsoft.AspNetCore.Hosting.Diagnostics) (791a596a)
2020-12-08T14:34:17.5277551+01:00 [INF] Request starting HTTP/2 GET https://localhost:5055/css/site.css   (Microsoft.AspNetCore.Hosting.Diagnostics) (ca22a1cb)
2020-12-08T14:34:17.5281137+01:00 [INF] The file "/css/site.css" was not modified (Microsoft.AspNetCore.StaticFiles.StaticFileMiddleware) (f1f8d725)
2020-12-08T14:34:17.5282687+01:00 [INF] Request finished in 0.5234ms 304 text/css (Microsoft.AspNetCore.Hosting.Diagnostics) (791a596a)
2020-12-08T14:34:17.5785884+01:00 [INF] Request starting HTTP/2 POST https://localhost:5055/_blazor/negotiate?negotiateVersion=1 text/plain;charset=UTF-8 0 (Microsoft.AspNetCore.Hosting.Diagnostics) (ca22a1cb)
2020-12-08T14:34:17.5816525+01:00 [INF] Executing endpoint '"/_blazor/negotiate"' (Microsoft.AspNetCore.Routing.EndpointMiddleware) (500cc934)
2020-12-08T14:34:17.5825379+01:00 [INF] Executed endpoint '"/_blazor/negotiate"' (Microsoft.AspNetCore.Routing.EndpointMiddleware) (99874f2b)
2020-12-08T14:34:17.5835432+01:00 [INF] Request finished in 4.2679ms 200 application/json (Microsoft.AspNetCore.Hosting.Diagnostics) (791a596a)
2020-12-08T14:34:17.5880996+01:00 [INF] Request starting HTTP/1.1 GET https://localhost:5055/_blazor?id=7Q29EHoLs9nP9WAorIBq0Q   (Microsoft.AspNetCore.Hosting.Diagnostics) (ca22a1cb)
2020-12-08T14:34:17.5891984+01:00 [INF] Executing endpoint '"/_blazor"' (Microsoft.AspNetCore.Routing.EndpointMiddleware) (500cc934)
2020-12-08T14:34:17.6287645+01:00 [INF] Request starting HTTP/2 GET https://localhost:5055/css/open-iconic/font/fonts/open-iconic.woff   (Microsoft.AspNetCore.Hosting.Diagnostics) (ca22a1cb)
2020-12-08T14:34:17.6292143+01:00 [INF] The file "/css/open-iconic/font/fonts/open-iconic.woff" was not modified (Microsoft.AspNetCore.StaticFiles.StaticFileMiddleware) (f1f8d725)
2020-12-08T14:34:17.6294827+01:00 [INF] Request finished in 0.8116ms 304 application/font-woff (Microsoft.AspNetCore.Hosting.Diagnostics) (791a596a)
2020-12-08T14:34:20.8290272+01:00 [INF] Running SetupSession (SiteSelector.Domain.SessionStart.ActorSessionStart) (7e9ff657)
2020-12-08T14:34:20.8386898+01:00 [INF] Found galaxy-client in configuration: "Galaxy Systemvælger" (SiteSelector.Domain.Persist.ReadConfigXml) (88c8e810)
2020-12-08T14:34:20.8403856+01:00 [INF] @GetDaletServiceIsInstalled, looking for service: "DaletService" (SiteSelector.Domain.SessionStart.CheckEnvironment) (bb0ef24c)
2020-12-08T14:34:20.8464644+01:00 [INF] Found service "DaletService" in state: StartService (SiteSelector.Domain.Services.ServiceHandler) (d73723f9)
2020-12-08T14:34:20.8477937+01:00 [INF] @GetDaletServiceIsInstalled, found service "DaletService": True (SiteSelector.Domain.SessionStart.CheckEnvironment) (10d3e8ac)
2020-12-08T14:34:20.8559574+01:00 [INF] Detected "DaletGalaxy" running on client:True (SiteSelector.Domain.Processes.ProcessHandler) (92f7db5d)
2020-12-08T14:34:20.8561085+01:00 [INF] DetectGalaxyRunning - Galaxy is running: True (SiteSelector.Domain.SessionStart.CheckEnvironment) (fd1e0f1e)
2020-12-08T14:34:21.1286749+01:00 [INF] Found user "w-psog", is allowed to see test-sites: True (SiteSelector.Domain.SessionStart.CheckEnvironment) (7a41e528)
2020-12-08T14:34:21.1287330+01:00 [INF] Test-sites should be included in site-listing: True (SiteSelector.Domain.SessionStart.CheckEnvironment) (375b5f05)
2020-12-08T14:34:21.1288240+01:00 [WRN] Galaxy is currently running - Cannot continue. (SiteSelector.Domain.SessionStart.ActorSessionStart) (3a53d356)
2020-12-08T14:34:21.1289636+01:00 [INF] Disposing now (SiteSelector.Pages.MainPage.SitesListComponent) (7c5e0a46)
2020-12-08T14:34:21.1294309+01:00 [INF] SendEvent: GalaxyIsRunnning - FatalError - "Galaxy is currently running - Cannot continue." - "(null)" (SiteSelector.Domain.SessionStart.ActorSessionStart) (a9efe48d)
2020-12-08T14:34:21.1295150+01:00 [INF] DaletService exists on client: True (SiteSelector.Pages.MainPage.MainComponent) (ac368e96)
2020-12-08T14:34:23.3310109+01:00 [INF] Request starting HTTP/2 POST https://localhost:5055/_blazor/disconnect multipart/form-data; boundary=---------------------------7e41431728007c 365 (Microsoft.AspNetCore.Hosting.Diagnostics) (ca22a1cb)
2020-12-08T14:34:23.3378914+01:00 [INF] Executing endpoint '"Blazor disconnect"' (Microsoft.AspNetCore.Routing.EndpointMiddleware) (500cc934)
2020-12-08T14:34:23.3427503+01:00 [INF] Disposing now (SiteSelector.Pages.MainPage.MainComponent) (7c5e0a46)
2020-12-08T14:34:23.3430420+01:00 [INF] Unsubscribed to all events. (SiteSelector.Pages.MainPage.MainComponent) (8a173910)
2020-12-08T14:34:23.3433845+01:00 [INF] Executed endpoint '"Blazor disconnect"' (Microsoft.AspNetCore.Routing.EndpointMiddleware) (99874f2b)
2020-12-08T14:34:23.3440615+01:00 [INF] Request finished in 13.9752ms 200  (Microsoft.AspNetCore.Hosting.Diagnostics) (791a596a)
2020-12-08T14:34:23.3477165+01:00 [INF] Executed endpoint '"/_blazor"' (Microsoft.AspNetCore.Routing.EndpointMiddleware) (99874f2b)
2020-12-08T14:34:23.3480827+01:00 [INF] Request finished in 5759.8722ms 101  (Microsoft.AspNetCore.Hosting.Diagnostics) (791a596a)
2020-12-08T14:53:34.6203658+01:00 [INF] Request starting HTTP/2 GET https://localhost:5055/SiteSelector   (Microsoft.AspNetCore.Hosting.Diagnostics) (ca22a1cb)
2020-12-08T14:53:34.6208279+01:00 [INF] Executing endpoint '"/_Host"' (Microsoft.AspNetCore.Routing.EndpointMiddleware) (500cc934)
2020-12-08T14:53:34.6212290+01:00 [INF] Route matched with "{page = \"/_Host\", action = \"\", controller = \"\"}". Executing page "/_Host" (Microsoft.AspNetCore.Mvc.RazorPages.Infrastructure.PageActionInvoker) (547e620f)
2020-12-08T14:53:34.6224831+01:00 [INF] Executing an implicit handler method - ModelState is Valid (Microsoft.AspNetCore.Mvc.RazorPages.Infrastructure.PageActionInvoker) (232a55d1)
2020-12-08T14:53:34.6225311+01:00 [INF] Executed an implicit handler method, returned result "Microsoft.AspNetCore.Mvc.RazorPages.PageResult". (Microsoft.AspNetCore.Mvc.RazorPages.Infrastructure.PageActionInvoker) (f857da66)
2020-12-08T14:53:34.6252495+01:00 [INF] Executed page "/_Host" in 3.8611ms (Microsoft.AspNetCore.Mvc.RazorPages.Infrastructure.PageActionInvoker) (02e01280)
2020-12-08T14:53:34.6253365+01:00 [INF] Executed endpoint '"/_Host"' (Microsoft.AspNetCore.Routing.EndpointMiddleware) (99874f2b)
2020-12-08T14:53:34.6262832+01:00 [INF] Request finished in 6.0235ms 200 text/html; charset=utf-8 (Microsoft.AspNetCore.Hosting.Diagnostics) (791a596a)
2020-12-08T14:53:34.6392166+01:00 [INF] Request starting HTTP/2 GET https://localhost:5055/css/site.css   (Microsoft.AspNetCore.Hosting.Diagnostics) (ca22a1cb)
2020-12-08T14:53:34.6392686+01:00 [INF] Request starting HTTP/2 GET https://localhost:5055/css/bootstrap/bootstrap.min.css   (Microsoft.AspNetCore.Hosting.Diagnostics) (ca22a1cb)
2020-12-08T14:53:34.6392480+01:00 [INF] Request starting HTTP/2 GET https://localhost:5055/_framework/blazor.server.js   (Microsoft.AspNetCore.Hosting.Diagnostics) (ca22a1cb)
2020-12-08T14:53:34.6400672+01:00 [INF] The file "/css/site.css" was not modified (Microsoft.AspNetCore.StaticFiles.StaticFileMiddleware) (f1f8d725)
2020-12-08T14:53:34.6400672+01:00 [INF] The file "/css/bootstrap/bootstrap.min.css" was not modified (Microsoft.AspNetCore.StaticFiles.StaticFileMiddleware) (f1f8d725)
2020-12-08T14:53:34.6402721+01:00 [INF] The file "/_framework/blazor.server.js" was not modified (Microsoft.AspNetCore.StaticFiles.StaticFileMiddleware) (f1f8d725)
2020-12-08T14:53:34.6403537+01:00 [INF] Request finished in 1.0919ms 304 text/css (Microsoft.AspNetCore.Hosting.Diagnostics) (791a596a)
2020-12-08T14:53:34.6403772+01:00 [INF] Request finished in 1.1387ms 304 application/javascript (Microsoft.AspNetCore.Hosting.Diagnostics) (791a596a)
2020-12-08T14:53:34.6405095+01:00 [INF] Request finished in 1.3318ms 304 text/css (Microsoft.AspNetCore.Hosting.Diagnostics) (791a596a)
2020-12-08T14:53:34.6510379+01:00 [INF] Request starting HTTP/2 GET https://localhost:5055/js/interop.js   (Microsoft.AspNetCore.Hosting.Diagnostics) (ca22a1cb)
2020-12-08T14:53:34.6512886+01:00 [INF] The file "/js/interop.js" was not modified (Microsoft.AspNetCore.StaticFiles.StaticFileMiddleware) (f1f8d725)
2020-12-08T14:53:34.6514301+01:00 [INF] Request finished in 0.4693ms 304 application/javascript (Microsoft.AspNetCore.Hosting.Diagnostics) (791a596a)
2020-12-08T14:53:34.6894032+01:00 [INF] Request starting HTTP/2 GET https://localhost:5055/css/open-iconic/font/css/open-iconic-bootstrap.min.css   (Microsoft.AspNetCore.Hosting.Diagnostics) (ca22a1cb)
2020-12-08T14:53:34.6897267+01:00 [INF] The file "/css/open-iconic/font/css/open-iconic-bootstrap.min.css" was not modified (Microsoft.AspNetCore.StaticFiles.StaticFileMiddleware) (f1f8d725)
2020-12-08T14:53:34.6898867+01:00 [INF] Request finished in 0.5039ms 304 text/css (Microsoft.AspNetCore.Hosting.Diagnostics) (791a596a)
2020-12-08T14:53:34.7370972+01:00 [INF] Request starting HTTP/2 POST https://localhost:5055/_blazor/negotiate?negotiateVersion=1 text/plain;charset=UTF-8 0 (Microsoft.AspNetCore.Hosting.Diagnostics) (ca22a1cb)
2020-12-08T14:53:34.7373941+01:00 [INF] Executing endpoint '"/_blazor/negotiate"' (Microsoft.AspNetCore.Routing.EndpointMiddleware) (500cc934)
2020-12-08T14:53:34.7381606+01:00 [INF] Executed endpoint '"/_blazor/negotiate"' (Microsoft.AspNetCore.Routing.EndpointMiddleware) (99874f2b)
2020-12-08T14:53:34.7382830+01:00 [INF] Request finished in 1.2239ms 200 application/json (Microsoft.AspNetCore.Hosting.Diagnostics) (791a596a)
2020-12-08T14:53:34.7504505+01:00 [INF] Request starting HTTP/1.1 GET https://localhost:5055/_blazor?id=Ab-9rMCwDgDiMyUR1crpHQ   (Microsoft.AspNetCore.Hosting.Diagnostics) (ca22a1cb)
2020-12-08T14:53:34.7506692+01:00 [INF] Executing endpoint '"/_blazor"' (Microsoft.AspNetCore.Routing.EndpointMiddleware) (500cc934)
2020-12-08T14:53:34.7851796+01:00 [INF] Running SetupSession (SiteSelector.Domain.SessionStart.ActorSessionStart) (7e9ff657)
2020-12-08T14:53:34.7897550+01:00 [INF] Found galaxy-client in configuration: "Galaxy Systemvælger" (SiteSelector.Domain.Persist.ReadConfigXml) (88c8e810)
2020-12-08T14:53:34.7899834+01:00 [INF] @GetDaletServiceIsInstalled, looking for service: "DaletService" (SiteSelector.Domain.SessionStart.CheckEnvironment) (bb0ef24c)
2020-12-08T14:53:34.7906328+01:00 [INF] Found service "DaletService" in state: StartService (SiteSelector.Domain.Services.ServiceHandler) (d73723f9)
2020-12-08T14:53:34.7907644+01:00 [INF] @GetDaletServiceIsInstalled, found service "DaletService": True (SiteSelector.Domain.SessionStart.CheckEnvironment) (10d3e8ac)
2020-12-08T14:53:34.7955782+01:00 [INF] Could not detect "DaletGalaxy". (SiteSelector.Domain.Processes.ProcessHandler) (37043ae9)
2020-12-08T14:53:34.7967224+01:00 [INF] Detected "DaletGalaxy" running on client:False (SiteSelector.Domain.Processes.ProcessHandler) (92f7db5d)
2020-12-08T14:53:34.7972884+01:00 [INF] DetectGalaxyRunning - Galaxy is running: False (SiteSelector.Domain.SessionStart.CheckEnvironment) (fd1e0f1e)
2020-12-08T14:53:34.8249336+01:00 [INF] Request starting HTTP/2 GET https://localhost:5055/css/open-iconic/font/fonts/open-iconic.woff   (Microsoft.AspNetCore.Hosting.Diagnostics) (ca22a1cb)
2020-12-08T14:53:34.8286190+01:00 [INF] The file "/css/open-iconic/font/fonts/open-iconic.woff" was not modified (Microsoft.AspNetCore.StaticFiles.StaticFileMiddleware) (f1f8d725)
2020-12-08T14:53:34.8288524+01:00 [INF] Request finished in 3.935ms 304 application/font-woff (Microsoft.AspNetCore.Hosting.Diagnostics) (791a596a)
2020-12-08T14:53:35.1070280+01:00 [INF] Found user "w-psog", is allowed to see test-sites: True (SiteSelector.Domain.SessionStart.CheckEnvironment) (7a41e528)
2020-12-08T14:53:35.1071151+01:00 [INF] Test-sites should be included in site-listing: True (SiteSelector.Domain.SessionStart.CheckEnvironment) (375b5f05)
2020-12-08T14:53:35.1078508+01:00 [INF] Found local SiteSelector.xml at "C:\ProgramData\GalaxySiteSelector\SiteSelector.xml" (SiteSelector.Domain.SessionStart.UpdateLocalSiteSelectorXml) (926e481e)
2020-12-08T14:53:35.1310359+01:00 [INF] Found "\\dalet1\DpShare\SiteSelector\config\SiteSelector.xml": True (SiteSelector.Domain.SessionStart.UpdateLocalSiteSelectorXml) (43bd9e6d)
2020-12-08T14:53:35.1328601+01:00 [INF] Local SiteSelector.xml was detected: True (SiteSelector.Domain.SessionStart.UpdateLocalSiteSelectorXml) (0845ccfd)
2020-12-08T14:53:35.1330235+01:00 [INF] Local SiteSelector.xml was updated from "\\dalet1\DpShare\SiteSelector\config\SiteSelector.xml": False (SiteSelector.Domain.SessionStart.UpdateLocalSiteSelectorXml) (40a93371)
2020-12-08T14:53:35.1346446+01:00 [INF] Found 7 galaxy-sites in sites-list. (SiteSelector.Domain.Persist.ReadConfigXml) (ee6a3325)
2020-12-08T14:53:35.1362821+01:00 [INF] Succesfully read file: "C:\ProgramData\DaletPlusData\config.ini" (SiteSelector.Domain.SessionStart.HandleConfigIni) (70338fcf)
2020-12-08T14:53:35.1377385+01:00 [INF] Succesfully read file: "C:\ProgramData\DaletPlusData\config.ini" (SiteSelector.Domain.SessionStart.HandleConfigIni) (70338fcf)
2020-12-08T14:53:35.1380473+01:00 [INF] Completed SetupSession (SiteSelector.Domain.SessionStart.ActorSessionStart) (f17818b2)
2020-12-08T14:53:35.1381964+01:00 [INF] DaletService exists on client: True (SiteSelector.Pages.MainPage.MainComponent) (ac368e96)
2020-12-08T14:53:35.1395692+01:00 [INF] UI found current site: True (SiteSelector.Pages.MainPage.SitesListComponent) (8d1f5b96)
2020-12-08T14:53:40.1500682+01:00 [INF] User requested site: "DALG3test", AsWinUser: True, Restart Service: True (SiteSelector.Pages.MainPage.SitesListComponent) (d8efe5db)
2020-12-08T14:53:40.1507375+01:00 [INF] SendEvent: Message - Waiting - "Trying to stop DaletService." - "(null)" (SiteSelector.Domain.SessionRespond.ActorSessionRespond) (a9efe48d)
2020-12-08T14:53:40.1556158+01:00 [INF] Found service "DaletService" in state: StartService (SiteSelector.Domain.Services.ServiceHandler) (d73723f9)
2020-12-08T14:53:40.1559485+01:00 [INF] Trying to stop "DaletService". (SiteSelector.Domain.SessionRespond.StartStopDaletService) (04887d2e)
2020-12-08T14:53:40.1659365+01:00 [INF] Found 5 processes in DaletServiceXml. (SiteSelector.Domain.Persist.ReadDaletServiceXml) (a289d3dd)
2020-12-08T14:53:40.1999353+01:00 [INF] @InvokeRestartManager, process "DALG3test-ASIOServer_1" is added to kill-list. (SiteSelector.Domain.SessionRespond.StartStopDaletService) (06cb7ec8)
2020-12-08T14:53:40.2169874+01:00 [INF] @InvokeRestartManager, process "DALG3test-AudioMediaAgent_1" is added to kill-list. (SiteSelector.Domain.SessionRespond.StartStopDaletService) (06cb7ec8)
2020-12-08T14:53:40.2350120+01:00 [INF] @InvokeRestartManager, process "DALG3test-AudioMediaAgent_2" is added to kill-list. (SiteSelector.Domain.SessionRespond.StartStopDaletService) (06cb7ec8)
2020-12-08T14:53:40.2621306+01:00 [INF] @InvokeRestartManager, process "DALG3test-BroadcastServer_1" is added to kill-list. (SiteSelector.Domain.SessionRespond.StartStopDaletService) (06cb7ec8)
2020-12-08T14:53:40.3047072+01:00 [INF] @InvokeRestartManager, process "LOCAL-ChannelDetectorAgent_1" is added to kill-list. (SiteSelector.Domain.SessionRespond.StartStopDaletService) (06cb7ec8)
2020-12-08T14:53:41.9888394+01:00 [INF] StartProcessAndWait: "Incorrect function." (SiteSelector.Domain.Processes.ProcessHandler) (75e65bc8)
2020-12-08T14:53:41.9894700+01:00 [INF] StartProcessAndWait: "Incorrect function." (SiteSelector.Domain.Processes.ProcessHandler) (75e65bc8)
2020-12-08T14:53:42.2607919+01:00 [INF] StartProcessAndWait: "Incorrect function." (SiteSelector.Domain.Processes.ProcessHandler) (75e65bc8)
2020-12-08T14:53:51.6760254+01:00 [INF] StartProcessAndWait: "-208 - unknown Exitcode." (SiteSelector.Domain.Processes.ProcessHandler) (75e65bc8)
2020-12-08T14:53:51.7076552+01:00 [INF] StartProcessAndWait: "-208 - unknown Exitcode." (SiteSelector.Domain.Processes.ProcessHandler) (75e65bc8)
2020-12-08T14:53:51.7078863+01:00 [INF] @InvokeRestartManager, completed action. (SiteSelector.Domain.SessionRespond.StartStopDaletService) (96d20844)
2020-12-08T14:53:51.7079832+01:00 [INF] @CheckForRunningProcesses, try#: 1 (SiteSelector.Domain.SessionRespond.StartStopDaletService) (e0f04456)
2020-12-08T14:53:51.7109210+01:00 [INF] Could not detect "ASIOServerAgent". (SiteSelector.Domain.Processes.ProcessHandler) (37043ae9)
2020-12-08T14:53:51.7109683+01:00 [INF] Detected "ASIOServerAgent" running on client:False (SiteSelector.Domain.Processes.ProcessHandler) (92f7db5d)
2020-12-08T14:53:51.7138350+01:00 [INF] Could not detect "MediaChannelContainer". (SiteSelector.Domain.Processes.ProcessHandler) (37043ae9)
2020-12-08T14:53:51.7138996+01:00 [INF] Detected "MediaChannelContainer" running on client:False (SiteSelector.Domain.Processes.ProcessHandler) (92f7db5d)
2020-12-08T14:53:51.7161516+01:00 [INF] Detected "bs_server" running on client:True (SiteSelector.Domain.Processes.ProcessHandler) (92f7db5d)
2020-12-08T14:53:51.7162449+01:00 [INF] @CheckForRunningProcesses, trying to stop: "bs_server" (SiteSelector.Domain.SessionRespond.StartStopDaletService) (893a7649)
2020-12-08T14:53:51.7167693+01:00 [INF] @CheckForRunningProcesses, tried stopping: "bs_server" (SiteSelector.Domain.SessionRespond.StartStopDaletService) (0eb6f192)
2020-12-08T14:53:51.7195560+01:00 [INF] Detected "ChannelDetectorAgent" running on client:True (SiteSelector.Domain.Processes.ProcessHandler) (92f7db5d)
2020-12-08T14:53:51.7196454+01:00 [INF] @CheckForRunningProcesses, trying to stop: "ChannelDetectorAgent" (SiteSelector.Domain.SessionRespond.StartStopDaletService) (893a7649)
2020-12-08T14:53:51.7199783+01:00 [INF] @CheckForRunningProcesses, tried stopping: "ChannelDetectorAgent" (SiteSelector.Domain.SessionRespond.StartStopDaletService) (0eb6f192)
2020-12-08T14:53:51.7231351+01:00 [INF] Could not detect "ControlDeviceAgent". (SiteSelector.Domain.Processes.ProcessHandler) (37043ae9)
2020-12-08T14:53:51.7233043+01:00 [INF] Detected "ControlDeviceAgent" running on client:False (SiteSelector.Domain.Processes.ProcessHandler) (92f7db5d)
2020-12-08T14:53:52.2243579+01:00 [INF] @CheckForRunningProcesses, try#: 2 (SiteSelector.Domain.SessionRespond.StartStopDaletService) (e0f04456)
2020-12-08T14:53:52.2266170+01:00 [INF] Could not detect "ASIOServerAgent". (SiteSelector.Domain.Processes.ProcessHandler) (37043ae9)
2020-12-08T14:53:52.2266991+01:00 [INF] Detected "ASIOServerAgent" running on client:False (SiteSelector.Domain.Processes.ProcessHandler) (92f7db5d)
2020-12-08T14:53:52.2294464+01:00 [INF] Could not detect "MediaChannelContainer". (SiteSelector.Domain.Processes.ProcessHandler) (37043ae9)
2020-12-08T14:53:52.2295299+01:00 [INF] Detected "MediaChannelContainer" running on client:False (SiteSelector.Domain.Processes.ProcessHandler) (92f7db5d)
2020-12-08T14:53:52.2319598+01:00 [INF] Could not detect "bs_server". (SiteSelector.Domain.Processes.ProcessHandler) (37043ae9)
2020-12-08T14:53:52.2320256+01:00 [INF] Detected "bs_server" running on client:False (SiteSelector.Domain.Processes.ProcessHandler) (92f7db5d)
2020-12-08T14:53:52.2343855+01:00 [INF] Could not detect "ChannelDetectorAgent". (SiteSelector.Domain.Processes.ProcessHandler) (37043ae9)
2020-12-08T14:53:52.2344607+01:00 [INF] Detected "ChannelDetectorAgent" running on client:False (SiteSelector.Domain.Processes.ProcessHandler) (92f7db5d)
2020-12-08T14:53:52.2368028+01:00 [INF] Could not detect "ControlDeviceAgent". (SiteSelector.Domain.Processes.ProcessHandler) (37043ae9)
2020-12-08T14:53:52.2368525+01:00 [INF] Detected "ControlDeviceAgent" running on client:False (SiteSelector.Domain.Processes.ProcessHandler) (92f7db5d)
2020-12-08T14:53:52.2377793+01:00 [INF] @StopServiceAsync, current attempt# 1 (SiteSelector.Domain.Services.ServiceHandler) (75b481b3)
2020-12-08T14:53:52.4903339+01:00 [INF] Service name and status: "DaletService": Stopped (SiteSelector.Domain.Services.ServiceHandler) (d88393ae)
2020-12-08T14:53:52.4924736+01:00 [INF] SendEvent: Message - Success - "DaletService was stopped successfully." - "(null)" (SiteSelector.Domain.SessionRespond.ActorSessionRespond) (a9efe48d)
2020-12-08T14:53:52.4929422+01:00 [INF] Looking for DaletServiceSource-folder at "\\DALET1\DpShare\DALG3test\DS_Config\TX84402" (SiteSelector.Domain.SessionRespond.DaletServiceXml) (4ccc8816)
2020-12-08T14:53:52.5737437+01:00 [INF] DaletServiceSource-folder at "\\DALET1\DpShare\DALG3test\DS_Config\TX84402" detected: True (SiteSelector.Domain.SessionRespond.DaletServiceXml) (cfe69921)
2020-12-08T14:53:52.5737962+01:00 [INF] Preparing to acquire DaletServiceSourceXml. (SiteSelector.Domain.SessionRespond.DaletServiceXml) (d75359a2)
2020-12-08T14:53:52.6524406+01:00 [INF] DaletServiceSource-files were copied from network: True (SiteSelector.Domain.SessionRespond.DaletServiceXml) (73288b83)
2020-12-08T14:53:52.6532649+01:00 [INF] SendEvent: Message - Success - "DaletService.xml was acquired successfully." - "(null)" (SiteSelector.Domain.SessionRespond.ActorSessionRespond) (a9efe48d)
2020-12-08T14:53:52.6539015+01:00 [INF] Succesfully read file: "C:\ProgramData\DaletPlusData\config.ini" (SiteSelector.Domain.SessionStart.HandleConfigIni) (70338fcf)
2020-12-08T14:53:52.6544534+01:00 [INF] Succesfully read file: "C:\ProgramData\DaletPlusData\config.ini" (SiteSelector.Domain.SessionStart.HandleConfigIni) (70338fcf)
2020-12-08T14:53:52.6557849+01:00 [INF] Succesfully wrote file: "C:\ProgramData\DaletPlusData\config.ini" (SiteSelector.Domain.SessionStart.HandleConfigIni) (073e61d3)
2020-12-08T14:53:52.6559149+01:00 [INF] Succesfully updated config.ini to "DALG3APP01TST DALG3APP02TST": True (SiteSelector.Domain.SessionRespond.UpdateConfigIni) (4d06f4d8)
2020-12-08T14:53:52.6565752+01:00 [INF] SendEvent: Message - Success - "Config.ini was updated successfully." - "(null)" (SiteSelector.Domain.SessionRespond.ActorSessionRespond) (a9efe48d)
2020-12-08T14:53:52.6571366+01:00 [INF] SendEvent: Message - Waiting - "Preparing to start Galaxy." - "(null)" (SiteSelector.Domain.SessionRespond.ActorSessionRespond) (a9efe48d)
2020-12-08T14:53:52.6572157+01:00 [INF] Preparing to restart service: "DaletService" (SiteSelector.Domain.SessionRespond.Launcher) (5a64e8b2)
2020-12-08T14:53:52.6580835+01:00 [INF] Found service "DaletService" in state: StopService (SiteSelector.Domain.Services.ServiceHandler) (d73723f9)
2020-12-08T14:53:52.6600907+01:00 [INF] @StopServiceAsync, current attempt# 1 (SiteSelector.Domain.Services.ServiceHandler) (75b481b3)
2020-12-08T14:53:53.0167789+01:00 [INF] CopyNetWorkFilesToLocal - copy from: "\\DALET1\DpShare\DALG3test\DS_Config\TX84402\DaletService.xml" to: "C:\ProgramData\DaletPlusData\DaletService.xml" was succesfull: True (SiteSelector.Domain.SessionRespond.DaletServiceXml) (027c37f2)
2020-12-08T14:53:53.0222889+01:00 [INF] Actual startUpType for service "DaletService": "Manual" vs requested: Manual (SiteSelector.Domain.Services.ServiceHandler) (c09c8fd6)
2020-12-08T14:53:53.8087401+01:00 [INF] Service name and status: "DaletService": Running (SiteSelector.Domain.Services.ServiceHandler) (d88393ae)
2020-12-08T14:53:53.8092288+01:00 [INF] Restarted service: "DaletService". (SiteSelector.Domain.SessionRespond.StartStopDaletService) (2deba2b1)
2020-12-08T14:53:53.8092683+01:00 [INF] Completed service interaction: "DaletService" (SiteSelector.Domain.SessionRespond.Launcher) (56082d23)
2020-12-08T14:53:53.8119119+01:00 [INF] SessionID is : 0 (SiteSelector.Domain.Processes.ProcessHandler) (6c7ef343)
2020-12-08T14:53:53.9183506+01:00 [INF] Found owner: "NET\w-psog" (SiteSelector.Domain.Processes.ProcessHandler) (22b07dda)
2020-12-08T14:53:53.9183965+01:00 [INF] Non-interactive session. Now starting Galaxy. (SiteSelector.Domain.Processes.ProcessHandler) (dc4b6270)
2020-12-08T14:53:53.9184536+01:00 [INF] StartProcessAsUser: args: "C:\Program Files\Dalet\DaletPlus\bin\DaletGalaxy.exe -A Trusted -S DALG3APP01TST" (SiteSelector.Domain.Processes.ProcessHandler) (aee9c874)
2020-12-08T14:53:53.9225922+01:00 [INF] @ApplicationLoaderHelper, got environment as current user: True (SiteSelector.Domain.Processes.ProcessHandler) (78894c7a)
2020-12-08T14:53:53.9226796+01:00 [INF] @ApplicationLoaderHelper, environment var: "ALLUSERSPROFILE": "C:\ProgramData" (SiteSelector.Domain.Processes.ProcessHandler) (1999c767)
2020-12-08T14:53:53.9227063+01:00 [INF] @ApplicationLoaderHelper, environment var: "APPDATA": "C:\Users\w-psog\AppData\Roaming" (SiteSelector.Domain.Processes.ProcessHandler) (1999c767)
2020-12-08T14:53:53.9227447+01:00 [INF] @ApplicationLoaderHelper, environment var: "CommonProgramFiles": "C:\Program Files\Common Files" (SiteSelector.Domain.Processes.ProcessHandler) (1999c767)
2020-12-08T14:53:53.9227696+01:00 [INF] @ApplicationLoaderHelper, environment var: "CommonProgramFiles(x86)": "C:\Program Files (x86)\Common Files" (SiteSelector.Domain.Processes.ProcessHandler) (1999c767)
2020-12-08T14:53:53.9227988+01:00 [INF] @ApplicationLoaderHelper, environment var: "CommonProgramW6432": "C:\Program Files\Common Files" (SiteSelector.Domain.Processes.ProcessHandler) (1999c767)
2020-12-08T14:53:53.9228210+01:00 [INF] @ApplicationLoaderHelper, environment var: "COMPUTERNAME": "TX84402" (SiteSelector.Domain.Processes.ProcessHandler) (1999c767)
2020-12-08T14:53:53.9228816+01:00 [INF] @ApplicationLoaderHelper, environment var: "ComSpec": "C:\WINDOWS\system32\cmd.exe" (SiteSelector.Domain.Processes.ProcessHandler) (1999c767)
2020-12-08T14:53:53.9229143+01:00 [INF] @ApplicationLoaderHelper, environment var: "DriverData": "C:\Windows\System32\Drivers\DriverData" (SiteSelector.Domain.Processes.ProcessHandler) (1999c767)
2020-12-08T14:53:53.9229370+01:00 [INF] @ApplicationLoaderHelper, environment var: "HOMEDRIVE": "C:" (SiteSelector.Domain.Processes.ProcessHandler) (1999c767)
2020-12-08T14:53:53.9229623+01:00 [INF] @ApplicationLoaderHelper, environment var: "HOMEPATH": "\Users\w-psog" (SiteSelector.Domain.Processes.ProcessHandler) (1999c767)
2020-12-08T14:53:53.9229848+01:00 [INF] @ApplicationLoaderHelper, environment var: "LOCALAPPDATA": "C:\Users\w-psog\AppData\Local" (SiteSelector.Domain.Processes.ProcessHandler) (1999c767)
2020-12-08T14:53:53.9230157+01:00 [INF] @ApplicationLoaderHelper, environment var: "LOGONSERVER": "\\DC02" (SiteSelector.Domain.Processes.ProcessHandler) (1999c767)
2020-12-08T14:53:53.9230382+01:00 [INF] @ApplicationLoaderHelper, environment var: "NUMBER_OF_PROCESSORS": "4" (SiteSelector.Domain.Processes.ProcessHandler) (1999c767)
2020-12-08T14:53:53.9230643+01:00 [INF] @ApplicationLoaderHelper, environment var: "OneDrive": "C:\Users\w-psog\OneDrive" (SiteSelector.Domain.Processes.ProcessHandler) (1999c767)
2020-12-08T14:53:53.9230859+01:00 [INF] @ApplicationLoaderHelper, environment var: "OS": "Windows_NT" (SiteSelector.Domain.Processes.ProcessHandler) (1999c767)
2020-12-08T14:53:53.9231196+01:00 [INF] @ApplicationLoaderHelper, environment var: "Path": "C:\Prog32\Oracle\Ora11GR2\bin\;C:\ProgramData\Oracle\Java\javapath;C:\WINDOWS\system32;C:\WINDOWS;C:\WINDOWS\System32\Wbem;C:\WINDOWS\System32\WindowsPowerShell\v1.0\;C:\WINDOWS\System32\OpenSSH\;C:\Users\w-psog\AppData\Local\Microsoft\WindowsApps" (SiteSelector.Domain.Processes.ProcessHandler) (1999c767)
2020-12-08T14:53:53.9231462+01:00 [INF] @ApplicationLoaderHelper, environment var: "PATHEXT": ".COM;.EXE;.BAT;.CMD;.VBS;.VBE;.JS;.JSE;.WSF;.WSH;.MSC" (SiteSelector.Domain.Processes.ProcessHandler) (1999c767)
2020-12-08T14:53:53.9231720+01:00 [INF] @ApplicationLoaderHelper, environment var: "PROCESSOR_ARCHITECTURE": "AMD64" (SiteSelector.Domain.Processes.ProcessHandler) (1999c767)
2020-12-08T14:53:53.9231944+01:00 [INF] @ApplicationLoaderHelper, environment var: "PROCESSOR_IDENTIFIER": "Intel64 Family 6 Model 142 Stepping 9, GenuineIntel" (SiteSelector.Domain.Processes.ProcessHandler) (1999c767)
2020-12-08T14:53:53.9232198+01:00 [INF] @ApplicationLoaderHelper, environment var: "PROCESSOR_LEVEL": "6" (SiteSelector.Domain.Processes.ProcessHandler) (1999c767)
2020-12-08T14:53:53.9232409+01:00 [INF] @ApplicationLoaderHelper, environment var: "PROCESSOR_REVISION": "8e09" (SiteSelector.Domain.Processes.ProcessHandler) (1999c767)
2020-12-08T14:53:53.9232663+01:00 [INF] @ApplicationLoaderHelper, environment var: "ProgramData": "C:\ProgramData" (SiteSelector.Domain.Processes.ProcessHandler) (1999c767)
2020-12-08T14:53:53.9232999+01:00 [INF] @ApplicationLoaderHelper, environment var: "ProgramFiles": "C:\Program Files" (SiteSelector.Domain.Processes.ProcessHandler) (1999c767)
2020-12-08T14:53:53.9233252+01:00 [INF] @ApplicationLoaderHelper, environment var: "ProgramFiles(x86)": "C:\Program Files (x86)" (SiteSelector.Domain.Processes.ProcessHandler) (1999c767)
2020-12-08T14:53:53.9233515+01:00 [INF] @ApplicationLoaderHelper, environment var: "ProgramW6432": "C:\Program Files" (SiteSelector.Domain.Processes.ProcessHandler) (1999c767)
2020-12-08T14:53:53.9233745+01:00 [INF] @ApplicationLoaderHelper, environment var: "PSModulePath": "%ProgramFiles(x86)%\WindowsPowerShell\Modules;C:\WINDOWS\system32\WindowsPowerShell\v1.0\Modules;C:\Prog32\AutoIt3\AutoItX" (SiteSelector.Domain.Processes.ProcessHandler) (1999c767)
2020-12-08T14:53:53.9234032+01:00 [INF] @ApplicationLoaderHelper, environment var: "PUBLIC": "C:\Users\Public" (SiteSelector.Domain.Processes.ProcessHandler) (1999c767)
2020-12-08T14:53:53.9234252+01:00 [INF] @ApplicationLoaderHelper, environment var: "SCITE_USERHOME": "C:\Users\w-psog\AppData\Local\AutoIt v3\SciTE" (SiteSelector.Domain.Processes.ProcessHandler) (1999c767)
2020-12-08T14:53:53.9234499+01:00 [INF] @ApplicationLoaderHelper, environment var: "SystemDrive": "C:" (SiteSelector.Domain.Processes.ProcessHandler) (1999c767)
2020-12-08T14:53:53.9234672+01:00 [INF] @ApplicationLoaderHelper, environment var: "SystemRoot": "C:\WINDOWS" (SiteSelector.Domain.Processes.ProcessHandler) (1999c767)
2020-12-08T14:53:53.9234890+01:00 [INF] @ApplicationLoaderHelper, environment var: "TEMP": "C:\Users\w-psog\AppData\Local\Temp" (SiteSelector.Domain.Processes.ProcessHandler) (1999c767)
2020-12-08T14:53:53.9235101+01:00 [INF] @ApplicationLoaderHelper, environment var: "TMP": "C:\Users\w-psog\AppData\Local\Temp" (SiteSelector.Domain.Processes.ProcessHandler) (1999c767)
2020-12-08T14:53:53.9235283+01:00 [INF] @ApplicationLoaderHelper, environment var: "UATDATA": "C:\WINDOWS\CCM\UATData\D9F8C395-CAB8-491d-B8AC-179A1FE1BE77" (SiteSelector.Domain.Processes.ProcessHandler) (1999c767)
2020-12-08T14:53:53.9235493+01:00 [INF] @ApplicationLoaderHelper, environment var: "USERDNSDOMAIN": "NET.DR.DK" (SiteSelector.Domain.Processes.ProcessHandler) (1999c767)
2020-12-08T14:53:53.9235667+01:00 [INF] @ApplicationLoaderHelper, environment var: "USERDOMAIN": "NET" (SiteSelector.Domain.Processes.ProcessHandler) (1999c767)
2020-12-08T14:53:53.9235878+01:00 [INF] @ApplicationLoaderHelper, environment var: "USERDOMAIN_ROAMINGPROFILE": "NET" (SiteSelector.Domain.Processes.ProcessHandler) (1999c767)
2020-12-08T14:53:53.9236049+01:00 [INF] @ApplicationLoaderHelper, environment var: "USERNAME": "w-psog" (SiteSelector.Domain.Processes.ProcessHandler) (1999c767)
2020-12-08T14:53:53.9236267+01:00 [INF] @ApplicationLoaderHelper, environment var: "USERPROFILE": "C:\Users\w-psog" (SiteSelector.Domain.Processes.ProcessHandler) (1999c767)
2020-12-08T14:53:53.9236492+01:00 [INF] @ApplicationLoaderHelper, environment var: "windir": "C:\WINDOWS" (SiteSelector.Domain.Processes.ProcessHandler) (1999c767)
2020-12-08T14:53:53.9821250+01:00 [INF] @ApplicationLoaderHelper, started process "C:\Program Files\Dalet\DaletPlus\bin\DaletGalaxy.exe -A Trusted -S DALG3APP01TST", PID: 4744 (SiteSelector.Domain.Processes.ProcessHandler) (cb3dba52)
2020-12-08T14:53:53.9822572+01:00 [INF] StartProcessAsUser - Started process: 4744 (SiteSelector.Domain.Processes.ProcessHandler) (018bf248)
2020-12-08T14:53:53.9822899+01:00 [INF] StartProcessEnvironmentAware. Process "C:\Program Files\Dalet\DaletPlus\bin\DaletGalaxy.exe" has been invoked. (SiteSelector.Domain.Processes.ProcessHandler) (f0f71640)
2020-12-08T14:53:53.9823195+01:00 [INF] StartGalaxy - started Dalet Galaxy: True (SiteSelector.Domain.SessionRespond.Launcher) (bddbbfc5)
2020-12-08T14:53:53.9823852+01:00 [INF] Now Switching to site "DALG3test" (SiteSelector.Pages.MainPage.MainComponent) (105e6a29)
2020-12-08T14:53:53.9831583+01:00 [INF] SendEvent: StartGalaxy - Success - "Successfully started Galaxy" - "DALG3test" (SiteSelector.Domain.SessionRespond.ActorSessionRespond) (a9efe48d)
2020-12-08T14:53:53.9831884+01:00 [INF] Successfully started Dalet Galaxy. (SiteSelector.Domain.SessionRespond.ActorSessionRespond) (df2d65df)
2020-12-08T14:53:54.0039448+01:00 [INF] Successfully build configuration (SiteSelector.Domain.Persist.PersistAppSettings) (34a2c1a5)
2020-12-08T14:53:54.0058866+01:00 [INF] Disposing now (SiteSelector.Pages.MainPage.MainComponent) (7c5e0a46)
2020-12-08T14:53:54.0059937+01:00 [INF] Unsubscribed to all events. (SiteSelector.Pages.MainPage.MainComponent) (8a173910)
2020-12-08T14:53:54.0060718+01:00 [INF] Disposing now (SiteSelector.Pages.MainPage.SitesListComponent) (7c5e0a46)
2020-12-08T14:53:54.0068669+01:00 [INF] Successfully updated configuration to appsettings.json (SiteSelector.Domain.Persist.PersistAppSettings) (de26bb35)
2020-12-08T14:53:54.0076081+01:00 [INF] Galaxy was started: True (SiteSelector.Pages.MainPage.SitesListComponent) (86cbc7be)
2020-12-08T14:53:57.0081989+01:00 [INF] Request starting HTTP/2 POST https://localhost:5055/_blazor/disconnect multipart/form-data; boundary=---------------------------7e43e538105ca 363 (Microsoft.AspNetCore.Hosting.Diagnostics) (ca22a1cb)
2020-12-08T14:53:57.0088760+01:00 [INF] Executing endpoint '"Blazor disconnect"' (Microsoft.AspNetCore.Routing.EndpointMiddleware) (500cc934)
2020-12-08T14:53:57.0113981+01:00 [INF] Executed endpoint '"Blazor disconnect"' (Microsoft.AspNetCore.Routing.EndpointMiddleware) (99874f2b)
2020-12-08T14:53:57.0119563+01:00 [INF] Request finished in 3.8438ms 200  (Microsoft.AspNetCore.Hosting.Diagnostics) (791a596a)
2020-12-08T14:53:57.0198316+01:00 [INF] Request starting HTTP/2 GET https://localhost:5055/html/SwitchComplete.html   (Microsoft.AspNetCore.Hosting.Diagnostics) (ca22a1cb)
2020-12-08T14:53:57.0205490+01:00 [INF] The file "/html/SwitchComplete.html" was not modified (Microsoft.AspNetCore.StaticFiles.StaticFileMiddleware) (f1f8d725)
2020-12-08T14:53:57.0207552+01:00 [INF] Request finished in 1.0111ms 304 text/html (Microsoft.AspNetCore.Hosting.Diagnostics) (791a596a)
2020-12-08T14:53:57.0679668+01:00 [INF] Executed endpoint '"/_blazor"' (Microsoft.AspNetCore.Routing.EndpointMiddleware) (99874f2b)
2020-12-08T14:53:57.0680646+01:00 [INF] Request finished in 22317.6937ms 101  (Microsoft.AspNetCore.Hosting.Diagnostics) (791a596a)
2020-12-08T14:54:57.0675792+01:00 [ERR] Unhandled exception in circuit '"_jPiGBn1u8aMUTo_MiUT6wNaDnD16_-kUUG7T_e6zQQ"'. (Microsoft.AspNetCore.Components.Server.Circuits.CircuitHost) (47be2d5d)
System.Threading.Tasks.TaskCanceledException: A task was canceled.
   at Microsoft.JSInterop.JSRuntime.InvokeWithDefaultCancellation[T](String identifier, Object[] args)
   at Microsoft.JSInterop.JSRuntimeExtensions.InvokeVoidAsync(IJSRuntime jsRuntime, String identifier, Object[] args)
   at SiteSelector.Pages.MainPage.MainComponent.GalaxyWasStarted(SessionEventArgs sessionEvent)
   at SiteSelector.Pages.MainPage.MainComponent.HandleOnActorSessionRespond(Object sender, SessionEventArgs sessionEvent)
   at SiteSelector.Pages.MainPage.MainComponent.HandleSessionEvents(Object sender, SessionEventArgs sessionEvent)
   at System.Threading.Tasks.Task.<>c.<ThrowAsync>b__139_0(Object state)
   at Microsoft.AspNetCore.Components.Rendering.RendererSynchronizationContext.ExecuteSynchronously(TaskCompletionSource`1 completion, SendOrPostCallback d, Object state)
   at System.Threading.ExecutionContext.RunInternal(ExecutionContext executionContext, ContextCallback callback, Object state)
--- End of stack trace from previous location where exception was thrown ---
   at Microsoft.AspNetCore.Components.Rendering.RendererSynchronizationContext.ExecuteBackground(WorkItem item)
