2020-12-09T10:03:47.8178617+01:00 [INF] Request starting HTTP/2 GET https://localhost:5055/SiteSelector   (Microsoft.AspNetCore.Hosting.Diagnostics) (ca22a1cb)
2020-12-09T10:03:47.8182781+01:00 [INF] Executing endpoint '"/_Host"' (Microsoft.AspNetCore.Routing.EndpointMiddleware) (500cc934)
2020-12-09T10:03:47.8186421+01:00 [INF] Route matched with "{page = \"/_Host\", action = \"\", controller = \"\"}". Executing page "/_Host" (Microsoft.AspNetCore.Mvc.RazorPages.Infrastructure.PageActionInvoker) (547e620f)
2020-12-09T10:03:47.8198609+01:00 [INF] Executing an implicit handler method - ModelState is Valid (Microsoft.AspNetCore.Mvc.RazorPages.Infrastructure.PageActionInvoker) (232a55d1)
2020-12-09T10:03:47.8199308+01:00 [INF] Executed an implicit handler method, returned result "Microsoft.AspNetCore.Mvc.RazorPages.PageResult". (Microsoft.AspNetCore.Mvc.RazorPages.Infrastructure.PageActionInvoker) (f857da66)
2020-12-09T10:03:47.8223316+01:00 [INF] Executed page "/_Host" in 3.5599ms (Microsoft.AspNetCore.Mvc.RazorPages.Infrastructure.PageActionInvoker) (02e01280)
2020-12-09T10:03:47.8223905+01:00 [INF] Executed endpoint '"/_Host"' (Microsoft.AspNetCore.Routing.EndpointMiddleware) (99874f2b)
2020-12-09T10:03:47.8225640+01:00 [INF] Request finished in 4.8956ms 200 text/html; charset=utf-8 (Microsoft.AspNetCore.Hosting.Diagnostics) (791a596a)
2020-12-09T10:03:47.8277944+01:00 [INF] Request starting HTTP/2 GET https://localhost:5055/js/interop.js   (Microsoft.AspNetCore.Hosting.Diagnostics) (ca22a1cb)
2020-12-09T10:03:47.8278793+01:00 [INF] Request starting HTTP/2 GET https://localhost:5055/css/bootstrap/bootstrap.min.css   (Microsoft.AspNetCore.Hosting.Diagnostics) (ca22a1cb)
2020-12-09T10:03:47.8278931+01:00 [INF] Request starting HTTP/2 GET https://localhost:5055/css/site.css   (Microsoft.AspNetCore.Hosting.Diagnostics) (ca22a1cb)
2020-12-09T10:03:47.8283536+01:00 [INF] The file "/css/bootstrap/bootstrap.min.css" was not modified (Microsoft.AspNetCore.StaticFiles.StaticFileMiddleware) (f1f8d725)
2020-12-09T10:03:47.8283539+01:00 [INF] The file "/css/site.css" was not modified (Microsoft.AspNetCore.StaticFiles.StaticFileMiddleware) (f1f8d725)
2020-12-09T10:03:47.8283539+01:00 [INF] The file "/js/interop.js" was not modified (Microsoft.AspNetCore.StaticFiles.StaticFileMiddleware) (f1f8d725)
2020-12-09T10:03:47.8285574+01:00 [INF] Request finished in 0.8076ms 304 application/javascript (Microsoft.AspNetCore.Hosting.Diagnostics) (791a596a)
2020-12-09T10:03:47.8285817+01:00 [INF] Request finished in 0.7063ms 304 text/css (Microsoft.AspNetCore.Hosting.Diagnostics) (791a596a)
2020-12-09T10:03:47.8285847+01:00 [INF] Request finished in 0.7324ms 304 text/css (Microsoft.AspNetCore.Hosting.Diagnostics) (791a596a)
2020-12-09T10:03:47.8452871+01:00 [INF] Request starting HTTP/2 GET https://localhost:5055/css/open-iconic/font/css/open-iconic-bootstrap.min.css   (Microsoft.AspNetCore.Hosting.Diagnostics) (ca22a1cb)
2020-12-09T10:03:47.8456438+01:00 [INF] The file "/css/open-iconic/font/css/open-iconic-bootstrap.min.css" was not modified (Microsoft.AspNetCore.StaticFiles.StaticFileMiddleware) (f1f8d725)
2020-12-09T10:03:47.8457798+01:00 [INF] Request finished in 0.5275ms 304 text/css (Microsoft.AspNetCore.Hosting.Diagnostics) (791a596a)
2020-12-09T10:03:47.8855195+01:00 [INF] Request starting HTTP/2 GET https://localhost:5055/_framework/blazor.server.js   (Microsoft.AspNetCore.Hosting.Diagnostics) (ca22a1cb)
2020-12-09T10:03:47.8856975+01:00 [INF] The file "/_framework/blazor.server.js" was not modified (Microsoft.AspNetCore.StaticFiles.StaticFileMiddleware) (f1f8d725)
2020-12-09T10:03:47.8858064+01:00 [INF] Request finished in 0.328ms 304 application/javascript (Microsoft.AspNetCore.Hosting.Diagnostics) (791a596a)
2020-12-09T10:03:47.9147793+01:00 [INF] Request starting HTTP/2 POST https://localhost:5055/_blazor/negotiate?negotiateVersion=1 text/plain;charset=UTF-8 0 (Microsoft.AspNetCore.Hosting.Diagnostics) (ca22a1cb)
2020-12-09T10:03:47.9149728+01:00 [INF] Executing endpoint '"/_blazor/negotiate"' (Microsoft.AspNetCore.Routing.EndpointMiddleware) (500cc934)
2020-12-09T10:03:47.9154965+01:00 [INF] Executed endpoint '"/_blazor/negotiate"' (Microsoft.AspNetCore.Routing.EndpointMiddleware) (99874f2b)
2020-12-09T10:03:47.9155859+01:00 [INF] Request finished in 0.8363ms 200 application/json (Microsoft.AspNetCore.Hosting.Diagnostics) (791a596a)
2020-12-09T10:03:47.9200735+01:00 [INF] Request starting HTTP/1.1 GET https://localhost:5055/_blazor?id=RHbhNrg6SGY3dUgOpLe_jw   (Microsoft.AspNetCore.Hosting.Diagnostics) (ca22a1cb)
2020-12-09T10:03:47.9201888+01:00 [INF] Executing endpoint '"/_blazor"' (Microsoft.AspNetCore.Routing.EndpointMiddleware) (500cc934)
2020-12-09T10:03:47.9367701+01:00 [INF] Running SetupSession (SiteSelector.Domain.SessionStart.ActorSessionStart) (7e9ff657)
2020-12-09T10:03:47.9406535+01:00 [INF] Found galaxy-client in configuration: "Galaxy Systemvælger" (SiteSelector.Domain.Persist.ReadConfigXml) (88c8e810)
2020-12-09T10:03:47.9407671+01:00 [INF] @GetDaletServiceIsInstalled, looking for service: "DaletService" (SiteSelector.Domain.SessionStart.CheckEnvironment) (bb0ef24c)
2020-12-09T10:03:47.9413454+01:00 [INF] Found service "DaletService" in state: StartService (SiteSelector.Domain.Services.ServiceHandler) (d73723f9)
2020-12-09T10:03:47.9414625+01:00 [INF] @GetDaletServiceIsInstalled, found service "DaletService": True (SiteSelector.Domain.SessionStart.CheckEnvironment) (10d3e8ac)
2020-12-09T10:03:47.9446520+01:00 [INF] Could not detect "DaletGalaxy". (SiteSelector.Domain.Processes.ProcessHandler) (37043ae9)
2020-12-09T10:03:47.9447122+01:00 [INF] Detected "DaletGalaxy" running on client:False (SiteSelector.Domain.Processes.ProcessHandler) (92f7db5d)
2020-12-09T10:03:47.9609251+01:00 [INF] Request starting HTTP/2 GET https://localhost:5055/css/open-iconic/font/fonts/open-iconic.woff   (Microsoft.AspNetCore.Hosting.Diagnostics) (ca22a1cb)
2020-12-09T10:03:47.9612832+01:00 [INF] The file "/css/open-iconic/font/fonts/open-iconic.woff" was not modified (Microsoft.AspNetCore.StaticFiles.StaticFileMiddleware) (f1f8d725)
2020-12-09T10:03:47.9614232+01:00 [INF] Request finished in 0.5757ms 304 application/font-woff (Microsoft.AspNetCore.Hosting.Diagnostics) (791a596a)
2020-12-09T10:03:48.0140375+01:00 [INF] DetectGalaxyRunning - Galaxy is running: False (SiteSelector.Domain.SessionStart.CheckEnvironment) (fd1e0f1e)
2020-12-09T10:03:48.1084213+01:00 [INF] Found user "w-efl", is allowed to see test-sites: True (SiteSelector.Domain.SessionStart.CheckEnvironment) (7a41e528)
2020-12-09T10:03:48.1084733+01:00 [INF] Test-sites should be included in site-listing: True (SiteSelector.Domain.SessionStart.CheckEnvironment) (375b5f05)
2020-12-09T10:03:48.1088485+01:00 [INF] Found local SiteSelector.xml at "C:\ProgramData\GalaxySiteSelector\SiteSelector.xml" (SiteSelector.Domain.SessionStart.UpdateLocalSiteSelectorXml) (926e481e)
2020-12-09T10:03:48.1117997+01:00 [INF] Found "\\dalet1\DpShare\SiteSelector\config\SiteSelector.xml": True (SiteSelector.Domain.SessionStart.UpdateLocalSiteSelectorXml) (43bd9e6d)
2020-12-09T10:03:48.1121572+01:00 [INF] Local SiteSelector.xml was detected: True (SiteSelector.Domain.SessionStart.UpdateLocalSiteSelectorXml) (0845ccfd)
2020-12-09T10:03:48.1121810+01:00 [INF] Local SiteSelector.xml was updated from "\\dalet1\DpShare\SiteSelector\config\SiteSelector.xml": False (SiteSelector.Domain.SessionStart.UpdateLocalSiteSelectorXml) (40a93371)
2020-12-09T10:03:48.1127090+01:00 [INF] Found 7 galaxy-sites in sites-list. (SiteSelector.Domain.Persist.ReadConfigXml) (ee6a3325)
2020-12-09T10:03:48.1131125+01:00 [INF] Succesfully read file: "C:\ProgramData\DaletPlusData\config.ini" (SiteSelector.Domain.SessionStart.HandleConfigIni) (70338fcf)
2020-12-09T10:03:48.1133837+01:00 [INF] Succesfully read file: "C:\ProgramData\DaletPlusData\config.ini" (SiteSelector.Domain.SessionStart.HandleConfigIni) (70338fcf)
2020-12-09T10:03:48.1134511+01:00 [INF] Completed SetupSession (SiteSelector.Domain.SessionStart.ActorSessionStart) (f17818b2)
2020-12-09T10:03:48.1134759+01:00 [INF] DaletService exists on client: True (SiteSelector.Pages.MainPage.MainComponent) (ac368e96)
2020-12-09T10:03:48.1137225+01:00 [INF] UI found current site: True (SiteSelector.Pages.MainPage.SitesListComponent) (8d1f5b96)
2020-12-09T10:03:54.8833089+01:00 [INF] Request starting HTTP/2 POST https://localhost:5055/_blazor/disconnect multipart/form-data; boundary=---------------------------7e436f3630674 363 (Microsoft.AspNetCore.Hosting.Diagnostics) (ca22a1cb)
2020-12-09T10:03:54.8839648+01:00 [INF] Executing endpoint '"Blazor disconnect"' (Microsoft.AspNetCore.Routing.EndpointMiddleware) (500cc934)
2020-12-09T10:03:54.8854577+01:00 [INF] Disposing now (SiteSelector.Pages.MainPage.MainComponent) (7c5e0a46)
2020-12-09T10:03:54.8857224+01:00 [INF] Unsubscribed to all events. (SiteSelector.Pages.MainPage.MainComponent) (8a173910)
2020-12-09T10:03:54.8858539+01:00 [INF] Disposing now (SiteSelector.Pages.MainPage.SitesListComponent) (7c5e0a46)
2020-12-09T10:03:54.8860314+01:00 [INF] Executed endpoint '"Blazor disconnect"' (Microsoft.AspNetCore.Routing.EndpointMiddleware) (99874f2b)
2020-12-09T10:03:54.8865692+01:00 [INF] Request finished in 3.3147ms 200  (Microsoft.AspNetCore.Hosting.Diagnostics) (791a596a)
2020-12-09T10:03:54.8972522+01:00 [INF] Executed endpoint '"/_blazor"' (Microsoft.AspNetCore.Routing.EndpointMiddleware) (99874f2b)
2020-12-09T10:03:54.8974689+01:00 [INF] Request finished in 6977.303ms 101  (Microsoft.AspNetCore.Hosting.Diagnostics) (791a596a)
2020-12-09T10:05:30.4526152+01:00 [INF] "GalaxySiteSelector" - service version: "0.9.5.5", library version: "0.9.5.9" - machinename: "TX82564" (SiteSelector.Program) (b27fd4b2)
2020-12-09T10:05:30.4968108+01:00 [INF] User profile is available. Using '"C:\WINDOWS\system32\config\systemprofile\AppData\Local\ASP.NET\DataProtection-Keys"' as key repository and Windows DPAPI to encrypt keys at rest. (Microsoft.AspNetCore.DataProtection.KeyManagement.XmlKeyManager) (7ac5e29c)
2020-12-09T10:05:30.9691026+01:00 [INF] Now listening on: "https://[::]:5055" (Microsoft.Hosting.Lifetime) (d826f4b8)
2020-12-09T10:05:30.9692853+01:00 [INF] Application started. Hosting environment: "Production"; Content root path: "C:\ProgramData\GalaxySiteSelector" (Microsoft.Hosting.Lifetime) (9029d6f8)
2020-12-09T16:12:50.6690455+01:00 [INF] Request starting HTTP/2 GET https://localhost:5055/SiteSelector   (Microsoft.AspNetCore.Hosting.Diagnostics) (ca22a1cb)
2020-12-09T16:12:50.6960962+01:00 [INF] Executing endpoint '"/_Host"' (Microsoft.AspNetCore.Routing.EndpointMiddleware) (500cc934)
2020-12-09T16:12:50.7266716+01:00 [INF] Route matched with "{page = \"/_Host\", action = \"\", controller = \"\"}". Executing page "/_Host" (Microsoft.AspNetCore.Mvc.RazorPages.Infrastructure.PageActionInvoker) (547e620f)
2020-12-09T16:12:50.7371228+01:00 [INF] Executing an implicit handler method - ModelState is Valid (Microsoft.AspNetCore.Mvc.RazorPages.Infrastructure.PageActionInvoker) (232a55d1)
2020-12-09T16:12:50.7372754+01:00 [INF] Executed an implicit handler method, returned result "Microsoft.AspNetCore.Mvc.RazorPages.PageResult". (Microsoft.AspNetCore.Mvc.RazorPages.Infrastructure.PageActionInvoker) (f857da66)
2020-12-09T16:12:50.7785954+01:00 [INF] Executed page "/_Host" in 45.9949ms (Microsoft.AspNetCore.Mvc.RazorPages.Infrastructure.PageActionInvoker) (02e01280)
2020-12-09T16:12:50.7787502+01:00 [INF] Executed endpoint '"/_Host"' (Microsoft.AspNetCore.Routing.EndpointMiddleware) (99874f2b)
2020-12-09T16:12:50.7796585+01:00 [INF] Request starting HTTP/2 GET https://localhost:5055/css/bootstrap/bootstrap.min.css   (Microsoft.AspNetCore.Hosting.Diagnostics) (ca22a1cb)
2020-12-09T16:12:50.7796584+01:00 [INF] Request starting HTTP/2 GET https://localhost:5055/js/interop.js   (Microsoft.AspNetCore.Hosting.Diagnostics) (ca22a1cb)
2020-12-09T16:12:50.7796583+01:00 [INF] Request starting HTTP/2 GET https://localhost:5055/css/site.css   (Microsoft.AspNetCore.Hosting.Diagnostics) (ca22a1cb)
2020-12-09T16:12:50.7810337+01:00 [INF] Request finished in 114.4985ms 200 text/html; charset=utf-8 (Microsoft.AspNetCore.Hosting.Diagnostics) (791a596a)
2020-12-09T16:12:50.7861102+01:00 [INF] The file "/js/interop.js" was not modified (Microsoft.AspNetCore.StaticFiles.StaticFileMiddleware) (f1f8d725)
2020-12-09T16:12:50.7861104+01:00 [INF] The file "/css/bootstrap/bootstrap.min.css" was not modified (Microsoft.AspNetCore.StaticFiles.StaticFileMiddleware) (f1f8d725)
2020-12-09T16:12:50.7861104+01:00 [INF] The file "/css/site.css" was not modified (Microsoft.AspNetCore.StaticFiles.StaticFileMiddleware) (f1f8d725)
2020-12-09T16:12:50.7872596+01:00 [INF] Request finished in 7.622ms 304 text/css (Microsoft.AspNetCore.Hosting.Diagnostics) (791a596a)
2020-12-09T16:12:50.7872598+01:00 [INF] Request finished in 7.6299ms 304 application/javascript (Microsoft.AspNetCore.Hosting.Diagnostics) (791a596a)
2020-12-09T16:12:50.7872836+01:00 [INF] Request finished in 7.6953ms 304 text/css (Microsoft.AspNetCore.Hosting.Diagnostics) (791a596a)
2020-12-09T16:12:50.8080526+01:00 [INF] Request starting HTTP/2 GET https://localhost:5055/css/open-iconic/font/css/open-iconic-bootstrap.min.css   (Microsoft.AspNetCore.Hosting.Diagnostics) (ca22a1cb)
2020-12-09T16:12:50.8092887+01:00 [INF] The file "/css/open-iconic/font/css/open-iconic-bootstrap.min.css" was not modified (Microsoft.AspNetCore.StaticFiles.StaticFileMiddleware) (f1f8d725)
2020-12-09T16:12:50.8094520+01:00 [INF] Request finished in 1.4281ms 304 text/css (Microsoft.AspNetCore.Hosting.Diagnostics) (791a596a)
2020-12-09T16:12:50.8412643+01:00 [INF] Request starting HTTP/2 GET https://localhost:5055/_framework/blazor.server.js   (Microsoft.AspNetCore.Hosting.Diagnostics) (ca22a1cb)
2020-12-09T16:12:50.8419013+01:00 [INF] The file "/_framework/blazor.server.js" was not modified (Microsoft.AspNetCore.StaticFiles.StaticFileMiddleware) (f1f8d725)
2020-12-09T16:12:50.8420218+01:00 [INF] Request finished in 0.7918ms 304 application/javascript (Microsoft.AspNetCore.Hosting.Diagnostics) (791a596a)
2020-12-09T16:12:50.8725697+01:00 [INF] Request starting HTTP/2 POST https://localhost:5055/_blazor/negotiate?negotiateVersion=1 text/plain;charset=UTF-8 0 (Microsoft.AspNetCore.Hosting.Diagnostics) (ca22a1cb)
2020-12-09T16:12:50.8738316+01:00 [INF] Executing endpoint '"/_blazor/negotiate"' (Microsoft.AspNetCore.Routing.EndpointMiddleware) (500cc934)
2020-12-09T16:12:50.8790085+01:00 [INF] Executed endpoint '"/_blazor/negotiate"' (Microsoft.AspNetCore.Routing.EndpointMiddleware) (99874f2b)
2020-12-09T16:12:50.8791048+01:00 [INF] Request finished in 6.6243ms 200 application/json (Microsoft.AspNetCore.Hosting.Diagnostics) (791a596a)
2020-12-09T16:12:50.8850859+01:00 [INF] Request starting HTTP/1.1 GET https://localhost:5055/_blazor?id=88w8JdwfGCd2hvVsQB4fKQ   (Microsoft.AspNetCore.Hosting.Diagnostics) (ca22a1cb)
2020-12-09T16:12:50.8853874+01:00 [INF] Executing endpoint '"/_blazor"' (Microsoft.AspNetCore.Routing.EndpointMiddleware) (500cc934)
2020-12-09T16:12:50.9612858+01:00 [INF] Running SetupSession (SiteSelector.Domain.SessionStart.ActorSessionStart) (7e9ff657)
2020-12-09T16:12:50.9846592+01:00 [INF] Found galaxy-client in configuration: "Galaxy Systemvælger" (SiteSelector.Domain.Persist.ReadConfigXml) (88c8e810)
2020-12-09T16:12:50.9850619+01:00 [INF] @GetDaletServiceIsInstalled, looking for service: "DaletService" (SiteSelector.Domain.SessionStart.CheckEnvironment) (bb0ef24c)
2020-12-09T16:12:50.9869960+01:00 [INF] Found service "DaletService" in state: StopService (SiteSelector.Domain.Services.ServiceHandler) (d73723f9)
2020-12-09T16:12:50.9871232+01:00 [INF] @GetDaletServiceIsInstalled, found service "DaletService": True (SiteSelector.Domain.SessionStart.CheckEnvironment) (10d3e8ac)
2020-12-09T16:12:50.9939645+01:00 [INF] Could not detect "DaletGalaxy". (SiteSelector.Domain.Processes.ProcessHandler) (37043ae9)
2020-12-09T16:12:50.9940245+01:00 [INF] Detected "DaletGalaxy" running on client:False (SiteSelector.Domain.Processes.ProcessHandler) (92f7db5d)
2020-12-09T16:12:51.0349869+01:00 [INF] DetectGalaxyRunning - Galaxy is running: False (SiteSelector.Domain.SessionStart.CheckEnvironment) (fd1e0f1e)
2020-12-09T16:12:51.0528686+01:00 [INF] Request starting HTTP/2 GET https://localhost:5055/css/open-iconic/font/fonts/open-iconic.woff   (Microsoft.AspNetCore.Hosting.Diagnostics) (ca22a1cb)
2020-12-09T16:12:51.0536832+01:00 [INF] The file "/css/open-iconic/font/fonts/open-iconic.woff" was not modified (Microsoft.AspNetCore.StaticFiles.StaticFileMiddleware) (f1f8d725)
2020-12-09T16:12:51.0539907+01:00 [INF] Request finished in 1.2143ms 304 application/font-woff (Microsoft.AspNetCore.Hosting.Diagnostics) (791a596a)
2020-12-09T16:12:51.1933949+01:00 [INF] Found user "w-efl", is allowed to see test-sites: True (SiteSelector.Domain.SessionStart.CheckEnvironment) (7a41e528)
2020-12-09T16:12:51.1934600+01:00 [INF] Test-sites should be included in site-listing: True (SiteSelector.Domain.SessionStart.CheckEnvironment) (375b5f05)
2020-12-09T16:12:51.1967901+01:00 [INF] Found local SiteSelector.xml at "C:\ProgramData\GalaxySiteSelector\SiteSelector.xml" (SiteSelector.Domain.SessionStart.UpdateLocalSiteSelectorXml) (926e481e)
2020-12-09T16:12:51.1992204+01:00 [INF] Found "\\dalet1\DpShare\SiteSelector\config\SiteSelector.xml": True (SiteSelector.Domain.SessionStart.UpdateLocalSiteSelectorXml) (43bd9e6d)
2020-12-09T16:12:51.1996679+01:00 [INF] Local SiteSelector.xml was detected: True (SiteSelector.Domain.SessionStart.UpdateLocalSiteSelectorXml) (0845ccfd)
2020-12-09T16:12:51.1997109+01:00 [INF] Local SiteSelector.xml was updated from "\\dalet1\DpShare\SiteSelector\config\SiteSelector.xml": False (SiteSelector.Domain.SessionStart.UpdateLocalSiteSelectorXml) (40a93371)
2020-12-09T16:12:51.2010739+01:00 [INF] Found 7 galaxy-sites in sites-list. (SiteSelector.Domain.Persist.ReadConfigXml) (ee6a3325)
2020-12-09T16:12:51.2045426+01:00 [INF] Succesfully read file: "C:\ProgramData\DaletPlusData\config.ini" (SiteSelector.Domain.SessionStart.HandleConfigIni) (70338fcf)
2020-12-09T16:12:51.2055576+01:00 [INF] Succesfully read file: "C:\ProgramData\DaletPlusData\config.ini" (SiteSelector.Domain.SessionStart.HandleConfigIni) (70338fcf)
2020-12-09T16:12:51.2058644+01:00 [INF] Completed SetupSession (SiteSelector.Domain.SessionStart.ActorSessionStart) (f17818b2)
2020-12-09T16:12:51.2061915+01:00 [INF] DaletService exists on client: True (SiteSelector.Pages.MainPage.MainComponent) (ac368e96)
2020-12-09T16:12:51.2068151+01:00 [INF] UI found current site: True (SiteSelector.Pages.MainPage.SitesListComponent) (8d1f5b96)
2020-12-09T16:12:54.7942792+01:00 [INF] Clicked it: DALG2 (SiteSelector.Pages.MainPage.SitesListComponent) (7faeb06a)
2020-12-09T16:12:58.4598006+01:00 [INF] User requested site: "DALG2", AsWinUser: False, Restart Service: True (SiteSelector.Pages.MainPage.SitesListComponent) (d8efe5db)
2020-12-09T16:12:58.4641954+01:00 [INF] SendEvent: Message - Waiting - "Trying to stop DaletService." - "(null)" (SiteSelector.Domain.SessionRespond.ActorSessionRespond) (a9efe48d)
2020-12-09T16:12:58.4654775+01:00 [INF] Found service "DaletService" in state: StopService (SiteSelector.Domain.Services.ServiceHandler) (d73723f9)
2020-12-09T16:12:58.4655871+01:00 [INF] Trying to stop "DaletService". (SiteSelector.Domain.SessionRespond.StartStopDaletService) (04887d2e)
2020-12-09T16:12:58.4801245+01:00 [INF] Found 1 processes in DaletServiceXml. (SiteSelector.Domain.Persist.ReadDaletServiceXml) (a289d3dd)
2020-12-09T16:12:58.5240399+01:00 [INF] @InvokeRestartManager, process "LOCAL-ChannelDetectorAgent_1" is added to kill-list. (SiteSelector.Domain.SessionRespond.StartStopDaletService) (06cb7ec8)
2020-12-09T16:12:59.0640559+01:00 [INF] StartProcessAndWait: "-201 - unknown Exitcode." (SiteSelector.Domain.Processes.ProcessHandler) (75e65bc8)
2020-12-09T16:12:59.0664555+01:00 [INF] @InvokeRestartManager, completed action. (SiteSelector.Domain.SessionRespond.StartStopDaletService) (96d20844)
2020-12-09T16:12:59.0667661+01:00 [INF] @CheckForRunningProcesses, try#: 1 (SiteSelector.Domain.SessionRespond.StartStopDaletService) (e0f04456)
2020-12-09T16:12:59.0688992+01:00 [INF] Could not detect "ASIOServerAgent". (SiteSelector.Domain.Processes.ProcessHandler) (37043ae9)
2020-12-09T16:12:59.0689433+01:00 [INF] Detected "ASIOServerAgent" running on client:False (SiteSelector.Domain.Processes.ProcessHandler) (92f7db5d)
2020-12-09T16:12:59.0712303+01:00 [INF] Could not detect "MediaChannelContainer". (SiteSelector.Domain.Processes.ProcessHandler) (37043ae9)
2020-12-09T16:12:59.0712736+01:00 [INF] Detected "MediaChannelContainer" running on client:False (SiteSelector.Domain.Processes.ProcessHandler) (92f7db5d)
2020-12-09T16:12:59.0731108+01:00 [INF] Could not detect "bs_server". (SiteSelector.Domain.Processes.ProcessHandler) (37043ae9)
2020-12-09T16:12:59.0731507+01:00 [INF] Detected "bs_server" running on client:False (SiteSelector.Domain.Processes.ProcessHandler) (92f7db5d)
2020-12-09T16:12:59.0749526+01:00 [INF] Could not detect "ChannelDetectorAgent". (SiteSelector.Domain.Processes.ProcessHandler) (37043ae9)
2020-12-09T16:12:59.0749893+01:00 [INF] Detected "ChannelDetectorAgent" running on client:False (SiteSelector.Domain.Processes.ProcessHandler) (92f7db5d)
2020-12-09T16:12:59.0766854+01:00 [INF] Could not detect "ControlDeviceAgent". (SiteSelector.Domain.Processes.ProcessHandler) (37043ae9)
2020-12-09T16:12:59.0767305+01:00 [INF] Detected "ControlDeviceAgent" running on client:False (SiteSelector.Domain.Processes.ProcessHandler) (92f7db5d)
2020-12-09T16:12:59.0785473+01:00 [INF] @StopServiceAsync, current attempt# 1 (SiteSelector.Domain.Services.ServiceHandler) (75b481b3)
2020-12-09T16:12:59.0804765+01:00 [INF] SendEvent: Message - Success - "DaletService was stopped successfully." - "(null)" (SiteSelector.Domain.SessionRespond.ActorSessionRespond) (a9efe48d)
2020-12-09T16:12:59.0810148+01:00 [INF] Looking for DaletServiceSource-folder at "\\DALET1\DpShare\DALG2\DS_Config\TX82564" (SiteSelector.Domain.SessionRespond.DaletServiceXml) (4ccc8816)
2020-12-09T16:12:59.0832386+01:00 [INF] DaletServiceSource-folder at "\\DALET1\DpShare\DALG2\DS_Config\TX82564" detected: False (SiteSelector.Domain.SessionRespond.DaletServiceXml) (cfe69921)
2020-12-09T16:12:59.0832935+01:00 [INF] Preparing to acquire DaletServiceSourceXml. (SiteSelector.Domain.SessionRespond.DaletServiceXml) (d75359a2)
2020-12-09T16:12:59.0833131+01:00 [INF] preparing to invoke Generator... (SiteSelector.Domain.SessionRespond.DaletServiceXml) (4f17ac6c)
2020-12-09T16:12:59.2459071+01:00 [INF] StartProcessAndWait: "The operation completed successfully." (SiteSelector.Domain.Processes.ProcessHandler) (75e65bc8)
2020-12-09T16:12:59.2459924+01:00 [INF] InvokeGenerator "\\DALET1\DpShare\DALG2\DS_Config\_std\Copy_std.cmd" was invoked successfully. (SiteSelector.Domain.SessionRespond.DaletServiceXml) (e9b26421)
2020-12-09T16:12:59.2468066+01:00 [INF] SendEvent: Message - Success - "DaletService.xml was acquired successfully." - "(null)" (SiteSelector.Domain.SessionRespond.ActorSessionRespond) (a9efe48d)
2020-12-09T16:12:59.2485305+01:00 [INF] Succesfully read file: "C:\ProgramData\DaletPlusData\config.ini" (SiteSelector.Domain.SessionStart.HandleConfigIni) (70338fcf)
2020-12-09T16:12:59.2494969+01:00 [INF] Succesfully read file: "C:\ProgramData\DaletPlusData\config.ini" (SiteSelector.Domain.SessionStart.HandleConfigIni) (70338fcf)
2020-12-09T16:12:59.2508443+01:00 [INF] Succesfully wrote file: "C:\ProgramData\DaletPlusData\config.ini" (SiteSelector.Domain.SessionStart.HandleConfigIni) (073e61d3)
2020-12-09T16:12:59.2509405+01:00 [INF] Succesfully updated config.ini to "DALG2APP11 DALG2APP12": True (SiteSelector.Domain.SessionRespond.UpdateConfigIni) (4d06f4d8)
2020-12-09T16:12:59.2514055+01:00 [INF] SendEvent: Message - Success - "Config.ini was updated successfully." - "(null)" (SiteSelector.Domain.SessionRespond.ActorSessionRespond) (a9efe48d)
2020-12-09T16:12:59.2519065+01:00 [INF] SendEvent: Message - Waiting - "Preparing to start Galaxy." - "(null)" (SiteSelector.Domain.SessionRespond.ActorSessionRespond) (a9efe48d)
2020-12-09T16:12:59.2523277+01:00 [INF] Preparing to restart service: "DaletService" (SiteSelector.Domain.SessionRespond.Launcher) (5a64e8b2)
2020-12-09T16:12:59.2533629+01:00 [INF] Found service "DaletService" in state: StopService (SiteSelector.Domain.Services.ServiceHandler) (d73723f9)
2020-12-09T16:12:59.2551276+01:00 [INF] @StopServiceAsync, current attempt# 1 (SiteSelector.Domain.Services.ServiceHandler) (75b481b3)
2020-12-09T16:12:59.3238564+01:00 [INF] Actual startUpType for service "DaletService": "Manual" vs requested: Manual (SiteSelector.Domain.Services.ServiceHandler) (c09c8fd6)
2020-12-09T16:12:59.9744451+01:00 [INF] Service name and status: "DaletService": Running (SiteSelector.Domain.Services.ServiceHandler) (d88393ae)
2020-12-09T16:12:59.9769944+01:00 [INF] Restarted service: "DaletService". (SiteSelector.Domain.SessionRespond.StartStopDaletService) (2deba2b1)
2020-12-09T16:12:59.9776264+01:00 [INF] Completed service interaction: "DaletService" (SiteSelector.Domain.SessionRespond.Launcher) (56082d23)
2020-12-09T16:12:59.9816253+01:00 [INF] SessionID is : 0 (SiteSelector.Domain.Processes.ProcessHandler) (6c7ef343)
2020-12-09T16:13:00.0338106+01:00 [INF] Found owner: "NET\w-efl" (SiteSelector.Domain.Processes.ProcessHandler) (22b07dda)
2020-12-09T16:13:00.0338652+01:00 [INF] Non-interactive session. Now starting Galaxy. (SiteSelector.Domain.Processes.ProcessHandler) (dc4b6270)
2020-12-09T16:13:00.0342951+01:00 [INF] StartProcessAsUser: args: "C:\Program Files\Dalet\DaletPlus\bin\DaletGalaxy.exe -F -S DALG2APP11" (SiteSelector.Domain.Processes.ProcessHandler) (aee9c874)
2020-12-09T16:13:00.0388220+01:00 [INF] @ApplicationLoaderHelper, got environment as current user: True (SiteSelector.Domain.Processes.ProcessHandler) (78894c7a)
2020-12-09T16:13:00.0389287+01:00 [INF] @ApplicationLoaderHelper, environment var: "ALLUSERSPROFILE": "C:\ProgramData" (SiteSelector.Domain.Processes.ProcessHandler) (1999c767)
2020-12-09T16:13:00.0389595+01:00 [INF] @ApplicationLoaderHelper, environment var: "APPDATA": "C:\Users\w-efl\AppData\Roaming" (SiteSelector.Domain.Processes.ProcessHandler) (1999c767)
2020-12-09T16:13:00.0389751+01:00 [INF] @ApplicationLoaderHelper, environment var: "CommonProgramFiles": "C:\Program Files\Common Files" (SiteSelector.Domain.Processes.ProcessHandler) (1999c767)
2020-12-09T16:13:00.0389920+01:00 [INF] @ApplicationLoaderHelper, environment var: "CommonProgramFiles(x86)": "C:\Program Files (x86)\Common Files" (SiteSelector.Domain.Processes.ProcessHandler) (1999c767)
2020-12-09T16:13:00.0390058+01:00 [INF] @ApplicationLoaderHelper, environment var: "CommonProgramW6432": "C:\Program Files\Common Files" (SiteSelector.Domain.Processes.ProcessHandler) (1999c767)
2020-12-09T16:13:00.0390221+01:00 [INF] @ApplicationLoaderHelper, environment var: "COMPUTERNAME": "TX82564" (SiteSelector.Domain.Processes.ProcessHandler) (1999c767)
2020-12-09T16:13:00.0390354+01:00 [INF] @ApplicationLoaderHelper, environment var: "ComSpec": "C:\WINDOWS\system32\cmd.exe" (SiteSelector.Domain.Processes.ProcessHandler) (1999c767)
2020-12-09T16:13:00.0390517+01:00 [INF] @ApplicationLoaderHelper, environment var: "DriverData": "C:\Windows\System32\Drivers\DriverData" (SiteSelector.Domain.Processes.ProcessHandler) (1999c767)
2020-12-09T16:13:00.0390682+01:00 [INF] @ApplicationLoaderHelper, environment var: "HOMEDRIVE": "C:" (SiteSelector.Domain.Processes.ProcessHandler) (1999c767)
2020-12-09T16:13:00.0390816+01:00 [INF] @ApplicationLoaderHelper, environment var: "HOMEPATH": "\Users\w-efl" (SiteSelector.Domain.Processes.ProcessHandler) (1999c767)
2020-12-09T16:13:00.0390976+01:00 [INF] @ApplicationLoaderHelper, environment var: "LOCALAPPDATA": "C:\Users\w-efl\AppData\Local" (SiteSelector.Domain.Processes.ProcessHandler) (1999c767)
2020-12-09T16:13:00.0391108+01:00 [INF] @ApplicationLoaderHelper, environment var: "LOGONSERVER": "\\DC02" (SiteSelector.Domain.Processes.ProcessHandler) (1999c767)
2020-12-09T16:13:00.0391280+01:00 [INF] @ApplicationLoaderHelper, environment var: "NUMBER_OF_PROCESSORS": "8" (SiteSelector.Domain.Processes.ProcessHandler) (1999c767)
2020-12-09T16:13:00.0391412+01:00 [INF] @ApplicationLoaderHelper, environment var: "OneDrive": "C:\Users\w-efl\OneDrive" (SiteSelector.Domain.Processes.ProcessHandler) (1999c767)
2020-12-09T16:13:00.0391573+01:00 [INF] @ApplicationLoaderHelper, environment var: "OS": "Windows_NT" (SiteSelector.Domain.Processes.ProcessHandler) (1999c767)
2020-12-09T16:13:00.0391759+01:00 [INF] @ApplicationLoaderHelper, environment var: "Path": "C:\ProgramData\Oracle\Java\javapath;C:\WINDOWS\system32;C:\WINDOWS;C:\WINDOWS\System32\Wbem;C:\WINDOWS\System32\WindowsPowerShell\v1.0\;C:\WINDOWS\System32\OpenSSH\;C:\Users\w-efl\AppData\Local\Microsoft\WindowsApps" (SiteSelector.Domain.Processes.ProcessHandler) (1999c767)
2020-12-09T16:13:00.0391896+01:00 [INF] @ApplicationLoaderHelper, environment var: "PATHEXT": ".COM;.EXE;.BAT;.CMD;.VBS;.VBE;.JS;.JSE;.WSF;.WSH;.MSC" (SiteSelector.Domain.Processes.ProcessHandler) (1999c767)
2020-12-09T16:13:00.0392060+01:00 [INF] @ApplicationLoaderHelper, environment var: "PROCESSOR_ARCHITECTURE": "AMD64" (SiteSelector.Domain.Processes.ProcessHandler) (1999c767)
2020-12-09T16:13:00.0392222+01:00 [INF] @ApplicationLoaderHelper, environment var: "PROCESSOR_IDENTIFIER": "Intel64 Family 6 Model 85 Stepping 4, GenuineIntel" (SiteSelector.Domain.Processes.ProcessHandler) (1999c767)
2020-12-09T16:13:00.0392355+01:00 [INF] @ApplicationLoaderHelper, environment var: "PROCESSOR_LEVEL": "6" (SiteSelector.Domain.Processes.ProcessHandler) (1999c767)
2020-12-09T16:13:00.0392516+01:00 [INF] @ApplicationLoaderHelper, environment var: "PROCESSOR_REVISION": "5504" (SiteSelector.Domain.Processes.ProcessHandler) (1999c767)
2020-12-09T16:13:00.0392646+01:00 [INF] @ApplicationLoaderHelper, environment var: "ProgramData": "C:\ProgramData" (SiteSelector.Domain.Processes.ProcessHandler) (1999c767)
2020-12-09T16:13:00.0392805+01:00 [INF] @ApplicationLoaderHelper, environment var: "ProgramFiles": "C:\Program Files" (SiteSelector.Domain.Processes.ProcessHandler) (1999c767)
2020-12-09T16:13:00.0392937+01:00 [INF] @ApplicationLoaderHelper, environment var: "ProgramFiles(x86)": "C:\Program Files (x86)" (SiteSelector.Domain.Processes.ProcessHandler) (1999c767)
2020-12-09T16:13:00.0393096+01:00 [INF] @ApplicationLoaderHelper, environment var: "ProgramW6432": "C:\Program Files" (SiteSelector.Domain.Processes.ProcessHandler) (1999c767)
2020-12-09T16:13:00.0393260+01:00 [INF] @ApplicationLoaderHelper, environment var: "PSModulePath": "%ProgramFiles%\WindowsPowerShell\Modules;C:\WINDOWS\system32\WindowsPowerShell\v1.0\Modules" (SiteSelector.Domain.Processes.ProcessHandler) (1999c767)
2020-12-09T16:13:00.0393393+01:00 [INF] @ApplicationLoaderHelper, environment var: "PUBLIC": "C:\Users\Public" (SiteSelector.Domain.Processes.ProcessHandler) (1999c767)
2020-12-09T16:13:00.0393550+01:00 [INF] @ApplicationLoaderHelper, environment var: "SystemDrive": "C:" (SiteSelector.Domain.Processes.ProcessHandler) (1999c767)
2020-12-09T16:13:00.0393680+01:00 [INF] @ApplicationLoaderHelper, environment var: "SystemRoot": "C:\WINDOWS" (SiteSelector.Domain.Processes.ProcessHandler) (1999c767)
2020-12-09T16:13:00.0393857+01:00 [INF] @ApplicationLoaderHelper, environment var: "TEMP": "C:\Users\w-efl\AppData\Local\Temp" (SiteSelector.Domain.Processes.ProcessHandler) (1999c767)
2020-12-09T16:13:00.0393991+01:00 [INF] @ApplicationLoaderHelper, environment var: "TMP": "C:\Users\w-efl\AppData\Local\Temp" (SiteSelector.Domain.Processes.ProcessHandler) (1999c767)
2020-12-09T16:13:00.0394152+01:00 [INF] @ApplicationLoaderHelper, environment var: "UATDATA": "C:\WINDOWS\CCM\UATData\D9F8C395-CAB8-491d-B8AC-179A1FE1BE77" (SiteSelector.Domain.Processes.ProcessHandler) (1999c767)
2020-12-09T16:13:00.0394282+01:00 [INF] @ApplicationLoaderHelper, environment var: "USERDNSDOMAIN": "NET.DR.DK" (SiteSelector.Domain.Processes.ProcessHandler) (1999c767)
2020-12-09T16:13:00.0394443+01:00 [INF] @ApplicationLoaderHelper, environment var: "USERDOMAIN": "NET" (SiteSelector.Domain.Processes.ProcessHandler) (1999c767)
2020-12-09T16:13:00.0394601+01:00 [INF] @ApplicationLoaderHelper, environment var: "USERDOMAIN_ROAMINGPROFILE": "NET" (SiteSelector.Domain.Processes.ProcessHandler) (1999c767)
2020-12-09T16:13:00.0394732+01:00 [INF] @ApplicationLoaderHelper, environment var: "USERNAME": "w-efl" (SiteSelector.Domain.Processes.ProcessHandler) (1999c767)
2020-12-09T16:13:00.0394890+01:00 [INF] @ApplicationLoaderHelper, environment var: "USERPROFILE": "C:\Users\w-efl" (SiteSelector.Domain.Processes.ProcessHandler) (1999c767)
2020-12-09T16:13:00.0395052+01:00 [INF] @ApplicationLoaderHelper, environment var: "windir": "C:\WINDOWS" (SiteSelector.Domain.Processes.ProcessHandler) (1999c767)
2020-12-09T16:13:00.0960100+01:00 [INF] @ApplicationLoaderHelper, started process "C:\Program Files\Dalet\DaletPlus\bin\DaletGalaxy.exe -F -S DALG2APP11", PID: 14444 (SiteSelector.Domain.Processes.ProcessHandler) (cb3dba52)
2020-12-09T16:13:00.0965599+01:00 [INF] StartProcessAsUser - Started process: 14444 (SiteSelector.Domain.Processes.ProcessHandler) (018bf248)
2020-12-09T16:13:00.0966084+01:00 [INF] StartProcessEnvironmentAware. Process "C:\Program Files\Dalet\DaletPlus\bin\DaletGalaxy.exe" has been invoked. (SiteSelector.Domain.Processes.ProcessHandler) (f0f71640)
2020-12-09T16:13:00.0966327+01:00 [INF] StartGalaxy - started Dalet Galaxy: True (SiteSelector.Domain.SessionRespond.Launcher) (bddbbfc5)
2020-12-09T16:13:00.0968603+01:00 [INF] Now Switching to site "DALG2" (SiteSelector.Pages.MainPage.MainComponent) (105e6a29)
2020-12-09T16:13:00.1001253+01:00 [INF] SendEvent: StartGalaxy - Success - "Successfully started Galaxy" - "DALG2" (SiteSelector.Domain.SessionRespond.ActorSessionRespond) (a9efe48d)
2020-12-09T16:13:00.1001746+01:00 [INF] Successfully started Dalet Galaxy. (SiteSelector.Domain.SessionRespond.ActorSessionRespond) (df2d65df)
2020-12-09T16:13:00.1437478+01:00 [INF] Successfully build configuration (SiteSelector.Domain.Persist.PersistAppSettings) (34a2c1a5)
2020-12-09T16:13:00.1488779+01:00 [INF] Disposing now (SiteSelector.Pages.MainPage.MainComponent) (7c5e0a46)
2020-12-09T16:13:00.1491086+01:00 [INF] Unsubscribed to all events. (SiteSelector.Pages.MainPage.MainComponent) (8a173910)
2020-12-09T16:13:00.1493946+01:00 [INF] Disposing now (SiteSelector.Pages.MainPage.SitesListComponent) (7c5e0a46)
2020-12-09T16:13:00.1513896+01:00 [INF] Successfully updated configuration to appsettings.json (SiteSelector.Domain.Persist.PersistAppSettings) (de26bb35)
2020-12-09T16:13:00.1527436+01:00 [INF] Galaxy was started: True (SiteSelector.Pages.MainPage.SitesListComponent) (86cbc7be)
2020-12-09T16:13:03.1105403+01:00 [INF] Request starting HTTP/2 POST https://localhost:5055/_blazor/disconnect multipart/form-data; boundary=---------------------------7e46b3102c4 359 (Microsoft.AspNetCore.Hosting.Diagnostics) (ca22a1cb)
2020-12-09T16:13:03.1117913+01:00 [INF] Closed current browser-window (MS Edge only). (SiteSelector.Pages.MainPage.MainComponent) (023c2a79)
2020-12-09T16:13:03.1118470+01:00 [INF] Executing endpoint '"Blazor disconnect"' (Microsoft.AspNetCore.Routing.EndpointMiddleware) (500cc934)
2020-12-09T16:13:03.1133601+01:00 [INF] Request starting HTTP/2 GET https://localhost:5055/html/SwitchComplete.html   (Microsoft.AspNetCore.Hosting.Diagnostics) (ca22a1cb)
2020-12-09T16:13:03.1138341+01:00 [INF] The file "/html/SwitchComplete.html" was not modified (Microsoft.AspNetCore.StaticFiles.StaticFileMiddleware) (f1f8d725)
2020-12-09T16:13:03.1141529+01:00 [INF] Request finished in 0.7722ms 304 text/html (Microsoft.AspNetCore.Hosting.Diagnostics) (791a596a)
2020-12-09T16:13:03.1247878+01:00 [INF] Executed endpoint '"Blazor disconnect"' (Microsoft.AspNetCore.Routing.EndpointMiddleware) (99874f2b)
2020-12-09T16:13:03.1250659+01:00 [INF] Request finished in 14.8266ms 200  (Microsoft.AspNetCore.Hosting.Diagnostics) (791a596a)
2020-12-09T16:13:03.1272781+01:00 [INF] Executed endpoint '"/_blazor"' (Microsoft.AspNetCore.Routing.EndpointMiddleware) (99874f2b)
2020-12-09T16:13:03.1284385+01:00 [INF] Request finished in 12243.3232ms 101  (Microsoft.AspNetCore.Hosting.Diagnostics) (791a596a)
2020-12-09T16:13:40.4015649+01:00 [INF] Request starting HTTP/2 GET https://localhost:5055/SiteSelector   (Microsoft.AspNetCore.Hosting.Diagnostics) (ca22a1cb)
2020-12-09T16:13:40.4020249+01:00 [INF] Executing endpoint '"/_Host"' (Microsoft.AspNetCore.Routing.EndpointMiddleware) (500cc934)
2020-12-09T16:13:40.4023654+01:00 [INF] Route matched with "{page = \"/_Host\", action = \"\", controller = \"\"}". Executing page "/_Host" (Microsoft.AspNetCore.Mvc.RazorPages.Infrastructure.PageActionInvoker) (547e620f)
2020-12-09T16:13:40.4029302+01:00 [INF] Executing an implicit handler method - ModelState is Valid (Microsoft.AspNetCore.Mvc.RazorPages.Infrastructure.PageActionInvoker) (232a55d1)
2020-12-09T16:13:40.4029844+01:00 [INF] Executed an implicit handler method, returned result "Microsoft.AspNetCore.Mvc.RazorPages.PageResult". (Microsoft.AspNetCore.Mvc.RazorPages.Infrastructure.PageActionInvoker) (f857da66)
2020-12-09T16:13:40.4060620+01:00 [INF] Executed page "/_Host" in 3.5672ms (Microsoft.AspNetCore.Mvc.RazorPages.Infrastructure.PageActionInvoker) (02e01280)
2020-12-09T16:13:40.4061322+01:00 [INF] Executed endpoint '"/_Host"' (Microsoft.AspNetCore.Routing.EndpointMiddleware) (99874f2b)
2020-12-09T16:13:40.4063380+01:00 [INF] Request finished in 4.9373ms 200 text/html; charset=utf-8 (Microsoft.AspNetCore.Hosting.Diagnostics) (791a596a)
2020-12-09T16:13:40.4110995+01:00 [INF] Request starting HTTP/2 GET https://localhost:5055/js/interop.js   (Microsoft.AspNetCore.Hosting.Diagnostics) (ca22a1cb)
2020-12-09T16:13:40.4110995+01:00 [INF] Request starting HTTP/2 GET https://localhost:5055/css/site.css   (Microsoft.AspNetCore.Hosting.Diagnostics) (ca22a1cb)
2020-12-09T16:13:40.4111172+01:00 [INF] Request starting HTTP/2 GET https://localhost:5055/css/bootstrap/bootstrap.min.css   (Microsoft.AspNetCore.Hosting.Diagnostics) (ca22a1cb)
2020-12-09T16:13:40.4111384+01:00 [INF] Request starting HTTP/2 GET https://localhost:5055/_framework/blazor.server.js   (Microsoft.AspNetCore.Hosting.Diagnostics) (ca22a1cb)
2020-12-09T16:13:40.4116458+01:00 [INF] The file "/js/interop.js" was not modified (Microsoft.AspNetCore.StaticFiles.StaticFileMiddleware) (f1f8d725)
2020-12-09T16:13:40.4116458+01:00 [INF] The file "/css/site.css" was not modified (Microsoft.AspNetCore.StaticFiles.StaticFileMiddleware) (f1f8d725)
2020-12-09T16:13:40.4116473+01:00 [INF] The file "/css/bootstrap/bootstrap.min.css" was not modified (Microsoft.AspNetCore.StaticFiles.StaticFileMiddleware) (f1f8d725)
2020-12-09T16:13:40.4116635+01:00 [INF] The file "/_framework/blazor.server.js" was not modified (Microsoft.AspNetCore.StaticFiles.StaticFileMiddleware) (f1f8d725)
2020-12-09T16:13:40.4119463+01:00 [INF] Request finished in 0.813ms 304 application/javascript (Microsoft.AspNetCore.Hosting.Diagnostics) (791a596a)
2020-12-09T16:13:40.4120023+01:00 [INF] Request finished in 0.9139ms 304 text/css (Microsoft.AspNetCore.Hosting.Diagnostics) (791a596a)
2020-12-09T16:13:40.4120121+01:00 [INF] Request finished in 0.9632ms 304 text/css (Microsoft.AspNetCore.Hosting.Diagnostics) (791a596a)
2020-12-09T16:13:40.4120348+01:00 [INF] Request finished in 0.8978ms 304 application/javascript (Microsoft.AspNetCore.Hosting.Diagnostics) (791a596a)
2020-12-09T16:13:40.4279832+01:00 [INF] Request starting HTTP/2 GET https://localhost:5055/css/open-iconic/font/css/open-iconic-bootstrap.min.css   (Microsoft.AspNetCore.Hosting.Diagnostics) (ca22a1cb)
2020-12-09T16:13:40.4282159+01:00 [INF] The file "/css/open-iconic/font/css/open-iconic-bootstrap.min.css" was not modified (Microsoft.AspNetCore.StaticFiles.StaticFileMiddleware) (f1f8d725)
2020-12-09T16:13:40.4283405+01:00 [INF] Request finished in 0.4328ms 304 text/css (Microsoft.AspNetCore.Hosting.Diagnostics) (791a596a)
2020-12-09T16:13:40.4657937+01:00 [INF] Request starting HTTP/2 POST https://localhost:5055/_blazor/negotiate?negotiateVersion=1 text/plain;charset=UTF-8 0 (Microsoft.AspNetCore.Hosting.Diagnostics) (ca22a1cb)
2020-12-09T16:13:40.4659701+01:00 [INF] Executing endpoint '"/_blazor/negotiate"' (Microsoft.AspNetCore.Routing.EndpointMiddleware) (500cc934)
2020-12-09T16:13:40.4663781+01:00 [INF] Executed endpoint '"/_blazor/negotiate"' (Microsoft.AspNetCore.Routing.EndpointMiddleware) (99874f2b)
2020-12-09T16:13:40.4664595+01:00 [INF] Request finished in 0.7083ms 200 application/json (Microsoft.AspNetCore.Hosting.Diagnostics) (791a596a)
2020-12-09T16:13:40.4710263+01:00 [INF] Request starting HTTP/1.1 GET https://localhost:5055/_blazor?id=VnBf0acQSRioJmEGjIC0DA   (Microsoft.AspNetCore.Hosting.Diagnostics) (ca22a1cb)
2020-12-09T16:13:40.4711810+01:00 [INF] Executing endpoint '"/_blazor"' (Microsoft.AspNetCore.Routing.EndpointMiddleware) (500cc934)
2020-12-09T16:13:40.4818751+01:00 [INF] Running SetupSession (SiteSelector.Domain.SessionStart.ActorSessionStart) (7e9ff657)
2020-12-09T16:13:40.4879593+01:00 [INF] Found galaxy-client in configuration: "Galaxy Systemvælger" (SiteSelector.Domain.Persist.ReadConfigXml) (88c8e810)
2020-12-09T16:13:40.4884164+01:00 [INF] @GetDaletServiceIsInstalled, looking for service: "DaletService" (SiteSelector.Domain.SessionStart.CheckEnvironment) (bb0ef24c)
2020-12-09T16:13:40.4887055+01:00 [INF] Found service "DaletService" in state: StartService (SiteSelector.Domain.Services.ServiceHandler) (d73723f9)
2020-12-09T16:13:40.4887771+01:00 [INF] @GetDaletServiceIsInstalled, found service "DaletService": True (SiteSelector.Domain.SessionStart.CheckEnvironment) (10d3e8ac)
2020-12-09T16:13:40.4932551+01:00 [INF] Could not detect "DaletGalaxy". (SiteSelector.Domain.Processes.ProcessHandler) (37043ae9)
2020-12-09T16:13:40.4933354+01:00 [INF] Detected "DaletGalaxy" running on client:False (SiteSelector.Domain.Processes.ProcessHandler) (92f7db5d)
2020-12-09T16:13:40.5027435+01:00 [INF] Request starting HTTP/2 GET https://localhost:5055/css/open-iconic/font/fonts/open-iconic.woff   (Microsoft.AspNetCore.Hosting.Diagnostics) (ca22a1cb)
2020-12-09T16:13:40.5029677+01:00 [INF] The file "/css/open-iconic/font/fonts/open-iconic.woff" was not modified (Microsoft.AspNetCore.StaticFiles.StaticFileMiddleware) (f1f8d725)
2020-12-09T16:13:40.5031116+01:00 [INF] Request finished in 0.3937ms 304 application/font-woff (Microsoft.AspNetCore.Hosting.Diagnostics) (791a596a)
2020-12-09T16:13:40.5532382+01:00 [INF] DetectGalaxyRunning - Galaxy is running: False (SiteSelector.Domain.SessionStart.CheckEnvironment) (fd1e0f1e)
2020-12-09T16:13:40.6368891+01:00 [INF] Found user "w-efl", is allowed to see test-sites: True (SiteSelector.Domain.SessionStart.CheckEnvironment) (7a41e528)
2020-12-09T16:13:40.6369658+01:00 [INF] Test-sites should be included in site-listing: True (SiteSelector.Domain.SessionStart.CheckEnvironment) (375b5f05)
2020-12-09T16:13:40.6374016+01:00 [INF] Found local SiteSelector.xml at "C:\ProgramData\GalaxySiteSelector\SiteSelector.xml" (SiteSelector.Domain.SessionStart.UpdateLocalSiteSelectorXml) (926e481e)
2020-12-09T16:13:40.6394713+01:00 [INF] Found "\\dalet1\DpShare\SiteSelector\config\SiteSelector.xml": True (SiteSelector.Domain.SessionStart.UpdateLocalSiteSelectorXml) (43bd9e6d)
2020-12-09T16:13:40.6398601+01:00 [INF] Local SiteSelector.xml was detected: True (SiteSelector.Domain.SessionStart.UpdateLocalSiteSelectorXml) (0845ccfd)
2020-12-09T16:13:40.6399012+01:00 [INF] Local SiteSelector.xml was updated from "\\dalet1\DpShare\SiteSelector\config\SiteSelector.xml": False (SiteSelector.Domain.SessionStart.UpdateLocalSiteSelectorXml) (40a93371)
2020-12-09T16:13:40.6403369+01:00 [INF] Found 7 galaxy-sites in sites-list. (SiteSelector.Domain.Persist.ReadConfigXml) (ee6a3325)
2020-12-09T16:13:40.6407516+01:00 [INF] Succesfully read file: "C:\ProgramData\DaletPlusData\config.ini" (SiteSelector.Domain.SessionStart.HandleConfigIni) (70338fcf)
2020-12-09T16:13:40.6410529+01:00 [INF] Succesfully read file: "C:\ProgramData\DaletPlusData\config.ini" (SiteSelector.Domain.SessionStart.HandleConfigIni) (70338fcf)
2020-12-09T16:13:40.6411174+01:00 [INF] Completed SetupSession (SiteSelector.Domain.SessionStart.ActorSessionStart) (f17818b2)
2020-12-09T16:13:40.6411476+01:00 [INF] DaletService exists on client: True (SiteSelector.Pages.MainPage.MainComponent) (ac368e96)
2020-12-09T16:13:40.6414346+01:00 [INF] UI found current site: True (SiteSelector.Pages.MainPage.SitesListComponent) (8d1f5b96)
2020-12-09T16:13:44.1626561+01:00 [INF] Clicked it: DALG3 (SiteSelector.Pages.MainPage.SitesListComponent) (260afd18)
2020-12-09T16:14:18.7811216+01:00 [INF] Clicked it: DALG3test (SiteSelector.Pages.MainPage.SitesListComponent) (eca8c77e)
2020-12-09T16:14:23.8274042+01:00 [INF] User requested site: "DALG3test", AsWinUser: False, Restart Service: True (SiteSelector.Pages.MainPage.SitesListComponent) (d8efe5db)
2020-12-09T16:14:23.8277919+01:00 [INF] SendEvent: Message - Waiting - "Trying to stop DaletService." - "(null)" (SiteSelector.Domain.SessionRespond.ActorSessionRespond) (a9efe48d)
2020-12-09T16:14:23.8287313+01:00 [INF] Found service "DaletService" in state: StartService (SiteSelector.Domain.Services.ServiceHandler) (d73723f9)
2020-12-09T16:14:23.8289602+01:00 [INF] Trying to stop "DaletService". (SiteSelector.Domain.SessionRespond.StartStopDaletService) (04887d2e)
2020-12-09T16:14:23.8319836+01:00 [INF] Found 1 processes in DaletServiceXml. (SiteSelector.Domain.Persist.ReadDaletServiceXml) (a289d3dd)
2020-12-09T16:14:23.8465367+01:00 [INF] @InvokeRestartManager, process "LOCAL-ChannelDetectorAgent_1" is added to kill-list. (SiteSelector.Domain.SessionRespond.StartStopDaletService) (06cb7ec8)
2020-12-09T16:14:34.4566781+01:00 [INF] StartProcessAndWait: "-208 - unknown Exitcode." (SiteSelector.Domain.Processes.ProcessHandler) (75e65bc8)
2020-12-09T16:14:34.4571376+01:00 [INF] @InvokeRestartManager, completed action. (SiteSelector.Domain.SessionRespond.StartStopDaletService) (96d20844)
2020-12-09T16:14:34.4573698+01:00 [INF] @CheckForRunningProcesses, try#: 1 (SiteSelector.Domain.SessionRespond.StartStopDaletService) (e0f04456)
2020-12-09T16:14:34.4613789+01:00 [INF] Could not detect "ASIOServerAgent". (SiteSelector.Domain.Processes.ProcessHandler) (37043ae9)
2020-12-09T16:14:34.4616900+01:00 [INF] Detected "ASIOServerAgent" running on client:False (SiteSelector.Domain.Processes.ProcessHandler) (92f7db5d)
2020-12-09T16:14:34.4651066+01:00 [INF] Could not detect "MediaChannelContainer". (SiteSelector.Domain.Processes.ProcessHandler) (37043ae9)
2020-12-09T16:14:34.4652497+01:00 [INF] Detected "MediaChannelContainer" running on client:False (SiteSelector.Domain.Processes.ProcessHandler) (92f7db5d)
2020-12-09T16:14:34.4683107+01:00 [INF] Could not detect "bs_server". (SiteSelector.Domain.Processes.ProcessHandler) (37043ae9)
2020-12-09T16:14:34.4684507+01:00 [INF] Detected "bs_server" running on client:False (SiteSelector.Domain.Processes.ProcessHandler) (92f7db5d)
2020-12-09T16:14:34.4715497+01:00 [INF] Detected "ChannelDetectorAgent" running on client:True (SiteSelector.Domain.Processes.ProcessHandler) (92f7db5d)
2020-12-09T16:14:34.4717723+01:00 [INF] @CheckForRunningProcesses, trying to stop: "ChannelDetectorAgent" (SiteSelector.Domain.SessionRespond.StartStopDaletService) (893a7649)
2020-12-09T16:14:34.4734735+01:00 [INF] @CheckForRunningProcesses, tried stopping: "ChannelDetectorAgent" (SiteSelector.Domain.SessionRespond.StartStopDaletService) (0eb6f192)
2020-12-09T16:14:34.4762684+01:00 [INF] Could not detect "ControlDeviceAgent". (SiteSelector.Domain.Processes.ProcessHandler) (37043ae9)
2020-12-09T16:14:34.4763300+01:00 [INF] Detected "ControlDeviceAgent" running on client:False (SiteSelector.Domain.Processes.ProcessHandler) (92f7db5d)
2020-12-09T16:14:34.9883037+01:00 [INF] @CheckForRunningProcesses, try#: 2 (SiteSelector.Domain.SessionRespond.StartStopDaletService) (e0f04456)
2020-12-09T16:14:34.9922288+01:00 [INF] Could not detect "ASIOServerAgent". (SiteSelector.Domain.Processes.ProcessHandler) (37043ae9)
2020-12-09T16:14:34.9922970+01:00 [INF] Detected "ASIOServerAgent" running on client:False (SiteSelector.Domain.Processes.ProcessHandler) (92f7db5d)
2020-12-09T16:14:34.9955638+01:00 [INF] Could not detect "MediaChannelContainer". (SiteSelector.Domain.Processes.ProcessHandler) (37043ae9)
2020-12-09T16:14:34.9956153+01:00 [INF] Detected "MediaChannelContainer" running on client:False (SiteSelector.Domain.Processes.ProcessHandler) (92f7db5d)
2020-12-09T16:14:34.9985652+01:00 [INF] Could not detect "bs_server". (SiteSelector.Domain.Processes.ProcessHandler) (37043ae9)
2020-12-09T16:14:34.9986132+01:00 [INF] Detected "bs_server" running on client:False (SiteSelector.Domain.Processes.ProcessHandler) (92f7db5d)
2020-12-09T16:14:35.0014122+01:00 [INF] Could not detect "ChannelDetectorAgent". (SiteSelector.Domain.Processes.ProcessHandler) (37043ae9)
2020-12-09T16:14:35.0014631+01:00 [INF] Detected "ChannelDetectorAgent" running on client:False (SiteSelector.Domain.Processes.ProcessHandler) (92f7db5d)
2020-12-09T16:14:35.0040122+01:00 [INF] Could not detect "ControlDeviceAgent". (SiteSelector.Domain.Processes.ProcessHandler) (37043ae9)
2020-12-09T16:14:35.0040568+01:00 [INF] Detected "ControlDeviceAgent" running on client:False (SiteSelector.Domain.Processes.ProcessHandler) (92f7db5d)
2020-12-09T16:14:35.0049294+01:00 [INF] @StopServiceAsync, current attempt# 1 (SiteSelector.Domain.Services.ServiceHandler) (75b481b3)
2020-12-09T16:14:35.2580148+01:00 [INF] Service name and status: "DaletService": Stopped (SiteSelector.Domain.Services.ServiceHandler) (d88393ae)
2020-12-09T16:14:35.2596348+01:00 [INF] SendEvent: Message - Success - "DaletService was stopped successfully." - "(null)" (SiteSelector.Domain.SessionRespond.ActorSessionRespond) (a9efe48d)
2020-12-09T16:14:35.2599740+01:00 [INF] Looking for DaletServiceSource-folder at "\\DALET1\DpShare\DALG3test\DS_Config\TX82564" (SiteSelector.Domain.SessionRespond.DaletServiceXml) (4ccc8816)
2020-12-09T16:14:35.2812058+01:00 [INF] DaletServiceSource-folder at "\\DALET1\DpShare\DALG3test\DS_Config\TX82564" detected: False (SiteSelector.Domain.SessionRespond.DaletServiceXml) (cfe69921)
2020-12-09T16:14:35.2812723+01:00 [INF] Preparing to acquire DaletServiceSourceXml. (SiteSelector.Domain.SessionRespond.DaletServiceXml) (d75359a2)
2020-12-09T16:14:35.2812934+01:00 [INF] preparing to invoke Generator... (SiteSelector.Domain.SessionRespond.DaletServiceXml) (4f17ac6c)
2020-12-09T16:14:35.4101716+01:00 [INF] StartProcessAndWait: "The operation completed successfully." (SiteSelector.Domain.Processes.ProcessHandler) (75e65bc8)
2020-12-09T16:14:35.4102340+01:00 [INF] InvokeGenerator "\\DALET1\DpShare\DALG3test\DS_Config\_std\Copy_std.cmd" was invoked successfully. (SiteSelector.Domain.SessionRespond.DaletServiceXml) (e9b26421)
2020-12-09T16:14:35.4107608+01:00 [INF] SendEvent: Message - Success - "DaletService.xml was acquired successfully." - "(null)" (SiteSelector.Domain.SessionRespond.ActorSessionRespond) (a9efe48d)
2020-12-09T16:14:35.4114603+01:00 [INF] Succesfully read file: "C:\ProgramData\DaletPlusData\config.ini" (SiteSelector.Domain.SessionStart.HandleConfigIni) (70338fcf)
2020-12-09T16:14:35.4119005+01:00 [INF] Succesfully read file: "C:\ProgramData\DaletPlusData\config.ini" (SiteSelector.Domain.SessionStart.HandleConfigIni) (70338fcf)
2020-12-09T16:14:35.4129283+01:00 [INF] Succesfully wrote file: "C:\ProgramData\DaletPlusData\config.ini" (SiteSelector.Domain.SessionStart.HandleConfigIni) (073e61d3)
2020-12-09T16:14:35.4129723+01:00 [INF] Succesfully updated config.ini to "DALG3APP01TST DALG3APP02TST": True (SiteSelector.Domain.SessionRespond.UpdateConfigIni) (4d06f4d8)
2020-12-09T16:14:35.4134768+01:00 [INF] SendEvent: Message - Success - "Config.ini was updated successfully." - "(null)" (SiteSelector.Domain.SessionRespond.ActorSessionRespond) (a9efe48d)
2020-12-09T16:14:35.4138004+01:00 [INF] SendEvent: Message - Waiting - "Preparing to start Galaxy." - "(null)" (SiteSelector.Domain.SessionRespond.ActorSessionRespond) (a9efe48d)
2020-12-09T16:14:35.4138746+01:00 [INF] Preparing to restart service: "DaletService" (SiteSelector.Domain.SessionRespond.Launcher) (5a64e8b2)
2020-12-09T16:14:35.4144729+01:00 [INF] Found service "DaletService" in state: StopService (SiteSelector.Domain.Services.ServiceHandler) (d73723f9)
2020-12-09T16:14:35.4156267+01:00 [INF] @StopServiceAsync, current attempt# 1 (SiteSelector.Domain.Services.ServiceHandler) (75b481b3)
2020-12-09T16:14:35.4784858+01:00 [INF] Actual startUpType for service "DaletService": "Manual" vs requested: Manual (SiteSelector.Domain.Services.ServiceHandler) (c09c8fd6)
2020-12-09T16:14:36.1009051+01:00 [INF] Service name and status: "DaletService": Running (SiteSelector.Domain.Services.ServiceHandler) (d88393ae)
2020-12-09T16:14:36.1012890+01:00 [INF] Restarted service: "DaletService". (SiteSelector.Domain.SessionRespond.StartStopDaletService) (2deba2b1)
2020-12-09T16:14:36.1013778+01:00 [INF] Completed service interaction: "DaletService" (SiteSelector.Domain.SessionRespond.Launcher) (56082d23)
2020-12-09T16:14:36.1034942+01:00 [INF] SessionID is : 0 (SiteSelector.Domain.Processes.ProcessHandler) (6c7ef343)
2020-12-09T16:14:36.1531670+01:00 [INF] Found owner: "NET\w-efl" (SiteSelector.Domain.Processes.ProcessHandler) (22b07dda)
2020-12-09T16:14:36.1532109+01:00 [INF] Non-interactive session. Now starting Galaxy. (SiteSelector.Domain.Processes.ProcessHandler) (dc4b6270)
2020-12-09T16:14:36.1532736+01:00 [INF] StartProcessAsUser: args: "C:\Program Files\Dalet\DaletPlus\bin\DaletGalaxy.exe -F -S DALG3APP01TST" (SiteSelector.Domain.Processes.ProcessHandler) (aee9c874)
2020-12-09T16:14:36.1559784+01:00 [INF] @ApplicationLoaderHelper, got environment as current user: True (SiteSelector.Domain.Processes.ProcessHandler) (78894c7a)
2020-12-09T16:14:36.1560408+01:00 [INF] @ApplicationLoaderHelper, environment var: "ALLUSERSPROFILE": "C:\ProgramData" (SiteSelector.Domain.Processes.ProcessHandler) (1999c767)
2020-12-09T16:14:36.1560626+01:00 [INF] @ApplicationLoaderHelper, environment var: "APPDATA": "C:\Users\w-efl\AppData\Roaming" (SiteSelector.Domain.Processes.ProcessHandler) (1999c767)
2020-12-09T16:14:36.1560814+01:00 [INF] @ApplicationLoaderHelper, environment var: "CommonProgramFiles": "C:\Program Files\Common Files" (SiteSelector.Domain.Processes.ProcessHandler) (1999c767)
2020-12-09T16:14:36.1561053+01:00 [INF] @ApplicationLoaderHelper, environment var: "CommonProgramFiles(x86)": "C:\Program Files (x86)\Common Files" (SiteSelector.Domain.Processes.ProcessHandler) (1999c767)
2020-12-09T16:14:36.1561242+01:00 [INF] @ApplicationLoaderHelper, environment var: "CommonProgramW6432": "C:\Program Files\Common Files" (SiteSelector.Domain.Processes.ProcessHandler) (1999c767)
2020-12-09T16:14:36.1561404+01:00 [INF] @ApplicationLoaderHelper, environment var: "COMPUTERNAME": "TX82564" (SiteSelector.Domain.Processes.ProcessHandler) (1999c767)
2020-12-09T16:14:36.1561574+01:00 [INF] @ApplicationLoaderHelper, environment var: "ComSpec": "C:\WINDOWS\system32\cmd.exe" (SiteSelector.Domain.Processes.ProcessHandler) (1999c767)
2020-12-09T16:14:36.1561711+01:00 [INF] @ApplicationLoaderHelper, environment var: "DriverData": "C:\Windows\System32\Drivers\DriverData" (SiteSelector.Domain.Processes.ProcessHandler) (1999c767)
2020-12-09T16:14:36.1561875+01:00 [INF] @ApplicationLoaderHelper, environment var: "HOMEDRIVE": "C:" (SiteSelector.Domain.Processes.ProcessHandler) (1999c767)
2020-12-09T16:14:36.1562040+01:00 [INF] @ApplicationLoaderHelper, environment var: "HOMEPATH": "\Users\w-efl" (SiteSelector.Domain.Processes.ProcessHandler) (1999c767)
2020-12-09T16:14:36.1562231+01:00 [INF] @ApplicationLoaderHelper, environment var: "LOCALAPPDATA": "C:\Users\w-efl\AppData\Local" (SiteSelector.Domain.Processes.ProcessHandler) (1999c767)
2020-12-09T16:14:36.1562380+01:00 [INF] @ApplicationLoaderHelper, environment var: "LOGONSERVER": "\\DC02" (SiteSelector.Domain.Processes.ProcessHandler) (1999c767)
2020-12-09T16:14:36.1562511+01:00 [INF] @ApplicationLoaderHelper, environment var: "NUMBER_OF_PROCESSORS": "8" (SiteSelector.Domain.Processes.ProcessHandler) (1999c767)
2020-12-09T16:14:36.1562668+01:00 [INF] @ApplicationLoaderHelper, environment var: "OneDrive": "C:\Users\w-efl\OneDrive" (SiteSelector.Domain.Processes.ProcessHandler) (1999c767)
2020-12-09T16:14:36.1562791+01:00 [INF] @ApplicationLoaderHelper, environment var: "OS": "Windows_NT" (SiteSelector.Domain.Processes.ProcessHandler) (1999c767)
2020-12-09T16:14:36.1563006+01:00 [INF] @ApplicationLoaderHelper, environment var: "Path": "C:\ProgramData\Oracle\Java\javapath;C:\WINDOWS\system32;C:\WINDOWS;C:\WINDOWS\System32\Wbem;C:\WINDOWS\System32\WindowsPowerShell\v1.0\;C:\WINDOWS\System32\OpenSSH\;C:\Users\w-efl\AppData\Local\Microsoft\WindowsApps" (SiteSelector.Domain.Processes.ProcessHandler) (1999c767)
2020-12-09T16:14:36.1563164+01:00 [INF] @ApplicationLoaderHelper, environment var: "PATHEXT": ".COM;.EXE;.BAT;.CMD;.VBS;.VBE;.JS;.JSE;.WSF;.WSH;.MSC" (SiteSelector.Domain.Processes.ProcessHandler) (1999c767)
2020-12-09T16:14:36.1563290+01:00 [INF] @ApplicationLoaderHelper, environment var: "PROCESSOR_ARCHITECTURE": "AMD64" (SiteSelector.Domain.Processes.ProcessHandler) (1999c767)
2020-12-09T16:14:36.1563444+01:00 [INF] @ApplicationLoaderHelper, environment var: "PROCESSOR_IDENTIFIER": "Intel64 Family 6 Model 85 Stepping 4, GenuineIntel" (SiteSelector.Domain.Processes.ProcessHandler) (1999c767)
2020-12-09T16:14:36.1563591+01:00 [INF] @ApplicationLoaderHelper, environment var: "PROCESSOR_LEVEL": "6" (SiteSelector.Domain.Processes.ProcessHandler) (1999c767)
2020-12-09T16:14:36.1563714+01:00 [INF] @ApplicationLoaderHelper, environment var: "PROCESSOR_REVISION": "5504" (SiteSelector.Domain.Processes.ProcessHandler) (1999c767)
2020-12-09T16:14:36.1563862+01:00 [INF] @ApplicationLoaderHelper, environment var: "ProgramData": "C:\ProgramData" (SiteSelector.Domain.Processes.ProcessHandler) (1999c767)
2020-12-09T16:14:36.1564000+01:00 [INF] @ApplicationLoaderHelper, environment var: "ProgramFiles": "C:\Program Files" (SiteSelector.Domain.Processes.ProcessHandler) (1999c767)
2020-12-09T16:14:36.1564166+01:00 [INF] @ApplicationLoaderHelper, environment var: "ProgramFiles(x86)": "C:\Program Files (x86)" (SiteSelector.Domain.Processes.ProcessHandler) (1999c767)
2020-12-09T16:14:36.1564295+01:00 [INF] @ApplicationLoaderHelper, environment var: "ProgramW6432": "C:\Program Files" (SiteSelector.Domain.Processes.ProcessHandler) (1999c767)
2020-12-09T16:14:36.1564455+01:00 [INF] @ApplicationLoaderHelper, environment var: "PSModulePath": "%ProgramFiles%\WindowsPowerShell\Modules;C:\WINDOWS\system32\WindowsPowerShell\v1.0\Modules" (SiteSelector.Domain.Processes.ProcessHandler) (1999c767)
2020-12-09T16:14:36.1564617+01:00 [INF] @ApplicationLoaderHelper, environment var: "PUBLIC": "C:\Users\Public" (SiteSelector.Domain.Processes.ProcessHandler) (1999c767)
2020-12-09T16:14:36.1564736+01:00 [INF] @ApplicationLoaderHelper, environment var: "SystemDrive": "C:" (SiteSelector.Domain.Processes.ProcessHandler) (1999c767)
2020-12-09T16:14:36.1564887+01:00 [INF] @ApplicationLoaderHelper, environment var: "SystemRoot": "C:\WINDOWS" (SiteSelector.Domain.Processes.ProcessHandler) (1999c767)
2020-12-09T16:14:36.1564983+01:00 [INF] @ApplicationLoaderHelper, environment var: "TEMP": "C:\Users\w-efl\AppData\Local\Temp" (SiteSelector.Domain.Processes.ProcessHandler) (1999c767)
2020-12-09T16:14:36.1565103+01:00 [INF] @ApplicationLoaderHelper, environment var: "TMP": "C:\Users\w-efl\AppData\Local\Temp" (SiteSelector.Domain.Processes.ProcessHandler) (1999c767)
2020-12-09T16:14:36.1565197+01:00 [INF] @ApplicationLoaderHelper, environment var: "UATDATA": "C:\WINDOWS\CCM\UATData\D9F8C395-CAB8-491d-B8AC-179A1FE1BE77" (SiteSelector.Domain.Processes.ProcessHandler) (1999c767)
2020-12-09T16:14:36.1565322+01:00 [INF] @ApplicationLoaderHelper, environment var: "USERDNSDOMAIN": "NET.DR.DK" (SiteSelector.Domain.Processes.ProcessHandler) (1999c767)
2020-12-09T16:14:36.1565414+01:00 [INF] @ApplicationLoaderHelper, environment var: "USERDOMAIN": "NET" (SiteSelector.Domain.Processes.ProcessHandler) (1999c767)
2020-12-09T16:14:36.1565536+01:00 [INF] @ApplicationLoaderHelper, environment var: "USERDOMAIN_ROAMINGPROFILE": "NET" (SiteSelector.Domain.Processes.ProcessHandler) (1999c767)
2020-12-09T16:14:36.1565630+01:00 [INF] @ApplicationLoaderHelper, environment var: "USERNAME": "w-efl" (SiteSelector.Domain.Processes.ProcessHandler) (1999c767)
2020-12-09T16:14:36.1565749+01:00 [INF] @ApplicationLoaderHelper, environment var: "USERPROFILE": "C:\Users\w-efl" (SiteSelector.Domain.Processes.ProcessHandler) (1999c767)
2020-12-09T16:14:36.1565881+01:00 [INF] @ApplicationLoaderHelper, environment var: "windir": "C:\WINDOWS" (SiteSelector.Domain.Processes.ProcessHandler) (1999c767)
2020-12-09T16:14:36.1611893+01:00 [INF] @ApplicationLoaderHelper, started process "C:\Program Files\Dalet\DaletPlus\bin\DaletGalaxy.exe -F -S DALG3APP01TST", PID: 13428 (SiteSelector.Domain.Processes.ProcessHandler) (cb3dba52)
2020-12-09T16:14:36.1612937+01:00 [INF] StartProcessAsUser - Started process: 13428 (SiteSelector.Domain.Processes.ProcessHandler) (018bf248)
2020-12-09T16:14:36.1613157+01:00 [INF] StartProcessEnvironmentAware. Process "C:\Program Files\Dalet\DaletPlus\bin\DaletGalaxy.exe" has been invoked. (SiteSelector.Domain.Processes.ProcessHandler) (f0f71640)
2020-12-09T16:14:36.1613379+01:00 [INF] StartGalaxy - started Dalet Galaxy: True (SiteSelector.Domain.SessionRespond.Launcher) (bddbbfc5)
2020-12-09T16:14:36.1613944+01:00 [INF] Now Switching to site "DALG3test" (SiteSelector.Pages.MainPage.MainComponent) (105e6a29)
2020-12-09T16:14:36.1620075+01:00 [INF] SendEvent: StartGalaxy - Success - "Successfully started Galaxy" - "DALG3test" (SiteSelector.Domain.SessionRespond.ActorSessionRespond) (a9efe48d)
2020-12-09T16:14:36.1620330+01:00 [INF] Successfully started Dalet Galaxy. (SiteSelector.Domain.SessionRespond.ActorSessionRespond) (df2d65df)
2020-12-09T16:14:36.1714078+01:00 [INF] Successfully build configuration (SiteSelector.Domain.Persist.PersistAppSettings) (34a2c1a5)
2020-12-09T16:14:36.1724139+01:00 [INF] Successfully updated configuration to appsettings.json (SiteSelector.Domain.Persist.PersistAppSettings) (de26bb35)
2020-12-09T16:14:36.1728541+01:00 [INF] Galaxy was started: True (SiteSelector.Pages.MainPage.SitesListComponent) (86cbc7be)
2020-12-09T16:14:36.1743159+01:00 [INF] Disposing now (SiteSelector.Pages.MainPage.MainComponent) (7c5e0a46)
2020-12-09T16:14:36.1743735+01:00 [INF] Unsubscribed to all events. (SiteSelector.Pages.MainPage.MainComponent) (8a173910)
2020-12-09T16:14:36.1744336+01:00 [INF] Disposing now (SiteSelector.Pages.MainPage.SitesListComponent) (7c5e0a46)
2020-12-09T16:14:39.1810922+01:00 [INF] Request starting HTTP/2 POST https://localhost:5055/_blazor/disconnect multipart/form-data; boundary=---------------------------7e4b1277063c 361 (Microsoft.AspNetCore.Hosting.Diagnostics) (ca22a1cb)
2020-12-09T16:14:39.1818579+01:00 [INF] Executing endpoint '"Blazor disconnect"' (Microsoft.AspNetCore.Routing.EndpointMiddleware) (500cc934)
2020-12-09T16:14:39.1836249+01:00 [INF] Closed current browser-window (MS Edge only). (SiteSelector.Pages.MainPage.MainComponent) (023c2a79)
2020-12-09T16:14:39.1852329+01:00 [INF] Executed endpoint '"Blazor disconnect"' (Microsoft.AspNetCore.Routing.EndpointMiddleware) (99874f2b)
2020-12-09T16:14:39.1857245+01:00 [INF] Request finished in 4.7407ms 200  (Microsoft.AspNetCore.Hosting.Diagnostics) (791a596a)
2020-12-09T16:14:39.1870193+01:00 [INF] Request starting HTTP/2 GET https://localhost:5055/html/SwitchComplete.html   (Microsoft.AspNetCore.Hosting.Diagnostics) (ca22a1cb)
2020-12-09T16:14:39.1877695+01:00 [INF] The file "/html/SwitchComplete.html" was not modified (Microsoft.AspNetCore.StaticFiles.StaticFileMiddleware) (f1f8d725)
2020-12-09T16:14:39.1883351+01:00 [INF] Request finished in 1.3421ms 304 text/html (Microsoft.AspNetCore.Hosting.Diagnostics) (791a596a)
2020-12-09T16:14:39.2083852+01:00 [INF] Executed endpoint '"/_blazor"' (Microsoft.AspNetCore.Routing.EndpointMiddleware) (99874f2b)
2020-12-09T16:14:39.2086408+01:00 [INF] Request finished in 58737.5318ms 101  (Microsoft.AspNetCore.Hosting.Diagnostics) (791a596a)
