2020-12-10T14:00:47.8466226+01:00 [INF] "GalaxySiteSelector" - service version: "0.9.5.5", library version: "0.9.5.9" - machinename: "KX82337" (SiteSelector.Program) (b27fd4b2)
2020-12-10T14:00:47.9071303+01:00 [INF] User profile is available. Using '"C:\WINDOWS\system32\config\systemprofile\AppData\Local\ASP.NET\DataProtection-Keys"' as key repository and Windows DPAPI to encrypt keys at rest. (Microsoft.AspNetCore.DataProtection.KeyManagement.XmlKeyManager) (7ac5e29c)
2020-12-10T14:00:48.4007887+01:00 [INF] Now listening on: "https://[::]:5055" (Microsoft.Hosting.Lifetime) (d826f4b8)
2020-12-10T14:00:48.4009265+01:00 [INF] Application started. Hosting environment: "Production"; Content root path: "C:\ProgramData\GalaxySiteSelector" (Microsoft.Hosting.Lifetime) (9029d6f8)
2020-12-10T14:15:23.9202012+01:00 [INF] "GalaxySiteSelector" - service version: "0.9.5.5", library version: "0.9.5.9" - machinename: "KX82337" (SiteSelector.Program) (b27fd4b2)
2020-12-10T14:15:23.9669695+01:00 [INF] User profile is available. Using '"C:\WINDOWS\system32\config\systemprofile\AppData\Local\ASP.NET\DataProtection-Keys"' as key repository and Windows DPAPI to encrypt keys at rest. (Microsoft.AspNetCore.DataProtection.KeyManagement.XmlKeyManager) (7ac5e29c)
2020-12-10T14:15:24.4099141+01:00 [INF] Now listening on: "https://[::]:5055" (Microsoft.Hosting.Lifetime) (d826f4b8)
2020-12-10T14:15:24.4100566+01:00 [INF] Application started. Hosting environment: "Production"; Content root path: "C:\ProgramData\GalaxySiteSelector" (Microsoft.Hosting.Lifetime) (9029d6f8)
2020-12-10T14:38:14.6794668+01:00 [INF] "GalaxySiteSelector" - service version: "0.9.5.5", library version: "0.9.5.9" - machinename: "KX82337" (SiteSelector.Program) (b27fd4b2)
2020-12-10T14:38:14.7310922+01:00 [INF] User profile is available. Using '"C:\WINDOWS\system32\config\systemprofile\AppData\Local\ASP.NET\DataProtection-Keys"' as key repository and Windows DPAPI to encrypt keys at rest. (Microsoft.AspNetCore.DataProtection.KeyManagement.XmlKeyManager) (7ac5e29c)
2020-12-10T14:38:15.1738093+01:00 [INF] Now listening on: "https://[::]:5055" (Microsoft.Hosting.Lifetime) (d826f4b8)
2020-12-10T14:38:15.1739573+01:00 [INF] Application started. Hosting environment: "Production"; Content root path: "C:\ProgramData\GalaxySiteSelector" (Microsoft.Hosting.Lifetime) (9029d6f8)
2020-12-10T14:45:31.9286284+01:00 [INF] "GalaxySiteSelector" - service version: "0.9.5.5", library version: "0.9.5.9" - machinename: "KX82337" (SiteSelector.Program) (b27fd4b2)
2020-12-10T14:45:31.9813269+01:00 [INF] User profile is available. Using '"C:\WINDOWS\system32\config\systemprofile\AppData\Local\ASP.NET\DataProtection-Keys"' as key repository and Windows DPAPI to encrypt keys at rest. (Microsoft.AspNetCore.DataProtection.KeyManagement.XmlKeyManager) (7ac5e29c)
2020-12-10T14:45:32.4434119+01:00 [INF] Now listening on: "https://[::]:5055" (Microsoft.Hosting.Lifetime) (d826f4b8)
2020-12-10T14:45:32.4435492+01:00 [INF] Application started. Hosting environment: "Production"; Content root path: "C:\ProgramData\GalaxySiteSelector" (Microsoft.Hosting.Lifetime) (9029d6f8)
2020-12-10T14:54:57.3549604+01:00 [INF] Request starting HTTP/2 GET https://localhost:5055/SiteSelector   (Microsoft.AspNetCore.Hosting.Diagnostics) (ca22a1cb)
2020-12-10T14:54:57.3833468+01:00 [INF] Executing endpoint '"/_Host"' (Microsoft.AspNetCore.Routing.EndpointMiddleware) (500cc934)
2020-12-10T14:54:57.4157280+01:00 [INF] Route matched with "{page = \"/_Host\", action = \"\", controller = \"\"}". Executing page "/_Host" (Microsoft.AspNetCore.Mvc.RazorPages.Infrastructure.PageActionInvoker) (547e620f)
2020-12-10T14:54:57.4252903+01:00 [INF] Executing an implicit handler method - ModelState is Valid (Microsoft.AspNetCore.Mvc.RazorPages.Infrastructure.PageActionInvoker) (232a55d1)
2020-12-10T14:54:57.4253953+01:00 [INF] Executed an implicit handler method, returned result "Microsoft.AspNetCore.Mvc.RazorPages.PageResult". (Microsoft.AspNetCore.Mvc.RazorPages.Infrastructure.PageActionInvoker) (f857da66)
2020-12-10T14:54:57.4724652+01:00 [INF] Executed page "/_Host" in 51.0598ms (Microsoft.AspNetCore.Mvc.RazorPages.Infrastructure.PageActionInvoker) (02e01280)
2020-12-10T14:54:57.4725904+01:00 [INF] Executed endpoint '"/_Host"' (Microsoft.AspNetCore.Routing.EndpointMiddleware) (99874f2b)
2020-12-10T14:54:57.4727090+01:00 [INF] Request starting HTTP/2 GET https://localhost:5055/css/site.css   (Microsoft.AspNetCore.Hosting.Diagnostics) (ca22a1cb)
2020-12-10T14:54:57.4727069+01:00 [INF] Request starting HTTP/2 GET https://localhost:5055/css/bootstrap/bootstrap.min.css   (Microsoft.AspNetCore.Hosting.Diagnostics) (ca22a1cb)
2020-12-10T14:54:57.4727069+01:00 [INF] Request starting HTTP/2 GET https://localhost:5055/_framework/blazor.server.js   (Microsoft.AspNetCore.Hosting.Diagnostics) (ca22a1cb)
2020-12-10T14:54:57.4727096+01:00 [INF] Request starting HTTP/2 GET https://localhost:5055/js/interop.js   (Microsoft.AspNetCore.Hosting.Diagnostics) (ca22a1cb)
2020-12-10T14:54:57.4746825+01:00 [INF] Request finished in 121.7997ms 200 text/html; charset=utf-8 (Microsoft.AspNetCore.Hosting.Diagnostics) (791a596a)
2020-12-10T14:54:57.4810231+01:00 [INF] Sending file. Request path: '"/js/interop.js"'. Physical path: '"C:\ProgramData\GalaxySiteSelector\wwwroot\js\interop.js"' (Microsoft.AspNetCore.StaticFiles.StaticFileMiddleware) (27b0a520)
2020-12-10T14:54:57.4821956+01:00 [INF] Sending file. Request path: '"/css/site.css"'. Physical path: '"C:\ProgramData\GalaxySiteSelector\wwwroot\css\site.css"' (Microsoft.AspNetCore.StaticFiles.StaticFileMiddleware) (27b0a520)
2020-12-10T14:54:57.4822153+01:00 [INF] Request finished in 9.482ms 200 application/javascript (Microsoft.AspNetCore.Hosting.Diagnostics) (791a596a)
2020-12-10T14:54:57.4914823+01:00 [INF] Request finished in 18.7498ms 200 text/css (Microsoft.AspNetCore.Hosting.Diagnostics) (791a596a)
2020-12-10T14:54:57.4916361+01:00 [INF] Request starting HTTP/2 GET https://localhost:5055/css/open-iconic/font/css/open-iconic-bootstrap.min.css   (Microsoft.AspNetCore.Hosting.Diagnostics) (ca22a1cb)
2020-12-10T14:54:57.4955419+01:00 [INF] Sending file. Request path: '"/css/open-iconic/font/css/open-iconic-bootstrap.min.css"'. Physical path: '"C:\ProgramData\GalaxySiteSelector\wwwroot\css\open-iconic\font\css\open-iconic-bootstrap.min.css"' (Microsoft.AspNetCore.StaticFiles.StaticFileMiddleware) (27b0a520)
2020-12-10T14:54:57.4955397+01:00 [INF] Sending file. Request path: '"/_framework/blazor.server.js"'. Physical path: '"N/A"' (Microsoft.AspNetCore.StaticFiles.StaticFileMiddleware) (27b0a520)
2020-12-10T14:54:57.4960019+01:00 [INF] Request finished in 4.389ms 200 text/css (Microsoft.AspNetCore.Hosting.Diagnostics) (791a596a)
2020-12-10T14:54:57.4960018+01:00 [INF] Request finished in 23.3116ms 200 application/javascript (Microsoft.AspNetCore.Hosting.Diagnostics) (791a596a)
2020-12-10T14:54:57.4966849+01:00 [INF] Sending file. Request path: '"/css/bootstrap/bootstrap.min.css"'. Physical path: '"C:\ProgramData\GalaxySiteSelector\wwwroot\css\bootstrap\bootstrap.min.css"' (Microsoft.AspNetCore.StaticFiles.StaticFileMiddleware) (27b0a520)
2020-12-10T14:54:57.4967834+01:00 [INF] Request finished in 24.1084ms 200 text/css (Microsoft.AspNetCore.Hosting.Diagnostics) (791a596a)
2020-12-10T14:54:57.5397047+01:00 [INF] Request starting HTTP/2 POST https://localhost:5055/_blazor/negotiate?negotiateVersion=1 text/plain;charset=UTF-8 0 (Microsoft.AspNetCore.Hosting.Diagnostics) (ca22a1cb)
2020-12-10T14:54:57.5410004+01:00 [INF] Executing endpoint '"/_blazor/negotiate"' (Microsoft.AspNetCore.Routing.EndpointMiddleware) (500cc934)
2020-12-10T14:54:57.5553066+01:00 [INF] Executed endpoint '"/_blazor/negotiate"' (Microsoft.AspNetCore.Routing.EndpointMiddleware) (99874f2b)
2020-12-10T14:54:57.5554174+01:00 [INF] Request finished in 15.7662ms 200 application/json (Microsoft.AspNetCore.Hosting.Diagnostics) (791a596a)
2020-12-10T14:54:57.5626638+01:00 [INF] Request starting HTTP/1.1 GET https://localhost:5055/_blazor?id=TbwzQ7lNK-Mi7k_CCIF_OA   (Microsoft.AspNetCore.Hosting.Diagnostics) (ca22a1cb)
2020-12-10T14:54:57.5629108+01:00 [INF] Executing endpoint '"/_blazor"' (Microsoft.AspNetCore.Routing.EndpointMiddleware) (500cc934)
2020-12-10T14:54:57.6391453+01:00 [INF] Running SetupSession (SiteSelector.Domain.SessionStart.ActorSessionStart) (7e9ff657)
2020-12-10T14:54:57.6733784+01:00 [INF] Found galaxy-client in configuration: "Galaxy Systemvælger" (SiteSelector.Domain.Persist.ReadConfigXml) (88c8e810)
2020-12-10T14:54:57.6738588+01:00 [INF] @GetDaletServiceIsInstalled, looking for service: "DaletService" (SiteSelector.Domain.SessionStart.CheckEnvironment) (bb0ef24c)
2020-12-10T14:54:57.6757214+01:00 [INF] Found service "DaletService" in state: StartService (SiteSelector.Domain.Services.ServiceHandler) (d73723f9)
2020-12-10T14:54:57.6758501+01:00 [INF] @GetDaletServiceIsInstalled, found service "DaletService": True (SiteSelector.Domain.SessionStart.CheckEnvironment) (10d3e8ac)
2020-12-10T14:54:57.6807763+01:00 [INF] Could not detect "DaletGalaxy". (SiteSelector.Domain.Processes.ProcessHandler) (37043ae9)
2020-12-10T14:54:57.6808572+01:00 [INF] Detected "DaletGalaxy" running on client:False (SiteSelector.Domain.Processes.ProcessHandler) (92f7db5d)
2020-12-10T14:54:57.7280329+01:00 [INF] DetectGalaxyRunning - Galaxy is running: False (SiteSelector.Domain.SessionStart.CheckEnvironment) (fd1e0f1e)
2020-12-10T14:54:57.7446113+01:00 [INF] Request starting HTTP/2 GET https://localhost:5055/css/open-iconic/font/fonts/open-iconic.woff   (Microsoft.AspNetCore.Hosting.Diagnostics) (ca22a1cb)
2020-12-10T14:54:57.7463908+01:00 [INF] Sending file. Request path: '"/css/open-iconic/font/fonts/open-iconic.woff"'. Physical path: '"C:\ProgramData\GalaxySiteSelector\wwwroot\css\open-iconic\font\fonts\open-iconic.woff"' (Microsoft.AspNetCore.StaticFiles.StaticFileMiddleware) (27b0a520)
2020-12-10T14:54:57.7464683+01:00 [INF] Request finished in 1.8879ms 200 application/font-woff (Microsoft.AspNetCore.Hosting.Diagnostics) (791a596a)
2020-12-10T14:54:57.8692932+01:00 [INF] Found user "w-efl", is allowed to see test-sites: True (SiteSelector.Domain.SessionStart.CheckEnvironment) (7a41e528)
2020-12-10T14:54:57.8693478+01:00 [INF] Test-sites should be included in site-listing: True (SiteSelector.Domain.SessionStart.CheckEnvironment) (375b5f05)
2020-12-10T14:54:57.8723894+01:00 [INF] Found local SiteSelector.xml at "C:\ProgramData\GalaxySiteSelector\SiteSelector.xml" (SiteSelector.Domain.SessionStart.UpdateLocalSiteSelectorXml) (926e481e)
2020-12-10T14:54:57.8751832+01:00 [INF] Found "\\dalet1\DpShare\SiteSelector\config\SiteSelector.xml": True (SiteSelector.Domain.SessionStart.UpdateLocalSiteSelectorXml) (43bd9e6d)
2020-12-10T14:54:57.8757905+01:00 [INF] Local SiteSelector.xml was detected: True (SiteSelector.Domain.SessionStart.UpdateLocalSiteSelectorXml) (0845ccfd)
2020-12-10T14:54:57.8758298+01:00 [INF] Local SiteSelector.xml was updated from "\\dalet1\DpShare\SiteSelector\config\SiteSelector.xml": False (SiteSelector.Domain.SessionStart.UpdateLocalSiteSelectorXml) (40a93371)
2020-12-10T14:54:57.8769337+01:00 [INF] Found 7 galaxy-sites in sites-list. (SiteSelector.Domain.Persist.ReadConfigXml) (ee6a3325)
2020-12-10T14:54:57.8798493+01:00 [INF] Succesfully read file: "C:\ProgramData\DaletPlusData\config.ini" (SiteSelector.Domain.SessionStart.HandleConfigIni) (70338fcf)
2020-12-10T14:54:57.8809483+01:00 [INF] Succesfully read file: "C:\ProgramData\DaletPlusData\config.ini" (SiteSelector.Domain.SessionStart.HandleConfigIni) (70338fcf)
2020-12-10T14:54:57.8812565+01:00 [INF] Completed SetupSession (SiteSelector.Domain.SessionStart.ActorSessionStart) (f17818b2)
2020-12-10T14:54:57.8816162+01:00 [INF] DaletService exists on client: True (SiteSelector.Pages.MainPage.MainComponent) (ac368e96)
2020-12-10T14:54:57.8821550+01:00 [INF] UI found current site: True (SiteSelector.Pages.MainPage.SitesListComponent) (8d1f5b96)
2020-12-10T14:55:02.5591308+01:00 [INF] User requested site: "DALG3test", AsWinUser: True, Restart Service: False (SiteSelector.Pages.MainPage.SitesListComponent) (d8efe5db)
2020-12-10T14:55:02.5662833+01:00 [INF] Succesfully read file: "C:\ProgramData\DaletPlusData\config.ini" (SiteSelector.Domain.SessionStart.HandleConfigIni) (70338fcf)
2020-12-10T14:55:02.5675006+01:00 [INF] Succesfully read file: "C:\ProgramData\DaletPlusData\config.ini" (SiteSelector.Domain.SessionStart.HandleConfigIni) (70338fcf)
2020-12-10T14:55:02.5688367+01:00 [INF] Succesfully wrote file: "C:\ProgramData\DaletPlusData\config.ini" (SiteSelector.Domain.SessionStart.HandleConfigIni) (073e61d3)
2020-12-10T14:55:02.5689828+01:00 [INF] Succesfully updated config.ini to "DALG3APP01TST DALG3APP02TST": True (SiteSelector.Domain.SessionRespond.UpdateConfigIni) (4d06f4d8)
2020-12-10T14:55:02.5723337+01:00 [INF] SendEvent: Message - Success - "Config.ini was updated successfully." - "(null)" (SiteSelector.Domain.SessionRespond.ActorSessionRespond) (a9efe48d)
2020-12-10T14:55:02.5728768+01:00 [INF] SendEvent: Message - Waiting - "Preparing to start Galaxy." - "(null)" (SiteSelector.Domain.SessionRespond.ActorSessionRespond) (a9efe48d)
2020-12-10T14:55:02.5760087+01:00 [INF] SessionID is : 0 (SiteSelector.Domain.Processes.ProcessHandler) (6c7ef343)
2020-12-10T14:55:02.6262846+01:00 [INF] Found owner: "NET\w-efl" (SiteSelector.Domain.Processes.ProcessHandler) (22b07dda)
2020-12-10T14:55:02.6263351+01:00 [INF] Non-interactive session. Now starting Galaxy. (SiteSelector.Domain.Processes.ProcessHandler) (dc4b6270)
2020-12-10T14:55:02.6267565+01:00 [INF] StartProcessAsUser: args: "C:\Program Files\Dalet\DaletPlus\bin\DaletGalaxy.exe -A Trusted -S DALG3APP01TST" (SiteSelector.Domain.Processes.ProcessHandler) (aee9c874)
2020-12-10T14:55:02.6312047+01:00 [INF] @ApplicationLoaderHelper, got environment as current user: True (SiteSelector.Domain.Processes.ProcessHandler) (78894c7a)
2020-12-10T14:55:02.6314004+01:00 [INF] @ApplicationLoaderHelper, environment var: "ALLUSERSPROFILE": "C:\ProgramData" (SiteSelector.Domain.Processes.ProcessHandler) (1999c767)
2020-12-10T14:55:02.6314549+01:00 [INF] @ApplicationLoaderHelper, environment var: "APPDATA": "C:\Users\w-efl\AppData\Roaming" (SiteSelector.Domain.Processes.ProcessHandler) (1999c767)
2020-12-10T14:55:02.6314982+01:00 [INF] @ApplicationLoaderHelper, environment var: "CommonProgramFiles": "C:\Program Files\Common Files" (SiteSelector.Domain.Processes.ProcessHandler) (1999c767)
2020-12-10T14:55:02.6315171+01:00 [INF] @ApplicationLoaderHelper, environment var: "CommonProgramFiles(x86)": "C:\Program Files (x86)\Common Files" (SiteSelector.Domain.Processes.ProcessHandler) (1999c767)
2020-12-10T14:55:02.6315452+01:00 [INF] @ApplicationLoaderHelper, environment var: "CommonProgramW6432": "C:\Program Files\Common Files" (SiteSelector.Domain.Processes.ProcessHandler) (1999c767)
2020-12-10T14:55:02.6315620+01:00 [INF] @ApplicationLoaderHelper, environment var: "COMPUTERNAME": "KX82337" (SiteSelector.Domain.Processes.ProcessHandler) (1999c767)
2020-12-10T14:55:02.6315784+01:00 [INF] @ApplicationLoaderHelper, environment var: "ComSpec": "C:\WINDOWS\system32\cmd.exe" (SiteSelector.Domain.Processes.ProcessHandler) (1999c767)
2020-12-10T14:55:02.6315930+01:00 [INF] @ApplicationLoaderHelper, environment var: "DriverData": "C:\Windows\System32\Drivers\DriverData" (SiteSelector.Domain.Processes.ProcessHandler) (1999c767)
2020-12-10T14:55:02.6316095+01:00 [INF] @ApplicationLoaderHelper, environment var: "HOMEDRIVE": "C:" (SiteSelector.Domain.Processes.ProcessHandler) (1999c767)
2020-12-10T14:55:02.6316235+01:00 [INF] @ApplicationLoaderHelper, environment var: "HOMEPATH": "\Users\w-efl" (SiteSelector.Domain.Processes.ProcessHandler) (1999c767)
2020-12-10T14:55:02.6316401+01:00 [INF] @ApplicationLoaderHelper, environment var: "LOCALAPPDATA": "C:\Users\w-efl\AppData\Local" (SiteSelector.Domain.Processes.ProcessHandler) (1999c767)
2020-12-10T14:55:02.6316537+01:00 [INF] @ApplicationLoaderHelper, environment var: "LOGONSERVER": "\\DC02" (SiteSelector.Domain.Processes.ProcessHandler) (1999c767)
2020-12-10T14:55:02.6316700+01:00 [INF] @ApplicationLoaderHelper, environment var: "NUMBER_OF_PROCESSORS": "8" (SiteSelector.Domain.Processes.ProcessHandler) (1999c767)
2020-12-10T14:55:02.6316834+01:00 [INF] @ApplicationLoaderHelper, environment var: "OneDrive": "C:\Users\w-efl\OneDrive" (SiteSelector.Domain.Processes.ProcessHandler) (1999c767)
2020-12-10T14:55:02.6317020+01:00 [INF] @ApplicationLoaderHelper, environment var: "OS": "Windows_NT" (SiteSelector.Domain.Processes.ProcessHandler) (1999c767)
2020-12-10T14:55:02.6317205+01:00 [INF] @ApplicationLoaderHelper, environment var: "Path": "C:\Prog32\Oracle\Ora11GR2\bin\;C:\ProgramData\Oracle\Java\javapath;C:\WINDOWS\system32;C:\WINDOWS;C:\WINDOWS\System32\Wbem;C:\WINDOWS\System32\WindowsPowerShell\v1.0\;C:\WINDOWS\System32\OpenSSH\;C:\Users\w-efl\AppData\Local\Microsoft\WindowsApps" (SiteSelector.Domain.Processes.ProcessHandler) (1999c767)
2020-12-10T14:55:02.6317373+01:00 [INF] @ApplicationLoaderHelper, environment var: "PATHEXT": ".COM;.EXE;.BAT;.CMD;.VBS;.VBE;.JS;.JSE;.WSF;.WSH;.MSC" (SiteSelector.Domain.Processes.ProcessHandler) (1999c767)
2020-12-10T14:55:02.6317518+01:00 [INF] @ApplicationLoaderHelper, environment var: "PROCESSOR_ARCHITECTURE": "AMD64" (SiteSelector.Domain.Processes.ProcessHandler) (1999c767)
2020-12-10T14:55:02.6317687+01:00 [INF] @ApplicationLoaderHelper, environment var: "PROCESSOR_IDENTIFIER": "Intel64 Family 6 Model 94 Stepping 3, GenuineIntel" (SiteSelector.Domain.Processes.ProcessHandler) (1999c767)
2020-12-10T14:55:02.6317822+01:00 [INF] @ApplicationLoaderHelper, environment var: "PROCESSOR_LEVEL": "6" (SiteSelector.Domain.Processes.ProcessHandler) (1999c767)
2020-12-10T14:55:02.6317986+01:00 [INF] @ApplicationLoaderHelper, environment var: "PROCESSOR_REVISION": "5e03" (SiteSelector.Domain.Processes.ProcessHandler) (1999c767)
2020-12-10T14:55:02.6318155+01:00 [INF] @ApplicationLoaderHelper, environment var: "ProgramData": "C:\ProgramData" (SiteSelector.Domain.Processes.ProcessHandler) (1999c767)
2020-12-10T14:55:02.6318296+01:00 [INF] @ApplicationLoaderHelper, environment var: "ProgramFiles": "C:\Program Files" (SiteSelector.Domain.Processes.ProcessHandler) (1999c767)
2020-12-10T14:55:02.6318457+01:00 [INF] @ApplicationLoaderHelper, environment var: "ProgramFiles(x86)": "C:\Program Files (x86)" (SiteSelector.Domain.Processes.ProcessHandler) (1999c767)
2020-12-10T14:55:02.6318595+01:00 [INF] @ApplicationLoaderHelper, environment var: "ProgramW6432": "C:\Program Files" (SiteSelector.Domain.Processes.ProcessHandler) (1999c767)
2020-12-10T14:55:02.6318764+01:00 [INF] @ApplicationLoaderHelper, environment var: "PSModulePath": "%ProgramFiles%\WindowsPowerShell\Modules;C:\WINDOWS\system32\WindowsPowerShell\v1.0\Modules" (SiteSelector.Domain.Processes.ProcessHandler) (1999c767)
2020-12-10T14:55:02.6318901+01:00 [INF] @ApplicationLoaderHelper, environment var: "PUBLIC": "C:\Users\Public" (SiteSelector.Domain.Processes.ProcessHandler) (1999c767)
2020-12-10T14:55:02.6319078+01:00 [INF] @ApplicationLoaderHelper, environment var: "SystemDrive": "C:" (SiteSelector.Domain.Processes.ProcessHandler) (1999c767)
2020-12-10T14:55:02.6319215+01:00 [INF] @ApplicationLoaderHelper, environment var: "SystemRoot": "C:\WINDOWS" (SiteSelector.Domain.Processes.ProcessHandler) (1999c767)
2020-12-10T14:55:02.6319381+01:00 [INF] @ApplicationLoaderHelper, environment var: "TEMP": "C:\Users\w-efl\AppData\Local\Temp" (SiteSelector.Domain.Processes.ProcessHandler) (1999c767)
2020-12-10T14:55:02.6319540+01:00 [INF] @ApplicationLoaderHelper, environment var: "TMP": "C:\Users\w-efl\AppData\Local\Temp" (SiteSelector.Domain.Processes.ProcessHandler) (1999c767)
2020-12-10T14:55:02.6319679+01:00 [INF] @ApplicationLoaderHelper, environment var: "UATDATA": "C:\WINDOWS\CCM\UATData\D9F8C395-CAB8-491d-B8AC-179A1FE1BE77" (SiteSelector.Domain.Processes.ProcessHandler) (1999c767)
2020-12-10T14:55:02.6319838+01:00 [INF] @ApplicationLoaderHelper, environment var: "USERDNSDOMAIN": "NET.DR.DK" (SiteSelector.Domain.Processes.ProcessHandler) (1999c767)
2020-12-10T14:55:02.6319976+01:00 [INF] @ApplicationLoaderHelper, environment var: "USERDOMAIN": "NET" (SiteSelector.Domain.Processes.ProcessHandler) (1999c767)
2020-12-10T14:55:02.6320137+01:00 [INF] @ApplicationLoaderHelper, environment var: "USERDOMAIN_ROAMINGPROFILE": "NET" (SiteSelector.Domain.Processes.ProcessHandler) (1999c767)
2020-12-10T14:55:02.6320274+01:00 [INF] @ApplicationLoaderHelper, environment var: "USERNAME": "w-efl" (SiteSelector.Domain.Processes.ProcessHandler) (1999c767)
2020-12-10T14:55:02.6320436+01:00 [INF] @ApplicationLoaderHelper, environment var: "USERPROFILE": "C:\Users\w-efl" (SiteSelector.Domain.Processes.ProcessHandler) (1999c767)
2020-12-10T14:55:02.6320604+01:00 [INF] @ApplicationLoaderHelper, environment var: "windir": "C:\WINDOWS" (SiteSelector.Domain.Processes.ProcessHandler) (1999c767)
2020-12-10T14:55:02.7683024+01:00 [INF] @ApplicationLoaderHelper, started process "C:\Program Files\Dalet\DaletPlus\bin\DaletGalaxy.exe -A Trusted -S DALG3APP01TST", PID: 8872 (SiteSelector.Domain.Processes.ProcessHandler) (cb3dba52)
2020-12-10T14:55:02.7692410+01:00 [INF] StartProcessAsUser - Started process: 8872 (SiteSelector.Domain.Processes.ProcessHandler) (018bf248)
2020-12-10T14:55:02.7693403+01:00 [INF] StartProcessEnvironmentAware. Process "C:\Program Files\Dalet\DaletPlus\bin\DaletGalaxy.exe" has been invoked. (SiteSelector.Domain.Processes.ProcessHandler) (f0f71640)
2020-12-10T14:55:02.7694312+01:00 [INF] StartGalaxy - started Dalet Galaxy: True (SiteSelector.Domain.SessionRespond.Launcher) (bddbbfc5)
2020-12-10T14:55:02.7697975+01:00 [INF] Now Switching to site "DALG3test" (SiteSelector.Pages.MainPage.MainComponent) (105e6a29)
2020-12-10T14:55:02.7727506+01:00 [INF] SendEvent: StartGalaxy - Success - "Successfully started Galaxy" - "DALG3test" (SiteSelector.Domain.SessionRespond.ActorSessionRespond) (a9efe48d)
2020-12-10T14:55:02.7728113+01:00 [INF] Successfully started Dalet Galaxy. (SiteSelector.Domain.SessionRespond.ActorSessionRespond) (df2d65df)
2020-12-10T14:55:02.7920635+01:00 [INF] Successfully build configuration (SiteSelector.Domain.Persist.PersistAppSettings) (34a2c1a5)
2020-12-10T14:55:02.7964360+01:00 [INF] Disposing now (SiteSelector.Pages.MainPage.MainComponent) (7c5e0a46)
2020-12-10T14:55:02.7965536+01:00 [INF] Unsubscribed to all events. (SiteSelector.Pages.MainPage.MainComponent) (8a173910)
2020-12-10T14:55:02.7968739+01:00 [INF] Disposing now (SiteSelector.Pages.MainPage.SitesListComponent) (7c5e0a46)
2020-12-10T14:55:02.7977839+01:00 [INF] Successfully updated configuration to appsettings.json (SiteSelector.Domain.Persist.PersistAppSettings) (de26bb35)
2020-12-10T14:55:02.7987108+01:00 [INF] Galaxy was started: True (SiteSelector.Pages.MainPage.SitesListComponent) (86cbc7be)
2020-12-10T14:55:05.7831565+01:00 [INF] Request starting HTTP/2 POST https://localhost:5055/_blazor/disconnect multipart/form-data; boundary=---------------------------7e430b510258 361 (Microsoft.AspNetCore.Hosting.Diagnostics) (ca22a1cb)
2020-12-10T14:55:05.7848285+01:00 [INF] Executing endpoint '"Blazor disconnect"' (Microsoft.AspNetCore.Routing.EndpointMiddleware) (500cc934)
2020-12-10T14:55:05.7849072+01:00 [INF] Closed current browser-window (MS Edge only). (SiteSelector.Pages.MainPage.MainComponent) (023c2a79)
2020-12-10T14:55:05.7871993+01:00 [INF] Request starting HTTP/2 GET https://localhost:5055/html/SwitchComplete.html   (Microsoft.AspNetCore.Hosting.Diagnostics) (ca22a1cb)
2020-12-10T14:55:05.7883718+01:00 [INF] Sending file. Request path: '"/html/SwitchComplete.html"'. Physical path: '"C:\ProgramData\GalaxySiteSelector\wwwroot\html\SwitchComplete.html"' (Microsoft.AspNetCore.StaticFiles.StaticFileMiddleware) (27b0a520)
2020-12-10T14:55:05.7886212+01:00 [INF] Request finished in 1.366ms 200 text/html (Microsoft.AspNetCore.Hosting.Diagnostics) (791a596a)
2020-12-10T14:55:05.8016918+01:00 [INF] Executed endpoint '"Blazor disconnect"' (Microsoft.AspNetCore.Routing.EndpointMiddleware) (99874f2b)
2020-12-10T14:55:05.8018781+01:00 [INF] Request finished in 19.0494ms 200  (Microsoft.AspNetCore.Hosting.Diagnostics) (791a596a)
2020-12-10T14:55:05.8096361+01:00 [INF] Executed endpoint '"/_blazor"' (Microsoft.AspNetCore.Routing.EndpointMiddleware) (99874f2b)
2020-12-10T14:55:05.8099537+01:00 [INF] Request finished in 8247.1302ms 101  (Microsoft.AspNetCore.Hosting.Diagnostics) (791a596a)
2020-12-10T15:01:35.4854445+01:00 [INF] "GalaxySiteSelector" - service version: "0.9.5.5", library version: "0.9.5.9" - machinename: "KX82337" (SiteSelector.Program) (b27fd4b2)
2020-12-10T15:01:35.5378100+01:00 [INF] User profile is available. Using '"C:\WINDOWS\system32\config\systemprofile\AppData\Local\ASP.NET\DataProtection-Keys"' as key repository and Windows DPAPI to encrypt keys at rest. (Microsoft.AspNetCore.DataProtection.KeyManagement.XmlKeyManager) (7ac5e29c)
2020-12-10T15:01:36.0008550+01:00 [INF] Now listening on: "https://[::]:5055" (Microsoft.Hosting.Lifetime) (d826f4b8)
2020-12-10T15:01:36.0009944+01:00 [INF] Application started. Hosting environment: "Production"; Content root path: "C:\ProgramData\GalaxySiteSelector" (Microsoft.Hosting.Lifetime) (9029d6f8)
2020-12-10T15:13:48.4894266+01:00 [INF] "GalaxySiteSelector" - service version: "0.9.5.5", library version: "0.9.5.9" - machinename: "KX82337" (SiteSelector.Program) (b27fd4b2)
2020-12-10T15:13:48.5400028+01:00 [INF] User profile is available. Using '"C:\WINDOWS\system32\config\systemprofile\AppData\Local\ASP.NET\DataProtection-Keys"' as key repository and Windows DPAPI to encrypt keys at rest. (Microsoft.AspNetCore.DataProtection.KeyManagement.XmlKeyManager) (7ac5e29c)
2020-12-10T15:13:48.9719020+01:00 [INF] Now listening on: "https://[::]:5055" (Microsoft.Hosting.Lifetime) (d826f4b8)
2020-12-10T15:13:48.9720518+01:00 [INF] Application started. Hosting environment: "Production"; Content root path: "C:\ProgramData\GalaxySiteSelector" (Microsoft.Hosting.Lifetime) (9029d6f8)
2020-12-10T15:31:04.3528739+01:00 [INF] "GalaxySiteSelector" - service version: "0.9.5.5", library version: "0.9.5.9" - machinename: "KX82337" (SiteSelector.Program) (b27fd4b2)
2020-12-10T15:31:04.4137169+01:00 [INF] User profile is available. Using '"C:\WINDOWS\system32\config\systemprofile\AppData\Local\ASP.NET\DataProtection-Keys"' as key repository and Windows DPAPI to encrypt keys at rest. (Microsoft.AspNetCore.DataProtection.KeyManagement.XmlKeyManager) (7ac5e29c)
2020-12-10T15:31:04.8539051+01:00 [INF] Now listening on: "https://[::]:5055" (Microsoft.Hosting.Lifetime) (d826f4b8)
2020-12-10T15:31:04.8540428+01:00 [INF] Application started. Hosting environment: "Production"; Content root path: "C:\ProgramData\GalaxySiteSelector" (Microsoft.Hosting.Lifetime) (9029d6f8)
2020-12-10T15:47:06.1755526+01:00 [INF] Request starting HTTP/2 GET https://KX82337:5055/api/getlogs   (Microsoft.AspNetCore.Hosting.Diagnostics) (ca22a1cb)
2020-12-10T15:47:06.2046919+01:00 [INF] Executing endpoint '"SiteSelector.Controllers.GetLogsController.GetLogsList (SiteSelector)"' (Microsoft.AspNetCore.Routing.EndpointMiddleware) (500cc934)
2020-12-10T15:47:06.2296175+01:00 [INF] Route matched with "{action = \"GetLogsList\", controller = \"GetLogs\", page = \"\"}". Executing controller action with signature "System.Threading.Tasks.Task`1[Microsoft.AspNetCore.Mvc.IActionResult] GetLogsList()" on controller "SiteSelector.Controllers.GetLogsController" ("SiteSelector"). (Microsoft.AspNetCore.Mvc.Infrastructure.ControllerActionInvoker) (122b2fdf)
2020-12-10T15:47:06.2423131+01:00 [INF] Executing ObjectResult, writing value of type '"System.String"'. (Microsoft.AspNetCore.Mvc.Infrastructure.ObjectResultExecutor) (8a1b66c8)
2020-12-10T15:47:06.2499787+01:00 [INF] Executed action "SiteSelector.Controllers.GetLogsController.GetLogsList (SiteSelector)" in 15.4491ms (Microsoft.AspNetCore.Mvc.Infrastructure.ControllerActionInvoker) (afa2e885)
2020-12-10T15:47:06.2503207+01:00 [INF] Executed endpoint '"SiteSelector.Controllers.GetLogsController.GetLogsList (SiteSelector)"' (Microsoft.AspNetCore.Routing.EndpointMiddleware) (99874f2b)
2020-12-10T15:47:06.2515560+01:00 [INF] Request finished in 78.186ms 200 text/plain; charset=utf-8 (Microsoft.AspNetCore.Hosting.Diagnostics) (791a596a)
2020-12-10T15:49:07.4044771+01:00 [INF] Request starting HTTP/2 GET https://KX82337:5055/api/getlogs   (Microsoft.AspNetCore.Hosting.Diagnostics) (ca22a1cb)
2020-12-10T15:49:07.4061682+01:00 [INF] Executing endpoint '"SiteSelector.Controllers.GetLogsController.GetLogsList (SiteSelector)"' (Microsoft.AspNetCore.Routing.EndpointMiddleware) (500cc934)
2020-12-10T15:49:07.4064662+01:00 [INF] Route matched with "{action = \"GetLogsList\", controller = \"GetLogs\", page = \"\"}". Executing controller action with signature "System.Threading.Tasks.Task`1[Microsoft.AspNetCore.Mvc.IActionResult] GetLogsList()" on controller "SiteSelector.Controllers.GetLogsController" ("SiteSelector"). (Microsoft.AspNetCore.Mvc.Infrastructure.ControllerActionInvoker) (122b2fdf)
2020-12-10T15:49:07.4078494+01:00 [INF] Executing ObjectResult, writing value of type '"System.String"'. (Microsoft.AspNetCore.Mvc.Infrastructure.ObjectResultExecutor) (8a1b66c8)
2020-12-10T15:49:07.4082198+01:00 [INF] Executed action "SiteSelector.Controllers.GetLogsController.GetLogsList (SiteSelector)" in 1.6372ms (Microsoft.AspNetCore.Mvc.Infrastructure.ControllerActionInvoker) (afa2e885)
2020-12-10T15:49:07.4082660+01:00 [INF] Executed endpoint '"SiteSelector.Controllers.GetLogsController.GetLogsList (SiteSelector)"' (Microsoft.AspNetCore.Routing.EndpointMiddleware) (99874f2b)
2020-12-10T15:49:07.4084053+01:00 [INF] Request finished in 4.1256ms 200 text/plain; charset=utf-8 (Microsoft.AspNetCore.Hosting.Diagnostics) (791a596a)
2020-12-10T15:49:28.2214956+01:00 [INF] Request starting HTTP/2 GET https://KX82337:5055/api/getlogs   (Microsoft.AspNetCore.Hosting.Diagnostics) (ca22a1cb)
2020-12-10T15:49:28.2223169+01:00 [INF] Executing endpoint '"SiteSelector.Controllers.GetLogsController.GetLogsList (SiteSelector)"' (Microsoft.AspNetCore.Routing.EndpointMiddleware) (500cc934)
2020-12-10T15:49:28.2229888+01:00 [INF] Route matched with "{action = \"GetLogsList\", controller = \"GetLogs\", page = \"\"}". Executing controller action with signature "System.Threading.Tasks.Task`1[Microsoft.AspNetCore.Mvc.IActionResult] GetLogsList()" on controller "SiteSelector.Controllers.GetLogsController" ("SiteSelector"). (Microsoft.AspNetCore.Mvc.Infrastructure.ControllerActionInvoker) (122b2fdf)
2020-12-10T15:49:28.2331122+01:00 [INF] Executing ObjectResult, writing value of type '"System.String"'. (Microsoft.AspNetCore.Mvc.Infrastructure.ObjectResultExecutor) (8a1b66c8)
2020-12-10T15:49:28.2337936+01:00 [INF] Executed action "SiteSelector.Controllers.GetLogsController.GetLogsList (SiteSelector)" in 10.5855ms (Microsoft.AspNetCore.Mvc.Infrastructure.ControllerActionInvoker) (afa2e885)
2020-12-10T15:49:28.2338577+01:00 [INF] Executed endpoint '"SiteSelector.Controllers.GetLogsController.GetLogsList (SiteSelector)"' (Microsoft.AspNetCore.Routing.EndpointMiddleware) (99874f2b)
2020-12-10T15:49:28.2340019+01:00 [INF] Request finished in 12.8758ms 200 text/plain; charset=utf-8 (Microsoft.AspNetCore.Hosting.Diagnostics) (791a596a)
2020-12-10T16:05:41.2896693+01:00 [INF] Request starting HTTP/2 GET https://KX82337:5055/api/getlogs   (Microsoft.AspNetCore.Hosting.Diagnostics) (ca22a1cb)
2020-12-10T16:05:41.2902802+01:00 [INF] Executing endpoint '"SiteSelector.Controllers.GetLogsController.GetLogsList (SiteSelector)"' (Microsoft.AspNetCore.Routing.EndpointMiddleware) (500cc934)
2020-12-10T16:05:41.2906094+01:00 [INF] Route matched with "{action = \"GetLogsList\", controller = \"GetLogs\", page = \"\"}". Executing controller action with signature "System.Threading.Tasks.Task`1[Microsoft.AspNetCore.Mvc.IActionResult] GetLogsList()" on controller "SiteSelector.Controllers.GetLogsController" ("SiteSelector"). (Microsoft.AspNetCore.Mvc.Infrastructure.ControllerActionInvoker) (122b2fdf)
2020-12-10T16:05:41.2919536+01:00 [INF] Executing ObjectResult, writing value of type '"System.String"'. (Microsoft.AspNetCore.Mvc.Infrastructure.ObjectResultExecutor) (8a1b66c8)
2020-12-10T16:05:41.2924423+01:00 [INF] Executed action "SiteSelector.Controllers.GetLogsController.GetLogsList (SiteSelector)" in 1.7147ms (Microsoft.AspNetCore.Mvc.Infrastructure.ControllerActionInvoker) (afa2e885)
2020-12-10T16:05:41.2924892+01:00 [INF] Executed endpoint '"SiteSelector.Controllers.GetLogsController.GetLogsList (SiteSelector)"' (Microsoft.AspNetCore.Routing.EndpointMiddleware) (99874f2b)
2020-12-10T16:05:41.2926185+01:00 [INF] Request finished in 3.2227ms 200 text/plain; charset=utf-8 (Microsoft.AspNetCore.Hosting.Diagnostics) (791a596a)
2020-12-10T16:23:14.3159615+01:00 [INF] Request starting HTTP/2 GET https://KX82337:5055/api/getlogs   (Microsoft.AspNetCore.Hosting.Diagnostics) (ca22a1cb)
2020-12-10T16:23:14.3163854+01:00 [INF] Executing endpoint '"SiteSelector.Controllers.GetLogsController.GetLogsList (SiteSelector)"' (Microsoft.AspNetCore.Routing.EndpointMiddleware) (500cc934)
2020-12-10T16:23:14.3166326+01:00 [INF] Route matched with "{action = \"GetLogsList\", controller = \"GetLogs\", page = \"\"}". Executing controller action with signature "System.Threading.Tasks.Task`1[Microsoft.AspNetCore.Mvc.IActionResult] GetLogsList()" on controller "SiteSelector.Controllers.GetLogsController" ("SiteSelector"). (Microsoft.AspNetCore.Mvc.Infrastructure.ControllerActionInvoker) (122b2fdf)
2020-12-10T16:23:14.3178156+01:00 [INF] Executing ObjectResult, writing value of type '"System.String"'. (Microsoft.AspNetCore.Mvc.Infrastructure.ObjectResultExecutor) (8a1b66c8)
2020-12-10T16:23:14.3181571+01:00 [INF] Executed action "SiteSelector.Controllers.GetLogsController.GetLogsList (SiteSelector)" in 1.4304ms (Microsoft.AspNetCore.Mvc.Infrastructure.ControllerActionInvoker) (afa2e885)
2020-12-10T16:23:14.3181969+01:00 [INF] Executed endpoint '"SiteSelector.Controllers.GetLogsController.GetLogsList (SiteSelector)"' (Microsoft.AspNetCore.Routing.EndpointMiddleware) (99874f2b)
2020-12-10T16:23:14.3183220+01:00 [INF] Request finished in 2.5631ms 200 text/plain; charset=utf-8 (Microsoft.AspNetCore.Hosting.Diagnostics) (791a596a)
2020-12-10T16:24:27.8885785+01:00 [INF] Request starting HTTP/2 GET https://KX82337:5055/api/getlogs   (Microsoft.AspNetCore.Hosting.Diagnostics) (ca22a1cb)
2020-12-10T16:24:27.8890415+01:00 [INF] Executing endpoint '"SiteSelector.Controllers.GetLogsController.GetLogsList (SiteSelector)"' (Microsoft.AspNetCore.Routing.EndpointMiddleware) (500cc934)
2020-12-10T16:24:27.8892946+01:00 [INF] Route matched with "{action = \"GetLogsList\", controller = \"GetLogs\", page = \"\"}". Executing controller action with signature "System.Threading.Tasks.Task`1[Microsoft.AspNetCore.Mvc.IActionResult] GetLogsList()" on controller "SiteSelector.Controllers.GetLogsController" ("SiteSelector"). (Microsoft.AspNetCore.Mvc.Infrastructure.ControllerActionInvoker) (122b2fdf)
2020-12-10T16:24:27.8904217+01:00 [INF] Executing ObjectResult, writing value of type '"System.String"'. (Microsoft.AspNetCore.Mvc.Infrastructure.ObjectResultExecutor) (8a1b66c8)
2020-12-10T16:24:27.8908675+01:00 [INF] Executed action "SiteSelector.Controllers.GetLogsController.GetLogsList (SiteSelector)" in 1.4686ms (Microsoft.AspNetCore.Mvc.Infrastructure.ControllerActionInvoker) (afa2e885)
2020-12-10T16:24:27.8909085+01:00 [INF] Executed endpoint '"SiteSelector.Controllers.GetLogsController.GetLogsList (SiteSelector)"' (Microsoft.AspNetCore.Routing.EndpointMiddleware) (99874f2b)
2020-12-10T16:24:27.8910401+01:00 [INF] Request finished in 2.6354ms 200 text/plain; charset=utf-8 (Microsoft.AspNetCore.Hosting.Diagnostics) (791a596a)
2020-12-10T16:27:04.6137124+01:00 [INF] Request starting HTTP/2 GET https://KX82337:5055/api/getlogs   (Microsoft.AspNetCore.Hosting.Diagnostics) (ca22a1cb)
2020-12-10T16:27:04.6142858+01:00 [INF] Executing endpoint '"SiteSelector.Controllers.GetLogsController.GetLogsList (SiteSelector)"' (Microsoft.AspNetCore.Routing.EndpointMiddleware) (500cc934)
2020-12-10T16:27:04.6147524+01:00 [INF] Route matched with "{action = \"GetLogsList\", controller = \"GetLogs\", page = \"\"}". Executing controller action with signature "System.Threading.Tasks.Task`1[Microsoft.AspNetCore.Mvc.IActionResult] GetLogsList()" on controller "SiteSelector.Controllers.GetLogsController" ("SiteSelector"). (Microsoft.AspNetCore.Mvc.Infrastructure.ControllerActionInvoker) (122b2fdf)
2020-12-10T16:27:04.6170389+01:00 [INF] Executing ObjectResult, writing value of type '"System.String"'. (Microsoft.AspNetCore.Mvc.Infrastructure.ObjectResultExecutor) (8a1b66c8)
2020-12-10T16:27:04.6177380+01:00 [INF] Executed action "SiteSelector.Controllers.GetLogsController.GetLogsList (SiteSelector)" in 2.7535ms (Microsoft.AspNetCore.Mvc.Infrastructure.ControllerActionInvoker) (afa2e885)
2020-12-10T16:27:04.6179152+01:00 [INF] Executed endpoint '"SiteSelector.Controllers.GetLogsController.GetLogsList (SiteSelector)"' (Microsoft.AspNetCore.Routing.EndpointMiddleware) (99874f2b)
2020-12-10T16:27:04.6183741+01:00 [INF] Request finished in 4.7285ms 200 text/plain; charset=utf-8 (Microsoft.AspNetCore.Hosting.Diagnostics) (791a596a)
2020-12-10T16:27:20.5611095+01:00 [INF] Request starting HTTP/2 GET https://KX82337:5055/api/getlogs   (Microsoft.AspNetCore.Hosting.Diagnostics) (ca22a1cb)
2020-12-10T16:27:20.5616829+01:00 [INF] Executing endpoint '"SiteSelector.Controllers.GetLogsController.GetLogsList (SiteSelector)"' (Microsoft.AspNetCore.Routing.EndpointMiddleware) (500cc934)
2020-12-10T16:27:20.5619813+01:00 [INF] Route matched with "{action = \"GetLogsList\", controller = \"GetLogs\", page = \"\"}". Executing controller action with signature "System.Threading.Tasks.Task`1[Microsoft.AspNetCore.Mvc.IActionResult] GetLogsList()" on controller "SiteSelector.Controllers.GetLogsController" ("SiteSelector"). (Microsoft.AspNetCore.Mvc.Infrastructure.ControllerActionInvoker) (122b2fdf)
2020-12-10T16:27:20.5631167+01:00 [INF] Executing ObjectResult, writing value of type '"System.String"'. (Microsoft.AspNetCore.Mvc.Infrastructure.ObjectResultExecutor) (8a1b66c8)
2020-12-10T16:27:20.5635135+01:00 [INF] Executed action "SiteSelector.Controllers.GetLogsController.GetLogsList (SiteSelector)" in 1.4408ms (Microsoft.AspNetCore.Mvc.Infrastructure.ControllerActionInvoker) (afa2e885)
2020-12-10T16:27:20.5635525+01:00 [INF] Executed endpoint '"SiteSelector.Controllers.GetLogsController.GetLogsList (SiteSelector)"' (Microsoft.AspNetCore.Routing.EndpointMiddleware) (99874f2b)
2020-12-10T16:27:20.5636777+01:00 [INF] Request finished in 2.7544ms 200 text/plain; charset=utf-8 (Microsoft.AspNetCore.Hosting.Diagnostics) (791a596a)
2020-12-10T16:30:22.4675364+01:00 [INF] Request starting HTTP/2 GET https://KX82337:5055/api/getlogs   (Microsoft.AspNetCore.Hosting.Diagnostics) (ca22a1cb)
2020-12-10T16:30:22.4681312+01:00 [INF] Executing endpoint '"SiteSelector.Controllers.GetLogsController.GetLogsList (SiteSelector)"' (Microsoft.AspNetCore.Routing.EndpointMiddleware) (500cc934)
2020-12-10T16:30:22.4686088+01:00 [INF] Route matched with "{action = \"GetLogsList\", controller = \"GetLogs\", page = \"\"}". Executing controller action with signature "System.Threading.Tasks.Task`1[Microsoft.AspNetCore.Mvc.IActionResult] GetLogsList()" on controller "SiteSelector.Controllers.GetLogsController" ("SiteSelector"). (Microsoft.AspNetCore.Mvc.Infrastructure.ControllerActionInvoker) (122b2fdf)
2020-12-10T16:30:22.4705212+01:00 [INF] Executing ObjectResult, writing value of type '"System.String"'. (Microsoft.AspNetCore.Mvc.Infrastructure.ObjectResultExecutor) (8a1b66c8)
2020-12-10T16:30:22.4710625+01:00 [INF] Executed action "SiteSelector.Controllers.GetLogsController.GetLogsList (SiteSelector)" in 2.2663ms (Microsoft.AspNetCore.Mvc.Infrastructure.ControllerActionInvoker) (afa2e885)
2020-12-10T16:30:22.4711731+01:00 [INF] Executed endpoint '"SiteSelector.Controllers.GetLogsController.GetLogsList (SiteSelector)"' (Microsoft.AspNetCore.Routing.EndpointMiddleware) (99874f2b)
2020-12-10T16:30:22.4714469+01:00 [INF] Request finished in 4.0427ms 200 text/plain; charset=utf-8 (Microsoft.AspNetCore.Hosting.Diagnostics) (791a596a)
2020-12-10T16:38:29.4438909+01:00 [INF] Request starting HTTP/2 GET https://KX82337:5055/api/getlogs   (Microsoft.AspNetCore.Hosting.Diagnostics) (ca22a1cb)
2020-12-10T16:38:29.4443365+01:00 [INF] Executing endpoint '"SiteSelector.Controllers.GetLogsController.GetLogsList (SiteSelector)"' (Microsoft.AspNetCore.Routing.EndpointMiddleware) (500cc934)
2020-12-10T16:38:29.4446089+01:00 [INF] Route matched with "{action = \"GetLogsList\", controller = \"GetLogs\", page = \"\"}". Executing controller action with signature "System.Threading.Tasks.Task`1[Microsoft.AspNetCore.Mvc.IActionResult] GetLogsList()" on controller "SiteSelector.Controllers.GetLogsController" ("SiteSelector"). (Microsoft.AspNetCore.Mvc.Infrastructure.ControllerActionInvoker) (122b2fdf)
2020-12-10T16:38:29.4456377+01:00 [INF] Executing ObjectResult, writing value of type '"System.String"'. (Microsoft.AspNetCore.Mvc.Infrastructure.ObjectResultExecutor) (8a1b66c8)
2020-12-10T16:38:29.4459903+01:00 [INF] Executed action "SiteSelector.Controllers.GetLogsController.GetLogsList (SiteSelector)" in 1.2903ms (Microsoft.AspNetCore.Mvc.Infrastructure.ControllerActionInvoker) (afa2e885)
2020-12-10T16:38:29.4460297+01:00 [INF] Executed endpoint '"SiteSelector.Controllers.GetLogsController.GetLogsList (SiteSelector)"' (Microsoft.AspNetCore.Routing.EndpointMiddleware) (99874f2b)
2020-12-10T16:38:29.4461555+01:00 [INF] Request finished in 2.3437ms 200 text/plain; charset=utf-8 (Microsoft.AspNetCore.Hosting.Diagnostics) (791a596a)
2020-12-10T16:39:07.1306341+01:00 [INF] Request starting HTTP/2 GET https://KX82337:5055/api/getlogs   (Microsoft.AspNetCore.Hosting.Diagnostics) (ca22a1cb)
2020-12-10T16:39:07.1310738+01:00 [INF] Executing endpoint '"SiteSelector.Controllers.GetLogsController.GetLogsList (SiteSelector)"' (Microsoft.AspNetCore.Routing.EndpointMiddleware) (500cc934)
2020-12-10T16:39:07.1313453+01:00 [INF] Route matched with "{action = \"GetLogsList\", controller = \"GetLogs\", page = \"\"}". Executing controller action with signature "System.Threading.Tasks.Task`1[Microsoft.AspNetCore.Mvc.IActionResult] GetLogsList()" on controller "SiteSelector.Controllers.GetLogsController" ("SiteSelector"). (Microsoft.AspNetCore.Mvc.Infrastructure.ControllerActionInvoker) (122b2fdf)
2020-12-10T16:39:07.1324937+01:00 [INF] Executing ObjectResult, writing value of type '"System.String"'. (Microsoft.AspNetCore.Mvc.Infrastructure.ObjectResultExecutor) (8a1b66c8)
2020-12-10T16:39:07.1330519+01:00 [INF] Executed action "SiteSelector.Controllers.GetLogsController.GetLogsList (SiteSelector)" in 1.6025ms (Microsoft.AspNetCore.Mvc.Infrastructure.ControllerActionInvoker) (afa2e885)
2020-12-10T16:39:07.1331262+01:00 [INF] Executed endpoint '"SiteSelector.Controllers.GetLogsController.GetLogsList (SiteSelector)"' (Microsoft.AspNetCore.Routing.EndpointMiddleware) (99874f2b)
2020-12-10T16:39:07.1332667+01:00 [INF] Request finished in 2.7791ms 200 text/plain; charset=utf-8 (Microsoft.AspNetCore.Hosting.Diagnostics) (791a596a)
2020-12-10T16:46:46.9012840+01:00 [INF] Request starting HTTP/2 GET https://KX82337:5055/api/getlogs   (Microsoft.AspNetCore.Hosting.Diagnostics) (ca22a1cb)
2020-12-10T16:46:46.9015847+01:00 [INF] Executing endpoint '"SiteSelector.Controllers.GetLogsController.GetLogsList (SiteSelector)"' (Microsoft.AspNetCore.Routing.EndpointMiddleware) (500cc934)
2020-12-10T16:46:46.9018150+01:00 [INF] Route matched with "{action = \"GetLogsList\", controller = \"GetLogs\", page = \"\"}". Executing controller action with signature "System.Threading.Tasks.Task`1[Microsoft.AspNetCore.Mvc.IActionResult] GetLogsList()" on controller "SiteSelector.Controllers.GetLogsController" ("SiteSelector"). (Microsoft.AspNetCore.Mvc.Infrastructure.ControllerActionInvoker) (122b2fdf)
2020-12-10T16:46:46.9031069+01:00 [INF] Executing ObjectResult, writing value of type '"System.String"'. (Microsoft.AspNetCore.Mvc.Infrastructure.ObjectResultExecutor) (8a1b66c8)
2020-12-10T16:46:46.9034607+01:00 [INF] Executed action "SiteSelector.Controllers.GetLogsController.GetLogsList (SiteSelector)" in 1.5618ms (Microsoft.AspNetCore.Mvc.Infrastructure.ControllerActionInvoker) (afa2e885)
2020-12-10T16:46:46.9035122+01:00 [INF] Executed endpoint '"SiteSelector.Controllers.GetLogsController.GetLogsList (SiteSelector)"' (Microsoft.AspNetCore.Routing.EndpointMiddleware) (99874f2b)
2020-12-10T16:46:46.9036735+01:00 [INF] Request finished in 2.4156ms 200 text/plain; charset=utf-8 (Microsoft.AspNetCore.Hosting.Diagnostics) (791a596a)
2020-12-10T16:48:08.7806129+01:00 [INF] Request starting HTTP/2 GET https://KX82337:5055/api/getlogs   (Microsoft.AspNetCore.Hosting.Diagnostics) (ca22a1cb)
2020-12-10T16:48:08.7809403+01:00 [INF] Executing endpoint '"SiteSelector.Controllers.GetLogsController.GetLogsList (SiteSelector)"' (Microsoft.AspNetCore.Routing.EndpointMiddleware) (500cc934)
2020-12-10T16:48:08.7811543+01:00 [INF] Route matched with "{action = \"GetLogsList\", controller = \"GetLogs\", page = \"\"}". Executing controller action with signature "System.Threading.Tasks.Task`1[Microsoft.AspNetCore.Mvc.IActionResult] GetLogsList()" on controller "SiteSelector.Controllers.GetLogsController" ("SiteSelector"). (Microsoft.AspNetCore.Mvc.Infrastructure.ControllerActionInvoker) (122b2fdf)
2020-12-10T16:48:08.7820403+01:00 [INF] Executing ObjectResult, writing value of type '"System.String"'. (Microsoft.AspNetCore.Mvc.Infrastructure.ObjectResultExecutor) (8a1b66c8)
2020-12-10T16:48:08.7823956+01:00 [INF] Executed action "SiteSelector.Controllers.GetLogsController.GetLogsList (SiteSelector)" in 1.1677ms (Microsoft.AspNetCore.Mvc.Infrastructure.ControllerActionInvoker) (afa2e885)
2020-12-10T16:48:08.7824512+01:00 [INF] Executed endpoint '"SiteSelector.Controllers.GetLogsController.GetLogsList (SiteSelector)"' (Microsoft.AspNetCore.Routing.EndpointMiddleware) (99874f2b)
2020-12-10T16:48:08.7825975+01:00 [INF] Request finished in 2.0348ms 200 text/plain; charset=utf-8 (Microsoft.AspNetCore.Hosting.Diagnostics) (791a596a)
2020-12-10T16:48:08.8598723+01:00 [INF] Request starting HTTP/2 GET https://KX82337:5055/api/getlogs/file?filename=GalaxySiteSelector-KX82337-20201207.log   (Microsoft.AspNetCore.Hosting.Diagnostics) (ca22a1cb)
2020-12-10T16:48:08.8602484+01:00 [INF] Executing endpoint '"SiteSelector.Controllers.GetLogsController.GetLogFile (SiteSelector)"' (Microsoft.AspNetCore.Routing.EndpointMiddleware) (500cc934)
2020-12-10T16:48:08.8687101+01:00 [INF] Route matched with "{action = \"GetLogFile\", controller = \"GetLogs\", page = \"\"}". Executing controller action with signature "System.Threading.Tasks.Task`1[Microsoft.AspNetCore.Mvc.IActionResult] GetLogFile(System.String)" on controller "SiteSelector.Controllers.GetLogsController" ("SiteSelector"). (Microsoft.AspNetCore.Mvc.Infrastructure.ControllerActionInvoker) (122b2fdf)
2020-12-10T16:48:08.8983779+01:00 [INF] Executing ObjectResult, writing value of type '"System.String"'. (Microsoft.AspNetCore.Mvc.Infrastructure.ObjectResultExecutor) (8a1b66c8)
2020-12-10T16:48:08.9005656+01:00 [INF] Executed action "SiteSelector.Controllers.GetLogsController.GetLogFile (SiteSelector)" in 31.7538ms (Microsoft.AspNetCore.Mvc.Infrastructure.ControllerActionInvoker) (afa2e885)
2020-12-10T16:48:08.9006482+01:00 [INF] Executed endpoint '"SiteSelector.Controllers.GetLogsController.GetLogFile (SiteSelector)"' (Microsoft.AspNetCore.Routing.EndpointMiddleware) (99874f2b)
2020-12-10T16:48:08.9007840+01:00 [INF] Request finished in 40.9755ms 200 text/plain; charset=utf-8 (Microsoft.AspNetCore.Hosting.Diagnostics) (791a596a)
2020-12-10T16:48:08.9739819+01:00 [INF] Request starting HTTP/2 GET https://KX82337:5055/api/getlogs/file?filename=GalaxySiteSelector-KX82337-20201210.log   (Microsoft.AspNetCore.Hosting.Diagnostics) (ca22a1cb)
2020-12-10T16:48:08.9742889+01:00 [INF] Executing endpoint '"SiteSelector.Controllers.GetLogsController.GetLogFile (SiteSelector)"' (Microsoft.AspNetCore.Routing.EndpointMiddleware) (500cc934)
2020-12-10T16:48:08.9744556+01:00 [INF] Route matched with "{action = \"GetLogFile\", controller = \"GetLogs\", page = \"\"}". Executing controller action with signature "System.Threading.Tasks.Task`1[Microsoft.AspNetCore.Mvc.IActionResult] GetLogFile(System.String)" on controller "SiteSelector.Controllers.GetLogsController" ("SiteSelector"). (Microsoft.AspNetCore.Mvc.Infrastructure.ControllerActionInvoker) (122b2fdf)
2020-12-10T16:48:08.9760101+01:00 [INF] Executing ObjectResult, writing value of type '"System.String"'. (Microsoft.AspNetCore.Mvc.Infrastructure.ObjectResultExecutor) (8a1b66c8)
2020-12-10T16:48:08.9763152+01:00 [INF] Executed action "SiteSelector.Controllers.GetLogsController.GetLogFile (SiteSelector)" in 1.818ms (Microsoft.AspNetCore.Mvc.Infrastructure.ControllerActionInvoker) (afa2e885)
2020-12-10T16:48:08.9763455+01:00 [INF] Executed endpoint '"SiteSelector.Controllers.GetLogsController.GetLogFile (SiteSelector)"' (Microsoft.AspNetCore.Routing.EndpointMiddleware) (99874f2b)
2020-12-10T16:48:08.9764237+01:00 [INF] Request finished in 2.4732ms 200 text/plain; charset=utf-8 (Microsoft.AspNetCore.Hosting.Diagnostics) (791a596a)
2020-12-10T16:56:25.1022388+01:00 [INF] Request starting HTTP/2 GET https://KX82337:5055/api/getlogs   (Microsoft.AspNetCore.Hosting.Diagnostics) (ca22a1cb)
2020-12-10T16:56:25.1025338+01:00 [INF] Executing endpoint '"SiteSelector.Controllers.GetLogsController.GetLogsList (SiteSelector)"' (Microsoft.AspNetCore.Routing.EndpointMiddleware) (500cc934)
2020-12-10T16:56:25.1027442+01:00 [INF] Route matched with "{action = \"GetLogsList\", controller = \"GetLogs\", page = \"\"}". Executing controller action with signature "System.Threading.Tasks.Task`1[Microsoft.AspNetCore.Mvc.IActionResult] GetLogsList()" on controller "SiteSelector.Controllers.GetLogsController" ("SiteSelector"). (Microsoft.AspNetCore.Mvc.Infrastructure.ControllerActionInvoker) (122b2fdf)
2020-12-10T16:56:25.1034898+01:00 [INF] Executing ObjectResult, writing value of type '"System.String"'. (Microsoft.AspNetCore.Mvc.Infrastructure.ObjectResultExecutor) (8a1b66c8)
2020-12-10T16:56:25.1037172+01:00 [INF] Executed action "SiteSelector.Controllers.GetLogsController.GetLogsList (SiteSelector)" in 0.8971ms (Microsoft.AspNetCore.Mvc.Infrastructure.ControllerActionInvoker) (afa2e885)
2020-12-10T16:56:25.1037750+01:00 [INF] Executed endpoint '"SiteSelector.Controllers.GetLogsController.GetLogsList (SiteSelector)"' (Microsoft.AspNetCore.Routing.EndpointMiddleware) (99874f2b)
2020-12-10T16:56:25.1038849+01:00 [INF] Request finished in 1.6667ms 200 text/plain; charset=utf-8 (Microsoft.AspNetCore.Hosting.Diagnostics) (791a596a)
2020-12-10T17:08:38.3063247+01:00 [INF] Request starting HTTP/2 GET https://KX82337:5055/api/getlogs   (Microsoft.AspNetCore.Hosting.Diagnostics) (ca22a1cb)
2020-12-10T17:08:38.3065203+01:00 [INF] Executing endpoint '"SiteSelector.Controllers.GetLogsController.GetLogsList (SiteSelector)"' (Microsoft.AspNetCore.Routing.EndpointMiddleware) (500cc934)
2020-12-10T17:08:38.3067070+01:00 [INF] Route matched with "{action = \"GetLogsList\", controller = \"GetLogs\", page = \"\"}". Executing controller action with signature "System.Threading.Tasks.Task`1[Microsoft.AspNetCore.Mvc.IActionResult] GetLogsList()" on controller "SiteSelector.Controllers.GetLogsController" ("SiteSelector"). (Microsoft.AspNetCore.Mvc.Infrastructure.ControllerActionInvoker) (122b2fdf)
2020-12-10T17:08:38.3074268+01:00 [INF] Executing ObjectResult, writing value of type '"System.String"'. (Microsoft.AspNetCore.Mvc.Infrastructure.ObjectResultExecutor) (8a1b66c8)
2020-12-10T17:08:38.3076365+01:00 [INF] Executed action "SiteSelector.Controllers.GetLogsController.GetLogsList (SiteSelector)" in 0.862ms (Microsoft.AspNetCore.Mvc.Infrastructure.ControllerActionInvoker) (afa2e885)
2020-12-10T17:08:38.3076767+01:00 [INF] Executed endpoint '"SiteSelector.Controllers.GetLogsController.GetLogsList (SiteSelector)"' (Microsoft.AspNetCore.Routing.EndpointMiddleware) (99874f2b)
2020-12-10T17:08:38.3077879+01:00 [INF] Request finished in 1.4811ms 200 text/plain; charset=utf-8 (Microsoft.AspNetCore.Hosting.Diagnostics) (791a596a)
2020-12-10T17:08:38.4058948+01:00 [INF] Request starting HTTP/2 GET https://KX82337:5055/api/getlogs/file?filename=GalaxySiteSelector-KX82337-20201207.log   (Microsoft.AspNetCore.Hosting.Diagnostics) (ca22a1cb)
2020-12-10T17:08:38.4061874+01:00 [INF] Executing endpoint '"SiteSelector.Controllers.GetLogsController.GetLogFile (SiteSelector)"' (Microsoft.AspNetCore.Routing.EndpointMiddleware) (500cc934)
2020-12-10T17:08:38.4063648+01:00 [INF] Route matched with "{action = \"GetLogFile\", controller = \"GetLogs\", page = \"\"}". Executing controller action with signature "System.Threading.Tasks.Task`1[Microsoft.AspNetCore.Mvc.IActionResult] GetLogFile(System.String)" on controller "SiteSelector.Controllers.GetLogsController" ("SiteSelector"). (Microsoft.AspNetCore.Mvc.Infrastructure.ControllerActionInvoker) (122b2fdf)
2020-12-10T17:08:38.4089434+01:00 [INF] Executing ObjectResult, writing value of type '"System.String"'. (Microsoft.AspNetCore.Mvc.Infrastructure.ObjectResultExecutor) (8a1b66c8)
2020-12-10T17:08:38.4092966+01:00 [INF] Executed action "SiteSelector.Controllers.GetLogsController.GetLogFile (SiteSelector)" in 2.8616ms (Microsoft.AspNetCore.Mvc.Infrastructure.ControllerActionInvoker) (afa2e885)
2020-12-10T17:08:38.4093306+01:00 [INF] Executed endpoint '"SiteSelector.Controllers.GetLogsController.GetLogFile (SiteSelector)"' (Microsoft.AspNetCore.Routing.EndpointMiddleware) (99874f2b)
2020-12-10T17:08:38.4094442+01:00 [INF] Request finished in 3.6458ms 200 text/plain; charset=utf-8 (Microsoft.AspNetCore.Hosting.Diagnostics) (791a596a)
2020-12-10T17:08:38.5089510+01:00 [INF] Request starting HTTP/2 GET https://KX82337:5055/api/getlogs/file?filename=GalaxySiteSelector-KX82337-20201210.log   (Microsoft.AspNetCore.Hosting.Diagnostics) (ca22a1cb)
2020-12-10T17:08:38.5091959+01:00 [INF] Executing endpoint '"SiteSelector.Controllers.GetLogsController.GetLogFile (SiteSelector)"' (Microsoft.AspNetCore.Routing.EndpointMiddleware) (500cc934)
2020-12-10T17:08:38.5094140+01:00 [INF] Route matched with "{action = \"GetLogFile\", controller = \"GetLogs\", page = \"\"}". Executing controller action with signature "System.Threading.Tasks.Task`1[Microsoft.AspNetCore.Mvc.IActionResult] GetLogFile(System.String)" on controller "SiteSelector.Controllers.GetLogsController" ("SiteSelector"). (Microsoft.AspNetCore.Mvc.Infrastructure.ControllerActionInvoker) (122b2fdf)
2020-12-10T17:08:38.5108103+01:00 [INF] Executing ObjectResult, writing value of type '"System.String"'. (Microsoft.AspNetCore.Mvc.Infrastructure.ObjectResultExecutor) (8a1b66c8)
2020-12-10T17:08:38.5111462+01:00 [INF] Executed action "SiteSelector.Controllers.GetLogsController.GetLogFile (SiteSelector)" in 1.6676ms (Microsoft.AspNetCore.Mvc.Infrastructure.ControllerActionInvoker) (afa2e885)
2020-12-10T17:08:38.5111739+01:00 [INF] Executed endpoint '"SiteSelector.Controllers.GetLogsController.GetLogFile (SiteSelector)"' (Microsoft.AspNetCore.Routing.EndpointMiddleware) (99874f2b)
2020-12-10T17:08:38.5112449+01:00 [INF] Request finished in 2.348ms 200 text/plain; charset=utf-8 (Microsoft.AspNetCore.Hosting.Diagnostics) (791a596a)
2020-12-10T17:14:06.9393855+01:00 [INF] Request starting HTTP/2 GET https://KX82337:5055/api/getlogs   (Microsoft.AspNetCore.Hosting.Diagnostics) (ca22a1cb)
2020-12-10T17:14:06.9397009+01:00 [INF] Executing endpoint '"SiteSelector.Controllers.GetLogsController.GetLogsList (SiteSelector)"' (Microsoft.AspNetCore.Routing.EndpointMiddleware) (500cc934)
2020-12-10T17:14:06.9399276+01:00 [INF] Route matched with "{action = \"GetLogsList\", controller = \"GetLogs\", page = \"\"}". Executing controller action with signature "System.Threading.Tasks.Task`1[Microsoft.AspNetCore.Mvc.IActionResult] GetLogsList()" on controller "SiteSelector.Controllers.GetLogsController" ("SiteSelector"). (Microsoft.AspNetCore.Mvc.Infrastructure.ControllerActionInvoker) (122b2fdf)
2020-12-10T17:14:06.9406619+01:00 [INF] Executing ObjectResult, writing value of type '"System.String"'. (Microsoft.AspNetCore.Mvc.Infrastructure.ObjectResultExecutor) (8a1b66c8)
2020-12-10T17:14:06.9409121+01:00 [INF] Executed action "SiteSelector.Controllers.GetLogsController.GetLogsList (SiteSelector)" in 0.9198ms (Microsoft.AspNetCore.Mvc.Infrastructure.ControllerActionInvoker) (afa2e885)
2020-12-10T17:14:06.9409547+01:00 [INF] Executed endpoint '"SiteSelector.Controllers.GetLogsController.GetLogsList (SiteSelector)"' (Microsoft.AspNetCore.Routing.EndpointMiddleware) (99874f2b)
2020-12-10T17:14:06.9410452+01:00 [INF] Request finished in 1.7128ms 200 text/plain; charset=utf-8 (Microsoft.AspNetCore.Hosting.Diagnostics) (791a596a)
2020-12-10T17:17:00.8844725+01:00 [INF] Request starting HTTP/2 GET https://KX82337:5055/api/getlogs   (Microsoft.AspNetCore.Hosting.Diagnostics) (ca22a1cb)
2020-12-10T17:17:00.8847281+01:00 [INF] Executing endpoint '"SiteSelector.Controllers.GetLogsController.GetLogsList (SiteSelector)"' (Microsoft.AspNetCore.Routing.EndpointMiddleware) (500cc934)
2020-12-10T17:17:00.8849566+01:00 [INF] Route matched with "{action = \"GetLogsList\", controller = \"GetLogs\", page = \"\"}". Executing controller action with signature "System.Threading.Tasks.Task`1[Microsoft.AspNetCore.Mvc.IActionResult] GetLogsList()" on controller "SiteSelector.Controllers.GetLogsController" ("SiteSelector"). (Microsoft.AspNetCore.Mvc.Infrastructure.ControllerActionInvoker) (122b2fdf)
2020-12-10T17:17:00.8856847+01:00 [INF] Executing ObjectResult, writing value of type '"System.String"'. (Microsoft.AspNetCore.Mvc.Infrastructure.ObjectResultExecutor) (8a1b66c8)
2020-12-10T17:17:00.8858916+01:00 [INF] Executed action "SiteSelector.Controllers.GetLogsController.GetLogsList (SiteSelector)" in 0.876ms (Microsoft.AspNetCore.Mvc.Infrastructure.ControllerActionInvoker) (afa2e885)
2020-12-10T17:17:00.8859273+01:00 [INF] Executed endpoint '"SiteSelector.Controllers.GetLogsController.GetLogsList (SiteSelector)"' (Microsoft.AspNetCore.Routing.EndpointMiddleware) (99874f2b)
2020-12-10T17:17:00.8860137+01:00 [INF] Request finished in 1.5609ms 200 text/plain; charset=utf-8 (Microsoft.AspNetCore.Hosting.Diagnostics) (791a596a)
2020-12-10T17:17:00.9853258+01:00 [INF] Request starting HTTP/2 GET https://KX82337:5055/api/getlogs/file?filename=GalaxySiteSelector-KX82337-20201207.log   (Microsoft.AspNetCore.Hosting.Diagnostics) (ca22a1cb)
2020-12-10T17:17:00.9855378+01:00 [INF] Executing endpoint '"SiteSelector.Controllers.GetLogsController.GetLogFile (SiteSelector)"' (Microsoft.AspNetCore.Routing.EndpointMiddleware) (500cc934)
2020-12-10T17:17:00.9857082+01:00 [INF] Route matched with "{action = \"GetLogFile\", controller = \"GetLogs\", page = \"\"}". Executing controller action with signature "System.Threading.Tasks.Task`1[Microsoft.AspNetCore.Mvc.IActionResult] GetLogFile(System.String)" on controller "SiteSelector.Controllers.GetLogsController" ("SiteSelector"). (Microsoft.AspNetCore.Mvc.Infrastructure.ControllerActionInvoker) (122b2fdf)
2020-12-10T17:17:00.9871286+01:00 [INF] Executing ObjectResult, writing value of type '"System.String"'. (Microsoft.AspNetCore.Mvc.Infrastructure.ObjectResultExecutor) (8a1b66c8)
2020-12-10T17:17:00.9874544+01:00 [INF] Executed action "SiteSelector.Controllers.GetLogsController.GetLogFile (SiteSelector)" in 1.4765ms (Microsoft.AspNetCore.Mvc.Infrastructure.ControllerActionInvoker) (afa2e885)
2020-12-10T17:17:00.9874898+01:00 [INF] Executed endpoint '"SiteSelector.Controllers.GetLogsController.GetLogFile (SiteSelector)"' (Microsoft.AspNetCore.Routing.EndpointMiddleware) (99874f2b)
2020-12-10T17:17:00.9875768+01:00 [INF] Request finished in 2.2653ms 200 text/plain; charset=utf-8 (Microsoft.AspNetCore.Hosting.Diagnostics) (791a596a)
2020-12-10T17:17:01.1103048+01:00 [INF] Request starting HTTP/2 GET https://KX82337:5055/api/getlogs/file?filename=GalaxySiteSelector-KX82337-20201210.log   (Microsoft.AspNetCore.Hosting.Diagnostics) (ca22a1cb)
2020-12-10T17:17:01.1105623+01:00 [INF] Executing endpoint '"SiteSelector.Controllers.GetLogsController.GetLogFile (SiteSelector)"' (Microsoft.AspNetCore.Routing.EndpointMiddleware) (500cc934)
2020-12-10T17:17:01.1107331+01:00 [INF] Route matched with "{action = \"GetLogFile\", controller = \"GetLogs\", page = \"\"}". Executing controller action with signature "System.Threading.Tasks.Task`1[Microsoft.AspNetCore.Mvc.IActionResult] GetLogFile(System.String)" on controller "SiteSelector.Controllers.GetLogsController" ("SiteSelector"). (Microsoft.AspNetCore.Mvc.Infrastructure.ControllerActionInvoker) (122b2fdf)
2020-12-10T17:17:01.1121597+01:00 [INF] Executing ObjectResult, writing value of type '"System.String"'. (Microsoft.AspNetCore.Mvc.Infrastructure.ObjectResultExecutor) (8a1b66c8)
2020-12-10T17:17:01.1126146+01:00 [INF] Executed action "SiteSelector.Controllers.GetLogsController.GetLogFile (SiteSelector)" in 1.8236ms (Microsoft.AspNetCore.Mvc.Infrastructure.ControllerActionInvoker) (afa2e885)
2020-12-10T17:17:01.1126457+01:00 [INF] Executed endpoint '"SiteSelector.Controllers.GetLogsController.GetLogFile (SiteSelector)"' (Microsoft.AspNetCore.Routing.EndpointMiddleware) (99874f2b)
2020-12-10T17:17:01.1127220+01:00 [INF] Request finished in 2.4363ms 200 text/plain; charset=utf-8 (Microsoft.AspNetCore.Hosting.Diagnostics) (791a596a)
2020-12-10T17:17:47.4503776+01:00 [INF] Request starting HTTP/2 GET https://KX82337:5055/api/getlogs   (Microsoft.AspNetCore.Hosting.Diagnostics) (ca22a1cb)
2020-12-10T17:17:47.4505605+01:00 [INF] Executing endpoint '"SiteSelector.Controllers.GetLogsController.GetLogsList (SiteSelector)"' (Microsoft.AspNetCore.Routing.EndpointMiddleware) (500cc934)
2020-12-10T17:17:47.4507229+01:00 [INF] Route matched with "{action = \"GetLogsList\", controller = \"GetLogs\", page = \"\"}". Executing controller action with signature "System.Threading.Tasks.Task`1[Microsoft.AspNetCore.Mvc.IActionResult] GetLogsList()" on controller "SiteSelector.Controllers.GetLogsController" ("SiteSelector"). (Microsoft.AspNetCore.Mvc.Infrastructure.ControllerActionInvoker) (122b2fdf)
2020-12-10T17:17:47.4513566+01:00 [INF] Executing ObjectResult, writing value of type '"System.String"'. (Microsoft.AspNetCore.Mvc.Infrastructure.ObjectResultExecutor) (8a1b66c8)
2020-12-10T17:17:47.4515073+01:00 [INF] Executed action "SiteSelector.Controllers.GetLogsController.GetLogsList (SiteSelector)" in 0.7378ms (Microsoft.AspNetCore.Mvc.Infrastructure.ControllerActionInvoker) (afa2e885)
2020-12-10T17:17:47.4515523+01:00 [INF] Executed endpoint '"SiteSelector.Controllers.GetLogsController.GetLogsList (SiteSelector)"' (Microsoft.AspNetCore.Routing.EndpointMiddleware) (99874f2b)
2020-12-10T17:17:47.4516226+01:00 [INF] Request finished in 1.2707ms 200 text/plain; charset=utf-8 (Microsoft.AspNetCore.Hosting.Diagnostics) (791a596a)
2020-12-10T17:18:31.6651426+01:00 [INF] Request starting HTTP/2 GET https://KX82337:5055/api/getlogs   (Microsoft.AspNetCore.Hosting.Diagnostics) (ca22a1cb)
2020-12-10T17:18:31.6653015+01:00 [INF] Executing endpoint '"SiteSelector.Controllers.GetLogsController.GetLogsList (SiteSelector)"' (Microsoft.AspNetCore.Routing.EndpointMiddleware) (500cc934)
2020-12-10T17:18:31.6654462+01:00 [INF] Route matched with "{action = \"GetLogsList\", controller = \"GetLogs\", page = \"\"}". Executing controller action with signature "System.Threading.Tasks.Task`1[Microsoft.AspNetCore.Mvc.IActionResult] GetLogsList()" on controller "SiteSelector.Controllers.GetLogsController" ("SiteSelector"). (Microsoft.AspNetCore.Mvc.Infrastructure.ControllerActionInvoker) (122b2fdf)
2020-12-10T17:18:31.6662153+01:00 [INF] Executing ObjectResult, writing value of type '"System.String"'. (Microsoft.AspNetCore.Mvc.Infrastructure.ObjectResultExecutor) (8a1b66c8)
2020-12-10T17:18:31.6664449+01:00 [INF] Executed action "SiteSelector.Controllers.GetLogsController.GetLogsList (SiteSelector)" in 0.9366ms (Microsoft.AspNetCore.Mvc.Infrastructure.ControllerActionInvoker) (afa2e885)
2020-12-10T17:18:31.6664845+01:00 [INF] Executed endpoint '"SiteSelector.Controllers.GetLogsController.GetLogsList (SiteSelector)"' (Microsoft.AspNetCore.Routing.EndpointMiddleware) (99874f2b)
2020-12-10T17:18:31.6665705+01:00 [INF] Request finished in 1.4518ms 200 text/plain; charset=utf-8 (Microsoft.AspNetCore.Hosting.Diagnostics) (791a596a)
2020-12-10T17:18:31.7562078+01:00 [INF] Request starting HTTP/2 GET https://KX82337:5055/api/getlogs/file?filename=GalaxySiteSelector-KX82337-20201207.log   (Microsoft.AspNetCore.Hosting.Diagnostics) (ca22a1cb)
2020-12-10T17:18:31.7564126+01:00 [INF] Executing endpoint '"SiteSelector.Controllers.GetLogsController.GetLogFile (SiteSelector)"' (Microsoft.AspNetCore.Routing.EndpointMiddleware) (500cc934)
2020-12-10T17:18:31.7565986+01:00 [INF] Route matched with "{action = \"GetLogFile\", controller = \"GetLogs\", page = \"\"}". Executing controller action with signature "System.Threading.Tasks.Task`1[Microsoft.AspNetCore.Mvc.IActionResult] GetLogFile(System.String)" on controller "SiteSelector.Controllers.GetLogsController" ("SiteSelector"). (Microsoft.AspNetCore.Mvc.Infrastructure.ControllerActionInvoker) (122b2fdf)
2020-12-10T17:18:31.7578106+01:00 [INF] Executing ObjectResult, writing value of type '"System.String"'. (Microsoft.AspNetCore.Mvc.Infrastructure.ObjectResultExecutor) (8a1b66c8)
2020-12-10T17:18:31.7580565+01:00 [INF] Executed action "SiteSelector.Controllers.GetLogsController.GetLogFile (SiteSelector)" in 1.4037ms (Microsoft.AspNetCore.Mvc.Infrastructure.ControllerActionInvoker) (afa2e885)
2020-12-10T17:18:31.7580808+01:00 [INF] Executed endpoint '"SiteSelector.Controllers.GetLogsController.GetLogFile (SiteSelector)"' (Microsoft.AspNetCore.Routing.EndpointMiddleware) (99874f2b)
2020-12-10T17:18:31.7581466+01:00 [INF] Request finished in 1.9764ms 200 text/plain; charset=utf-8 (Microsoft.AspNetCore.Hosting.Diagnostics) (791a596a)
2020-12-10T17:18:31.8565465+01:00 [INF] Request starting HTTP/2 GET https://KX82337:5055/api/getlogs/file?filename=GalaxySiteSelector-KX82337-20201210.log   (Microsoft.AspNetCore.Hosting.Diagnostics) (ca22a1cb)
2020-12-10T17:18:31.8566357+01:00 [INF] Executing endpoint '"SiteSelector.Controllers.GetLogsController.GetLogFile (SiteSelector)"' (Microsoft.AspNetCore.Routing.EndpointMiddleware) (500cc934)
2020-12-10T17:18:31.8567182+01:00 [INF] Route matched with "{action = \"GetLogFile\", controller = \"GetLogs\", page = \"\"}". Executing controller action with signature "System.Threading.Tasks.Task`1[Microsoft.AspNetCore.Mvc.IActionResult] GetLogFile(System.String)" on controller "SiteSelector.Controllers.GetLogsController" ("SiteSelector"). (Microsoft.AspNetCore.Mvc.Infrastructure.ControllerActionInvoker) (122b2fdf)
2020-12-10T17:18:31.8580659+01:00 [INF] Executing ObjectResult, writing value of type '"System.String"'. (Microsoft.AspNetCore.Mvc.Infrastructure.ObjectResultExecutor) (8a1b66c8)
2020-12-10T17:18:31.8624472+01:00 [INF] Executed action "SiteSelector.Controllers.GetLogsController.GetLogFile (SiteSelector)" in 5.6891ms (Microsoft.AspNetCore.Mvc.Infrastructure.ControllerActionInvoker) (afa2e885)
2020-12-10T17:18:31.8624715+01:00 [INF] Executed endpoint '"SiteSelector.Controllers.GetLogsController.GetLogFile (SiteSelector)"' (Microsoft.AspNetCore.Routing.EndpointMiddleware) (99874f2b)
2020-12-10T17:18:31.8625069+01:00 [INF] Request finished in 5.9996ms 200 text/plain; charset=utf-8 (Microsoft.AspNetCore.Hosting.Diagnostics) (791a596a)
2020-12-10T17:21:49.7003963+01:00 [INF] Request starting HTTP/2 GET https://KX82337:5055/api/getlogs   (Microsoft.AspNetCore.Hosting.Diagnostics) (ca22a1cb)
2020-12-10T17:21:49.7005899+01:00 [INF] Executing endpoint '"SiteSelector.Controllers.GetLogsController.GetLogsList (SiteSelector)"' (Microsoft.AspNetCore.Routing.EndpointMiddleware) (500cc934)
2020-12-10T17:21:49.7007794+01:00 [INF] Route matched with "{action = \"GetLogsList\", controller = \"GetLogs\", page = \"\"}". Executing controller action with signature "System.Threading.Tasks.Task`1[Microsoft.AspNetCore.Mvc.IActionResult] GetLogsList()" on controller "SiteSelector.Controllers.GetLogsController" ("SiteSelector"). (Microsoft.AspNetCore.Mvc.Infrastructure.ControllerActionInvoker) (122b2fdf)
2020-12-10T17:21:49.7013690+01:00 [INF] Executing ObjectResult, writing value of type '"System.String"'. (Microsoft.AspNetCore.Mvc.Infrastructure.ObjectResultExecutor) (8a1b66c8)
2020-12-10T17:21:49.7015300+01:00 [INF] Executed action "SiteSelector.Controllers.GetLogsController.GetLogsList (SiteSelector)" in 0.6889ms (Microsoft.AspNetCore.Mvc.Infrastructure.ControllerActionInvoker) (afa2e885)
2020-12-10T17:21:49.7015622+01:00 [INF] Executed endpoint '"SiteSelector.Controllers.GetLogsController.GetLogsList (SiteSelector)"' (Microsoft.AspNetCore.Routing.EndpointMiddleware) (99874f2b)
2020-12-10T17:21:49.7016462+01:00 [INF] Request finished in 1.2737ms 200 text/plain; charset=utf-8 (Microsoft.AspNetCore.Hosting.Diagnostics) (791a596a)
2020-12-10T17:21:49.7922404+01:00 [INF] Request starting HTTP/2 GET https://KX82337:5055/api/getlogs/file?filename=GalaxySiteSelector-KX82337-20201207.log   (Microsoft.AspNetCore.Hosting.Diagnostics) (ca22a1cb)
2020-12-10T17:21:49.7924003+01:00 [INF] Executing endpoint '"SiteSelector.Controllers.GetLogsController.GetLogFile (SiteSelector)"' (Microsoft.AspNetCore.Routing.EndpointMiddleware) (500cc934)
2020-12-10T17:21:49.7925798+01:00 [INF] Route matched with "{action = \"GetLogFile\", controller = \"GetLogs\", page = \"\"}". Executing controller action with signature "System.Threading.Tasks.Task`1[Microsoft.AspNetCore.Mvc.IActionResult] GetLogFile(System.String)" on controller "SiteSelector.Controllers.GetLogsController" ("SiteSelector"). (Microsoft.AspNetCore.Mvc.Infrastructure.ControllerActionInvoker) (122b2fdf)
2020-12-10T17:21:49.7937991+01:00 [INF] Executing ObjectResult, writing value of type '"System.String"'. (Microsoft.AspNetCore.Mvc.Infrastructure.ObjectResultExecutor) (8a1b66c8)
2020-12-10T17:21:49.7940173+01:00 [INF] Executed action "SiteSelector.Controllers.GetLogsController.GetLogFile (SiteSelector)" in 1.3793ms (Microsoft.AspNetCore.Mvc.Infrastructure.ControllerActionInvoker) (afa2e885)
2020-12-10T17:21:49.7940434+01:00 [INF] Executed endpoint '"SiteSelector.Controllers.GetLogsController.GetLogFile (SiteSelector)"' (Microsoft.AspNetCore.Routing.EndpointMiddleware) (99874f2b)
2020-12-10T17:21:49.7940959+01:00 [INF] Request finished in 1.8897ms 200 text/plain; charset=utf-8 (Microsoft.AspNetCore.Hosting.Diagnostics) (791a596a)
2020-12-10T17:21:49.8936443+01:00 [INF] Request starting HTTP/2 GET https://KX82337:5055/api/getlogs/file?filename=GalaxySiteSelector-KX82337-20201210.log   (Microsoft.AspNetCore.Hosting.Diagnostics) (ca22a1cb)
2020-12-10T17:21:49.8937881+01:00 [INF] Executing endpoint '"SiteSelector.Controllers.GetLogsController.GetLogFile (SiteSelector)"' (Microsoft.AspNetCore.Routing.EndpointMiddleware) (500cc934)
2020-12-10T17:21:49.8939287+01:00 [INF] Route matched with "{action = \"GetLogFile\", controller = \"GetLogs\", page = \"\"}". Executing controller action with signature "System.Threading.Tasks.Task`1[Microsoft.AspNetCore.Mvc.IActionResult] GetLogFile(System.String)" on controller "SiteSelector.Controllers.GetLogsController" ("SiteSelector"). (Microsoft.AspNetCore.Mvc.Infrastructure.ControllerActionInvoker) (122b2fdf)
2020-12-10T17:21:49.8954403+01:00 [INF] Executing ObjectResult, writing value of type '"System.String"'. (Microsoft.AspNetCore.Mvc.Infrastructure.ObjectResultExecutor) (8a1b66c8)
2020-12-10T17:21:49.8975042+01:00 [INF] Executed action "SiteSelector.Controllers.GetLogsController.GetLogFile (SiteSelector)" in 3.509ms (Microsoft.AspNetCore.Mvc.Infrastructure.ControllerActionInvoker) (afa2e885)
2020-12-10T17:21:49.8975353+01:00 [INF] Executed endpoint '"SiteSelector.Controllers.GetLogsController.GetLogFile (SiteSelector)"' (Microsoft.AspNetCore.Routing.EndpointMiddleware) (99874f2b)
2020-12-10T17:21:49.8976123+01:00 [INF] Request finished in 3.978ms 200 text/plain; charset=utf-8 (Microsoft.AspNetCore.Hosting.Diagnostics) (791a596a)
