2020-12-06T04:16:53.8406342+01:00 [INF] "GalaxySiteSelector" - service version: "0.9.5.5", library version: "0.9.5.9" - machinename: "KX76767" (SiteSelector.Program) (b27fd4b2)
2020-12-06T04:16:53.8780081+01:00 [INF] User profile is available. Using '"C:\WINDOWS\system32\config\systemprofile\AppData\Local\ASP.NET\DataProtection-Keys"' as key repository and Windows DPAPI to encrypt keys at rest. (Microsoft.AspNetCore.DataProtection.KeyManagement.XmlKeyManager) (7ac5e29c)
2020-12-06T04:16:54.0693909+01:00 [INF] Now listening on: "https://[::]:5055" (Microsoft.Hosting.Lifetime) (d826f4b8)
2020-12-06T04:16:54.0695387+01:00 [INF] Application started. Hosting environment: "Production"; Content root path: "C:\ProgramData\GalaxySiteSelector" (Microsoft.Hosting.Lifetime) (9029d6f8)
2020-12-06T04:17:04.4469134+01:00 [INF] Request starting HTTP/2 GET https://localhost:5055/SiteSelector   (Microsoft.AspNetCore.Hosting.Diagnostics) (ca22a1cb)
2020-12-06T04:17:04.4770661+01:00 [INF] Executing endpoint '"/_Host"' (Microsoft.AspNetCore.Routing.EndpointMiddleware) (500cc934)
2020-12-06T04:17:04.5036943+01:00 [INF] Route matched with "{page = \"/_Host\", action = \"\", controller = \"\"}". Executing page "/_Host" (Microsoft.AspNetCore.Mvc.RazorPages.Infrastructure.PageActionInvoker) (547e620f)
2020-12-06T04:17:04.5140572+01:00 [INF] Executing an implicit handler method - ModelState is Valid (Microsoft.AspNetCore.Mvc.RazorPages.Infrastructure.PageActionInvoker) (232a55d1)
2020-12-06T04:17:04.5142180+01:00 [INF] Executed an implicit handler method, returned result "Microsoft.AspNetCore.Mvc.RazorPages.PageResult". (Microsoft.AspNetCore.Mvc.RazorPages.Infrastructure.PageActionInvoker) (f857da66)
2020-12-06T04:17:04.5571997+01:00 [INF] Executed page "/_Host" in 45.5568ms (Microsoft.AspNetCore.Mvc.RazorPages.Infrastructure.PageActionInvoker) (02e01280)
2020-12-06T04:17:04.5573848+01:00 [INF] Executed endpoint '"/_Host"' (Microsoft.AspNetCore.Routing.EndpointMiddleware) (99874f2b)
2020-12-06T04:17:04.5587635+01:00 [INF] Request starting HTTP/2 GET https://localhost:5055/_framework/blazor.server.js   (Microsoft.AspNetCore.Hosting.Diagnostics) (ca22a1cb)
2020-12-06T04:17:04.5587675+01:00 [INF] Request starting HTTP/2 GET https://localhost:5055/js/interop.js   (Microsoft.AspNetCore.Hosting.Diagnostics) (ca22a1cb)
2020-12-06T04:17:04.5587632+01:00 [INF] Request starting HTTP/2 GET https://localhost:5055/css/site.css   (Microsoft.AspNetCore.Hosting.Diagnostics) (ca22a1cb)
2020-12-06T04:17:04.5587909+01:00 [INF] Request starting HTTP/2 GET https://localhost:5055/css/bootstrap/bootstrap.min.css   (Microsoft.AspNetCore.Hosting.Diagnostics) (ca22a1cb)
2020-12-06T04:17:04.5600996+01:00 [INF] Request finished in 115.2661ms 200 text/html; charset=utf-8 (Microsoft.AspNetCore.Hosting.Diagnostics) (791a596a)
2020-12-06T04:17:04.5641186+01:00 [INF] The file "/_framework/blazor.server.js" was not modified (Microsoft.AspNetCore.StaticFiles.StaticFileMiddleware) (f1f8d725)
2020-12-06T04:17:04.5641186+01:00 [INF] The file "/js/interop.js" was not modified (Microsoft.AspNetCore.StaticFiles.StaticFileMiddleware) (f1f8d725)
2020-12-06T04:17:04.5641186+01:00 [INF] The file "/css/bootstrap/bootstrap.min.css" was not modified (Microsoft.AspNetCore.StaticFiles.StaticFileMiddleware) (f1f8d725)
2020-12-06T04:17:04.5641186+01:00 [INF] The file "/css/site.css" was not modified (Microsoft.AspNetCore.StaticFiles.StaticFileMiddleware) (f1f8d725)
2020-12-06T04:17:04.5654452+01:00 [INF] Request finished in 6.7277ms 304 text/css (Microsoft.AspNetCore.Hosting.Diagnostics) (791a596a)
2020-12-06T04:17:04.5654453+01:00 [INF] Request finished in 6.6947ms 304 text/css (Microsoft.AspNetCore.Hosting.Diagnostics) (791a596a)
2020-12-06T04:17:04.5654453+01:00 [INF] Request finished in 6.7334ms 304 application/javascript (Microsoft.AspNetCore.Hosting.Diagnostics) (791a596a)
2020-12-06T04:17:04.5654966+01:00 [INF] Request finished in 6.7898ms 304 application/javascript (Microsoft.AspNetCore.Hosting.Diagnostics) (791a596a)
2020-12-06T04:17:04.5944915+01:00 [INF] Request starting HTTP/2 GET https://localhost:5055/css/open-iconic/font/css/open-iconic-bootstrap.min.css   (Microsoft.AspNetCore.Hosting.Diagnostics) (ca22a1cb)
2020-12-06T04:17:04.5948335+01:00 [INF] The file "/css/open-iconic/font/css/open-iconic-bootstrap.min.css" was not modified (Microsoft.AspNetCore.StaticFiles.StaticFileMiddleware) (f1f8d725)
2020-12-06T04:17:04.5949665+01:00 [INF] Request finished in 0.5206ms 304 text/css (Microsoft.AspNetCore.Hosting.Diagnostics) (791a596a)
2020-12-06T04:17:04.6294688+01:00 [INF] Request starting HTTP/2 POST https://localhost:5055/_blazor/negotiate?negotiateVersion=1 text/plain;charset=UTF-8 0 (Microsoft.AspNetCore.Hosting.Diagnostics) (ca22a1cb)
2020-12-06T04:17:04.6309960+01:00 [INF] Executing endpoint '"/_blazor/negotiate"' (Microsoft.AspNetCore.Routing.EndpointMiddleware) (500cc934)
2020-12-06T04:17:04.6400871+01:00 [INF] Executed endpoint '"/_blazor/negotiate"' (Microsoft.AspNetCore.Routing.EndpointMiddleware) (99874f2b)
2020-12-06T04:17:04.6402788+01:00 [INF] Request finished in 10.8771ms 200 application/json (Microsoft.AspNetCore.Hosting.Diagnostics) (791a596a)
2020-12-06T04:17:04.6487965+01:00 [INF] Request starting HTTP/1.1 GET https://localhost:5055/_blazor?id=6f3Y6eQ9HxqzOAlboRUj9g   (Microsoft.AspNetCore.Hosting.Diagnostics) (ca22a1cb)
2020-12-06T04:17:04.6492758+01:00 [INF] Executing endpoint '"/_blazor"' (Microsoft.AspNetCore.Routing.EndpointMiddleware) (500cc934)
2020-12-06T04:17:04.7397047+01:00 [INF] Running SetupSession (SiteSelector.Domain.SessionStart.ActorSessionStart) (7e9ff657)
2020-12-06T04:17:04.8001070+01:00 [INF] Found galaxy-client in configuration: "Galaxy Systemvælger" (SiteSelector.Domain.Persist.ReadConfigXml) (88c8e810)
2020-12-06T04:17:04.8023536+01:00 [INF] @GetDaletServiceIsInstalled, looking for service: "DaletService" (SiteSelector.Domain.SessionStart.CheckEnvironment) (bb0ef24c)
2020-12-06T04:17:04.8061705+01:00 [INF] Found service "DaletService" in state: StartService (SiteSelector.Domain.Services.ServiceHandler) (d73723f9)
2020-12-06T04:17:04.8063679+01:00 [INF] @GetDaletServiceIsInstalled, found service "DaletService": True (SiteSelector.Domain.SessionStart.CheckEnvironment) (10d3e8ac)
2020-12-06T04:17:04.8130301+01:00 [INF] Request starting HTTP/2 GET https://localhost:5055/css/open-iconic/font/fonts/open-iconic.woff   (Microsoft.AspNetCore.Hosting.Diagnostics) (ca22a1cb)
2020-12-06T04:17:04.8133097+01:00 [INF] The file "/css/open-iconic/font/fonts/open-iconic.woff" was not modified (Microsoft.AspNetCore.StaticFiles.StaticFileMiddleware) (f1f8d725)
2020-12-06T04:17:04.8134857+01:00 [INF] Request finished in 0.4889ms 304 application/font-woff (Microsoft.AspNetCore.Hosting.Diagnostics) (791a596a)
2020-12-06T04:17:04.8140484+01:00 [INF] Could not detect "DaletGalaxy". (SiteSelector.Domain.Processes.ProcessHandler) (37043ae9)
2020-12-06T04:17:04.8141432+01:00 [INF] Detected "DaletGalaxy" running on client:False (SiteSelector.Domain.Processes.ProcessHandler) (92f7db5d)
2020-12-06T04:17:04.8911062+01:00 [INF] DetectGalaxyRunning - Galaxy is running: False (SiteSelector.Domain.SessionStart.CheckEnvironment) (fd1e0f1e)
2020-12-06T04:17:04.9807657+01:00 [INF] Found user "w-efl", is allowed to see test-sites: True (SiteSelector.Domain.SessionStart.CheckEnvironment) (7a41e528)
2020-12-06T04:17:04.9808657+01:00 [INF] Test-sites should be included in site-listing: True (SiteSelector.Domain.SessionStart.CheckEnvironment) (375b5f05)
2020-12-06T04:17:04.9860440+01:00 [INF] Found local SiteSelector.xml at "C:\ProgramData\GalaxySiteSelector\SiteSelector.xml" (SiteSelector.Domain.SessionStart.UpdateLocalSiteSelectorXml) (926e481e)
2020-12-06T04:17:04.9888648+01:00 [INF] Found "\\dalet1\DpShare\SiteSelector\config\SiteSelector.xml": True (SiteSelector.Domain.SessionStart.UpdateLocalSiteSelectorXml) (43bd9e6d)
2020-12-06T04:17:04.9893825+01:00 [INF] Local SiteSelector.xml was detected: True (SiteSelector.Domain.SessionStart.UpdateLocalSiteSelectorXml) (0845ccfd)
2020-12-06T04:17:04.9894275+01:00 [INF] Local SiteSelector.xml was updated from "\\dalet1\DpShare\SiteSelector\config\SiteSelector.xml": False (SiteSelector.Domain.SessionStart.UpdateLocalSiteSelectorXml) (40a93371)
2020-12-06T04:17:04.9907112+01:00 [INF] Found 7 galaxy-sites in sites-list. (SiteSelector.Domain.Persist.ReadConfigXml) (ee6a3325)
2020-12-06T04:17:04.9939903+01:00 [INF] Succesfully read file: "C:\ProgramData\DaletPlusData\config.ini" (SiteSelector.Domain.SessionStart.HandleConfigIni) (70338fcf)
2020-12-06T04:17:04.9952073+01:00 [INF] Succesfully read file: "C:\ProgramData\DaletPlusData\config.ini" (SiteSelector.Domain.SessionStart.HandleConfigIni) (70338fcf)
2020-12-06T04:17:04.9954962+01:00 [INF] Completed SetupSession (SiteSelector.Domain.SessionStart.ActorSessionStart) (f17818b2)
2020-12-06T04:17:04.9959320+01:00 [INF] DaletService exists on client: True (SiteSelector.Pages.MainPage.MainComponent) (ac368e96)
2020-12-06T04:17:04.9966691+01:00 [INF] UI found current site: True (SiteSelector.Pages.MainPage.SitesListComponent) (8d1f5b96)
2020-12-06T04:17:16.0204445+01:00 [INF] Clicked it: DALG3 (SiteSelector.Pages.MainPage.SitesListComponent) (260afd18)
2020-12-06T04:17:16.1991974+01:00 [INF] Clicked it: DALG3 (SiteSelector.Pages.MainPage.SitesListComponent) (260afd18)
2020-12-06T04:17:21.5052948+01:00 [INF] User requested site: "DALG3", AsWinUser: False, Restart Service: False (SiteSelector.Pages.MainPage.SitesListComponent) (d8efe5db)
2020-12-06T04:17:21.5135418+01:00 [INF] Succesfully read file: "C:\ProgramData\DaletPlusData\config.ini" (SiteSelector.Domain.SessionStart.HandleConfigIni) (70338fcf)
2020-12-06T04:17:21.5146559+01:00 [INF] Succesfully read file: "C:\ProgramData\DaletPlusData\config.ini" (SiteSelector.Domain.SessionStart.HandleConfigIni) (70338fcf)
2020-12-06T04:17:21.5171784+01:00 [INF] Succesfully wrote file: "C:\ProgramData\DaletPlusData\config.ini" (SiteSelector.Domain.SessionStart.HandleConfigIni) (073e61d3)
2020-12-06T04:17:21.5173742+01:00 [INF] Succesfully updated config.ini to "DALG3APP11 DALG3APP12": True (SiteSelector.Domain.SessionRespond.UpdateConfigIni) (4d06f4d8)
2020-12-06T04:17:21.5206296+01:00 [INF] SendEvent: Message - Success - "Config.ini was updated successfully." - "(null)" (SiteSelector.Domain.SessionRespond.ActorSessionRespond) (a9efe48d)
2020-12-06T04:17:21.5218440+01:00 [INF] SendEvent: Message - Waiting - "Preparing to start Galaxy." - "(null)" (SiteSelector.Domain.SessionRespond.ActorSessionRespond) (a9efe48d)
2020-12-06T04:17:21.5294046+01:00 [INF] SessionID is : 0 (SiteSelector.Domain.Processes.ProcessHandler) (6c7ef343)
2020-12-06T04:17:21.5993711+01:00 [INF] Found owner: "NET\w-efl" (SiteSelector.Domain.Processes.ProcessHandler) (22b07dda)
2020-12-06T04:17:21.5994337+01:00 [INF] Non-interactive session. Now starting Galaxy. (SiteSelector.Domain.Processes.ProcessHandler) (dc4b6270)
2020-12-06T04:17:21.5999570+01:00 [INF] StartProcessAsUser: args: "C:\Program Files\Dalet\DaletPlus\bin\DaletGalaxy.exe -F -S DALG3APP11" (SiteSelector.Domain.Processes.ProcessHandler) (aee9c874)
2020-12-06T04:17:21.6072835+01:00 [INF] @ApplicationLoaderHelper, got environment as current user: True (SiteSelector.Domain.Processes.ProcessHandler) (78894c7a)
2020-12-06T04:17:21.6074515+01:00 [INF] @ApplicationLoaderHelper, environment var: "ALLUSERSPROFILE": "C:\ProgramData" (SiteSelector.Domain.Processes.ProcessHandler) (1999c767)
2020-12-06T04:17:21.6074854+01:00 [INF] @ApplicationLoaderHelper, environment var: "APPDATA": "C:\Users\w-efl\AppData\Roaming" (SiteSelector.Domain.Processes.ProcessHandler) (1999c767)
2020-12-06T04:17:21.6075075+01:00 [INF] @ApplicationLoaderHelper, environment var: "CommonProgramFiles": "C:\Program Files\Common Files" (SiteSelector.Domain.Processes.ProcessHandler) (1999c767)
2020-12-06T04:17:21.6075244+01:00 [INF] @ApplicationLoaderHelper, environment var: "CommonProgramFiles(x86)": "C:\Program Files (x86)\Common Files" (SiteSelector.Domain.Processes.ProcessHandler) (1999c767)
2020-12-06T04:17:21.6075430+01:00 [INF] @ApplicationLoaderHelper, environment var: "CommonProgramW6432": "C:\Program Files\Common Files" (SiteSelector.Domain.Processes.ProcessHandler) (1999c767)
2020-12-06T04:17:21.6075608+01:00 [INF] @ApplicationLoaderHelper, environment var: "COMPUTERNAME": "KX76767" (SiteSelector.Domain.Processes.ProcessHandler) (1999c767)
2020-12-06T04:17:21.6075759+01:00 [INF] @ApplicationLoaderHelper, environment var: "ComSpec": "C:\WINDOWS\system32\cmd.exe" (SiteSelector.Domain.Processes.ProcessHandler) (1999c767)
2020-12-06T04:17:21.6075936+01:00 [INF] @ApplicationLoaderHelper, environment var: "DriverData": "C:\Windows\System32\Drivers\DriverData" (SiteSelector.Domain.Processes.ProcessHandler) (1999c767)
2020-12-06T04:17:21.6076080+01:00 [INF] @ApplicationLoaderHelper, environment var: "HOMEDRIVE": "C:" (SiteSelector.Domain.Processes.ProcessHandler) (1999c767)
2020-12-06T04:17:21.6076252+01:00 [INF] @ApplicationLoaderHelper, environment var: "HOMEPATH": "\Users\w-efl" (SiteSelector.Domain.Processes.ProcessHandler) (1999c767)
2020-12-06T04:17:21.6076392+01:00 [INF] @ApplicationLoaderHelper, environment var: "LOCALAPPDATA": "C:\Users\w-efl\AppData\Local" (SiteSelector.Domain.Processes.ProcessHandler) (1999c767)
2020-12-06T04:17:21.6076606+01:00 [INF] @ApplicationLoaderHelper, environment var: "LOGONSERVER": "\\DC02" (SiteSelector.Domain.Processes.ProcessHandler) (1999c767)
2020-12-06T04:17:21.6076753+01:00 [INF] @ApplicationLoaderHelper, environment var: "NUMBER_OF_PROCESSORS": "8" (SiteSelector.Domain.Processes.ProcessHandler) (1999c767)
2020-12-06T04:17:21.6076923+01:00 [INF] @ApplicationLoaderHelper, environment var: "OneDrive": "C:\Users\w-efl\OneDrive" (SiteSelector.Domain.Processes.ProcessHandler) (1999c767)
2020-12-06T04:17:21.6077060+01:00 [INF] @ApplicationLoaderHelper, environment var: "OS": "Windows_NT" (SiteSelector.Domain.Processes.ProcessHandler) (1999c767)
2020-12-06T04:17:21.6077247+01:00 [INF] @ApplicationLoaderHelper, environment var: "Path": "C:\ProgramData\Oracle\Java\javapath;C:\WINDOWS\system32;C:\WINDOWS;C:\WINDOWS\System32\Wbem;C:\WINDOWS\System32\WindowsPowerShell\v1.0\;C:\WINDOWS\System32\OpenSSH\;C:\Users\w-efl\AppData\Local\Microsoft\WindowsApps" (SiteSelector.Domain.Processes.ProcessHandler) (1999c767)
2020-12-06T04:17:21.6077422+01:00 [INF] @ApplicationLoaderHelper, environment var: "PATHEXT": ".COM;.EXE;.BAT;.CMD;.VBS;.VBE;.JS;.JSE;.WSF;.WSH;.MSC" (SiteSelector.Domain.Processes.ProcessHandler) (1999c767)
2020-12-06T04:17:21.6077597+01:00 [INF] @ApplicationLoaderHelper, environment var: "PROCESSOR_ARCHITECTURE": "AMD64" (SiteSelector.Domain.Processes.ProcessHandler) (1999c767)
2020-12-06T04:17:21.6077745+01:00 [INF] @ApplicationLoaderHelper, environment var: "PROCESSOR_IDENTIFIER": "Intel64 Family 6 Model 60 Stepping 3, GenuineIntel" (SiteSelector.Domain.Processes.ProcessHandler) (1999c767)
2020-12-06T04:17:21.6077912+01:00 [INF] @ApplicationLoaderHelper, environment var: "PROCESSOR_LEVEL": "6" (SiteSelector.Domain.Processes.ProcessHandler) (1999c767)
2020-12-06T04:17:21.6078045+01:00 [INF] @ApplicationLoaderHelper, environment var: "PROCESSOR_REVISION": "3c03" (SiteSelector.Domain.Processes.ProcessHandler) (1999c767)
2020-12-06T04:17:21.6078211+01:00 [INF] @ApplicationLoaderHelper, environment var: "ProgramData": "C:\ProgramData" (SiteSelector.Domain.Processes.ProcessHandler) (1999c767)
2020-12-06T04:17:21.6078374+01:00 [INF] @ApplicationLoaderHelper, environment var: "ProgramFiles": "C:\Program Files" (SiteSelector.Domain.Processes.ProcessHandler) (1999c767)
2020-12-06T04:17:21.6078515+01:00 [INF] @ApplicationLoaderHelper, environment var: "ProgramFiles(x86)": "C:\Program Files (x86)" (SiteSelector.Domain.Processes.ProcessHandler) (1999c767)
2020-12-06T04:17:21.6078759+01:00 [INF] @ApplicationLoaderHelper, environment var: "ProgramW6432": "C:\Program Files" (SiteSelector.Domain.Processes.ProcessHandler) (1999c767)
2020-12-06T04:17:21.6079145+01:00 [INF] @ApplicationLoaderHelper, environment var: "PSModulePath": "%ProgramFiles%\WindowsPowerShell\Modules;C:\WINDOWS\system32\WindowsPowerShell\v1.0\Modules" (SiteSelector.Domain.Processes.ProcessHandler) (1999c767)
2020-12-06T04:17:21.6079342+01:00 [INF] @ApplicationLoaderHelper, environment var: "PUBLIC": "C:\Users\Public" (SiteSelector.Domain.Processes.ProcessHandler) (1999c767)
2020-12-06T04:17:21.6079481+01:00 [INF] @ApplicationLoaderHelper, environment var: "SystemDrive": "C:" (SiteSelector.Domain.Processes.ProcessHandler) (1999c767)
2020-12-06T04:17:21.6079658+01:00 [INF] @ApplicationLoaderHelper, environment var: "SystemRoot": "C:\WINDOWS" (SiteSelector.Domain.Processes.ProcessHandler) (1999c767)
2020-12-06T04:17:21.6079795+01:00 [INF] @ApplicationLoaderHelper, environment var: "TEMP": "C:\Users\w-efl\AppData\Local\Temp" (SiteSelector.Domain.Processes.ProcessHandler) (1999c767)
2020-12-06T04:17:21.6079966+01:00 [INF] @ApplicationLoaderHelper, environment var: "TMP": "C:\Users\w-efl\AppData\Local\Temp" (SiteSelector.Domain.Processes.ProcessHandler) (1999c767)
2020-12-06T04:17:21.6080140+01:00 [INF] @ApplicationLoaderHelper, environment var: "UATDATA": "C:\WINDOWS\CCM\UATData\D9F8C395-CAB8-491d-B8AC-179A1FE1BE77" (SiteSelector.Domain.Processes.ProcessHandler) (1999c767)
2020-12-06T04:17:21.6080283+01:00 [INF] @ApplicationLoaderHelper, environment var: "USERDNSDOMAIN": "NET.DR.DK" (SiteSelector.Domain.Processes.ProcessHandler) (1999c767)
2020-12-06T04:17:21.6080449+01:00 [INF] @ApplicationLoaderHelper, environment var: "USERDOMAIN": "NET" (SiteSelector.Domain.Processes.ProcessHandler) (1999c767)
2020-12-06T04:17:21.6080683+01:00 [INF] @ApplicationLoaderHelper, environment var: "USERDOMAIN_ROAMINGPROFILE": "NET" (SiteSelector.Domain.Processes.ProcessHandler) (1999c767)
2020-12-06T04:17:21.6080848+01:00 [INF] @ApplicationLoaderHelper, environment var: "USERNAME": "w-efl" (SiteSelector.Domain.Processes.ProcessHandler) (1999c767)
2020-12-06T04:17:21.6080982+01:00 [INF] @ApplicationLoaderHelper, environment var: "USERPROFILE": "C:\Users\w-efl" (SiteSelector.Domain.Processes.ProcessHandler) (1999c767)
2020-12-06T04:17:21.6081151+01:00 [INF] @ApplicationLoaderHelper, environment var: "windir": "C:\WINDOWS" (SiteSelector.Domain.Processes.ProcessHandler) (1999c767)
2020-12-06T04:17:21.6563920+01:00 [INF] @ApplicationLoaderHelper, started process "C:\Program Files\Dalet\DaletPlus\bin\DaletGalaxy.exe -F -S DALG3APP11", PID: 7912 (SiteSelector.Domain.Processes.ProcessHandler) (cb3dba52)
2020-12-06T04:17:21.6570316+01:00 [INF] StartProcessAsUser - Started process: 7912 (SiteSelector.Domain.Processes.ProcessHandler) (018bf248)
2020-12-06T04:17:21.6570810+01:00 [INF] StartProcessEnvironmentAware. Process "C:\Program Files\Dalet\DaletPlus\bin\DaletGalaxy.exe" has been invoked. (SiteSelector.Domain.Processes.ProcessHandler) (f0f71640)
2020-12-06T04:17:21.6571562+01:00 [INF] StartGalaxy - started Dalet Galaxy: True (SiteSelector.Domain.SessionRespond.Launcher) (bddbbfc5)
2020-12-06T04:17:21.6573907+01:00 [INF] Now Switching to site "DALG3" (SiteSelector.Pages.MainPage.MainComponent) (105e6a29)
2020-12-06T04:17:21.6612059+01:00 [INF] SendEvent: StartGalaxy - Success - "Successfully started Galaxy" - "DALG3" (SiteSelector.Domain.SessionRespond.ActorSessionRespond) (a9efe48d)
2020-12-06T04:17:21.6612969+01:00 [INF] Successfully started Dalet Galaxy. (SiteSelector.Domain.SessionRespond.ActorSessionRespond) (df2d65df)
2020-12-06T04:17:21.6930503+01:00 [INF] Successfully build configuration (SiteSelector.Domain.Persist.PersistAppSettings) (34a2c1a5)
2020-12-06T04:17:21.6983499+01:00 [INF] Disposing now (SiteSelector.Pages.MainPage.MainComponent) (7c5e0a46)
2020-12-06T04:17:21.6985170+01:00 [INF] Unsubscribed to all events. (SiteSelector.Pages.MainPage.MainComponent) (8a173910)
2020-12-06T04:17:21.6987993+01:00 [INF] Disposing now (SiteSelector.Pages.MainPage.SitesListComponent) (7c5e0a46)
2020-12-06T04:17:21.6997379+01:00 [INF] Successfully updated configuration to appsettings.json (SiteSelector.Domain.Persist.PersistAppSettings) (de26bb35)
2020-12-06T04:17:21.7008245+01:00 [INF] Galaxy was started: True (SiteSelector.Pages.MainPage.SitesListComponent) (86cbc7be)
2020-12-06T04:17:24.6639095+01:00 [INF] Request starting HTTP/2 POST https://localhost:5055/_blazor/disconnect multipart/form-data; boundary=---------------------------7e4294184033e 363 (Microsoft.AspNetCore.Hosting.Diagnostics) (ca22a1cb)
2020-12-06T04:17:24.6661422+01:00 [INF] Executing endpoint '"Blazor disconnect"' (Microsoft.AspNetCore.Routing.EndpointMiddleware) (500cc934)
2020-12-06T04:17:24.6662884+01:00 [INF] Closed current browser-window (MS Edge only). (SiteSelector.Pages.MainPage.MainComponent) (023c2a79)
2020-12-06T04:17:24.6683533+01:00 [INF] Request starting HTTP/2 GET https://localhost:5055/html/SwitchComplete.html   (Microsoft.AspNetCore.Hosting.Diagnostics) (ca22a1cb)
2020-12-06T04:17:24.6690834+01:00 [INF] The file "/html/SwitchComplete.html" was not modified (Microsoft.AspNetCore.StaticFiles.StaticFileMiddleware) (f1f8d725)
2020-12-06T04:17:24.6695261+01:00 [INF] Request finished in 1.1095ms 304 text/html (Microsoft.AspNetCore.Hosting.Diagnostics) (791a596a)
2020-12-06T04:17:24.6849671+01:00 [INF] Executed endpoint '"Blazor disconnect"' (Microsoft.AspNetCore.Routing.EndpointMiddleware) (99874f2b)
2020-12-06T04:17:24.6853431+01:00 [INF] Request finished in 21.6939ms 200  (Microsoft.AspNetCore.Hosting.Diagnostics) (791a596a)
2020-12-06T04:17:24.6911846+01:00 [INF] Executed endpoint '"/_blazor"' (Microsoft.AspNetCore.Routing.EndpointMiddleware) (99874f2b)
2020-12-06T04:17:24.6924882+01:00 [INF] Request finished in 20043.7307ms 101  (Microsoft.AspNetCore.Hosting.Diagnostics) (791a596a)
