2020-10-09T11:54:21.0292665+02:00 [INF] "GalaxySiteSelector" - service version: "0.9.5.3", library version: "0.9.5.6" - machinename: "TX82564" (SiteSelector.Program) (b27fd4b2)
2020-10-09T11:54:21.0969101+02:00 [INF] User profile is available. Using '"C:\WINDOWS\system32\config\systemprofile\AppData\Local\ASP.NET\DataProtection-Keys"' as key repository and Windows DPAPI to encrypt keys at rest. (Microsoft.AspNetCore.DataProtection.KeyManagement.XmlKeyManager) (7ac5e29c)
2020-10-09T11:54:22.7159533+02:00 [INF] Now listening on: "https://[::]:5055" (Microsoft.Hosting.Lifetime) (d826f4b8)
2020-10-09T11:54:22.7162346+02:00 [INF] Application started. Hosting environment: "Production"; Content root path: "C:\ProgramData\GalaxySiteSelector" (Microsoft.Hosting.Lifetime) (9029d6f8)
2020-10-09T12:47:50.2667313+02:00 [INF] Request starting HTTP/2 GET https://localhost:5055/SiteSelector   (Microsoft.AspNetCore.Hosting.Diagnostics) (ca22a1cb)
2020-10-09T12:47:50.2919798+02:00 [INF] Executing endpoint '"/_Host"' (Microsoft.AspNetCore.Routing.EndpointMiddleware) (500cc934)
2020-10-09T12:47:50.3220854+02:00 [INF] Route matched with "{page = \"/_Host\", action = \"\", controller = \"\"}". Executing page "/_Host" (Microsoft.AspNetCore.Mvc.RazorPages.Infrastructure.PageActionInvoker) (547e620f)
2020-10-09T12:47:50.3319980+02:00 [INF] Executing an implicit handler method - ModelState is Valid (Microsoft.AspNetCore.Mvc.RazorPages.Infrastructure.PageActionInvoker) (232a55d1)
2020-10-09T12:47:50.3321325+02:00 [INF] Executed an implicit handler method, returned result "Microsoft.AspNetCore.Mvc.RazorPages.PageResult". (Microsoft.AspNetCore.Mvc.RazorPages.Infrastructure.PageActionInvoker) (f857da66)
2020-10-09T12:47:50.3740072+02:00 [INF] Executed page "/_Host" in 45.2168ms (Microsoft.AspNetCore.Mvc.RazorPages.Infrastructure.PageActionInvoker) (02e01280)
2020-10-09T12:47:50.3741563+02:00 [INF] Executed endpoint '"/_Host"' (Microsoft.AspNetCore.Routing.EndpointMiddleware) (99874f2b)
2020-10-09T12:47:50.3749989+02:00 [INF] Request starting HTTP/2 GET https://localhost:5055/_framework/blazor.server.js   (Microsoft.AspNetCore.Hosting.Diagnostics) (ca22a1cb)
2020-10-09T12:47:50.3749988+02:00 [INF] Request starting HTTP/2 GET https://localhost:5055/js/interop.js   (Microsoft.AspNetCore.Hosting.Diagnostics) (ca22a1cb)
2020-10-09T12:47:50.3749991+02:00 [INF] Request starting HTTP/2 GET https://localhost:5055/css/bootstrap/bootstrap.min.css   (Microsoft.AspNetCore.Hosting.Diagnostics) (ca22a1cb)
2020-10-09T12:47:50.3750389+02:00 [INF] Request starting HTTP/2 GET https://localhost:5055/css/site.css   (Microsoft.AspNetCore.Hosting.Diagnostics) (ca22a1cb)
2020-10-09T12:47:50.3762720+02:00 [INF] Request finished in 111.568ms 200 text/html; charset=utf-8 (Microsoft.AspNetCore.Hosting.Diagnostics) (791a596a)
2020-10-09T12:47:50.3805197+02:00 [INF] The file "/js/interop.js" was not modified (Microsoft.AspNetCore.StaticFiles.StaticFileMiddleware) (f1f8d725)
2020-10-09T12:47:50.3805221+02:00 [INF] The file "/_framework/blazor.server.js" was not modified (Microsoft.AspNetCore.StaticFiles.StaticFileMiddleware) (f1f8d725)
2020-10-09T12:47:50.3805195+02:00 [INF] The file "/css/bootstrap/bootstrap.min.css" was not modified (Microsoft.AspNetCore.StaticFiles.StaticFileMiddleware) (f1f8d725)
2020-10-09T12:47:50.3805195+02:00 [INF] The file "/css/site.css" was not modified (Microsoft.AspNetCore.StaticFiles.StaticFileMiddleware) (f1f8d725)
2020-10-09T12:47:50.3814056+02:00 [INF] Request finished in 6.4445ms 304 application/javascript (Microsoft.AspNetCore.Hosting.Diagnostics) (791a596a)
2020-10-09T12:47:50.3814056+02:00 [INF] Request finished in 6.4582ms 304 text/css (Microsoft.AspNetCore.Hosting.Diagnostics) (791a596a)
2020-10-09T12:47:50.3814306+02:00 [INF] Request finished in 6.4972ms 304 text/css (Microsoft.AspNetCore.Hosting.Diagnostics) (791a596a)
2020-10-09T12:47:50.3814306+02:00 [INF] Request finished in 6.4112ms 304 application/javascript (Microsoft.AspNetCore.Hosting.Diagnostics) (791a596a)
2020-10-09T12:47:50.4022268+02:00 [INF] Request starting HTTP/2 GET https://localhost:5055/css/open-iconic/font/css/open-iconic-bootstrap.min.css   (Microsoft.AspNetCore.Hosting.Diagnostics) (ca22a1cb)
2020-10-09T12:47:50.4028798+02:00 [INF] The file "/css/open-iconic/font/css/open-iconic-bootstrap.min.css" was not modified (Microsoft.AspNetCore.StaticFiles.StaticFileMiddleware) (f1f8d725)
2020-10-09T12:47:50.4030980+02:00 [INF] Request finished in 0.8933ms 304 text/css (Microsoft.AspNetCore.Hosting.Diagnostics) (791a596a)
2020-10-09T12:47:50.4368260+02:00 [INF] Request starting HTTP/2 POST https://localhost:5055/_blazor/negotiate?negotiateVersion=1 text/plain;charset=UTF-8 0 (Microsoft.AspNetCore.Hosting.Diagnostics) (ca22a1cb)
2020-10-09T12:47:50.4383785+02:00 [INF] Executing endpoint '"/_blazor/negotiate"' (Microsoft.AspNetCore.Routing.EndpointMiddleware) (500cc934)
2020-10-09T12:47:50.4451814+02:00 [INF] Executed endpoint '"/_blazor/negotiate"' (Microsoft.AspNetCore.Routing.EndpointMiddleware) (99874f2b)
2020-10-09T12:47:50.4454521+02:00 [INF] Request finished in 8.634ms 200 application/json (Microsoft.AspNetCore.Hosting.Diagnostics) (791a596a)
2020-10-09T12:47:50.4536248+02:00 [INF] Request starting HTTP/1.1 GET https://localhost:5055/_blazor?id=Qqh5RMT1nqXvHTGeTNpTzA   (Microsoft.AspNetCore.Hosting.Diagnostics) (ca22a1cb)
2020-10-09T12:47:50.4539851+02:00 [INF] Executing endpoint '"/_blazor"' (Microsoft.AspNetCore.Routing.EndpointMiddleware) (500cc934)
2020-10-09T12:47:50.5341878+02:00 [INF] Running SetupSession (SiteSelector.Domain.SessionStart.ActorSessionStart) (7e9ff657)
2020-10-09T12:47:50.5610936+02:00 [INF] Found galaxy-client in configuration: "Galaxy Systemvælger" (SiteSelector.Domain.Persist.ReadConfigXml) (88c8e810)
2020-10-09T12:47:50.5614896+02:00 [INF] @GetDaletServiceIsInstalled, looking for service: "DaletService" (SiteSelector.Domain.SessionStart.CheckEnvironment) (bb0ef24c)
2020-10-09T12:47:50.5632732+02:00 [INF] Found service "DaletService" in state: StartService (SiteSelector.Domain.Services.ServiceHandler) (d73723f9)
2020-10-09T12:47:50.5634004+02:00 [INF] @GetDaletServiceIsInstalled, found service "DaletService": True (SiteSelector.Domain.SessionStart.CheckEnvironment) (10d3e8ac)
2020-10-09T12:47:50.5687972+02:00 [INF] Could not detect "DaletGalaxy". (SiteSelector.Domain.Processes.ProcessHandler) (37043ae9)
2020-10-09T12:47:50.5688733+02:00 [INF] Detected "DaletGalaxy" running on client:False (SiteSelector.Domain.Processes.ProcessHandler) (92f7db5d)
2020-10-09T12:47:50.6138935+02:00 [INF] DetectGalaxyRunning - Galaxy is running: False (SiteSelector.Domain.SessionStart.CheckEnvironment) (fd1e0f1e)
2020-10-09T12:47:50.6335569+02:00 [INF] Request starting HTTP/2 GET https://localhost:5055/css/open-iconic/font/fonts/open-iconic.woff   (Microsoft.AspNetCore.Hosting.Diagnostics) (ca22a1cb)
2020-10-09T12:47:50.6343737+02:00 [INF] The file "/css/open-iconic/font/fonts/open-iconic.woff" was not modified (Microsoft.AspNetCore.StaticFiles.StaticFileMiddleware) (f1f8d725)
2020-10-09T12:47:50.6345605+02:00 [INF] Request finished in 1.0537ms 304 application/font-woff (Microsoft.AspNetCore.Hosting.Diagnostics) (791a596a)
2020-10-09T12:47:50.8048262+02:00 [INF] Found user "Testrum3-TX82564", is allowed to see test-sites: False (SiteSelector.Domain.SessionStart.CheckEnvironment) (7a41e528)
2020-10-09T12:47:50.8048981+02:00 [INF] Test-sites should be included in site-listing: False (SiteSelector.Domain.SessionStart.CheckEnvironment) (375b5f05)
2020-10-09T12:47:50.8081399+02:00 [INF] Found local SiteSelector.xml at "C:\ProgramData\GalaxySiteSelector\SiteSelector.xml" (SiteSelector.Domain.SessionStart.UpdateLocalSiteSelectorXml) (926e481e)
2020-10-09T12:47:50.8108921+02:00 [INF] Found "\\dalet1\DpShare\SiteSelector\config\SiteSelector.xml": True (SiteSelector.Domain.SessionStart.UpdateLocalSiteSelectorXml) (43bd9e6d)
2020-10-09T12:47:50.8115463+02:00 [INF] SaveXmlToLocal(): MostUpdatedFile path: "\\dalet1\DpShare\SiteSelector\config\SiteSelector.xml" (SiteSelector.Domain.SessionStart.UpdateLocalSiteSelectorXml) (ff43c0b5)
2020-10-09T12:47:50.8230231+02:00 [INF] SaveXmlToLocal(): Copied file from "\\dalet1\DpShare\SiteSelector\config\SiteSelector.xml" to "C:\ProgramData\GalaxySiteSelector\SiteSelector.xml": True (SiteSelector.Domain.SessionStart.UpdateLocalSiteSelectorXml) (b7df6e7c)
2020-10-09T12:47:50.8230935+02:00 [INF] Acquired SiteSelector.xml from "\\dalet1\DpShare\SiteSelector\config\SiteSelector.xml": True (SiteSelector.Domain.SessionStart.UpdateLocalSiteSelectorXml) (e7e6200c)
2020-10-09T12:47:50.8231341+02:00 [INF] Local SiteSelector.xml was detected: True (SiteSelector.Domain.SessionStart.UpdateLocalSiteSelectorXml) (0845ccfd)
2020-10-09T12:47:50.8231507+02:00 [INF] Local SiteSelector.xml was updated from "\\dalet1\DpShare\SiteSelector\config\SiteSelector.xml": True (SiteSelector.Domain.SessionStart.UpdateLocalSiteSelectorXml) (40a93371)
2020-10-09T12:47:50.8297830+02:00 [INF] Found 2 galaxy-sites in sites-list. (SiteSelector.Domain.Persist.ReadConfigXml) (ee6a3325)
2020-10-09T12:47:50.8328896+02:00 [INF] Found galaxy-client in configuration: "Galaxy Systemvælger" (SiteSelector.Domain.Persist.ReadConfigXml) (88c8e810)
2020-10-09T12:47:50.8333082+02:00 [INF] @GetDaletServiceIsInstalled, looking for service: "DaletService" (SiteSelector.Domain.SessionStart.CheckEnvironment) (bb0ef24c)
2020-10-09T12:47:50.8336245+02:00 [INF] Found service "DaletService" in state: StartService (SiteSelector.Domain.Services.ServiceHandler) (d73723f9)
2020-10-09T12:47:50.8336915+02:00 [INF] @GetDaletServiceIsInstalled, found service "DaletService": True (SiteSelector.Domain.SessionStart.CheckEnvironment) (10d3e8ac)
2020-10-09T12:47:50.8359312+02:00 [INF] Could not detect "DaletGalaxy". (SiteSelector.Domain.Processes.ProcessHandler) (37043ae9)
2020-10-09T12:47:50.8359849+02:00 [INF] Detected "DaletGalaxy" running on client:False (SiteSelector.Domain.Processes.ProcessHandler) (92f7db5d)
2020-10-09T12:47:50.8360562+02:00 [INF] DetectGalaxyRunning - Galaxy is running: False (SiteSelector.Domain.SessionStart.CheckEnvironment) (fd1e0f1e)
2020-10-09T12:47:50.8895922+02:00 [INF] Found user "Testrum3-TX82564", is allowed to see test-sites: False (SiteSelector.Domain.SessionStart.CheckEnvironment) (7a41e528)
2020-10-09T12:47:50.8896517+02:00 [INF] Test-sites should be included in site-listing: False (SiteSelector.Domain.SessionStart.CheckEnvironment) (375b5f05)
2020-10-09T12:47:50.8928016+02:00 [INF] Succesfully read file: "C:\ProgramData\DaletPlusData\config.ini" (SiteSelector.Domain.SessionStart.HandleConfigIni) (70338fcf)
2020-10-09T12:47:50.8938672+02:00 [INF] Succesfully read file: "C:\ProgramData\DaletPlusData\config.ini" (SiteSelector.Domain.SessionStart.HandleConfigIni) (70338fcf)
2020-10-09T12:47:50.8942491+02:00 [WRN] IdentifyCurrentlyActiveSite - Could not detect current site from config.ini: "Sequence contains no elements" (SiteSelector.Domain.SessionStart.ActorSessionStart) (8e71ca71)
2020-10-09T12:47:50.8942879+02:00 [INF] Completed SetupSession (SiteSelector.Domain.SessionStart.ActorSessionStart) (f17818b2)
2020-10-09T12:47:50.8946274+02:00 [INF] DaletService exists on client: True (SiteSelector.Pages.MainPage.MainComponent) (ac368e96)
2020-10-09T12:47:52.8675314+02:00 [INF] Clicked it: DALG2 (SiteSelector.Pages.MainPage.SitesListComponent) (7faeb06a)
2020-10-09T12:47:56.2809911+02:00 [INF] User requested site: "DALG2", AsWinUser: True, Restart Service: True (SiteSelector.Pages.MainPage.SitesListComponent) (d8efe5db)
2020-10-09T12:47:56.2848352+02:00 [INF] SendEvent: Message - Waiting - "Trying to stop DaletService." - "(null)" (SiteSelector.Domain.SessionRespond.ActorSessionRespond) (a9efe48d)
2020-10-09T12:47:56.2860150+02:00 [INF] Found service "DaletService" in state: StartService (SiteSelector.Domain.Services.ServiceHandler) (d73723f9)
2020-10-09T12:47:56.2861142+02:00 [INF] Trying to stop "DaletService". (SiteSelector.Domain.SessionRespond.StartStopDaletService) (04887d2e)
2020-10-09T12:47:56.2966040+02:00 [INF] Found 1 processes in DaletServiceXml. (SiteSelector.Domain.Persist.ReadDaletServiceXml) (a289d3dd)
2020-10-09T12:47:56.3407158+02:00 [INF] @InvokeRestartManager, process "LOCAL-ChannelDetectorAgent_1" is added to kill-list. (SiteSelector.Domain.SessionRespond.StartStopDaletService) (06cb7ec8)
2020-10-09T12:48:06.9653863+02:00 [INF] StartProcessAndWait: "-208 - unknown Exitcode." (SiteSelector.Domain.Processes.ProcessHandler) (75e65bc8)
2020-10-09T12:48:06.9684383+02:00 [INF] @InvokeRestartManager, completed action. (SiteSelector.Domain.SessionRespond.StartStopDaletService) (96d20844)
2020-10-09T12:48:06.9689191+02:00 [INF] @CheckForRunningProcesses, try#: 1 (SiteSelector.Domain.SessionRespond.StartStopDaletService) (e0f04456)
2020-10-09T12:48:06.9740889+02:00 [INF] Could not detect "ASIOServerAgent". (SiteSelector.Domain.Processes.ProcessHandler) (37043ae9)
2020-10-09T12:48:06.9741589+02:00 [INF] Detected "ASIOServerAgent" running on client:False (SiteSelector.Domain.Processes.ProcessHandler) (92f7db5d)
2020-10-09T12:48:06.9771134+02:00 [INF] Could not detect "MediaChannelContainer". (SiteSelector.Domain.Processes.ProcessHandler) (37043ae9)
2020-10-09T12:48:06.9771795+02:00 [INF] Detected "MediaChannelContainer" running on client:False (SiteSelector.Domain.Processes.ProcessHandler) (92f7db5d)
2020-10-09T12:48:06.9796264+02:00 [INF] Could not detect "bs_server". (SiteSelector.Domain.Processes.ProcessHandler) (37043ae9)
2020-10-09T12:48:06.9796864+02:00 [INF] Detected "bs_server" running on client:False (SiteSelector.Domain.Processes.ProcessHandler) (92f7db5d)
2020-10-09T12:48:06.9820301+02:00 [INF] Detected "ChannelDetectorAgent" running on client:True (SiteSelector.Domain.Processes.ProcessHandler) (92f7db5d)
2020-10-09T12:48:06.9821118+02:00 [INF] @CheckForRunningProcesses, trying to stop: "ChannelDetectorAgent" (SiteSelector.Domain.SessionRespond.StartStopDaletService) (893a7649)
2020-10-09T12:48:06.9837451+02:00 [INF] @CheckForRunningProcesses, tried stopping: "ChannelDetectorAgent" (SiteSelector.Domain.SessionRespond.StartStopDaletService) (0eb6f192)
2020-10-09T12:48:06.9862894+02:00 [INF] Could not detect "ControlDeviceAgent". (SiteSelector.Domain.Processes.ProcessHandler) (37043ae9)
2020-10-09T12:48:06.9863515+02:00 [INF] Detected "ControlDeviceAgent" running on client:False (SiteSelector.Domain.Processes.ProcessHandler) (92f7db5d)
2020-10-09T12:48:07.4978945+02:00 [INF] @CheckForRunningProcesses, try#: 2 (SiteSelector.Domain.SessionRespond.StartStopDaletService) (e0f04456)
2020-10-09T12:48:07.5003692+02:00 [INF] Could not detect "ASIOServerAgent". (SiteSelector.Domain.Processes.ProcessHandler) (37043ae9)
2020-10-09T12:48:07.5004296+02:00 [INF] Detected "ASIOServerAgent" running on client:False (SiteSelector.Domain.Processes.ProcessHandler) (92f7db5d)
2020-10-09T12:48:07.5024069+02:00 [INF] Could not detect "MediaChannelContainer". (SiteSelector.Domain.Processes.ProcessHandler) (37043ae9)
2020-10-09T12:48:07.5025067+02:00 [INF] Detected "MediaChannelContainer" running on client:False (SiteSelector.Domain.Processes.ProcessHandler) (92f7db5d)
2020-10-09T12:48:07.5049344+02:00 [INF] Could not detect "bs_server". (SiteSelector.Domain.Processes.ProcessHandler) (37043ae9)
2020-10-09T12:48:07.5050088+02:00 [INF] Detected "bs_server" running on client:False (SiteSelector.Domain.Processes.ProcessHandler) (92f7db5d)
2020-10-09T12:48:07.5068833+02:00 [INF] Could not detect "ChannelDetectorAgent". (SiteSelector.Domain.Processes.ProcessHandler) (37043ae9)
2020-10-09T12:48:07.5069314+02:00 [INF] Detected "ChannelDetectorAgent" running on client:False (SiteSelector.Domain.Processes.ProcessHandler) (92f7db5d)
2020-10-09T12:48:07.5091973+02:00 [INF] Could not detect "ControlDeviceAgent". (SiteSelector.Domain.Processes.ProcessHandler) (37043ae9)
2020-10-09T12:48:07.5092610+02:00 [INF] Detected "ControlDeviceAgent" running on client:False (SiteSelector.Domain.Processes.ProcessHandler) (92f7db5d)
2020-10-09T12:48:07.5116937+02:00 [INF] @StopServiceAsync, current attempt# 1 (SiteSelector.Domain.Services.ServiceHandler) (75b481b3)
2020-10-09T12:48:07.7645514+02:00 [INF] Service name and status: "DaletService": Stopped (SiteSelector.Domain.Services.ServiceHandler) (d88393ae)
2020-10-09T12:48:07.7667218+02:00 [INF] SendEvent: Message - Success - "DaletService was stopped successfully." - "(null)" (SiteSelector.Domain.SessionRespond.ActorSessionRespond) (a9efe48d)
2020-10-09T12:48:07.7672574+02:00 [INF] Looking for DaletServiceSource-folder at "\\DALET1\DpShare\DALG2\DS_Config\TX82564" (SiteSelector.Domain.SessionRespond.DaletServiceXml) (4ccc8816)
2020-10-09T12:48:07.7941825+02:00 [INF] DaletServiceSource-folder at "\\DALET1\DpShare\DALG2\DS_Config\TX82564" detected: True (SiteSelector.Domain.SessionRespond.DaletServiceXml) (cfe69921)
2020-10-09T12:48:07.7942392+02:00 [INF] Preparing to acquire DaletServiceSourceXml. (SiteSelector.Domain.SessionRespond.DaletServiceXml) (d75359a2)
2020-10-09T12:48:07.8051137+02:00 [INF] DaletServiceSource-files were copied from network: True (SiteSelector.Domain.SessionRespond.DaletServiceXml) (73288b83)
2020-10-09T12:48:07.8062922+02:00 [INF] SendEvent: Message - Success - "DaletService.xml was acquired successfully." - "(null)" (SiteSelector.Domain.SessionRespond.ActorSessionRespond) (a9efe48d)
2020-10-09T12:48:07.8095854+02:00 [INF] Succesfully read file: "C:\ProgramData\DaletPlusData\config.ini" (SiteSelector.Domain.SessionStart.HandleConfigIni) (70338fcf)
2020-10-09T12:48:07.8109100+02:00 [INF] Succesfully read file: "C:\ProgramData\DaletPlusData\config.ini" (SiteSelector.Domain.SessionStart.HandleConfigIni) (70338fcf)
2020-10-09T12:48:07.8126891+02:00 [INF] Succesfully wrote file: "C:\ProgramData\DaletPlusData\config.ini" (SiteSelector.Domain.SessionStart.HandleConfigIni) (073e61d3)
2020-10-09T12:48:07.8128282+02:00 [INF] Succesfully updated config.ini to "DALG2APP11 DALG2APP13": True (SiteSelector.Domain.SessionRespond.UpdateConfigIni) (4d06f4d8)
2020-10-09T12:48:07.8135801+02:00 [INF] SendEvent: Message - Success - "Config.ini was updated successfully." - "(null)" (SiteSelector.Domain.SessionRespond.ActorSessionRespond) (a9efe48d)
2020-10-09T12:48:07.8143869+02:00 [INF] SendEvent: Message - Waiting - "Preparing to start Galaxy." - "(null)" (SiteSelector.Domain.SessionRespond.ActorSessionRespond) (a9efe48d)
2020-10-09T12:48:07.8149344+02:00 [INF] Preparing to restart service: "DaletService" (SiteSelector.Domain.SessionRespond.Launcher) (5a64e8b2)
2020-10-09T12:48:07.8161141+02:00 [INF] Found service "DaletService" in state: StopService (SiteSelector.Domain.Services.ServiceHandler) (d73723f9)
2020-10-09T12:48:07.8180957+02:00 [INF] @StopServiceAsync, current attempt# 1 (SiteSelector.Domain.Services.ServiceHandler) (75b481b3)
2020-10-09T12:48:07.8858553+02:00 [INF] CopyNetWorkFilesToLocal - copy from: "\\DALET1\DpShare\DALG2\DS_Config\TX82564\DaletService.xml" to: "C:\ProgramData\DaletPlusData\DaletService.xml" was succesfull: True (SiteSelector.Domain.SessionRespond.DaletServiceXml) (027c37f2)
2020-10-09T12:48:07.8992839+02:00 [INF] Actual startUpType for service "DaletService": "Manual" vs requested: Manual (SiteSelector.Domain.Services.ServiceHandler) (c09c8fd6)
2020-10-09T12:48:08.6313460+02:00 [INF] Service name and status: "DaletService": Running (SiteSelector.Domain.Services.ServiceHandler) (d88393ae)
2020-10-09T12:48:08.6330774+02:00 [INF] Restarted service: "DaletService". (SiteSelector.Domain.SessionRespond.StartStopDaletService) (2deba2b1)
2020-10-09T12:48:08.6336326+02:00 [INF] Completed service interaction: "DaletService" (SiteSelector.Domain.SessionRespond.Launcher) (56082d23)
2020-10-09T12:48:08.6372891+02:00 [INF] SessionID is : 0 (SiteSelector.Domain.Processes.ProcessHandler) (6c7ef343)
2020-10-09T12:48:08.6870108+02:00 [INF] Found owner: "NET\Testrum3-TX82564" (SiteSelector.Domain.Processes.ProcessHandler) (22b07dda)
2020-10-09T12:48:08.6870672+02:00 [INF] Non-interactive session. Now starting Galaxy. (SiteSelector.Domain.Processes.ProcessHandler) (dc4b6270)
2020-10-09T12:48:08.6875055+02:00 [INF] StartProcessAsUser: args: "C:\Program Files\Dalet\DaletPlus\bin\DaletGalaxy.exe -A Trusted -S DALG2APP11" (SiteSelector.Domain.Processes.ProcessHandler) (aee9c874)
2020-10-09T12:48:08.6922214+02:00 [INF] @ApplicationLoaderHelper, got environment as current user: True (SiteSelector.Domain.Processes.ProcessHandler) (78894c7a)
2020-10-09T12:48:08.6923379+02:00 [INF] @ApplicationLoaderHelper, environment var: "ALLUSERSPROFILE": "C:\ProgramData" (SiteSelector.Domain.Processes.ProcessHandler) (1999c767)
2020-10-09T12:48:08.6923659+02:00 [INF] @ApplicationLoaderHelper, environment var: "APPDATA": "C:\Users\Testrum3-TX82564\AppData\Roaming" (SiteSelector.Domain.Processes.ProcessHandler) (1999c767)
2020-10-09T12:48:08.6923845+02:00 [INF] @ApplicationLoaderHelper, environment var: "CommonProgramFiles": "C:\Program Files\Common Files" (SiteSelector.Domain.Processes.ProcessHandler) (1999c767)
2020-10-09T12:48:08.6924057+02:00 [INF] @ApplicationLoaderHelper, environment var: "CommonProgramFiles(x86)": "C:\Program Files (x86)\Common Files" (SiteSelector.Domain.Processes.ProcessHandler) (1999c767)
2020-10-09T12:48:08.6924202+02:00 [INF] @ApplicationLoaderHelper, environment var: "CommonProgramW6432": "C:\Program Files\Common Files" (SiteSelector.Domain.Processes.ProcessHandler) (1999c767)
2020-10-09T12:48:08.6924443+02:00 [INF] @ApplicationLoaderHelper, environment var: "COMPUTERNAME": "TX82564" (SiteSelector.Domain.Processes.ProcessHandler) (1999c767)
2020-10-09T12:48:08.6924734+02:00 [INF] @ApplicationLoaderHelper, environment var: "ComSpec": "C:\WINDOWS\system32\cmd.exe" (SiteSelector.Domain.Processes.ProcessHandler) (1999c767)
2020-10-09T12:48:08.6924916+02:00 [INF] @ApplicationLoaderHelper, environment var: "DriverData": "C:\Windows\System32\Drivers\DriverData" (SiteSelector.Domain.Processes.ProcessHandler) (1999c767)
2020-10-09T12:48:08.6925050+02:00 [INF] @ApplicationLoaderHelper, environment var: "HOMEDRIVE": "C:" (SiteSelector.Domain.Processes.ProcessHandler) (1999c767)
2020-10-09T12:48:08.6925221+02:00 [INF] @ApplicationLoaderHelper, environment var: "HOMEPATH": "\Users\Testrum3-TX82564" (SiteSelector.Domain.Processes.ProcessHandler) (1999c767)
2020-10-09T12:48:08.6925358+02:00 [INF] @ApplicationLoaderHelper, environment var: "LOCALAPPDATA": "C:\Users\Testrum3-TX82564\AppData\Local" (SiteSelector.Domain.Processes.ProcessHandler) (1999c767)
2020-10-09T12:48:08.6925528+02:00 [INF] @ApplicationLoaderHelper, environment var: "LOGONSERVER": "\\DC03" (SiteSelector.Domain.Processes.ProcessHandler) (1999c767)
2020-10-09T12:48:08.6925697+02:00 [INF] @ApplicationLoaderHelper, environment var: "NUMBER_OF_PROCESSORS": "8" (SiteSelector.Domain.Processes.ProcessHandler) (1999c767)
2020-10-09T12:48:08.6925833+02:00 [INF] @ApplicationLoaderHelper, environment var: "OneDrive": "C:\Users\Testrum3-TX82564\OneDrive" (SiteSelector.Domain.Processes.ProcessHandler) (1999c767)
2020-10-09T12:48:08.6926002+02:00 [INF] @ApplicationLoaderHelper, environment var: "OS": "Windows_NT" (SiteSelector.Domain.Processes.ProcessHandler) (1999c767)
2020-10-09T12:48:08.6926190+02:00 [INF] @ApplicationLoaderHelper, environment var: "Path": "C:\ProgramData\Oracle\Java\javapath;C:\WINDOWS\system32;C:\WINDOWS;C:\WINDOWS\System32\Wbem;C:\WINDOWS\System32\WindowsPowerShell\v1.0\;C:\WINDOWS\System32\OpenSSH\;C:\Users\Testrum3-TX82564\AppData\Local\Microsoft\WindowsApps" (SiteSelector.Domain.Processes.ProcessHandler) (1999c767)
2020-10-09T12:48:08.6926328+02:00 [INF] @ApplicationLoaderHelper, environment var: "PATHEXT": ".COM;.EXE;.BAT;.CMD;.VBS;.VBE;.JS;.JSE;.WSF;.WSH;.MSC" (SiteSelector.Domain.Processes.ProcessHandler) (1999c767)
2020-10-09T12:48:08.6926518+02:00 [INF] @ApplicationLoaderHelper, environment var: "PROCESSOR_ARCHITECTURE": "AMD64" (SiteSelector.Domain.Processes.ProcessHandler) (1999c767)
2020-10-09T12:48:08.6926684+02:00 [INF] @ApplicationLoaderHelper, environment var: "PROCESSOR_IDENTIFIER": "Intel64 Family 6 Model 85 Stepping 4, GenuineIntel" (SiteSelector.Domain.Processes.ProcessHandler) (1999c767)
2020-10-09T12:48:08.6926821+02:00 [INF] @ApplicationLoaderHelper, environment var: "PROCESSOR_LEVEL": "6" (SiteSelector.Domain.Processes.ProcessHandler) (1999c767)
2020-10-09T12:48:08.6926982+02:00 [INF] @ApplicationLoaderHelper, environment var: "PROCESSOR_REVISION": "5504" (SiteSelector.Domain.Processes.ProcessHandler) (1999c767)
2020-10-09T12:48:08.6927118+02:00 [INF] @ApplicationLoaderHelper, environment var: "ProgramData": "C:\ProgramData" (SiteSelector.Domain.Processes.ProcessHandler) (1999c767)
2020-10-09T12:48:08.6927279+02:00 [INF] @ApplicationLoaderHelper, environment var: "ProgramFiles": "C:\Program Files" (SiteSelector.Domain.Processes.ProcessHandler) (1999c767)
2020-10-09T12:48:08.6927410+02:00 [INF] @ApplicationLoaderHelper, environment var: "ProgramFiles(x86)": "C:\Program Files (x86)" (SiteSelector.Domain.Processes.ProcessHandler) (1999c767)
2020-10-09T12:48:08.6927575+02:00 [INF] @ApplicationLoaderHelper, environment var: "ProgramW6432": "C:\Program Files" (SiteSelector.Domain.Processes.ProcessHandler) (1999c767)
2020-10-09T12:48:08.6927709+02:00 [INF] @ApplicationLoaderHelper, environment var: "PSModulePath": "%ProgramFiles%\WindowsPowerShell\Modules;C:\WINDOWS\system32\WindowsPowerShell\v1.0\Modules" (SiteSelector.Domain.Processes.ProcessHandler) (1999c767)
2020-10-09T12:48:08.6927871+02:00 [INF] @ApplicationLoaderHelper, environment var: "PUBLIC": "C:\Users\Public" (SiteSelector.Domain.Processes.ProcessHandler) (1999c767)
2020-10-09T12:48:08.6928045+02:00 [INF] @ApplicationLoaderHelper, environment var: "SystemDrive": "C:" (SiteSelector.Domain.Processes.ProcessHandler) (1999c767)
2020-10-09T12:48:08.6928179+02:00 [INF] @ApplicationLoaderHelper, environment var: "SystemRoot": "C:\WINDOWS" (SiteSelector.Domain.Processes.ProcessHandler) (1999c767)
2020-10-09T12:48:08.6928337+02:00 [INF] @ApplicationLoaderHelper, environment var: "TEMP": "C:\Users\TESTRU~1\AppData\Local\Temp" (SiteSelector.Domain.Processes.ProcessHandler) (1999c767)
2020-10-09T12:48:08.6928472+02:00 [INF] @ApplicationLoaderHelper, environment var: "TMP": "C:\Users\TESTRU~1\AppData\Local\Temp" (SiteSelector.Domain.Processes.ProcessHandler) (1999c767)
2020-10-09T12:48:08.6928648+02:00 [INF] @ApplicationLoaderHelper, environment var: "UATDATA": "C:\WINDOWS\CCM\UATData\D9F8C395-CAB8-491d-B8AC-179A1FE1BE77" (SiteSelector.Domain.Processes.ProcessHandler) (1999c767)
2020-10-09T12:48:08.6928782+02:00 [INF] @ApplicationLoaderHelper, environment var: "USERDNSDOMAIN": "NET.DR.DK" (SiteSelector.Domain.Processes.ProcessHandler) (1999c767)
2020-10-09T12:48:08.6928943+02:00 [INF] @ApplicationLoaderHelper, environment var: "USERDOMAIN": "NET" (SiteSelector.Domain.Processes.ProcessHandler) (1999c767)
2020-10-09T12:48:08.6929079+02:00 [INF] @ApplicationLoaderHelper, environment var: "USERDOMAIN_ROAMINGPROFILE": "NET" (SiteSelector.Domain.Processes.ProcessHandler) (1999c767)
2020-10-09T12:48:08.6929240+02:00 [INF] @ApplicationLoaderHelper, environment var: "USERNAME": "Testrum3-TX82564" (SiteSelector.Domain.Processes.ProcessHandler) (1999c767)
2020-10-09T12:48:08.6929401+02:00 [INF] @ApplicationLoaderHelper, environment var: "USERPROFILE": "C:\Users\Testrum3-TX82564" (SiteSelector.Domain.Processes.ProcessHandler) (1999c767)
2020-10-09T12:48:08.6929537+02:00 [INF] @ApplicationLoaderHelper, environment var: "windir": "C:\WINDOWS" (SiteSelector.Domain.Processes.ProcessHandler) (1999c767)
2020-10-09T12:48:08.7692985+02:00 [INF] @ApplicationLoaderHelper, started process "C:\Program Files\Dalet\DaletPlus\bin\DaletGalaxy.exe -A Trusted -S DALG2APP11", PID: 13148 (SiteSelector.Domain.Processes.ProcessHandler) (cb3dba52)
2020-10-09T12:48:08.7699788+02:00 [INF] StartProcessAsUser - Started process: 13148 (SiteSelector.Domain.Processes.ProcessHandler) (018bf248)
2020-10-09T12:48:08.7700410+02:00 [INF] StartProcessEnvironmentAware. Process "C:\Program Files\Dalet\DaletPlus\bin\DaletGalaxy.exe" has been invoked. (SiteSelector.Domain.Processes.ProcessHandler) (f0f71640)
2020-10-09T12:48:08.7700736+02:00 [INF] StartGalaxy - started Dalet Galaxy: True (SiteSelector.Domain.SessionRespond.Launcher) (bddbbfc5)
2020-10-09T12:48:08.7703672+02:00 [INF] Now Switching to site "DALG2" (SiteSelector.Pages.MainPage.MainComponent) (105e6a29)
2020-10-09T12:48:08.7732401+02:00 [INF] SendEvent: StartGalaxy - Success - "Successfully started Galaxy" - "DALG2" (SiteSelector.Domain.SessionRespond.ActorSessionRespond) (a9efe48d)
2020-10-09T12:48:08.7732790+02:00 [INF] Successfully started Dalet Galaxy. (SiteSelector.Domain.SessionRespond.ActorSessionRespond) (df2d65df)
2020-10-09T12:48:08.7940822+02:00 [INF] Successfully build configuration (SiteSelector.Domain.Persist.PersistAppSettings) (34a2c1a5)
2020-10-09T12:48:08.7980251+02:00 [INF] Disposing now (SiteSelector.Pages.MainPage.MainComponent) (7c5e0a46)
2020-10-09T12:48:08.7981969+02:00 [INF] Unsubscribed to all events. (SiteSelector.Pages.MainPage.MainComponent) (8a173910)
2020-10-09T12:48:08.7985918+02:00 [INF] Disposing now (SiteSelector.Pages.MainPage.SitesListComponent) (7c5e0a46)
2020-10-09T12:48:08.7997286+02:00 [INF] Successfully updated configuration to appsettings.json (SiteSelector.Domain.Persist.PersistAppSettings) (de26bb35)
2020-10-09T12:48:08.8011988+02:00 [INF] Galaxy was started: True (SiteSelector.Pages.MainPage.SitesListComponent) (86cbc7be)
2020-10-09T12:48:11.7954121+02:00 [INF] Closed current browser-window (MS Edge only). (SiteSelector.Pages.MainPage.MainComponent) (023c2a79)
2020-10-09T12:48:11.8000807+02:00 [INF] Request starting HTTP/2 GET https://localhost:5055/html/SwitchComplete.html   (Microsoft.AspNetCore.Hosting.Diagnostics) (ca22a1cb)
2020-10-09T12:48:11.8011991+02:00 [INF] The file "/html/SwitchComplete.html" was not modified (Microsoft.AspNetCore.StaticFiles.StaticFileMiddleware) (f1f8d725)
2020-10-09T12:48:11.8017071+02:00 [INF] Request finished in 1.7531ms 304 text/html (Microsoft.AspNetCore.Hosting.Diagnostics) (791a596a)
2020-10-09T12:48:11.8057685+02:00 [INF] Request starting HTTP/2 POST https://localhost:5055/_blazor/disconnect multipart/form-data; boundary=---------------------------7e4322b202c8 361 (Microsoft.AspNetCore.Hosting.Diagnostics) (ca22a1cb)
2020-10-09T12:48:11.8070312+02:00 [INF] Executing endpoint '"Blazor disconnect"' (Microsoft.AspNetCore.Routing.EndpointMiddleware) (500cc934)
2020-10-09T12:48:11.8227272+02:00 [INF] Executed endpoint '"Blazor disconnect"' (Microsoft.AspNetCore.Routing.EndpointMiddleware) (99874f2b)
2020-10-09T12:48:11.8229915+02:00 [INF] Request finished in 17.2717ms 200  (Microsoft.AspNetCore.Hosting.Diagnostics) (791a596a)
2020-10-09T12:48:11.8247323+02:00 [INF] Executed endpoint '"/_blazor"' (Microsoft.AspNetCore.Routing.EndpointMiddleware) (99874f2b)
2020-10-09T12:48:11.8258047+02:00 [INF] Request finished in 21372.1364ms 101  (Microsoft.AspNetCore.Hosting.Diagnostics) (791a596a)
2020-10-09T13:08:58.4459341+02:00 [INF] Request starting HTTP/2 GET https://localhost:5055/SiteSelector   (Microsoft.AspNetCore.Hosting.Diagnostics) (ca22a1cb)
2020-10-09T13:08:58.4465396+02:00 [INF] Executing endpoint '"/_Host"' (Microsoft.AspNetCore.Routing.EndpointMiddleware) (500cc934)
2020-10-09T13:08:58.4470604+02:00 [INF] Route matched with "{page = \"/_Host\", action = \"\", controller = \"\"}". Executing page "/_Host" (Microsoft.AspNetCore.Mvc.RazorPages.Infrastructure.PageActionInvoker) (547e620f)
2020-10-09T13:08:58.4479018+02:00 [INF] Executing an implicit handler method - ModelState is Valid (Microsoft.AspNetCore.Mvc.RazorPages.Infrastructure.PageActionInvoker) (232a55d1)
2020-10-09T13:08:58.4479616+02:00 [INF] Executed an implicit handler method, returned result "Microsoft.AspNetCore.Mvc.RazorPages.PageResult". (Microsoft.AspNetCore.Mvc.RazorPages.Infrastructure.PageActionInvoker) (f857da66)
2020-10-09T13:08:58.4515051+02:00 [INF] Executed page "/_Host" in 4.3029ms (Microsoft.AspNetCore.Mvc.RazorPages.Infrastructure.PageActionInvoker) (02e01280)
2020-10-09T13:08:58.4515740+02:00 [INF] Executed endpoint '"/_Host"' (Microsoft.AspNetCore.Routing.EndpointMiddleware) (99874f2b)
2020-10-09T13:08:58.4517382+02:00 [INF] Request finished in 6.0409ms 200 text/html; charset=utf-8 (Microsoft.AspNetCore.Hosting.Diagnostics) (791a596a)
2020-10-09T13:08:58.4558569+02:00 [INF] Request starting HTTP/2 GET https://localhost:5055/_framework/blazor.server.js   (Microsoft.AspNetCore.Hosting.Diagnostics) (ca22a1cb)
2020-10-09T13:08:58.4558568+02:00 [INF] Request starting HTTP/2 GET https://localhost:5055/css/bootstrap/bootstrap.min.css   (Microsoft.AspNetCore.Hosting.Diagnostics) (ca22a1cb)
2020-10-09T13:08:58.4558568+02:00 [INF] Request starting HTTP/2 GET https://localhost:5055/css/site.css   (Microsoft.AspNetCore.Hosting.Diagnostics) (ca22a1cb)
2020-10-09T13:08:58.4558570+02:00 [INF] Request starting HTTP/2 GET https://localhost:5055/js/interop.js   (Microsoft.AspNetCore.Hosting.Diagnostics) (ca22a1cb)
2020-10-09T13:08:58.4623523+02:00 [INF] Sending file. Request path: '"/css/site.css"'. Physical path: '"C:\ProgramData\GalaxySiteSelector\wwwroot\css\site.css"' (Microsoft.AspNetCore.StaticFiles.StaticFileMiddleware) (27b0a520)
2020-10-09T13:08:58.4623382+02:00 [INF] Sending file. Request path: '"/js/interop.js"'. Physical path: '"C:\ProgramData\GalaxySiteSelector\wwwroot\js\interop.js"' (Microsoft.AspNetCore.StaticFiles.StaticFileMiddleware) (27b0a520)
2020-10-09T13:08:58.4624782+02:00 [INF] Request finished in 6.6441ms 200 text/css (Microsoft.AspNetCore.Hosting.Diagnostics) (791a596a)
2020-10-09T13:08:58.4625003+02:00 [INF] Request finished in 6.6762ms 200 application/javascript (Microsoft.AspNetCore.Hosting.Diagnostics) (791a596a)
2020-10-09T13:08:58.4714284+02:00 [INF] Sending file. Request path: '"/_framework/blazor.server.js"'. Physical path: '"N/A"' (Microsoft.AspNetCore.StaticFiles.StaticFileMiddleware) (27b0a520)
2020-10-09T13:08:58.4714286+02:00 [INF] Sending file. Request path: '"/css/bootstrap/bootstrap.min.css"'. Physical path: '"C:\ProgramData\GalaxySiteSelector\wwwroot\css\bootstrap\bootstrap.min.css"' (Microsoft.AspNetCore.StaticFiles.StaticFileMiddleware) (27b0a520)
2020-10-09T13:08:58.4716477+02:00 [INF] Request finished in 15.7893ms 200 application/javascript (Microsoft.AspNetCore.Hosting.Diagnostics) (791a596a)
2020-10-09T13:08:58.4716514+02:00 [INF] Request finished in 15.8152ms 200 text/css (Microsoft.AspNetCore.Hosting.Diagnostics) (791a596a)
2020-10-09T13:08:58.4764317+02:00 [INF] Request starting HTTP/2 GET https://localhost:5055/css/open-iconic/font/css/open-iconic-bootstrap.min.css   (Microsoft.AspNetCore.Hosting.Diagnostics) (ca22a1cb)
2020-10-09T13:08:58.4775770+02:00 [INF] Sending file. Request path: '"/css/open-iconic/font/css/open-iconic-bootstrap.min.css"'. Physical path: '"C:\ProgramData\GalaxySiteSelector\wwwroot\css\open-iconic\font\css\open-iconic-bootstrap.min.css"' (Microsoft.AspNetCore.StaticFiles.StaticFileMiddleware) (27b0a520)
2020-10-09T13:08:58.4776997+02:00 [INF] Request finished in 1.3342ms 200 text/css (Microsoft.AspNetCore.Hosting.Diagnostics) (791a596a)
2020-10-09T13:08:58.5193348+02:00 [INF] Request starting HTTP/2 POST https://localhost:5055/_blazor/negotiate?negotiateVersion=1 text/plain;charset=UTF-8 0 (Microsoft.AspNetCore.Hosting.Diagnostics) (ca22a1cb)
2020-10-09T13:08:58.5195018+02:00 [INF] Executing endpoint '"/_blazor/negotiate"' (Microsoft.AspNetCore.Routing.EndpointMiddleware) (500cc934)
2020-10-09T13:08:58.5198927+02:00 [INF] Executed endpoint '"/_blazor/negotiate"' (Microsoft.AspNetCore.Routing.EndpointMiddleware) (99874f2b)
2020-10-09T13:08:58.5200830+02:00 [INF] Request finished in 0.7654ms 200 application/json (Microsoft.AspNetCore.Hosting.Diagnostics) (791a596a)
2020-10-09T13:08:58.5258071+02:00 [INF] Request starting HTTP/1.1 GET https://localhost:5055/_blazor?id=DJ68GrygmeUhXnDlmUc0jA   (Microsoft.AspNetCore.Hosting.Diagnostics) (ca22a1cb)
2020-10-09T13:08:58.5260660+02:00 [INF] Executing endpoint '"/_blazor"' (Microsoft.AspNetCore.Routing.EndpointMiddleware) (500cc934)
2020-10-09T13:08:58.5434750+02:00 [INF] Running SetupSession (SiteSelector.Domain.SessionStart.ActorSessionStart) (7e9ff657)
2020-10-09T13:08:58.5469582+02:00 [INF] Found galaxy-client in configuration: "Galaxy Systemvælger" (SiteSelector.Domain.Persist.ReadConfigXml) (88c8e810)
2020-10-09T13:08:58.5470675+02:00 [INF] @GetDaletServiceIsInstalled, looking for service: "DaletService" (SiteSelector.Domain.SessionStart.CheckEnvironment) (bb0ef24c)
2020-10-09T13:08:58.5474476+02:00 [INF] Found service "DaletService" in state: StartService (SiteSelector.Domain.Services.ServiceHandler) (d73723f9)
2020-10-09T13:08:58.5475817+02:00 [INF] @GetDaletServiceIsInstalled, found service "DaletService": True (SiteSelector.Domain.SessionStart.CheckEnvironment) (10d3e8ac)
2020-10-09T13:08:58.5535529+02:00 [INF] Could not detect "DaletGalaxy". (SiteSelector.Domain.Processes.ProcessHandler) (37043ae9)
2020-10-09T13:08:58.5536384+02:00 [INF] Detected "DaletGalaxy" running on client:False (SiteSelector.Domain.Processes.ProcessHandler) (92f7db5d)
2020-10-09T13:08:58.5739279+02:00 [INF] Request starting HTTP/2 GET https://localhost:5055/css/open-iconic/font/fonts/open-iconic.woff   (Microsoft.AspNetCore.Hosting.Diagnostics) (ca22a1cb)
2020-10-09T13:08:58.5749400+02:00 [INF] Sending file. Request path: '"/css/open-iconic/font/fonts/open-iconic.woff"'. Physical path: '"C:\ProgramData\GalaxySiteSelector\wwwroot\css\open-iconic\font\fonts\open-iconic.woff"' (Microsoft.AspNetCore.StaticFiles.StaticFileMiddleware) (27b0a520)
2020-10-09T13:08:58.5750970+02:00 [INF] Request finished in 1.1877ms 200 application/font-woff (Microsoft.AspNetCore.Hosting.Diagnostics) (791a596a)
2020-10-09T13:08:58.6354643+02:00 [INF] DetectGalaxyRunning - Galaxy is running: False (SiteSelector.Domain.SessionStart.CheckEnvironment) (fd1e0f1e)
2020-10-09T13:08:58.7311202+02:00 [INF] Found user "w-efl", is allowed to see test-sites: True (SiteSelector.Domain.SessionStart.CheckEnvironment) (7a41e528)
2020-10-09T13:08:58.7311835+02:00 [INF] Test-sites should be included in site-listing: True (SiteSelector.Domain.SessionStart.CheckEnvironment) (375b5f05)
2020-10-09T13:08:58.7316033+02:00 [INF] Found local SiteSelector.xml at "C:\ProgramData\GalaxySiteSelector\SiteSelector.xml" (SiteSelector.Domain.SessionStart.UpdateLocalSiteSelectorXml) (926e481e)
2020-10-09T13:08:58.7336590+02:00 [INF] Found "\\dalet1\DpShare\SiteSelector\config\SiteSelector.xml": True (SiteSelector.Domain.SessionStart.UpdateLocalSiteSelectorXml) (43bd9e6d)
2020-10-09T13:08:58.7340233+02:00 [INF] Local SiteSelector.xml was detected: True (SiteSelector.Domain.SessionStart.UpdateLocalSiteSelectorXml) (0845ccfd)
2020-10-09T13:08:58.7340550+02:00 [INF] Local SiteSelector.xml was updated from "\\dalet1\DpShare\SiteSelector\config\SiteSelector.xml": False (SiteSelector.Domain.SessionStart.UpdateLocalSiteSelectorXml) (40a93371)
2020-10-09T13:08:58.7345024+02:00 [INF] Found 6 galaxy-sites in sites-list. (SiteSelector.Domain.Persist.ReadConfigXml) (ee6a3325)
2020-10-09T13:08:58.7349534+02:00 [INF] Succesfully read file: "C:\ProgramData\DaletPlusData\config.ini" (SiteSelector.Domain.SessionStart.HandleConfigIni) (70338fcf)
2020-10-09T13:08:58.7352751+02:00 [INF] Succesfully read file: "C:\ProgramData\DaletPlusData\config.ini" (SiteSelector.Domain.SessionStart.HandleConfigIni) (70338fcf)
2020-10-09T13:08:58.7353395+02:00 [INF] Completed SetupSession (SiteSelector.Domain.SessionStart.ActorSessionStart) (f17818b2)
2020-10-09T13:08:58.7353665+02:00 [INF] DaletService exists on client: True (SiteSelector.Pages.MainPage.MainComponent) (ac368e96)
2020-10-09T13:08:58.7357036+02:00 [INF] UI found current site: True (SiteSelector.Pages.MainPage.SitesListComponent) (8d1f5b96)
2020-10-09T13:09:00.8659146+02:00 [INF] Clicked it: GalaxyNews (SiteSelector.Pages.MainPage.SitesListComponent) (6b072c80)
2020-10-09T13:09:03.0123246+02:00 [INF] Clicked it: DALG1Vtest (SiteSelector.Pages.MainPage.SitesListComponent) (cd083ac7)
2020-10-09T13:09:06.5082498+02:00 [INF] User requested site: "DALG1Vtest", AsWinUser: True, Restart Service: True (SiteSelector.Pages.MainPage.SitesListComponent) (d8efe5db)
2020-10-09T13:09:06.5086710+02:00 [INF] SendEvent: Message - Waiting - "Trying to stop DaletService." - "(null)" (SiteSelector.Domain.SessionRespond.ActorSessionRespond) (a9efe48d)
2020-10-09T13:09:06.5096392+02:00 [INF] Found service "DaletService" in state: StartService (SiteSelector.Domain.Services.ServiceHandler) (d73723f9)
2020-10-09T13:09:06.5098585+02:00 [INF] Trying to stop "DaletService". (SiteSelector.Domain.SessionRespond.StartStopDaletService) (04887d2e)
2020-10-09T13:09:06.5126441+02:00 [INF] Found 7 processes in DaletServiceXml. (SiteSelector.Domain.Persist.ReadDaletServiceXml) (a289d3dd)
2020-10-09T13:09:06.5278490+02:00 [INF] @InvokeRestartManager, process "DALG2-ASIOServer_1" is added to kill-list. (SiteSelector.Domain.SessionRespond.StartStopDaletService) (06cb7ec8)
2020-10-09T13:09:06.5418163+02:00 [INF] @InvokeRestartManager, process "DALG2-AudioMediaAgent_1" is added to kill-list. (SiteSelector.Domain.SessionRespond.StartStopDaletService) (06cb7ec8)
2020-10-09T13:09:06.5523098+02:00 [INF] @InvokeRestartManager, process "DALG2-AudioMediaAgent_2" is added to kill-list. (SiteSelector.Domain.SessionRespond.StartStopDaletService) (06cb7ec8)
2020-10-09T13:09:06.5629503+02:00 [INF] @InvokeRestartManager, process "DALG2-AudioMediaAgent_3" is added to kill-list. (SiteSelector.Domain.SessionRespond.StartStopDaletService) (06cb7ec8)
2020-10-09T13:09:06.5762573+02:00 [INF] @InvokeRestartManager, process "DALG2-BroadcastServer_1" is added to kill-list. (SiteSelector.Domain.SessionRespond.StartStopDaletService) (06cb7ec8)
2020-10-09T13:09:06.5876285+02:00 [INF] @InvokeRestartManager, process "LOCAL-ChannelDetectorAgent_1" is added to kill-list. (SiteSelector.Domain.SessionRespond.StartStopDaletService) (06cb7ec8)
2020-10-09T13:09:06.6094567+02:00 [INF] @InvokeRestartManager, process "Monitora_1" is added to kill-list. (SiteSelector.Domain.SessionRespond.StartStopDaletService) (06cb7ec8)
2020-10-09T13:09:07.5025866+02:00 [INF] StartProcessAndWait: "Incorrect function." (SiteSelector.Domain.Processes.ProcessHandler) (75e65bc8)
2020-10-09T13:09:07.5391912+02:00 [INF] StartProcessAndWait: "Incorrect function." (SiteSelector.Domain.Processes.ProcessHandler) (75e65bc8)
2020-10-09T13:09:07.5559367+02:00 [INF] StartProcessAndWait: "Incorrect function." (SiteSelector.Domain.Processes.ProcessHandler) (75e65bc8)
2020-10-09T13:09:07.5922893+02:00 [INF] StartProcessAndWait: "Incorrect function." (SiteSelector.Domain.Processes.ProcessHandler) (75e65bc8)
2020-10-09T13:09:07.5931883+02:00 [INF] StartProcessAndWait: "Incorrect function." (SiteSelector.Domain.Processes.ProcessHandler) (75e65bc8)
2020-10-09T13:09:07.7219069+02:00 [INF] StartProcessAndWait: "Incorrect function." (SiteSelector.Domain.Processes.ProcessHandler) (75e65bc8)
2020-10-09T13:09:07.7592717+02:00 [INF] StartProcessAndWait: "Incorrect function." (SiteSelector.Domain.Processes.ProcessHandler) (75e65bc8)
2020-10-09T13:09:07.7594759+02:00 [INF] @InvokeRestartManager, completed action. (SiteSelector.Domain.SessionRespond.StartStopDaletService) (96d20844)
2020-10-09T13:09:07.7595945+02:00 [INF] @CheckForRunningProcesses, try#: 1 (SiteSelector.Domain.SessionRespond.StartStopDaletService) (e0f04456)
2020-10-09T13:09:07.7627182+02:00 [INF] Could not detect "ASIOServerAgent". (SiteSelector.Domain.Processes.ProcessHandler) (37043ae9)
2020-10-09T13:09:07.7628856+02:00 [INF] Detected "ASIOServerAgent" running on client:False (SiteSelector.Domain.Processes.ProcessHandler) (92f7db5d)
2020-10-09T13:09:07.7652987+02:00 [INF] Could not detect "MediaChannelContainer". (SiteSelector.Domain.Processes.ProcessHandler) (37043ae9)
2020-10-09T13:09:07.7653570+02:00 [INF] Detected "MediaChannelContainer" running on client:False (SiteSelector.Domain.Processes.ProcessHandler) (92f7db5d)
2020-10-09T13:09:07.7677317+02:00 [INF] Could not detect "bs_server". (SiteSelector.Domain.Processes.ProcessHandler) (37043ae9)
2020-10-09T13:09:07.7677928+02:00 [INF] Detected "bs_server" running on client:False (SiteSelector.Domain.Processes.ProcessHandler) (92f7db5d)
2020-10-09T13:09:07.7700584+02:00 [INF] Could not detect "ChannelDetectorAgent". (SiteSelector.Domain.Processes.ProcessHandler) (37043ae9)
2020-10-09T13:09:07.7700998+02:00 [INF] Detected "ChannelDetectorAgent" running on client:False (SiteSelector.Domain.Processes.ProcessHandler) (92f7db5d)
2020-10-09T13:09:07.7722081+02:00 [INF] Could not detect "ControlDeviceAgent". (SiteSelector.Domain.Processes.ProcessHandler) (37043ae9)
2020-10-09T13:09:07.7722476+02:00 [INF] Detected "ControlDeviceAgent" running on client:False (SiteSelector.Domain.Processes.ProcessHandler) (92f7db5d)
2020-10-09T13:09:07.7729035+02:00 [INF] @StopServiceAsync, current attempt# 1 (SiteSelector.Domain.Services.ServiceHandler) (75b481b3)
2020-10-09T13:09:08.0246691+02:00 [INF] Service name and status: "DaletService": Stopped (SiteSelector.Domain.Services.ServiceHandler) (d88393ae)
2020-10-09T13:09:08.0259638+02:00 [INF] SendEvent: Message - Success - "DaletService was stopped successfully." - "(null)" (SiteSelector.Domain.SessionRespond.ActorSessionRespond) (a9efe48d)
2020-10-09T13:09:08.0262189+02:00 [INF] Looking for DaletServiceSource-folder at "\\DALET1\DpShare\DALG1Vtest\DS_Config\TX82564" (SiteSelector.Domain.SessionRespond.DaletServiceXml) (4ccc8816)
2020-10-09T13:09:08.0276419+02:00 [INF] DaletServiceSource-folder at "\\DALET1\DpShare\DALG1Vtest\DS_Config\TX82564" detected: False (SiteSelector.Domain.SessionRespond.DaletServiceXml) (cfe69921)
2020-10-09T13:09:08.0276934+02:00 [INF] Preparing to acquire DaletServiceSourceXml. (SiteSelector.Domain.SessionRespond.DaletServiceXml) (d75359a2)
2020-10-09T13:09:08.0277094+02:00 [INF] preparing to invoke Generator... (SiteSelector.Domain.SessionRespond.DaletServiceXml) (4f17ac6c)
2020-10-09T13:09:08.1962870+02:00 [INF] StartProcessAndWait: "The operation completed successfully." (SiteSelector.Domain.Processes.ProcessHandler) (75e65bc8)
2020-10-09T13:09:08.1963603+02:00 [INF] InvokeGenerator "\\DALET1\DpShare\DALG1Vtest\DS_Config\_std\Copy_std.cmd" was invoked successfully. (SiteSelector.Domain.SessionRespond.DaletServiceXml) (e9b26421)
2020-10-09T13:09:08.1971757+02:00 [INF] SendEvent: Message - Success - "DaletService.xml was acquired successfully." - "(null)" (SiteSelector.Domain.SessionRespond.ActorSessionRespond) (a9efe48d)
2020-10-09T13:09:08.1978693+02:00 [INF] Succesfully read file: "C:\ProgramData\DaletPlusData\config.ini" (SiteSelector.Domain.SessionStart.HandleConfigIni) (70338fcf)
2020-10-09T13:09:08.1983641+02:00 [INF] Succesfully read file: "C:\ProgramData\DaletPlusData\config.ini" (SiteSelector.Domain.SessionStart.HandleConfigIni) (70338fcf)
2020-10-09T13:09:08.1992307+02:00 [INF] Succesfully wrote file: "C:\ProgramData\DaletPlusData\config.ini" (SiteSelector.Domain.SessionStart.HandleConfigIni) (073e61d3)
2020-10-09T13:09:08.1992686+02:00 [INF] Succesfully updated config.ini to "DALGVAPP11TST DALGVAPP12TST": True (SiteSelector.Domain.SessionRespond.UpdateConfigIni) (4d06f4d8)
2020-10-09T13:09:08.1997238+02:00 [INF] SendEvent: Message - Success - "Config.ini was updated successfully." - "(null)" (SiteSelector.Domain.SessionRespond.ActorSessionRespond) (a9efe48d)
2020-10-09T13:09:08.2001875+02:00 [INF] SendEvent: Message - Waiting - "Preparing to start Galaxy." - "(null)" (SiteSelector.Domain.SessionRespond.ActorSessionRespond) (a9efe48d)
2020-10-09T13:09:08.2002426+02:00 [INF] Preparing to restart service: "DaletService" (SiteSelector.Domain.SessionRespond.Launcher) (5a64e8b2)
2020-10-09T13:09:08.2008640+02:00 [INF] Found service "DaletService" in state: StopService (SiteSelector.Domain.Services.ServiceHandler) (d73723f9)
2020-10-09T13:09:08.2021350+02:00 [INF] @StopServiceAsync, current attempt# 1 (SiteSelector.Domain.Services.ServiceHandler) (75b481b3)
2020-10-09T13:09:08.2638862+02:00 [INF] Actual startUpType for service "DaletService": "Manual" vs requested: Manual (SiteSelector.Domain.Services.ServiceHandler) (c09c8fd6)
2020-10-09T13:09:08.9895233+02:00 [INF] Service name and status: "DaletService": Running (SiteSelector.Domain.Services.ServiceHandler) (d88393ae)
2020-10-09T13:09:08.9897835+02:00 [INF] Restarted service: "DaletService". (SiteSelector.Domain.SessionRespond.StartStopDaletService) (2deba2b1)
2020-10-09T13:09:08.9898225+02:00 [INF] Completed service interaction: "DaletService" (SiteSelector.Domain.SessionRespond.Launcher) (56082d23)
2020-10-09T13:09:08.9923591+02:00 [INF] SessionID is : 0 (SiteSelector.Domain.Processes.ProcessHandler) (6c7ef343)
2020-10-09T13:09:09.0566003+02:00 [INF] Found owner: "NET\w-efl" (SiteSelector.Domain.Processes.ProcessHandler) (22b07dda)
2020-10-09T13:09:09.0566441+02:00 [INF] Non-interactive session. Now starting Galaxy. (SiteSelector.Domain.Processes.ProcessHandler) (dc4b6270)
2020-10-09T13:09:09.0566989+02:00 [INF] StartProcessAsUser: args: "C:\Program Files\Dalet\DaletPlus\bin\DaletGalaxy.exe -A Trusted -S DALGVAPP11TST" (SiteSelector.Domain.Processes.ProcessHandler) (aee9c874)
2020-10-09T13:09:09.0596403+02:00 [INF] @ApplicationLoaderHelper, got environment as current user: True (SiteSelector.Domain.Processes.ProcessHandler) (78894c7a)
2020-10-09T13:09:09.0597044+02:00 [INF] @ApplicationLoaderHelper, environment var: "ALLUSERSPROFILE": "C:\ProgramData" (SiteSelector.Domain.Processes.ProcessHandler) (1999c767)
2020-10-09T13:09:09.0597334+02:00 [INF] @ApplicationLoaderHelper, environment var: "APPDATA": "C:\Users\w-efl\AppData\Roaming" (SiteSelector.Domain.Processes.ProcessHandler) (1999c767)
2020-10-09T13:09:09.0597489+02:00 [INF] @ApplicationLoaderHelper, environment var: "CommonProgramFiles": "C:\Program Files\Common Files" (SiteSelector.Domain.Processes.ProcessHandler) (1999c767)
2020-10-09T13:09:09.0597666+02:00 [INF] @ApplicationLoaderHelper, environment var: "CommonProgramFiles(x86)": "C:\Program Files (x86)\Common Files" (SiteSelector.Domain.Processes.ProcessHandler) (1999c767)
2020-10-09T13:09:09.0597863+02:00 [INF] @ApplicationLoaderHelper, environment var: "CommonProgramW6432": "C:\Program Files\Common Files" (SiteSelector.Domain.Processes.ProcessHandler) (1999c767)
2020-10-09T13:09:09.0598009+02:00 [INF] @ApplicationLoaderHelper, environment var: "COMPUTERNAME": "TX82564" (SiteSelector.Domain.Processes.ProcessHandler) (1999c767)
2020-10-09T13:09:09.0598202+02:00 [INF] @ApplicationLoaderHelper, environment var: "ComSpec": "C:\WINDOWS\system32\cmd.exe" (SiteSelector.Domain.Processes.ProcessHandler) (1999c767)
2020-10-09T13:09:09.0598341+02:00 [INF] @ApplicationLoaderHelper, environment var: "DriverData": "C:\Windows\System32\Drivers\DriverData" (SiteSelector.Domain.Processes.ProcessHandler) (1999c767)
2020-10-09T13:09:09.0598555+02:00 [INF] @ApplicationLoaderHelper, environment var: "HOMEDRIVE": "C:" (SiteSelector.Domain.Processes.ProcessHandler) (1999c767)
2020-10-09T13:09:09.0598691+02:00 [INF] @ApplicationLoaderHelper, environment var: "HOMEPATH": "\Users\w-efl" (SiteSelector.Domain.Processes.ProcessHandler) (1999c767)
2020-10-09T13:09:09.0598844+02:00 [INF] @ApplicationLoaderHelper, environment var: "LOCALAPPDATA": "C:\Users\w-efl\AppData\Local" (SiteSelector.Domain.Processes.ProcessHandler) (1999c767)
2020-10-09T13:09:09.0598964+02:00 [INF] @ApplicationLoaderHelper, environment var: "LOGONSERVER": "\\DC03" (SiteSelector.Domain.Processes.ProcessHandler) (1999c767)
2020-10-09T13:09:09.0599119+02:00 [INF] @ApplicationLoaderHelper, environment var: "NUMBER_OF_PROCESSORS": "8" (SiteSelector.Domain.Processes.ProcessHandler) (1999c767)
2020-10-09T13:09:09.0599267+02:00 [INF] @ApplicationLoaderHelper, environment var: "OneDrive": "C:\Users\w-efl\OneDrive" (SiteSelector.Domain.Processes.ProcessHandler) (1999c767)
2020-10-09T13:09:09.0599393+02:00 [INF] @ApplicationLoaderHelper, environment var: "OS": "Windows_NT" (SiteSelector.Domain.Processes.ProcessHandler) (1999c767)
2020-10-09T13:09:09.0599621+02:00 [INF] @ApplicationLoaderHelper, environment var: "Path": "C:\ProgramData\Oracle\Java\javapath;C:\WINDOWS\system32;C:\WINDOWS;C:\WINDOWS\System32\Wbem;C:\WINDOWS\System32\WindowsPowerShell\v1.0\;C:\WINDOWS\System32\OpenSSH\;C:\Users\w-efl\AppData\Local\Microsoft\WindowsApps" (SiteSelector.Domain.Processes.ProcessHandler) (1999c767)
2020-10-09T13:09:09.0599801+02:00 [INF] @ApplicationLoaderHelper, environment var: "PATHEXT": ".COM;.EXE;.BAT;.CMD;.VBS;.VBE;.JS;.JSE;.WSF;.WSH;.MSC" (SiteSelector.Domain.Processes.ProcessHandler) (1999c767)
2020-10-09T13:09:09.0599928+02:00 [INF] @ApplicationLoaderHelper, environment var: "PROCESSOR_ARCHITECTURE": "AMD64" (SiteSelector.Domain.Processes.ProcessHandler) (1999c767)
2020-10-09T13:09:09.0600097+02:00 [INF] @ApplicationLoaderHelper, environment var: "PROCESSOR_IDENTIFIER": "Intel64 Family 6 Model 85 Stepping 4, GenuineIntel" (SiteSelector.Domain.Processes.ProcessHandler) (1999c767)
2020-10-09T13:09:09.0600245+02:00 [INF] @ApplicationLoaderHelper, environment var: "PROCESSOR_LEVEL": "6" (SiteSelector.Domain.Processes.ProcessHandler) (1999c767)
2020-10-09T13:09:09.0600381+02:00 [INF] @ApplicationLoaderHelper, environment var: "PROCESSOR_REVISION": "5504" (SiteSelector.Domain.Processes.ProcessHandler) (1999c767)
2020-10-09T13:09:09.0600526+02:00 [INF] @ApplicationLoaderHelper, environment var: "ProgramData": "C:\ProgramData" (SiteSelector.Domain.Processes.ProcessHandler) (1999c767)
2020-10-09T13:09:09.0600644+02:00 [INF] @ApplicationLoaderHelper, environment var: "ProgramFiles": "C:\Program Files" (SiteSelector.Domain.Processes.ProcessHandler) (1999c767)
2020-10-09T13:09:09.0600793+02:00 [INF] @ApplicationLoaderHelper, environment var: "ProgramFiles(x86)": "C:\Program Files (x86)" (SiteSelector.Domain.Processes.ProcessHandler) (1999c767)
2020-10-09T13:09:09.0600928+02:00 [INF] @ApplicationLoaderHelper, environment var: "ProgramW6432": "C:\Program Files" (SiteSelector.Domain.Processes.ProcessHandler) (1999c767)
2020-10-09T13:09:09.0601779+02:00 [INF] @ApplicationLoaderHelper, environment var: "PSModulePath": "%ProgramFiles%\WindowsPowerShell\Modules;C:\WINDOWS\system32\WindowsPowerShell\v1.0\Modules" (SiteSelector.Domain.Processes.ProcessHandler) (1999c767)
2020-10-09T13:09:09.0601984+02:00 [INF] @ApplicationLoaderHelper, environment var: "PUBLIC": "C:\Users\Public" (SiteSelector.Domain.Processes.ProcessHandler) (1999c767)
2020-10-09T13:09:09.0602153+02:00 [INF] @ApplicationLoaderHelper, environment var: "SystemDrive": "C:" (SiteSelector.Domain.Processes.ProcessHandler) (1999c767)
2020-10-09T13:09:09.0602351+02:00 [INF] @ApplicationLoaderHelper, environment var: "SystemRoot": "C:\WINDOWS" (SiteSelector.Domain.Processes.ProcessHandler) (1999c767)
2020-10-09T13:09:09.0602489+02:00 [INF] @ApplicationLoaderHelper, environment var: "TEMP": "C:\Users\w-efl\AppData\Local\Temp" (SiteSelector.Domain.Processes.ProcessHandler) (1999c767)
2020-10-09T13:09:09.0602651+02:00 [INF] @ApplicationLoaderHelper, environment var: "TMP": "C:\Users\w-efl\AppData\Local\Temp" (SiteSelector.Domain.Processes.ProcessHandler) (1999c767)
2020-10-09T13:09:09.0602787+02:00 [INF] @ApplicationLoaderHelper, environment var: "UATDATA": "C:\WINDOWS\CCM\UATData\D9F8C395-CAB8-491d-B8AC-179A1FE1BE77" (SiteSelector.Domain.Processes.ProcessHandler) (1999c767)
2020-10-09T13:09:09.0602992+02:00 [INF] @ApplicationLoaderHelper, environment var: "USERDNSDOMAIN": "NET.DR.DK" (SiteSelector.Domain.Processes.ProcessHandler) (1999c767)
2020-10-09T13:09:09.0603138+02:00 [INF] @ApplicationLoaderHelper, environment var: "USERDOMAIN": "NET" (SiteSelector.Domain.Processes.ProcessHandler) (1999c767)
2020-10-09T13:09:09.0603299+02:00 [INF] @ApplicationLoaderHelper, environment var: "USERDOMAIN_ROAMINGPROFILE": "NET" (SiteSelector.Domain.Processes.ProcessHandler) (1999c767)
2020-10-09T13:09:09.0603428+02:00 [INF] @ApplicationLoaderHelper, environment var: "USERNAME": "w-efl" (SiteSelector.Domain.Processes.ProcessHandler) (1999c767)
2020-10-09T13:09:09.0603592+02:00 [INF] @ApplicationLoaderHelper, environment var: "USERPROFILE": "C:\Users\w-efl" (SiteSelector.Domain.Processes.ProcessHandler) (1999c767)
2020-10-09T13:09:09.0603757+02:00 [INF] @ApplicationLoaderHelper, environment var: "windir": "C:\WINDOWS" (SiteSelector.Domain.Processes.ProcessHandler) (1999c767)
2020-10-09T13:09:09.0928492+02:00 [INF] @ApplicationLoaderHelper, started process "C:\Program Files\Dalet\DaletPlus\bin\DaletGalaxy.exe -A Trusted -S DALGVAPP11TST", PID: 10420 (SiteSelector.Domain.Processes.ProcessHandler) (cb3dba52)
2020-10-09T13:09:09.0929604+02:00 [INF] StartProcessAsUser - Started process: 10420 (SiteSelector.Domain.Processes.ProcessHandler) (018bf248)
2020-10-09T13:09:09.0929857+02:00 [INF] StartProcessEnvironmentAware. Process "C:\Program Files\Dalet\DaletPlus\bin\DaletGalaxy.exe" has been invoked. (SiteSelector.Domain.Processes.ProcessHandler) (f0f71640)
2020-10-09T13:09:09.0930092+02:00 [INF] StartGalaxy - started Dalet Galaxy: True (SiteSelector.Domain.SessionRespond.Launcher) (bddbbfc5)
2020-10-09T13:09:09.0930634+02:00 [INF] Now Switching to site "DALG1Vtest" (SiteSelector.Pages.MainPage.MainComponent) (105e6a29)
2020-10-09T13:09:09.0936677+02:00 [INF] SendEvent: StartGalaxy - Success - "Successfully started Galaxy" - "DALG1Vtest" (SiteSelector.Domain.SessionRespond.ActorSessionRespond) (a9efe48d)
2020-10-09T13:09:09.0936933+02:00 [INF] Successfully started Dalet Galaxy. (SiteSelector.Domain.SessionRespond.ActorSessionRespond) (df2d65df)
2020-10-09T13:09:09.1029693+02:00 [INF] Successfully build configuration (SiteSelector.Domain.Persist.PersistAppSettings) (34a2c1a5)
2020-10-09T13:09:09.1038530+02:00 [INF] Successfully updated configuration to appsettings.json (SiteSelector.Domain.Persist.PersistAppSettings) (de26bb35)
2020-10-09T13:09:09.1042610+02:00 [INF] Galaxy was started: True (SiteSelector.Pages.MainPage.SitesListComponent) (86cbc7be)
2020-10-09T13:09:09.1070728+02:00 [INF] Disposing now (SiteSelector.Pages.MainPage.MainComponent) (7c5e0a46)
2020-10-09T13:09:09.1071418+02:00 [INF] Unsubscribed to all events. (SiteSelector.Pages.MainPage.MainComponent) (8a173910)
2020-10-09T13:09:09.1072219+02:00 [INF] Disposing now (SiteSelector.Pages.MainPage.SitesListComponent) (7c5e0a46)
2020-10-09T13:09:12.1048292+02:00 [INF] Closed current browser-window (MS Edge only). (SiteSelector.Pages.MainPage.MainComponent) (023c2a79)
2020-10-09T13:09:12.1075925+02:00 [INF] Request starting HTTP/2 GET https://localhost:5055/html/SwitchComplete.html   (Microsoft.AspNetCore.Hosting.Diagnostics) (ca22a1cb)
2020-10-09T13:09:12.1089504+02:00 [INF] Sending file. Request path: '"/html/SwitchComplete.html"'. Physical path: '"C:\ProgramData\GalaxySiteSelector\wwwroot\html\SwitchComplete.html"' (Microsoft.AspNetCore.StaticFiles.StaticFileMiddleware) (27b0a520)
2020-10-09T13:09:12.1092732+02:00 [INF] Request finished in 1.8187ms 200 text/html (Microsoft.AspNetCore.Hosting.Diagnostics) (791a596a)
2020-10-09T13:09:12.1141032+02:00 [INF] Request starting HTTP/2 POST https://localhost:5055/_blazor/disconnect multipart/form-data; boundary=---------------------------7e46ec102b4 359 (Microsoft.AspNetCore.Hosting.Diagnostics) (ca22a1cb)
2020-10-09T13:09:12.1145712+02:00 [INF] Executing endpoint '"Blazor disconnect"' (Microsoft.AspNetCore.Routing.EndpointMiddleware) (500cc934)
2020-10-09T13:09:12.1164574+02:00 [INF] Executed endpoint '"Blazor disconnect"' (Microsoft.AspNetCore.Routing.EndpointMiddleware) (99874f2b)
2020-10-09T13:09:12.1170129+02:00 [INF] Request finished in 2.8375ms 200  (Microsoft.AspNetCore.Hosting.Diagnostics) (791a596a)
2020-10-09T13:09:12.1630709+02:00 [INF] Executed endpoint '"/_blazor"' (Microsoft.AspNetCore.Routing.EndpointMiddleware) (99874f2b)
2020-10-09T13:09:12.1632689+02:00 [INF] Request finished in 13637.4133ms 101  (Microsoft.AspNetCore.Hosting.Diagnostics) (791a596a)
