2020-10-05T11:01:41.2997216+02:00 [INF] Request starting HTTP/2 GET https://localhost:5055/SiteSelector   (Microsoft.AspNetCore.Hosting.Diagnostics) (ca22a1cb)
2020-10-05T11:01:41.2999507+02:00 [INF] Executing endpoint '"/_Host"' (Microsoft.AspNetCore.Routing.EndpointMiddleware) (500cc934)
2020-10-05T11:01:41.3003031+02:00 [INF] Route matched with "{page = \"/_Host\", action = \"\", controller = \"\"}". Executing page "/_Host" (Microsoft.AspNetCore.Mvc.RazorPages.Infrastructure.PageActionInvoker) (547e620f)
2020-10-05T11:01:41.3007648+02:00 [INF] Executing an implicit handler method - ModelState is Valid (Microsoft.AspNetCore.Mvc.RazorPages.Infrastructure.PageActionInvoker) (232a55d1)
2020-10-05T11:01:41.3008052+02:00 [INF] Executed an implicit handler method, returned result "Microsoft.AspNetCore.Mvc.RazorPages.PageResult". (Microsoft.AspNetCore.Mvc.RazorPages.Infrastructure.PageActionInvoker) (f857da66)
2020-10-05T11:01:41.3043666+02:00 [INF] Executed page "/_Host" in 3.9598ms (Microsoft.AspNetCore.Mvc.RazorPages.Infrastructure.PageActionInvoker) (02e01280)
2020-10-05T11:01:41.3044175+02:00 [INF] Executed endpoint '"/_Host"' (Microsoft.AspNetCore.Routing.EndpointMiddleware) (99874f2b)
2020-10-05T11:01:41.3045190+02:00 [INF] Request finished in 4.8535ms 200 text/html; charset=utf-8 (Microsoft.AspNetCore.Hosting.Diagnostics) (791a596a)
2020-10-05T11:01:41.3087562+02:00 [INF] Request starting HTTP/2 GET https://localhost:5055/css/site.css   (Microsoft.AspNetCore.Hosting.Diagnostics) (ca22a1cb)
2020-10-05T11:01:41.3087561+02:00 [INF] Request starting HTTP/2 GET https://localhost:5055/css/bootstrap/bootstrap.min.css   (Microsoft.AspNetCore.Hosting.Diagnostics) (ca22a1cb)
2020-10-05T11:01:41.3088305+02:00 [INF] Request starting HTTP/2 GET https://localhost:5055/js/interop.js   (Microsoft.AspNetCore.Hosting.Diagnostics) (ca22a1cb)
2020-10-05T11:01:41.3088478+02:00 [INF] Request starting HTTP/2 GET https://localhost:5055/_framework/blazor.server.js   (Microsoft.AspNetCore.Hosting.Diagnostics) (ca22a1cb)
2020-10-05T11:01:41.3185501+02:00 [INF] Sending file. Request path: '"/js/interop.js"'. Physical path: '"C:\ProgramData\GalaxySiteSelector\wwwroot\js\interop.js"' (Microsoft.AspNetCore.StaticFiles.StaticFileMiddleware) (27b0a520)
2020-10-05T11:01:41.3185501+02:00 [INF] Sending file. Request path: '"/css/site.css"'. Physical path: '"C:\ProgramData\GalaxySiteSelector\wwwroot\css\site.css"' (Microsoft.AspNetCore.StaticFiles.StaticFileMiddleware) (27b0a520)
2020-10-05T11:01:41.3200059+02:00 [INF] Request finished in 11.2534ms 200 text/css (Microsoft.AspNetCore.Hosting.Diagnostics) (791a596a)
2020-10-05T11:01:41.3200059+02:00 [INF] Request finished in 11.1645ms 200 application/javascript (Microsoft.AspNetCore.Hosting.Diagnostics) (791a596a)
2020-10-05T11:01:41.3210984+02:00 [INF] Sending file. Request path: '"/_framework/blazor.server.js"'. Physical path: '"N/A"' (Microsoft.AspNetCore.StaticFiles.StaticFileMiddleware) (27b0a520)
2020-10-05T11:01:41.3212351+02:00 [INF] Request finished in 12.3407ms 200 application/javascript (Microsoft.AspNetCore.Hosting.Diagnostics) (791a596a)
2020-10-05T11:01:41.3219134+02:00 [INF] Sending file. Request path: '"/css/bootstrap/bootstrap.min.css"'. Physical path: '"C:\ProgramData\GalaxySiteSelector\wwwroot\css\bootstrap\bootstrap.min.css"' (Microsoft.AspNetCore.StaticFiles.StaticFileMiddleware) (27b0a520)
2020-10-05T11:01:41.3220502+02:00 [INF] Request finished in 13.2921ms 200 text/css (Microsoft.AspNetCore.Hosting.Diagnostics) (791a596a)
2020-10-05T11:01:41.3281485+02:00 [INF] Request starting HTTP/2 GET https://localhost:5055/css/open-iconic/font/css/open-iconic-bootstrap.min.css   (Microsoft.AspNetCore.Hosting.Diagnostics) (ca22a1cb)
2020-10-05T11:01:41.3291639+02:00 [INF] Sending file. Request path: '"/css/open-iconic/font/css/open-iconic-bootstrap.min.css"'. Physical path: '"C:\ProgramData\GalaxySiteSelector\wwwroot\css\open-iconic\font\css\open-iconic-bootstrap.min.css"' (Microsoft.AspNetCore.StaticFiles.StaticFileMiddleware) (27b0a520)
2020-10-05T11:01:41.3292192+02:00 [INF] Request finished in 1.1054ms 200 text/css (Microsoft.AspNetCore.Hosting.Diagnostics) (791a596a)
2020-10-05T11:01:41.3696986+02:00 [INF] Request starting HTTP/2 POST https://localhost:5055/_blazor/negotiate?negotiateVersion=1 text/plain;charset=UTF-8 0 (Microsoft.AspNetCore.Hosting.Diagnostics) (ca22a1cb)
2020-10-05T11:01:41.3698737+02:00 [INF] Executing endpoint '"/_blazor/negotiate"' (Microsoft.AspNetCore.Routing.EndpointMiddleware) (500cc934)
2020-10-05T11:01:41.3701972+02:00 [INF] Executed endpoint '"/_blazor/negotiate"' (Microsoft.AspNetCore.Routing.EndpointMiddleware) (99874f2b)
2020-10-05T11:01:41.3702486+02:00 [INF] Request finished in 0.5796ms 200 application/json (Microsoft.AspNetCore.Hosting.Diagnostics) (791a596a)
2020-10-05T11:01:41.3766624+02:00 [INF] Request starting HTTP/1.1 GET https://localhost:5055/_blazor?id=96SImGVBMt8UJ9zRZiv5VQ   (Microsoft.AspNetCore.Hosting.Diagnostics) (ca22a1cb)
2020-10-05T11:01:41.3767643+02:00 [INF] Executing endpoint '"/_blazor"' (Microsoft.AspNetCore.Routing.EndpointMiddleware) (500cc934)
2020-10-05T11:01:41.3911522+02:00 [INF] Running SetupSession (SiteSelector.Domain.SessionStart.ActorSessionStart) (7e9ff657)
2020-10-05T11:01:41.3931683+02:00 [INF] Found galaxy-client in configuration: "Galaxy Systemvælger" (SiteSelector.Domain.Persist.ReadConfigXml) (88c8e810)
2020-10-05T11:01:41.3932656+02:00 [INF] @GetDaletServiceIsInstalled, looking for service: "DaletService" (SiteSelector.Domain.SessionStart.CheckEnvironment) (bb0ef24c)
2020-10-05T11:01:41.3936016+02:00 [INF] Found service "DaletService" in state: StartService (SiteSelector.Domain.Services.ServiceHandler) (d73723f9)
2020-10-05T11:01:41.3936573+02:00 [INF] @GetDaletServiceIsInstalled, found service "DaletService": True (SiteSelector.Domain.SessionStart.CheckEnvironment) (10d3e8ac)
2020-10-05T11:01:41.3964394+02:00 [INF] Detected "DaletGalaxy" running on client:True (SiteSelector.Domain.Processes.ProcessHandler) (92f7db5d)
2020-10-05T11:01:41.4156114+02:00 [INF] Request starting HTTP/2 GET https://localhost:5055/css/open-iconic/font/fonts/open-iconic.woff   (Microsoft.AspNetCore.Hosting.Diagnostics) (ca22a1cb)
2020-10-05T11:01:41.4164861+02:00 [INF] Sending file. Request path: '"/css/open-iconic/font/fonts/open-iconic.woff"'. Physical path: '"C:\ProgramData\GalaxySiteSelector\wwwroot\css\open-iconic\font\fonts\open-iconic.woff"' (Microsoft.AspNetCore.StaticFiles.StaticFileMiddleware) (27b0a520)
2020-10-05T11:01:41.4165357+02:00 [INF] Request finished in 0.9494ms 200 application/font-woff (Microsoft.AspNetCore.Hosting.Diagnostics) (791a596a)
2020-10-05T11:01:41.4720537+02:00 [INF] DetectGalaxyRunning - Galaxy is running: True (SiteSelector.Domain.SessionStart.CheckEnvironment) (fd1e0f1e)
2020-10-05T11:01:41.5581828+02:00 [INF] Found user "w-efl", is allowed to see test-sites: True (SiteSelector.Domain.SessionStart.CheckEnvironment) (7a41e528)
2020-10-05T11:01:41.5582175+02:00 [INF] Test-sites should be included in site-listing: True (SiteSelector.Domain.SessionStart.CheckEnvironment) (375b5f05)
2020-10-05T11:01:41.5582497+02:00 [WRN] Galaxy is currently running - Cannot continue. (SiteSelector.Domain.SessionStart.ActorSessionStart) (3a53d356)
2020-10-05T11:01:41.5583533+02:00 [INF] Disposing now (SiteSelector.Pages.MainPage.SitesListComponent) (7c5e0a46)
2020-10-05T11:01:41.5585056+02:00 [INF] SendEvent: GalaxyIsRunnning - FatalError - "Galaxy is currently running - Cannot continue." - "(null)" (SiteSelector.Domain.SessionStart.ActorSessionStart) (a9efe48d)
2020-10-05T11:01:41.5585356+02:00 [INF] DaletService exists on client: True (SiteSelector.Pages.MainPage.MainComponent) (ac368e96)
2020-10-05T11:01:45.7169114+02:00 [INF] Request starting HTTP/2 POST https://localhost:5055/_blazor/disconnect multipart/form-data; boundary=---------------------------7e42ca2d8058c 363 (Microsoft.AspNetCore.Hosting.Diagnostics) (ca22a1cb)
2020-10-05T11:01:45.7171207+02:00 [INF] Executing endpoint '"Blazor disconnect"' (Microsoft.AspNetCore.Routing.EndpointMiddleware) (500cc934)
2020-10-05T11:01:45.7181002+02:00 [INF] Disposing now (SiteSelector.Pages.MainPage.MainComponent) (7c5e0a46)
2020-10-05T11:01:45.7181505+02:00 [INF] Unsubscribed to all events. (SiteSelector.Pages.MainPage.MainComponent) (8a173910)
2020-10-05T11:01:45.7184028+02:00 [INF] Executed endpoint '"Blazor disconnect"' (Microsoft.AspNetCore.Routing.EndpointMiddleware) (99874f2b)
2020-10-05T11:01:45.7185668+02:00 [INF] Request finished in 1.716ms 200  (Microsoft.AspNetCore.Hosting.Diagnostics) (791a596a)
2020-10-05T11:01:45.7657844+02:00 [INF] Executed endpoint '"/_blazor"' (Microsoft.AspNetCore.Routing.EndpointMiddleware) (99874f2b)
2020-10-05T11:01:45.7658576+02:00 [INF] Request finished in 4389.2203ms 101  (Microsoft.AspNetCore.Hosting.Diagnostics) (791a596a)
2020-10-05T11:01:53.2926854+02:00 [INF] Request starting HTTP/2 GET https://localhost:5055/SiteSelector   (Microsoft.AspNetCore.Hosting.Diagnostics) (ca22a1cb)
2020-10-05T11:01:53.2928523+02:00 [INF] Executing endpoint '"/_Host"' (Microsoft.AspNetCore.Routing.EndpointMiddleware) (500cc934)
2020-10-05T11:01:53.2931092+02:00 [INF] Route matched with "{page = \"/_Host\", action = \"\", controller = \"\"}". Executing page "/_Host" (Microsoft.AspNetCore.Mvc.RazorPages.Infrastructure.PageActionInvoker) (547e620f)
2020-10-05T11:01:53.2934076+02:00 [INF] Executing an implicit handler method - ModelState is Valid (Microsoft.AspNetCore.Mvc.RazorPages.Infrastructure.PageActionInvoker) (232a55d1)
2020-10-05T11:01:53.2934374+02:00 [INF] Executed an implicit handler method, returned result "Microsoft.AspNetCore.Mvc.RazorPages.PageResult". (Microsoft.AspNetCore.Mvc.RazorPages.Infrastructure.PageActionInvoker) (f857da66)
2020-10-05T11:01:53.2945047+02:00 [INF] Executed page "/_Host" in 1.3244ms (Microsoft.AspNetCore.Mvc.RazorPages.Infrastructure.PageActionInvoker) (02e01280)
2020-10-05T11:01:53.2945383+02:00 [INF] Executed endpoint '"/_Host"' (Microsoft.AspNetCore.Routing.EndpointMiddleware) (99874f2b)
2020-10-05T11:01:53.2946036+02:00 [INF] Request finished in 1.9487ms 200 text/html; charset=utf-8 (Microsoft.AspNetCore.Hosting.Diagnostics) (791a596a)
2020-10-05T11:01:53.3005147+02:00 [INF] Request starting HTTP/2 GET https://localhost:5055/css/bootstrap/bootstrap.min.css   (Microsoft.AspNetCore.Hosting.Diagnostics) (ca22a1cb)
2020-10-05T11:01:53.3008665+02:00 [INF] Request starting HTTP/2 GET https://localhost:5055/js/interop.js   (Microsoft.AspNetCore.Hosting.Diagnostics) (ca22a1cb)
2020-10-05T11:01:53.3008800+02:00 [INF] The file "/css/bootstrap/bootstrap.min.css" was not modified (Microsoft.AspNetCore.StaticFiles.StaticFileMiddleware) (f1f8d725)
2020-10-05T11:01:53.3009002+02:00 [INF] Request starting HTTP/2 GET https://localhost:5055/_framework/blazor.server.js   (Microsoft.AspNetCore.Hosting.Diagnostics) (ca22a1cb)
2020-10-05T11:01:53.3009602+02:00 [INF] Request finished in 0.5073ms 304 text/css (Microsoft.AspNetCore.Hosting.Diagnostics) (791a596a)
2020-10-05T11:01:53.3010041+02:00 [INF] The file "/_framework/blazor.server.js" was not modified (Microsoft.AspNetCore.StaticFiles.StaticFileMiddleware) (f1f8d725)
2020-10-05T11:01:53.3010196+02:00 [INF] Request starting HTTP/2 GET https://localhost:5055/css/site.css   (Microsoft.AspNetCore.Hosting.Diagnostics) (ca22a1cb)
2020-10-05T11:01:53.3010468+02:00 [INF] Request finished in 0.1548ms 304 application/javascript (Microsoft.AspNetCore.Hosting.Diagnostics) (791a596a)
2020-10-05T11:01:53.3010480+02:00 [INF] The file "/js/interop.js" was not modified (Microsoft.AspNetCore.StaticFiles.StaticFileMiddleware) (f1f8d725)
2020-10-05T11:01:53.3011111+02:00 [INF] Request finished in 0.2637ms 304 application/javascript (Microsoft.AspNetCore.Hosting.Diagnostics) (791a596a)
2020-10-05T11:01:53.3014152+02:00 [INF] The file "/css/site.css" was not modified (Microsoft.AspNetCore.StaticFiles.StaticFileMiddleware) (f1f8d725)
2020-10-05T11:01:53.3017106+02:00 [INF] Request finished in 0.5025ms 304 text/css (Microsoft.AspNetCore.Hosting.Diagnostics) (791a596a)
2020-10-05T11:01:53.3324585+02:00 [INF] Request starting HTTP/2 GET https://localhost:5055/css/open-iconic/font/css/open-iconic-bootstrap.min.css   (Microsoft.AspNetCore.Hosting.Diagnostics) (ca22a1cb)
2020-10-05T11:01:53.3326335+02:00 [INF] The file "/css/open-iconic/font/css/open-iconic-bootstrap.min.css" was not modified (Microsoft.AspNetCore.StaticFiles.StaticFileMiddleware) (f1f8d725)
2020-10-05T11:01:53.3327284+02:00 [INF] Request finished in 0.2873ms 304 text/css (Microsoft.AspNetCore.Hosting.Diagnostics) (791a596a)
2020-10-05T11:01:53.3643155+02:00 [INF] Request starting HTTP/2 POST https://localhost:5055/_blazor/negotiate?negotiateVersion=1 text/plain;charset=UTF-8 0 (Microsoft.AspNetCore.Hosting.Diagnostics) (ca22a1cb)
2020-10-05T11:01:53.3644983+02:00 [INF] Executing endpoint '"/_blazor/negotiate"' (Microsoft.AspNetCore.Routing.EndpointMiddleware) (500cc934)
2020-10-05T11:01:53.3649370+02:00 [INF] Executed endpoint '"/_blazor/negotiate"' (Microsoft.AspNetCore.Routing.EndpointMiddleware) (99874f2b)
2020-10-05T11:01:53.3650065+02:00 [INF] Request finished in 0.7179ms 200 application/json (Microsoft.AspNetCore.Hosting.Diagnostics) (791a596a)
2020-10-05T11:01:53.3716492+02:00 [INF] Request starting HTTP/1.1 GET https://localhost:5055/_blazor?id=NRAdpazpQx6MZ2A5D6s3CA   (Microsoft.AspNetCore.Hosting.Diagnostics) (ca22a1cb)
2020-10-05T11:01:53.3719469+02:00 [INF] Executing endpoint '"/_blazor"' (Microsoft.AspNetCore.Routing.EndpointMiddleware) (500cc934)
2020-10-05T11:01:53.3857484+02:00 [INF] Running SetupSession (SiteSelector.Domain.SessionStart.ActorSessionStart) (7e9ff657)
2020-10-05T11:01:53.3879827+02:00 [INF] Found galaxy-client in configuration: "Galaxy Systemvælger" (SiteSelector.Domain.Persist.ReadConfigXml) (88c8e810)
2020-10-05T11:01:53.3880622+02:00 [INF] @GetDaletServiceIsInstalled, looking for service: "DaletService" (SiteSelector.Domain.SessionStart.CheckEnvironment) (bb0ef24c)
2020-10-05T11:01:53.3883676+02:00 [INF] Found service "DaletService" in state: StartService (SiteSelector.Domain.Services.ServiceHandler) (d73723f9)
2020-10-05T11:01:53.3884174+02:00 [INF] @GetDaletServiceIsInstalled, found service "DaletService": True (SiteSelector.Domain.SessionStart.CheckEnvironment) (10d3e8ac)
2020-10-05T11:01:53.3907445+02:00 [INF] Detected "DaletGalaxy" running on client:True (SiteSelector.Domain.Processes.ProcessHandler) (92f7db5d)
2020-10-05T11:01:53.4099907+02:00 [INF] Request starting HTTP/2 GET https://localhost:5055/css/open-iconic/font/fonts/open-iconic.woff   (Microsoft.AspNetCore.Hosting.Diagnostics) (ca22a1cb)
2020-10-05T11:01:53.4101473+02:00 [INF] The file "/css/open-iconic/font/fonts/open-iconic.woff" was not modified (Microsoft.AspNetCore.StaticFiles.StaticFileMiddleware) (f1f8d725)
2020-10-05T11:01:53.4102265+02:00 [INF] Request finished in 0.2597ms 304 application/font-woff (Microsoft.AspNetCore.Hosting.Diagnostics) (791a596a)
2020-10-05T11:01:53.4622946+02:00 [INF] DetectGalaxyRunning - Galaxy is running: True (SiteSelector.Domain.SessionStart.CheckEnvironment) (fd1e0f1e)
2020-10-05T11:01:53.5291571+02:00 [INF] Found user "w-efl", is allowed to see test-sites: True (SiteSelector.Domain.SessionStart.CheckEnvironment) (7a41e528)
2020-10-05T11:01:53.5291927+02:00 [INF] Test-sites should be included in site-listing: True (SiteSelector.Domain.SessionStart.CheckEnvironment) (375b5f05)
2020-10-05T11:01:53.5292199+02:00 [WRN] Galaxy is currently running - Cannot continue. (SiteSelector.Domain.SessionStart.ActorSessionStart) (3a53d356)
2020-10-05T11:01:53.5293429+02:00 [INF] Disposing now (SiteSelector.Pages.MainPage.SitesListComponent) (7c5e0a46)
2020-10-05T11:01:53.5295157+02:00 [INF] SendEvent: GalaxyIsRunnning - FatalError - "Galaxy is currently running - Cannot continue." - "(null)" (SiteSelector.Domain.SessionStart.ActorSessionStart) (a9efe48d)
2020-10-05T11:01:53.5295610+02:00 [INF] DaletService exists on client: True (SiteSelector.Pages.MainPage.MainComponent) (ac368e96)
2020-10-05T11:01:56.0919067+02:00 [INF] Request starting HTTP/2 POST https://localhost:5055/_blazor/disconnect multipart/form-data; boundary=---------------------------7e45938e05a4 361 (Microsoft.AspNetCore.Hosting.Diagnostics) (ca22a1cb)
2020-10-05T11:01:56.0921520+02:00 [INF] Executing endpoint '"Blazor disconnect"' (Microsoft.AspNetCore.Routing.EndpointMiddleware) (500cc934)
2020-10-05T11:01:56.0933767+02:00 [INF] Disposing now (SiteSelector.Pages.MainPage.MainComponent) (7c5e0a46)
2020-10-05T11:01:56.0934505+02:00 [INF] Unsubscribed to all events. (SiteSelector.Pages.MainPage.MainComponent) (8a173910)
2020-10-05T11:01:56.0936781+02:00 [INF] Executed endpoint '"Blazor disconnect"' (Microsoft.AspNetCore.Routing.EndpointMiddleware) (99874f2b)
2020-10-05T11:01:56.0938075+02:00 [INF] Request finished in 1.9865ms 200  (Microsoft.AspNetCore.Hosting.Diagnostics) (791a596a)
2020-10-05T11:01:56.1349257+02:00 [INF] Executed endpoint '"/_blazor"' (Microsoft.AspNetCore.Routing.EndpointMiddleware) (99874f2b)
2020-10-05T11:01:56.1350700+02:00 [INF] Request finished in 2763.4267ms 101  (Microsoft.AspNetCore.Hosting.Diagnostics) (791a596a)
2020-10-05T11:02:08.3345537+02:00 [INF] Request starting HTTP/2 GET https://localhost:5055/SiteSelector   (Microsoft.AspNetCore.Hosting.Diagnostics) (ca22a1cb)
2020-10-05T11:02:08.3347093+02:00 [INF] Executing endpoint '"/_Host"' (Microsoft.AspNetCore.Routing.EndpointMiddleware) (500cc934)
2020-10-05T11:02:08.3349405+02:00 [INF] Route matched with "{page = \"/_Host\", action = \"\", controller = \"\"}". Executing page "/_Host" (Microsoft.AspNetCore.Mvc.RazorPages.Infrastructure.PageActionInvoker) (547e620f)
2020-10-05T11:02:08.3352388+02:00 [INF] Executing an implicit handler method - ModelState is Valid (Microsoft.AspNetCore.Mvc.RazorPages.Infrastructure.PageActionInvoker) (232a55d1)
2020-10-05T11:02:08.3352681+02:00 [INF] Executed an implicit handler method, returned result "Microsoft.AspNetCore.Mvc.RazorPages.PageResult". (Microsoft.AspNetCore.Mvc.RazorPages.Infrastructure.PageActionInvoker) (f857da66)
2020-10-05T11:02:08.3363982+02:00 [INF] Executed page "/_Host" in 1.3677ms (Microsoft.AspNetCore.Mvc.RazorPages.Infrastructure.PageActionInvoker) (02e01280)
2020-10-05T11:02:08.3364382+02:00 [INF] Executed endpoint '"/_Host"' (Microsoft.AspNetCore.Routing.EndpointMiddleware) (99874f2b)
2020-10-05T11:02:08.3365096+02:00 [INF] Request finished in 1.982ms 200 text/html; charset=utf-8 (Microsoft.AspNetCore.Hosting.Diagnostics) (791a596a)
2020-10-05T11:02:08.3406667+02:00 [INF] Request starting HTTP/2 GET https://localhost:5055/css/bootstrap/bootstrap.min.css   (Microsoft.AspNetCore.Hosting.Diagnostics) (ca22a1cb)
2020-10-05T11:02:08.3407125+02:00 [INF] Request starting HTTP/2 GET https://localhost:5055/css/site.css   (Microsoft.AspNetCore.Hosting.Diagnostics) (ca22a1cb)
2020-10-05T11:02:08.3407497+02:00 [INF] Request starting HTTP/2 GET https://localhost:5055/_framework/blazor.server.js   (Microsoft.AspNetCore.Hosting.Diagnostics) (ca22a1cb)
2020-10-05T11:02:08.3408351+02:00 [INF] The file "/css/bootstrap/bootstrap.min.css" was not modified (Microsoft.AspNetCore.StaticFiles.StaticFileMiddleware) (f1f8d725)
2020-10-05T11:02:08.3408485+02:00 [INF] The file "/_framework/blazor.server.js" was not modified (Microsoft.AspNetCore.StaticFiles.StaticFileMiddleware) (f1f8d725)
2020-10-05T11:02:08.3408464+02:00 [INF] The file "/css/site.css" was not modified (Microsoft.AspNetCore.StaticFiles.StaticFileMiddleware) (f1f8d725)
2020-10-05T11:02:08.3409000+02:00 [INF] Request finished in 0.2627ms 304 text/css (Microsoft.AspNetCore.Hosting.Diagnostics) (791a596a)
2020-10-05T11:02:08.3409329+02:00 [INF] Request finished in 0.1935ms 304 application/javascript (Microsoft.AspNetCore.Hosting.Diagnostics) (791a596a)
2020-10-05T11:02:08.3409593+02:00 [INF] Request finished in 0.2561ms 304 text/css (Microsoft.AspNetCore.Hosting.Diagnostics) (791a596a)
2020-10-05T11:02:08.3449249+02:00 [INF] Request starting HTTP/2 GET https://localhost:5055/js/interop.js   (Microsoft.AspNetCore.Hosting.Diagnostics) (ca22a1cb)
2020-10-05T11:02:08.3450983+02:00 [INF] The file "/js/interop.js" was not modified (Microsoft.AspNetCore.StaticFiles.StaticFileMiddleware) (f1f8d725)
2020-10-05T11:02:08.3451821+02:00 [INF] Request finished in 0.2756ms 304 application/javascript (Microsoft.AspNetCore.Hosting.Diagnostics) (791a596a)
2020-10-05T11:02:08.3704169+02:00 [INF] Request starting HTTP/2 GET https://localhost:5055/css/open-iconic/font/css/open-iconic-bootstrap.min.css   (Microsoft.AspNetCore.Hosting.Diagnostics) (ca22a1cb)
2020-10-05T11:02:08.3705764+02:00 [INF] The file "/css/open-iconic/font/css/open-iconic-bootstrap.min.css" was not modified (Microsoft.AspNetCore.StaticFiles.StaticFileMiddleware) (f1f8d725)
2020-10-05T11:02:08.3706501+02:00 [INF] Request finished in 0.2614ms 304 text/css (Microsoft.AspNetCore.Hosting.Diagnostics) (791a596a)
2020-10-05T11:02:08.4016699+02:00 [INF] Request starting HTTP/2 POST https://localhost:5055/_blazor/negotiate?negotiateVersion=1 text/plain;charset=UTF-8 0 (Microsoft.AspNetCore.Hosting.Diagnostics) (ca22a1cb)
2020-10-05T11:02:08.4018671+02:00 [INF] Executing endpoint '"/_blazor/negotiate"' (Microsoft.AspNetCore.Routing.EndpointMiddleware) (500cc934)
2020-10-05T11:02:08.4022201+02:00 [INF] Executed endpoint '"/_blazor/negotiate"' (Microsoft.AspNetCore.Routing.EndpointMiddleware) (99874f2b)
2020-10-05T11:02:08.4022746+02:00 [INF] Request finished in 0.6297ms 200 application/json (Microsoft.AspNetCore.Hosting.Diagnostics) (791a596a)
2020-10-05T11:02:08.4072485+02:00 [INF] Request starting HTTP/1.1 GET https://localhost:5055/_blazor?id=S_MtV4t22AMZd-2HLd5J4w   (Microsoft.AspNetCore.Hosting.Diagnostics) (ca22a1cb)
2020-10-05T11:02:08.4075191+02:00 [INF] Executing endpoint '"/_blazor"' (Microsoft.AspNetCore.Routing.EndpointMiddleware) (500cc934)
2020-10-05T11:02:08.4198159+02:00 [INF] Running SetupSession (SiteSelector.Domain.SessionStart.ActorSessionStart) (7e9ff657)
2020-10-05T11:02:08.4214969+02:00 [INF] Found galaxy-client in configuration: "Galaxy Systemvælger" (SiteSelector.Domain.Persist.ReadConfigXml) (88c8e810)
2020-10-05T11:02:08.4215913+02:00 [INF] @GetDaletServiceIsInstalled, looking for service: "DaletService" (SiteSelector.Domain.SessionStart.CheckEnvironment) (bb0ef24c)
2020-10-05T11:02:08.4219288+02:00 [INF] Found service "DaletService" in state: StartService (SiteSelector.Domain.Services.ServiceHandler) (d73723f9)
2020-10-05T11:02:08.4220009+02:00 [INF] @GetDaletServiceIsInstalled, found service "DaletService": True (SiteSelector.Domain.SessionStart.CheckEnvironment) (10d3e8ac)
2020-10-05T11:02:08.4246117+02:00 [INF] Could not detect "DaletGalaxy". (SiteSelector.Domain.Processes.ProcessHandler) (37043ae9)
2020-10-05T11:02:08.4246665+02:00 [INF] Detected "DaletGalaxy" running on client:False (SiteSelector.Domain.Processes.ProcessHandler) (92f7db5d)
2020-10-05T11:02:08.4471102+02:00 [INF] Request starting HTTP/2 GET https://localhost:5055/css/open-iconic/font/fonts/open-iconic.woff   (Microsoft.AspNetCore.Hosting.Diagnostics) (ca22a1cb)
2020-10-05T11:02:08.4472705+02:00 [INF] The file "/css/open-iconic/font/fonts/open-iconic.woff" was not modified (Microsoft.AspNetCore.StaticFiles.StaticFileMiddleware) (f1f8d725)
2020-10-05T11:02:08.4473526+02:00 [INF] Request finished in 0.2698ms 304 application/font-woff (Microsoft.AspNetCore.Hosting.Diagnostics) (791a596a)
2020-10-05T11:02:08.4905396+02:00 [INF] DetectGalaxyRunning - Galaxy is running: False (SiteSelector.Domain.SessionStart.CheckEnvironment) (fd1e0f1e)
2020-10-05T11:02:08.5651252+02:00 [INF] Found user "w-efl", is allowed to see test-sites: True (SiteSelector.Domain.SessionStart.CheckEnvironment) (7a41e528)
2020-10-05T11:02:08.5651705+02:00 [INF] Test-sites should be included in site-listing: True (SiteSelector.Domain.SessionStart.CheckEnvironment) (375b5f05)
2020-10-05T11:02:08.5655758+02:00 [INF] Found local SiteSelector.xml at "C:\ProgramData\GalaxySiteSelector\SiteSelector.xml" (SiteSelector.Domain.SessionStart.UpdateLocalSiteSelectorXml) (926e481e)
2020-10-05T11:02:08.5675878+02:00 [INF] Found "\\dalet1\DpShare\SiteSelector\config\SiteSelector.xml": True (SiteSelector.Domain.SessionStart.UpdateLocalSiteSelectorXml) (43bd9e6d)
2020-10-05T11:02:08.5679211+02:00 [INF] Local SiteSelector.xml was detected: True (SiteSelector.Domain.SessionStart.UpdateLocalSiteSelectorXml) (0845ccfd)
2020-10-05T11:02:08.5679440+02:00 [INF] Local SiteSelector.xml was updated from "\\dalet1\DpShare\SiteSelector\config\SiteSelector.xml": False (SiteSelector.Domain.SessionStart.UpdateLocalSiteSelectorXml) (40a93371)
2020-10-05T11:02:08.5688012+02:00 [INF] Found 6 galaxy-sites in sites-list. (SiteSelector.Domain.Persist.ReadConfigXml) (ee6a3325)
2020-10-05T11:02:08.5691560+02:00 [INF] Succesfully read file: "C:\ProgramData\DaletPlusData\config.ini" (SiteSelector.Domain.SessionStart.HandleConfigIni) (70338fcf)
2020-10-05T11:02:08.5694653+02:00 [INF] Succesfully read file: "C:\ProgramData\DaletPlusData\config.ini" (SiteSelector.Domain.SessionStart.HandleConfigIni) (70338fcf)
2020-10-05T11:02:08.5695474+02:00 [INF] Completed SetupSession (SiteSelector.Domain.SessionStart.ActorSessionStart) (f17818b2)
2020-10-05T11:02:08.5695735+02:00 [INF] DaletService exists on client: True (SiteSelector.Pages.MainPage.MainComponent) (ac368e96)
2020-10-05T11:02:08.5698174+02:00 [INF] UI found current site: True (SiteSelector.Pages.MainPage.SitesListComponent) (8d1f5b96)
2020-10-05T11:02:15.2309822+02:00 [INF] Clicked it: DALG2 (SiteSelector.Pages.MainPage.SitesListComponent) (7faeb06a)
2020-10-05T11:02:25.3328829+02:00 [INF] User requested site: "DALG2", AsWinUser: False, Restart Service: True (SiteSelector.Pages.MainPage.SitesListComponent) (d8efe5db)
2020-10-05T11:02:25.3329964+02:00 [INF] SendEvent: Message - Waiting - "Trying to stop DaletService." - "(null)" (SiteSelector.Domain.SessionRespond.ActorSessionRespond) (a9efe48d)
2020-10-05T11:02:25.3334695+02:00 [INF] Found service "DaletService" in state: StartService (SiteSelector.Domain.Services.ServiceHandler) (d73723f9)
2020-10-05T11:02:25.3335285+02:00 [INF] Trying to stop "DaletService". (SiteSelector.Domain.SessionRespond.StartStopDaletService) (04887d2e)
2020-10-05T11:02:25.3352379+02:00 [INF] Found 1 processes in DaletServiceXml. (SiteSelector.Domain.Persist.ReadDaletServiceXml) (a289d3dd)
2020-10-05T11:02:25.3523330+02:00 [INF] @InvokeRestartManager, process "LOCAL-ChannelDetectorAgent_1" is added to kill-list. (SiteSelector.Domain.SessionRespond.StartStopDaletService) (06cb7ec8)
2020-10-05T11:02:35.9858240+02:00 [INF] StartProcessAndWait: "-208 - unknown Exitcode." (SiteSelector.Domain.Processes.ProcessHandler) (75e65bc8)
2020-10-05T11:02:35.9860576+02:00 [INF] @InvokeRestartManager, completed action. (SiteSelector.Domain.SessionRespond.StartStopDaletService) (96d20844)
2020-10-05T11:02:35.9861210+02:00 [INF] @CheckForRunningProcesses, try#: 1 (SiteSelector.Domain.SessionRespond.StartStopDaletService) (e0f04456)
2020-10-05T11:02:35.9898120+02:00 [INF] Could not detect "ASIOServerAgent". (SiteSelector.Domain.Processes.ProcessHandler) (37043ae9)
2020-10-05T11:02:35.9898558+02:00 [INF] Detected "ASIOServerAgent" running on client:False (SiteSelector.Domain.Processes.ProcessHandler) (92f7db5d)
2020-10-05T11:02:35.9932430+02:00 [INF] Could not detect "MediaChannelContainer". (SiteSelector.Domain.Processes.ProcessHandler) (37043ae9)
2020-10-05T11:02:35.9932820+02:00 [INF] Detected "MediaChannelContainer" running on client:False (SiteSelector.Domain.Processes.ProcessHandler) (92f7db5d)
2020-10-05T11:02:35.9964215+02:00 [INF] Could not detect "bs_server". (SiteSelector.Domain.Processes.ProcessHandler) (37043ae9)
2020-10-05T11:02:35.9964600+02:00 [INF] Detected "bs_server" running on client:False (SiteSelector.Domain.Processes.ProcessHandler) (92f7db5d)
2020-10-05T11:02:35.9993616+02:00 [INF] Detected "ChannelDetectorAgent" running on client:True (SiteSelector.Domain.Processes.ProcessHandler) (92f7db5d)
2020-10-05T11:02:35.9994248+02:00 [INF] @CheckForRunningProcesses, trying to stop: "ChannelDetectorAgent" (SiteSelector.Domain.SessionRespond.StartStopDaletService) (893a7649)
2020-10-05T11:02:35.9999006+02:00 [INF] @CheckForRunningProcesses, tried stopping: "ChannelDetectorAgent" (SiteSelector.Domain.SessionRespond.StartStopDaletService) (0eb6f192)
2020-10-05T11:02:36.0029485+02:00 [INF] Could not detect "ControlDeviceAgent". (SiteSelector.Domain.Processes.ProcessHandler) (37043ae9)
2020-10-05T11:02:36.0029864+02:00 [INF] Detected "ControlDeviceAgent" running on client:False (SiteSelector.Domain.Processes.ProcessHandler) (92f7db5d)
2020-10-05T11:02:36.5070956+02:00 [INF] @CheckForRunningProcesses, try#: 2 (SiteSelector.Domain.SessionRespond.StartStopDaletService) (e0f04456)
2020-10-05T11:02:36.5110542+02:00 [INF] Could not detect "ASIOServerAgent". (SiteSelector.Domain.Processes.ProcessHandler) (37043ae9)
2020-10-05T11:02:36.5111015+02:00 [INF] Detected "ASIOServerAgent" running on client:False (SiteSelector.Domain.Processes.ProcessHandler) (92f7db5d)
2020-10-05T11:02:36.5146003+02:00 [INF] Could not detect "MediaChannelContainer". (SiteSelector.Domain.Processes.ProcessHandler) (37043ae9)
2020-10-05T11:02:36.5146407+02:00 [INF] Detected "MediaChannelContainer" running on client:False (SiteSelector.Domain.Processes.ProcessHandler) (92f7db5d)
2020-10-05T11:02:36.5184943+02:00 [INF] Could not detect "bs_server". (SiteSelector.Domain.Processes.ProcessHandler) (37043ae9)
2020-10-05T11:02:36.5185406+02:00 [INF] Detected "bs_server" running on client:False (SiteSelector.Domain.Processes.ProcessHandler) (92f7db5d)
2020-10-05T11:02:36.5217398+02:00 [INF] Could not detect "ChannelDetectorAgent". (SiteSelector.Domain.Processes.ProcessHandler) (37043ae9)
2020-10-05T11:02:36.5217772+02:00 [INF] Detected "ChannelDetectorAgent" running on client:False (SiteSelector.Domain.Processes.ProcessHandler) (92f7db5d)
2020-10-05T11:02:36.5247925+02:00 [INF] Could not detect "ControlDeviceAgent". (SiteSelector.Domain.Processes.ProcessHandler) (37043ae9)
2020-10-05T11:02:36.5248317+02:00 [INF] Detected "ControlDeviceAgent" running on client:False (SiteSelector.Domain.Processes.ProcessHandler) (92f7db5d)
2020-10-05T11:02:36.5256410+02:00 [INF] @StopServiceAsync, current attempt# 1 (SiteSelector.Domain.Services.ServiceHandler) (75b481b3)
2020-10-05T11:02:36.7775944+02:00 [INF] Service name and status: "DaletService": Stopped (SiteSelector.Domain.Services.ServiceHandler) (d88393ae)
2020-10-05T11:02:36.7782831+02:00 [INF] SendEvent: Message - Success - "DaletService was stopped successfully." - "(null)" (SiteSelector.Domain.SessionRespond.ActorSessionRespond) (a9efe48d)
2020-10-05T11:02:36.7784979+02:00 [INF] Looking for DaletServiceSource-folder at "\\DALET1\DpShare\DALG2\DS_Config\TX82564" (SiteSelector.Domain.SessionRespond.DaletServiceXml) (4ccc8816)
2020-10-05T11:02:36.7987996+02:00 [INF] DaletServiceSource-folder at "\\DALET1\DpShare\DALG2\DS_Config\TX82564" detected: True (SiteSelector.Domain.SessionRespond.DaletServiceXml) (cfe69921)
2020-10-05T11:02:36.7988508+02:00 [INF] Preparing to acquire DaletServiceSourceXml. (SiteSelector.Domain.SessionRespond.DaletServiceXml) (d75359a2)
2020-10-05T11:02:36.8113216+02:00 [INF] DaletServiceSource-files were copied from network: True (SiteSelector.Domain.SessionRespond.DaletServiceXml) (73288b83)
2020-10-05T11:02:36.8119577+02:00 [INF] SendEvent: Message - Success - "DaletService.xml was acquired successfully." - "(null)" (SiteSelector.Domain.SessionRespond.ActorSessionRespond) (a9efe48d)
2020-10-05T11:02:36.8124668+02:00 [INF] Succesfully read file: "C:\ProgramData\DaletPlusData\config.ini" (SiteSelector.Domain.SessionStart.HandleConfigIni) (70338fcf)
2020-10-05T11:02:36.8129222+02:00 [INF] Succesfully read file: "C:\ProgramData\DaletPlusData\config.ini" (SiteSelector.Domain.SessionStart.HandleConfigIni) (70338fcf)
2020-10-05T11:02:36.8144065+02:00 [INF] Succesfully wrote file: "C:\ProgramData\DaletPlusData\config.ini" (SiteSelector.Domain.SessionStart.HandleConfigIni) (073e61d3)
2020-10-05T11:02:36.8145029+02:00 [INF] Succesfully updated config.ini to "DALG2APP15": True (SiteSelector.Domain.SessionRespond.UpdateConfigIni) (4d06f4d8)
2020-10-05T11:02:36.8150601+02:00 [INF] SendEvent: Message - Success - "Config.ini was updated successfully." - "(null)" (SiteSelector.Domain.SessionRespond.ActorSessionRespond) (a9efe48d)
2020-10-05T11:02:36.8154520+02:00 [INF] SendEvent: Message - Waiting - "Preparing to start Galaxy." - "(null)" (SiteSelector.Domain.SessionRespond.ActorSessionRespond) (a9efe48d)
2020-10-05T11:02:36.8155331+02:00 [INF] Preparing to restart service: "DaletService" (SiteSelector.Domain.SessionRespond.Launcher) (5a64e8b2)
2020-10-05T11:02:36.8161255+02:00 [INF] Found service "DaletService" in state: StopService (SiteSelector.Domain.Services.ServiceHandler) (d73723f9)
2020-10-05T11:02:36.8172162+02:00 [INF] @StopServiceAsync, current attempt# 1 (SiteSelector.Domain.Services.ServiceHandler) (75b481b3)
2020-10-05T11:02:36.8723039+02:00 [INF] CopyNetWorkFilesToLocal - copy from: "\\DALET1\DpShare\DALG2\DS_Config\TX82564\DaletService.xml" to: "C:\ProgramData\DaletPlusData\DaletService.xml" was succesfull: True (SiteSelector.Domain.SessionRespond.DaletServiceXml) (027c37f2)
2020-10-05T11:02:36.8835542+02:00 [INF] Actual startUpType for service "DaletService": "Manual" vs requested: Manual (SiteSelector.Domain.Services.ServiceHandler) (c09c8fd6)
2020-10-05T11:02:37.5669491+02:00 [INF] Service name and status: "DaletService": Running (SiteSelector.Domain.Services.ServiceHandler) (d88393ae)
2020-10-05T11:02:37.5673066+02:00 [INF] Restarted service: "DaletService". (SiteSelector.Domain.SessionRespond.StartStopDaletService) (2deba2b1)
2020-10-05T11:02:37.5673550+02:00 [INF] Completed service interaction: "DaletService" (SiteSelector.Domain.SessionRespond.Launcher) (56082d23)
2020-10-05T11:02:37.5695791+02:00 [INF] SessionID is : 0 (SiteSelector.Domain.Processes.ProcessHandler) (6c7ef343)
2020-10-05T11:02:37.6224658+02:00 [INF] Found owner: "NET\w-efl" (SiteSelector.Domain.Processes.ProcessHandler) (22b07dda)
2020-10-05T11:02:37.6225018+02:00 [INF] Non-interactive session. Now starting Galaxy. (SiteSelector.Domain.Processes.ProcessHandler) (dc4b6270)
2020-10-05T11:02:37.6225562+02:00 [INF] StartProcessAsUser: args: "C:\Program Files\Dalet\DaletPlus\bin\DaletGalaxy.exe -F -S DALG2APP15" (SiteSelector.Domain.Processes.ProcessHandler) (aee9c874)
2020-10-05T11:02:37.6254654+02:00 [INF] @ApplicationLoaderHelper, got environment as current user: True (SiteSelector.Domain.Processes.ProcessHandler) (78894c7a)
2020-10-05T11:02:37.6255055+02:00 [INF] @ApplicationLoaderHelper, environment var: "ALLUSERSPROFILE": "C:\ProgramData" (SiteSelector.Domain.Processes.ProcessHandler) (1999c767)
2020-10-05T11:02:37.6255168+02:00 [INF] @ApplicationLoaderHelper, environment var: "APPDATA": "C:\Users\w-efl\AppData\Roaming" (SiteSelector.Domain.Processes.ProcessHandler) (1999c767)
2020-10-05T11:02:37.6255290+02:00 [INF] @ApplicationLoaderHelper, environment var: "CommonProgramFiles": "C:\Program Files\Common Files" (SiteSelector.Domain.Processes.ProcessHandler) (1999c767)
2020-10-05T11:02:37.6255386+02:00 [INF] @ApplicationLoaderHelper, environment var: "CommonProgramFiles(x86)": "C:\Program Files (x86)\Common Files" (SiteSelector.Domain.Processes.ProcessHandler) (1999c767)
2020-10-05T11:02:37.6255491+02:00 [INF] @ApplicationLoaderHelper, environment var: "CommonProgramW6432": "C:\Program Files\Common Files" (SiteSelector.Domain.Processes.ProcessHandler) (1999c767)
2020-10-05T11:02:37.6255581+02:00 [INF] @ApplicationLoaderHelper, environment var: "COMPUTERNAME": "TX82564" (SiteSelector.Domain.Processes.ProcessHandler) (1999c767)
2020-10-05T11:02:37.6255687+02:00 [INF] @ApplicationLoaderHelper, environment var: "ComSpec": "C:\WINDOWS\system32\cmd.exe" (SiteSelector.Domain.Processes.ProcessHandler) (1999c767)
2020-10-05T11:02:37.6255792+02:00 [INF] @ApplicationLoaderHelper, environment var: "DriverData": "C:\Windows\System32\Drivers\DriverData" (SiteSelector.Domain.Processes.ProcessHandler) (1999c767)
2020-10-05T11:02:37.6255883+02:00 [INF] @ApplicationLoaderHelper, environment var: "HOMEDRIVE": "C:" (SiteSelector.Domain.Processes.ProcessHandler) (1999c767)
2020-10-05T11:02:37.6255983+02:00 [INF] @ApplicationLoaderHelper, environment var: "HOMEPATH": "\Users\w-efl" (SiteSelector.Domain.Processes.ProcessHandler) (1999c767)
2020-10-05T11:02:37.6256075+02:00 [INF] @ApplicationLoaderHelper, environment var: "LOCALAPPDATA": "C:\Users\w-efl\AppData\Local" (SiteSelector.Domain.Processes.ProcessHandler) (1999c767)
2020-10-05T11:02:37.6256179+02:00 [INF] @ApplicationLoaderHelper, environment var: "LOGONSERVER": "\\DC02" (SiteSelector.Domain.Processes.ProcessHandler) (1999c767)
2020-10-05T11:02:37.6256273+02:00 [INF] @ApplicationLoaderHelper, environment var: "NUMBER_OF_PROCESSORS": "8" (SiteSelector.Domain.Processes.ProcessHandler) (1999c767)
2020-10-05T11:02:37.6256377+02:00 [INF] @ApplicationLoaderHelper, environment var: "OneDrive": "C:\Users\w-efl\OneDrive" (SiteSelector.Domain.Processes.ProcessHandler) (1999c767)
2020-10-05T11:02:37.6256468+02:00 [INF] @ApplicationLoaderHelper, environment var: "OS": "Windows_NT" (SiteSelector.Domain.Processes.ProcessHandler) (1999c767)
2020-10-05T11:02:37.6256587+02:00 [INF] @ApplicationLoaderHelper, environment var: "Path": "C:\ProgramData\Oracle\Java\javapath;C:\WINDOWS\system32;C:\WINDOWS;C:\WINDOWS\System32\Wbem;C:\WINDOWS\System32\WindowsPowerShell\v1.0\;C:\WINDOWS\System32\OpenSSH\;C:\Users\w-efl\AppData\Local\Microsoft\WindowsApps" (SiteSelector.Domain.Processes.ProcessHandler) (1999c767)
2020-10-05T11:02:37.6256697+02:00 [INF] @ApplicationLoaderHelper, environment var: "PATHEXT": ".COM;.EXE;.BAT;.CMD;.VBS;.VBE;.JS;.JSE;.WSF;.WSH;.MSC" (SiteSelector.Domain.Processes.ProcessHandler) (1999c767)
2020-10-05T11:02:37.6256804+02:00 [INF] @ApplicationLoaderHelper, environment var: "PROCESSOR_ARCHITECTURE": "AMD64" (SiteSelector.Domain.Processes.ProcessHandler) (1999c767)
2020-10-05T11:02:37.6256898+02:00 [INF] @ApplicationLoaderHelper, environment var: "PROCESSOR_IDENTIFIER": "Intel64 Family 6 Model 85 Stepping 4, GenuineIntel" (SiteSelector.Domain.Processes.ProcessHandler) (1999c767)
2020-10-05T11:02:37.6257002+02:00 [INF] @ApplicationLoaderHelper, environment var: "PROCESSOR_LEVEL": "6" (SiteSelector.Domain.Processes.ProcessHandler) (1999c767)
2020-10-05T11:02:37.6257091+02:00 [INF] @ApplicationLoaderHelper, environment var: "PROCESSOR_REVISION": "5504" (SiteSelector.Domain.Processes.ProcessHandler) (1999c767)
2020-10-05T11:02:37.6257230+02:00 [INF] @ApplicationLoaderHelper, environment var: "ProgramData": "C:\ProgramData" (SiteSelector.Domain.Processes.ProcessHandler) (1999c767)
2020-10-05T11:02:37.6257447+02:00 [INF] @ApplicationLoaderHelper, environment var: "ProgramFiles": "C:\Program Files" (SiteSelector.Domain.Processes.ProcessHandler) (1999c767)
2020-10-05T11:02:37.6257640+02:00 [INF] @ApplicationLoaderHelper, environment var: "ProgramFiles(x86)": "C:\Program Files (x86)" (SiteSelector.Domain.Processes.ProcessHandler) (1999c767)
2020-10-05T11:02:37.6257766+02:00 [INF] @ApplicationLoaderHelper, environment var: "ProgramW6432": "C:\Program Files" (SiteSelector.Domain.Processes.ProcessHandler) (1999c767)
2020-10-05T11:02:37.6257868+02:00 [INF] @ApplicationLoaderHelper, environment var: "PSModulePath": "%ProgramFiles%\WindowsPowerShell\Modules;C:\WINDOWS\system32\WindowsPowerShell\v1.0\Modules" (SiteSelector.Domain.Processes.ProcessHandler) (1999c767)
2020-10-05T11:02:37.6257991+02:00 [INF] @ApplicationLoaderHelper, environment var: "PUBLIC": "C:\Users\Public" (SiteSelector.Domain.Processes.ProcessHandler) (1999c767)
2020-10-05T11:02:37.6258085+02:00 [INF] @ApplicationLoaderHelper, environment var: "SystemDrive": "C:" (SiteSelector.Domain.Processes.ProcessHandler) (1999c767)
2020-10-05T11:02:37.6258210+02:00 [INF] @ApplicationLoaderHelper, environment var: "SystemRoot": "C:\WINDOWS" (SiteSelector.Domain.Processes.ProcessHandler) (1999c767)
2020-10-05T11:02:37.6258305+02:00 [INF] @ApplicationLoaderHelper, environment var: "TEMP": "C:\Users\w-efl\AppData\Local\Temp" (SiteSelector.Domain.Processes.ProcessHandler) (1999c767)
2020-10-05T11:02:37.6258433+02:00 [INF] @ApplicationLoaderHelper, environment var: "TMP": "C:\Users\w-efl\AppData\Local\Temp" (SiteSelector.Domain.Processes.ProcessHandler) (1999c767)
2020-10-05T11:02:37.6258546+02:00 [INF] @ApplicationLoaderHelper, environment var: "UATDATA": "C:\WINDOWS\CCM\UATData\D9F8C395-CAB8-491d-B8AC-179A1FE1BE77" (SiteSelector.Domain.Processes.ProcessHandler) (1999c767)
2020-10-05T11:02:37.6258640+02:00 [INF] @ApplicationLoaderHelper, environment var: "USERDNSDOMAIN": "NET.DR.DK" (SiteSelector.Domain.Processes.ProcessHandler) (1999c767)
2020-10-05T11:02:37.6258794+02:00 [INF] @ApplicationLoaderHelper, environment var: "USERDOMAIN": "NET" (SiteSelector.Domain.Processes.ProcessHandler) (1999c767)
2020-10-05T11:02:37.6258889+02:00 [INF] @ApplicationLoaderHelper, environment var: "USERDOMAIN_ROAMINGPROFILE": "NET" (SiteSelector.Domain.Processes.ProcessHandler) (1999c767)
2020-10-05T11:02:37.6259005+02:00 [INF] @ApplicationLoaderHelper, environment var: "USERNAME": "w-efl" (SiteSelector.Domain.Processes.ProcessHandler) (1999c767)
2020-10-05T11:02:37.6259097+02:00 [INF] @ApplicationLoaderHelper, environment var: "USERPROFILE": "C:\Users\w-efl" (SiteSelector.Domain.Processes.ProcessHandler) (1999c767)
2020-10-05T11:02:37.6259221+02:00 [INF] @ApplicationLoaderHelper, environment var: "windir": "C:\WINDOWS" (SiteSelector.Domain.Processes.ProcessHandler) (1999c767)
2020-10-05T11:02:37.6607662+02:00 [INF] @ApplicationLoaderHelper, started process "C:\Program Files\Dalet\DaletPlus\bin\DaletGalaxy.exe -F -S DALG2APP15", PID: 11836 (SiteSelector.Domain.Processes.ProcessHandler) (cb3dba52)
2020-10-05T11:02:37.6608970+02:00 [INF] StartProcessAsUser - Started process: 11836 (SiteSelector.Domain.Processes.ProcessHandler) (018bf248)
2020-10-05T11:02:37.6609414+02:00 [INF] StartProcessEnvironmentAware. Process "C:\Program Files\Dalet\DaletPlus\bin\DaletGalaxy.exe" has been invoked. (SiteSelector.Domain.Processes.ProcessHandler) (f0f71640)
2020-10-05T11:02:37.6609650+02:00 [INF] StartGalaxy - started Dalet Galaxy: True (SiteSelector.Domain.SessionRespond.Launcher) (bddbbfc5)
2020-10-05T11:02:37.6610302+02:00 [INF] Now Switching to site "DALG2" (SiteSelector.Pages.MainPage.MainComponent) (105e6a29)
2020-10-05T11:02:37.6614594+02:00 [INF] SendEvent: StartGalaxy - Success - "Successfully started Galaxy" - "DALG2" (SiteSelector.Domain.SessionRespond.ActorSessionRespond) (a9efe48d)
2020-10-05T11:02:37.6614816+02:00 [INF] Successfully started Dalet Galaxy. (SiteSelector.Domain.SessionRespond.ActorSessionRespond) (df2d65df)
2020-10-05T11:02:37.6697909+02:00 [INF] Successfully build configuration (SiteSelector.Domain.Persist.PersistAppSettings) (34a2c1a5)
2020-10-05T11:02:37.6706300+02:00 [INF] Successfully updated configuration to appsettings.json (SiteSelector.Domain.Persist.PersistAppSettings) (de26bb35)
2020-10-05T11:02:37.6710029+02:00 [INF] Galaxy was started: True (SiteSelector.Pages.MainPage.SitesListComponent) (86cbc7be)
2020-10-05T11:02:37.6742526+02:00 [INF] Disposing now (SiteSelector.Pages.MainPage.MainComponent) (7c5e0a46)
2020-10-05T11:02:37.6742985+02:00 [INF] Unsubscribed to all events. (SiteSelector.Pages.MainPage.MainComponent) (8a173910)
2020-10-05T11:02:37.6743414+02:00 [INF] Disposing now (SiteSelector.Pages.MainPage.SitesListComponent) (7c5e0a46)
2020-10-05T11:02:40.6791871+02:00 [INF] Closed current browser-window (MS Edge only). (SiteSelector.Pages.MainPage.MainComponent) (023c2a79)
2020-10-05T11:02:40.6808934+02:00 [INF] Request starting HTTP/2 GET https://localhost:5055/html/SwitchComplete.html   (Microsoft.AspNetCore.Hosting.Diagnostics) (ca22a1cb)
2020-10-05T11:02:40.6815893+02:00 [INF] Sending file. Request path: '"/html/SwitchComplete.html"'. Physical path: '"C:\ProgramData\GalaxySiteSelector\wwwroot\html\SwitchComplete.html"' (Microsoft.AspNetCore.StaticFiles.StaticFileMiddleware) (27b0a520)
2020-10-05T11:02:40.6817277+02:00 [INF] Request finished in 0.8417ms 200 text/html (Microsoft.AspNetCore.Hosting.Diagnostics) (791a596a)
2020-10-05T11:02:40.6839142+02:00 [INF] Request starting HTTP/2 POST https://localhost:5055/_blazor/disconnect multipart/form-data; boundary=---------------------------7e42a928e0568 363 (Microsoft.AspNetCore.Hosting.Diagnostics) (ca22a1cb)
2020-10-05T11:02:40.6840262+02:00 [INF] Executing endpoint '"Blazor disconnect"' (Microsoft.AspNetCore.Routing.EndpointMiddleware) (500cc934)
2020-10-05T11:02:40.6849062+02:00 [INF] Executed endpoint '"Blazor disconnect"' (Microsoft.AspNetCore.Routing.EndpointMiddleware) (99874f2b)
2020-10-05T11:02:40.6850496+02:00 [INF] Request finished in 1.1328ms 200  (Microsoft.AspNetCore.Hosting.Diagnostics) (791a596a)
2020-10-05T11:02:40.6936411+02:00 [INF] Executed endpoint '"/_blazor"' (Microsoft.AspNetCore.Routing.EndpointMiddleware) (99874f2b)
2020-10-05T11:02:40.6938798+02:00 [INF] Request finished in 32286.6415ms 101  (Microsoft.AspNetCore.Hosting.Diagnostics) (791a596a)
2020-10-05T14:36:55.8300472+02:00 [INF] Request starting HTTP/2 GET https://localhost:5055/SiteSelector   (Microsoft.AspNetCore.Hosting.Diagnostics) (ca22a1cb)
2020-10-05T14:36:55.8301618+02:00 [INF] Executing endpoint '"/_Host"' (Microsoft.AspNetCore.Routing.EndpointMiddleware) (500cc934)
2020-10-05T14:36:55.8305930+02:00 [INF] Route matched with "{page = \"/_Host\", action = \"\", controller = \"\"}". Executing page "/_Host" (Microsoft.AspNetCore.Mvc.RazorPages.Infrastructure.PageActionInvoker) (547e620f)
2020-10-05T14:36:55.8310940+02:00 [INF] Executing an implicit handler method - ModelState is Valid (Microsoft.AspNetCore.Mvc.RazorPages.Infrastructure.PageActionInvoker) (232a55d1)
2020-10-05T14:36:55.8311384+02:00 [INF] Executed an implicit handler method, returned result "Microsoft.AspNetCore.Mvc.RazorPages.PageResult". (Microsoft.AspNetCore.Mvc.RazorPages.Infrastructure.PageActionInvoker) (f857da66)
2020-10-05T14:36:55.8326796+02:00 [INF] Executed page "/_Host" in 1.9873ms (Microsoft.AspNetCore.Mvc.RazorPages.Infrastructure.PageActionInvoker) (02e01280)
2020-10-05T14:36:55.8327200+02:00 [INF] Executed endpoint '"/_Host"' (Microsoft.AspNetCore.Routing.EndpointMiddleware) (99874f2b)
2020-10-05T14:36:55.8327996+02:00 [INF] Request finished in 2.8388ms 200 text/html; charset=utf-8 (Microsoft.AspNetCore.Hosting.Diagnostics) (791a596a)
2020-10-05T14:36:55.8376999+02:00 [INF] Request starting HTTP/2 GET https://localhost:5055/css/site.css   (Microsoft.AspNetCore.Hosting.Diagnostics) (ca22a1cb)
2020-10-05T14:36:55.8377730+02:00 [INF] Request starting HTTP/2 GET https://localhost:5055/js/interop.js   (Microsoft.AspNetCore.Hosting.Diagnostics) (ca22a1cb)
2020-10-05T14:36:55.8378641+02:00 [INF] Request starting HTTP/2 GET https://localhost:5055/_framework/blazor.server.js   (Microsoft.AspNetCore.Hosting.Diagnostics) (ca22a1cb)
2020-10-05T14:36:55.8379027+02:00 [INF] The file "/css/site.css" was not modified (Microsoft.AspNetCore.StaticFiles.StaticFileMiddleware) (f1f8d725)
2020-10-05T14:36:55.8379099+02:00 [INF] The file "/js/interop.js" was not modified (Microsoft.AspNetCore.StaticFiles.StaticFileMiddleware) (f1f8d725)
2020-10-05T14:36:55.8379152+02:00 [INF] Request starting HTTP/2 GET https://localhost:5055/css/bootstrap/bootstrap.min.css   (Microsoft.AspNetCore.Hosting.Diagnostics) (ca22a1cb)
2020-10-05T14:36:55.8379508+02:00 [INF] The file "/_framework/blazor.server.js" was not modified (Microsoft.AspNetCore.StaticFiles.StaticFileMiddleware) (f1f8d725)
2020-10-05T14:36:55.8379827+02:00 [INF] Request finished in 0.322ms 304 text/css (Microsoft.AspNetCore.Hosting.Diagnostics) (791a596a)
2020-10-05T14:36:55.8380096+02:00 [INF] Request finished in 0.1654ms 304 application/javascript (Microsoft.AspNetCore.Hosting.Diagnostics) (791a596a)
2020-10-05T14:36:55.8380252+02:00 [INF] The file "/css/bootstrap/bootstrap.min.css" was not modified (Microsoft.AspNetCore.StaticFiles.StaticFileMiddleware) (f1f8d725)
2020-10-05T14:36:55.8380323+02:00 [INF] Request finished in 0.2879ms 304 application/javascript (Microsoft.AspNetCore.Hosting.Diagnostics) (791a596a)
2020-10-05T14:36:55.8380768+02:00 [INF] Request finished in 0.1778ms 304 text/css (Microsoft.AspNetCore.Hosting.Diagnostics) (791a596a)
2020-10-05T14:36:55.8557567+02:00 [INF] Request starting HTTP/2 GET https://localhost:5055/css/open-iconic/font/css/open-iconic-bootstrap.min.css   (Microsoft.AspNetCore.Hosting.Diagnostics) (ca22a1cb)
2020-10-05T14:36:55.8559028+02:00 [INF] The file "/css/open-iconic/font/css/open-iconic-bootstrap.min.css" was not modified (Microsoft.AspNetCore.StaticFiles.StaticFileMiddleware) (f1f8d725)
2020-10-05T14:36:55.8559963+02:00 [INF] Request finished in 0.2722ms 304 text/css (Microsoft.AspNetCore.Hosting.Diagnostics) (791a596a)
2020-10-05T14:36:55.8953293+02:00 [INF] Request starting HTTP/2 POST https://localhost:5055/_blazor/negotiate?negotiateVersion=1 text/plain;charset=UTF-8 0 (Microsoft.AspNetCore.Hosting.Diagnostics) (ca22a1cb)
2020-10-05T14:36:55.8954416+02:00 [INF] Executing endpoint '"/_blazor/negotiate"' (Microsoft.AspNetCore.Routing.EndpointMiddleware) (500cc934)
2020-10-05T14:36:55.8958637+02:00 [INF] Executed endpoint '"/_blazor/negotiate"' (Microsoft.AspNetCore.Routing.EndpointMiddleware) (99874f2b)
2020-10-05T14:36:55.8959170+02:00 [INF] Request finished in 0.6475ms 200 application/json (Microsoft.AspNetCore.Hosting.Diagnostics) (791a596a)
2020-10-05T14:36:55.9011908+02:00 [INF] Request starting HTTP/1.1 GET https://localhost:5055/_blazor?id=_5xEB00qk6ev7SAPR0JLyA   (Microsoft.AspNetCore.Hosting.Diagnostics) (ca22a1cb)
2020-10-05T14:36:55.9013311+02:00 [INF] Executing endpoint '"/_blazor"' (Microsoft.AspNetCore.Routing.EndpointMiddleware) (500cc934)
2020-10-05T14:36:55.9092788+02:00 [INF] Running SetupSession (SiteSelector.Domain.SessionStart.ActorSessionStart) (7e9ff657)
2020-10-05T14:36:55.9125008+02:00 [INF] Found galaxy-client in configuration: "Galaxy Systemvælger" (SiteSelector.Domain.Persist.ReadConfigXml) (88c8e810)
2020-10-05T14:36:55.9126108+02:00 [INF] @GetDaletServiceIsInstalled, looking for service: "DaletService" (SiteSelector.Domain.SessionStart.CheckEnvironment) (bb0ef24c)
2020-10-05T14:36:55.9129712+02:00 [INF] Found service "DaletService" in state: StartService (SiteSelector.Domain.Services.ServiceHandler) (d73723f9)
2020-10-05T14:36:55.9130234+02:00 [INF] @GetDaletServiceIsInstalled, found service "DaletService": True (SiteSelector.Domain.SessionStart.CheckEnvironment) (10d3e8ac)
2020-10-05T14:36:55.9168571+02:00 [INF] Could not detect "DaletGalaxy". (SiteSelector.Domain.Processes.ProcessHandler) (37043ae9)
2020-10-05T14:36:55.9169178+02:00 [INF] Detected "DaletGalaxy" running on client:False (SiteSelector.Domain.Processes.ProcessHandler) (92f7db5d)
2020-10-05T14:36:55.9341621+02:00 [INF] Request starting HTTP/2 GET https://localhost:5055/css/open-iconic/font/fonts/open-iconic.woff   (Microsoft.AspNetCore.Hosting.Diagnostics) (ca22a1cb)
2020-10-05T14:36:55.9343340+02:00 [INF] The file "/css/open-iconic/font/fonts/open-iconic.woff" was not modified (Microsoft.AspNetCore.StaticFiles.StaticFileMiddleware) (f1f8d725)
2020-10-05T14:36:55.9344632+02:00 [INF] Request finished in 0.3176ms 304 application/font-woff (Microsoft.AspNetCore.Hosting.Diagnostics) (791a596a)
2020-10-05T14:36:55.9906713+02:00 [INF] DetectGalaxyRunning - Galaxy is running: False (SiteSelector.Domain.SessionStart.CheckEnvironment) (fd1e0f1e)
2020-10-05T14:36:56.0683601+02:00 [INF] Found user "w-efl", is allowed to see test-sites: True (SiteSelector.Domain.SessionStart.CheckEnvironment) (7a41e528)
2020-10-05T14:36:56.0684056+02:00 [INF] Test-sites should be included in site-listing: True (SiteSelector.Domain.SessionStart.CheckEnvironment) (375b5f05)
2020-10-05T14:36:56.0687643+02:00 [INF] Found local SiteSelector.xml at "C:\ProgramData\GalaxySiteSelector\SiteSelector.xml" (SiteSelector.Domain.SessionStart.UpdateLocalSiteSelectorXml) (926e481e)
2020-10-05T14:36:56.0712038+02:00 [INF] Found "\\dalet1\DpShare\SiteSelector\config\SiteSelector.xml": True (SiteSelector.Domain.SessionStart.UpdateLocalSiteSelectorXml) (43bd9e6d)
2020-10-05T14:36:56.0715250+02:00 [INF] Local SiteSelector.xml was detected: True (SiteSelector.Domain.SessionStart.UpdateLocalSiteSelectorXml) (0845ccfd)
2020-10-05T14:36:56.0715456+02:00 [INF] Local SiteSelector.xml was updated from "\\dalet1\DpShare\SiteSelector\config\SiteSelector.xml": False (SiteSelector.Domain.SessionStart.UpdateLocalSiteSelectorXml) (40a93371)
2020-10-05T14:36:56.0719759+02:00 [INF] Found 6 galaxy-sites in sites-list. (SiteSelector.Domain.Persist.ReadConfigXml) (ee6a3325)
2020-10-05T14:36:56.0723424+02:00 [INF] Succesfully read file: "C:\ProgramData\DaletPlusData\config.ini" (SiteSelector.Domain.SessionStart.HandleConfigIni) (70338fcf)
2020-10-05T14:36:56.0726240+02:00 [INF] Succesfully read file: "C:\ProgramData\DaletPlusData\config.ini" (SiteSelector.Domain.SessionStart.HandleConfigIni) (70338fcf)
2020-10-05T14:36:56.0726926+02:00 [INF] Completed SetupSession (SiteSelector.Domain.SessionStart.ActorSessionStart) (f17818b2)
2020-10-05T14:36:56.0727146+02:00 [INF] DaletService exists on client: True (SiteSelector.Pages.MainPage.MainComponent) (ac368e96)
2020-10-05T14:36:56.0729417+02:00 [INF] UI found current site: True (SiteSelector.Pages.MainPage.SitesListComponent) (8d1f5b96)
2020-10-05T14:37:04.5608878+02:00 [INF] User requested site: "DALG2", AsWinUser: True, Restart Service: False (SiteSelector.Pages.MainPage.SitesListComponent) (d8efe5db)
2020-10-05T14:37:04.5616941+02:00 [INF] Succesfully read file: "C:\ProgramData\DaletPlusData\config.ini" (SiteSelector.Domain.SessionStart.HandleConfigIni) (70338fcf)
2020-10-05T14:37:04.5620584+02:00 [INF] Succesfully read file: "C:\ProgramData\DaletPlusData\config.ini" (SiteSelector.Domain.SessionStart.HandleConfigIni) (70338fcf)
2020-10-05T14:37:04.5629174+02:00 [INF] Succesfully wrote file: "C:\ProgramData\DaletPlusData\config.ini" (SiteSelector.Domain.SessionStart.HandleConfigIni) (073e61d3)
2020-10-05T14:37:04.5629499+02:00 [INF] Succesfully updated config.ini to "DALG2APP15": True (SiteSelector.Domain.SessionRespond.UpdateConfigIni) (4d06f4d8)
2020-10-05T14:37:04.5633899+02:00 [INF] SendEvent: Message - Success - "Config.ini was updated successfully." - "(null)" (SiteSelector.Domain.SessionRespond.ActorSessionRespond) (a9efe48d)
2020-10-05T14:37:04.5638441+02:00 [INF] SendEvent: Message - Waiting - "Preparing to start Galaxy." - "(null)" (SiteSelector.Domain.SessionRespond.ActorSessionRespond) (a9efe48d)
2020-10-05T14:37:04.5661588+02:00 [INF] SessionID is : 0 (SiteSelector.Domain.Processes.ProcessHandler) (6c7ef343)
2020-10-05T14:37:04.6245541+02:00 [INF] Found owner: "NET\w-efl" (SiteSelector.Domain.Processes.ProcessHandler) (22b07dda)
2020-10-05T14:37:04.6245860+02:00 [INF] Non-interactive session. Now starting Galaxy. (SiteSelector.Domain.Processes.ProcessHandler) (dc4b6270)
2020-10-05T14:37:04.6246421+02:00 [INF] StartProcessAsUser: args: "C:\Program Files\Dalet\DaletPlus\bin\DaletGalaxy.exe -A Trusted -S DALG2APP15" (SiteSelector.Domain.Processes.ProcessHandler) (aee9c874)
2020-10-05T14:37:04.6273342+02:00 [INF] @ApplicationLoaderHelper, got environment as current user: True (SiteSelector.Domain.Processes.ProcessHandler) (78894c7a)
2020-10-05T14:37:04.6273704+02:00 [INF] @ApplicationLoaderHelper, environment var: "ALLUSERSPROFILE": "C:\ProgramData" (SiteSelector.Domain.Processes.ProcessHandler) (1999c767)
2020-10-05T14:37:04.6273835+02:00 [INF] @ApplicationLoaderHelper, environment var: "APPDATA": "C:\Users\w-efl\AppData\Roaming" (SiteSelector.Domain.Processes.ProcessHandler) (1999c767)
2020-10-05T14:37:04.6273933+02:00 [INF] @ApplicationLoaderHelper, environment var: "CommonProgramFiles": "C:\Program Files\Common Files" (SiteSelector.Domain.Processes.ProcessHandler) (1999c767)
2020-10-05T14:37:04.6274080+02:00 [INF] @ApplicationLoaderHelper, environment var: "CommonProgramFiles(x86)": "C:\Program Files (x86)\Common Files" (SiteSelector.Domain.Processes.ProcessHandler) (1999c767)
2020-10-05T14:37:04.6274172+02:00 [INF] @ApplicationLoaderHelper, environment var: "CommonProgramW6432": "C:\Program Files\Common Files" (SiteSelector.Domain.Processes.ProcessHandler) (1999c767)
2020-10-05T14:37:04.6274295+02:00 [INF] @ApplicationLoaderHelper, environment var: "COMPUTERNAME": "TX82564" (SiteSelector.Domain.Processes.ProcessHandler) (1999c767)
2020-10-05T14:37:04.6274418+02:00 [INF] @ApplicationLoaderHelper, environment var: "ComSpec": "C:\WINDOWS\system32\cmd.exe" (SiteSelector.Domain.Processes.ProcessHandler) (1999c767)
2020-10-05T14:37:04.6274514+02:00 [INF] @ApplicationLoaderHelper, environment var: "DriverData": "C:\Windows\System32\Drivers\DriverData" (SiteSelector.Domain.Processes.ProcessHandler) (1999c767)
2020-10-05T14:37:04.6274635+02:00 [INF] @ApplicationLoaderHelper, environment var: "HOMEDRIVE": "C:" (SiteSelector.Domain.Processes.ProcessHandler) (1999c767)
2020-10-05T14:37:04.6274730+02:00 [INF] @ApplicationLoaderHelper, environment var: "HOMEPATH": "\Users\w-efl" (SiteSelector.Domain.Processes.ProcessHandler) (1999c767)
2020-10-05T14:37:04.6274855+02:00 [INF] @ApplicationLoaderHelper, environment var: "LOCALAPPDATA": "C:\Users\w-efl\AppData\Local" (SiteSelector.Domain.Processes.ProcessHandler) (1999c767)
2020-10-05T14:37:04.6274948+02:00 [INF] @ApplicationLoaderHelper, environment var: "LOGONSERVER": "\\DC02" (SiteSelector.Domain.Processes.ProcessHandler) (1999c767)
2020-10-05T14:37:04.6275057+02:00 [INF] @ApplicationLoaderHelper, environment var: "NUMBER_OF_PROCESSORS": "8" (SiteSelector.Domain.Processes.ProcessHandler) (1999c767)
2020-10-05T14:37:04.6275149+02:00 [INF] @ApplicationLoaderHelper, environment var: "OneDrive": "C:\Users\w-efl\OneDrive" (SiteSelector.Domain.Processes.ProcessHandler) (1999c767)
2020-10-05T14:37:04.6275310+02:00 [INF] @ApplicationLoaderHelper, environment var: "OS": "Windows_NT" (SiteSelector.Domain.Processes.ProcessHandler) (1999c767)
2020-10-05T14:37:04.6275446+02:00 [INF] @ApplicationLoaderHelper, environment var: "Path": "C:\ProgramData\Oracle\Java\javapath;C:\WINDOWS\system32;C:\WINDOWS;C:\WINDOWS\System32\Wbem;C:\WINDOWS\System32\WindowsPowerShell\v1.0\;C:\WINDOWS\System32\OpenSSH\;C:\Users\w-efl\AppData\Local\Microsoft\WindowsApps" (SiteSelector.Domain.Processes.ProcessHandler) (1999c767)
2020-10-05T14:37:04.6275574+02:00 [INF] @ApplicationLoaderHelper, environment var: "PATHEXT": ".COM;.EXE;.BAT;.CMD;.VBS;.VBE;.JS;.JSE;.WSF;.WSH;.MSC" (SiteSelector.Domain.Processes.ProcessHandler) (1999c767)
2020-10-05T14:37:04.6275672+02:00 [INF] @ApplicationLoaderHelper, environment var: "PROCESSOR_ARCHITECTURE": "AMD64" (SiteSelector.Domain.Processes.ProcessHandler) (1999c767)
2020-10-05T14:37:04.6275793+02:00 [INF] @ApplicationLoaderHelper, environment var: "PROCESSOR_IDENTIFIER": "Intel64 Family 6 Model 85 Stepping 4, GenuineIntel" (SiteSelector.Domain.Processes.ProcessHandler) (1999c767)
2020-10-05T14:37:04.6275886+02:00 [INF] @ApplicationLoaderHelper, environment var: "PROCESSOR_LEVEL": "6" (SiteSelector.Domain.Processes.ProcessHandler) (1999c767)
2020-10-05T14:37:04.6276005+02:00 [INF] @ApplicationLoaderHelper, environment var: "PROCESSOR_REVISION": "5504" (SiteSelector.Domain.Processes.ProcessHandler) (1999c767)
2020-10-05T14:37:04.6276096+02:00 [INF] @ApplicationLoaderHelper, environment var: "ProgramData": "C:\ProgramData" (SiteSelector.Domain.Processes.ProcessHandler) (1999c767)
2020-10-05T14:37:04.6276241+02:00 [INF] @ApplicationLoaderHelper, environment var: "ProgramFiles": "C:\Program Files" (SiteSelector.Domain.Processes.ProcessHandler) (1999c767)
2020-10-05T14:37:04.6276339+02:00 [INF] @ApplicationLoaderHelper, environment var: "ProgramFiles(x86)": "C:\Program Files (x86)" (SiteSelector.Domain.Processes.ProcessHandler) (1999c767)
2020-10-05T14:37:04.6276432+02:00 [INF] @ApplicationLoaderHelper, environment var: "ProgramW6432": "C:\Program Files" (SiteSelector.Domain.Processes.ProcessHandler) (1999c767)
2020-10-05T14:37:04.6276535+02:00 [INF] @ApplicationLoaderHelper, environment var: "PSModulePath": "%ProgramFiles%\WindowsPowerShell\Modules;C:\WINDOWS\system32\WindowsPowerShell\v1.0\Modules" (SiteSelector.Domain.Processes.ProcessHandler) (1999c767)
2020-10-05T14:37:04.6276627+02:00 [INF] @ApplicationLoaderHelper, environment var: "PUBLIC": "C:\Users\Public" (SiteSelector.Domain.Processes.ProcessHandler) (1999c767)
2020-10-05T14:37:04.6276722+02:00 [INF] @ApplicationLoaderHelper, environment var: "SystemDrive": "C:" (SiteSelector.Domain.Processes.ProcessHandler) (1999c767)
2020-10-05T14:37:04.6276813+02:00 [INF] @ApplicationLoaderHelper, environment var: "SystemRoot": "C:\WINDOWS" (SiteSelector.Domain.Processes.ProcessHandler) (1999c767)
2020-10-05T14:37:04.6276914+02:00 [INF] @ApplicationLoaderHelper, environment var: "TEMP": "C:\Users\w-efl\AppData\Local\Temp" (SiteSelector.Domain.Processes.ProcessHandler) (1999c767)
2020-10-05T14:37:04.6277006+02:00 [INF] @ApplicationLoaderHelper, environment var: "TMP": "C:\Users\w-efl\AppData\Local\Temp" (SiteSelector.Domain.Processes.ProcessHandler) (1999c767)
2020-10-05T14:37:04.6277105+02:00 [INF] @ApplicationLoaderHelper, environment var: "UATDATA": "C:\WINDOWS\CCM\UATData\D9F8C395-CAB8-491d-B8AC-179A1FE1BE77" (SiteSelector.Domain.Processes.ProcessHandler) (1999c767)
2020-10-05T14:37:04.6277202+02:00 [INF] @ApplicationLoaderHelper, environment var: "USERDNSDOMAIN": "NET.DR.DK" (SiteSelector.Domain.Processes.ProcessHandler) (1999c767)
2020-10-05T14:37:04.6277293+02:00 [INF] @ApplicationLoaderHelper, environment var: "USERDOMAIN": "NET" (SiteSelector.Domain.Processes.ProcessHandler) (1999c767)
2020-10-05T14:37:04.6277393+02:00 [INF] @ApplicationLoaderHelper, environment var: "USERDOMAIN_ROAMINGPROFILE": "NET" (SiteSelector.Domain.Processes.ProcessHandler) (1999c767)
2020-10-05T14:37:04.6277485+02:00 [INF] @ApplicationLoaderHelper, environment var: "USERNAME": "w-efl" (SiteSelector.Domain.Processes.ProcessHandler) (1999c767)
2020-10-05T14:37:04.6277583+02:00 [INF] @ApplicationLoaderHelper, environment var: "USERPROFILE": "C:\Users\w-efl" (SiteSelector.Domain.Processes.ProcessHandler) (1999c767)
2020-10-05T14:37:04.6277683+02:00 [INF] @ApplicationLoaderHelper, environment var: "windir": "C:\WINDOWS" (SiteSelector.Domain.Processes.ProcessHandler) (1999c767)
2020-10-05T14:37:04.6634300+02:00 [INF] @ApplicationLoaderHelper, started process "C:\Program Files\Dalet\DaletPlus\bin\DaletGalaxy.exe -A Trusted -S DALG2APP15", PID: 11364 (SiteSelector.Domain.Processes.ProcessHandler) (cb3dba52)
2020-10-05T14:37:04.6635344+02:00 [INF] StartProcessAsUser - Started process: 11364 (SiteSelector.Domain.Processes.ProcessHandler) (018bf248)
2020-10-05T14:37:04.6635548+02:00 [INF] StartProcessEnvironmentAware. Process "C:\Program Files\Dalet\DaletPlus\bin\DaletGalaxy.exe" has been invoked. (SiteSelector.Domain.Processes.ProcessHandler) (f0f71640)
2020-10-05T14:37:04.6635728+02:00 [INF] StartGalaxy - started Dalet Galaxy: True (SiteSelector.Domain.SessionRespond.Launcher) (bddbbfc5)
2020-10-05T14:37:04.6636301+02:00 [INF] Now Switching to site "DALG2" (SiteSelector.Pages.MainPage.MainComponent) (105e6a29)
2020-10-05T14:37:04.6639728+02:00 [INF] SendEvent: StartGalaxy - Success - "Successfully started Galaxy" - "DALG2" (SiteSelector.Domain.SessionRespond.ActorSessionRespond) (a9efe48d)
2020-10-05T14:37:04.6639957+02:00 [INF] Successfully started Dalet Galaxy. (SiteSelector.Domain.SessionRespond.ActorSessionRespond) (df2d65df)
2020-10-05T14:37:04.6799249+02:00 [INF] Successfully build configuration (SiteSelector.Domain.Persist.PersistAppSettings) (34a2c1a5)
2020-10-05T14:37:04.6808594+02:00 [INF] Disposing now (SiteSelector.Pages.MainPage.MainComponent) (7c5e0a46)
2020-10-05T14:37:04.6809078+02:00 [INF] Unsubscribed to all events. (SiteSelector.Pages.MainPage.MainComponent) (8a173910)
2020-10-05T14:37:04.6809572+02:00 [INF] Disposing now (SiteSelector.Pages.MainPage.SitesListComponent) (7c5e0a46)
2020-10-05T14:37:04.6812125+02:00 [INF] Successfully updated configuration to appsettings.json (SiteSelector.Domain.Persist.PersistAppSettings) (de26bb35)
2020-10-05T14:37:04.6815671+02:00 [INF] Galaxy was started: True (SiteSelector.Pages.MainPage.SitesListComponent) (86cbc7be)
2020-10-05T14:37:07.6746729+02:00 [INF] Closed current browser-window (MS Edge only). (SiteSelector.Pages.MainPage.MainComponent) (023c2a79)
2020-10-05T14:37:07.6765452+02:00 [INF] Request starting HTTP/2 GET https://localhost:5055/html/SwitchComplete.html   (Microsoft.AspNetCore.Hosting.Diagnostics) (ca22a1cb)
2020-10-05T14:37:07.6768030+02:00 [INF] The file "/html/SwitchComplete.html" was not modified (Microsoft.AspNetCore.StaticFiles.StaticFileMiddleware) (f1f8d725)
2020-10-05T14:37:07.6768933+02:00 [INF] Request finished in 0.3748ms 304 text/html (Microsoft.AspNetCore.Hosting.Diagnostics) (791a596a)
2020-10-05T14:37:07.6804534+02:00 [INF] Request starting HTTP/2 POST https://localhost:5055/_blazor/disconnect multipart/form-data; boundary=---------------------------7e42a6750dc0 361 (Microsoft.AspNetCore.Hosting.Diagnostics) (ca22a1cb)
2020-10-05T14:37:07.6805425+02:00 [INF] Executing endpoint '"Blazor disconnect"' (Microsoft.AspNetCore.Routing.EndpointMiddleware) (500cc934)
2020-10-05T14:37:07.6810554+02:00 [INF] Executed endpoint '"/_blazor"' (Microsoft.AspNetCore.Routing.EndpointMiddleware) (99874f2b)
2020-10-05T14:37:07.6812579+02:00 [INF] Request finished in 11780.0885ms 101  (Microsoft.AspNetCore.Hosting.Diagnostics) (791a596a)
2020-10-05T14:37:07.6816115+02:00 [INF] Executed endpoint '"Blazor disconnect"' (Microsoft.AspNetCore.Routing.EndpointMiddleware) (99874f2b)
2020-10-05T14:37:07.6816798+02:00 [INF] Request finished in 1.2698ms 200  (Microsoft.AspNetCore.Hosting.Diagnostics) (791a596a)
