2020-10-19T01:00:46.1796306+02:00 [INF] Request starting HTTP/2 GET https://localhost:5055/SiteSelector   (Microsoft.AspNetCore.Hosting.Diagnostics) (ca22a1cb)
2020-10-19T01:00:46.1799111+02:00 [INF] Executing endpoint '"/_Host"' (Microsoft.AspNetCore.Routing.EndpointMiddleware) (500cc934)
2020-10-19T01:00:46.1802890+02:00 [INF] Route matched with "{page = \"/_Host\", action = \"\", controller = \"\"}". Executing page "/_Host" (Microsoft.AspNetCore.Mvc.RazorPages.Infrastructure.PageActionInvoker) (547e620f)
2020-10-19T01:00:46.1809186+02:00 [INF] Executing an implicit handler method - ModelState is Valid (Microsoft.AspNetCore.Mvc.RazorPages.Infrastructure.PageActionInvoker) (232a55d1)
2020-10-19T01:00:46.1809780+02:00 [INF] Executed an implicit handler method, returned result "Microsoft.AspNetCore.Mvc.RazorPages.PageResult". (Microsoft.AspNetCore.Mvc.RazorPages.Infrastructure.PageActionInvoker) (f857da66)
2020-10-19T01:00:46.1849455+02:00 [INF] Executed page "/_Host" in 4.5382ms (Microsoft.AspNetCore.Mvc.RazorPages.Infrastructure.PageActionInvoker) (02e01280)
2020-10-19T01:00:46.1850125+02:00 [INF] Executed endpoint '"/_Host"' (Microsoft.AspNetCore.Routing.EndpointMiddleware) (99874f2b)
2020-10-19T01:00:46.1851649+02:00 [INF] Request finished in 5.5948ms 200 text/html; charset=utf-8 (Microsoft.AspNetCore.Hosting.Diagnostics) (791a596a)
2020-10-19T01:00:46.1896729+02:00 [INF] Request starting HTTP/2 GET https://localhost:5055/_framework/blazor.server.js   (Microsoft.AspNetCore.Hosting.Diagnostics) (ca22a1cb)
2020-10-19T01:00:46.1896732+02:00 [INF] Request starting HTTP/2 GET https://localhost:5055/css/site.css   (Microsoft.AspNetCore.Hosting.Diagnostics) (ca22a1cb)
2020-10-19T01:00:46.1896732+02:00 [INF] Request starting HTTP/2 GET https://localhost:5055/css/bootstrap/bootstrap.min.css   (Microsoft.AspNetCore.Hosting.Diagnostics) (ca22a1cb)
2020-10-19T01:00:46.1896750+02:00 [INF] Request starting HTTP/2 GET https://localhost:5055/js/interop.js   (Microsoft.AspNetCore.Hosting.Diagnostics) (ca22a1cb)
2020-10-19T01:00:46.1914053+02:00 [INF] Sending file. Request path: '"/js/interop.js"'. Physical path: '"C:\ProgramData\GalaxySiteSelector\wwwroot\js\interop.js"' (Microsoft.AspNetCore.StaticFiles.StaticFileMiddleware) (27b0a520)
2020-10-19T01:00:46.1914159+02:00 [INF] Sending file. Request path: '"/css/site.css"'. Physical path: '"C:\ProgramData\GalaxySiteSelector\wwwroot\css\site.css"' (Microsoft.AspNetCore.StaticFiles.StaticFileMiddleware) (27b0a520)
2020-10-19T01:00:46.1915226+02:00 [INF] Request finished in 1.9288ms 200 application/javascript (Microsoft.AspNetCore.Hosting.Diagnostics) (791a596a)
2020-10-19T01:00:46.1928796+02:00 [INF] Request finished in 3.2482ms 200 text/css (Microsoft.AspNetCore.Hosting.Diagnostics) (791a596a)
2020-10-19T01:00:46.1949188+02:00 [INF] Sending file. Request path: '"/_framework/blazor.server.js"'. Physical path: '"N/A"' (Microsoft.AspNetCore.StaticFiles.StaticFileMiddleware) (27b0a520)
2020-10-19T01:00:46.1950599+02:00 [INF] Request finished in 5.4447ms 200 application/javascript (Microsoft.AspNetCore.Hosting.Diagnostics) (791a596a)
2020-10-19T01:00:46.1958977+02:00 [INF] Sending file. Request path: '"/css/bootstrap/bootstrap.min.css"'. Physical path: '"C:\ProgramData\GalaxySiteSelector\wwwroot\css\bootstrap\bootstrap.min.css"' (Microsoft.AspNetCore.StaticFiles.StaticFileMiddleware) (27b0a520)
2020-10-19T01:00:46.1960069+02:00 [INF] Request finished in 6.3898ms 200 text/css (Microsoft.AspNetCore.Hosting.Diagnostics) (791a596a)
2020-10-19T01:00:46.2074647+02:00 [INF] Request starting HTTP/2 GET https://localhost:5055/css/open-iconic/font/css/open-iconic-bootstrap.min.css   (Microsoft.AspNetCore.Hosting.Diagnostics) (ca22a1cb)
2020-10-19T01:00:46.2081227+02:00 [INF] Sending file. Request path: '"/css/open-iconic/font/css/open-iconic-bootstrap.min.css"'. Physical path: '"C:\ProgramData\GalaxySiteSelector\wwwroot\css\open-iconic\font\css\open-iconic-bootstrap.min.css"' (Microsoft.AspNetCore.StaticFiles.StaticFileMiddleware) (27b0a520)
2020-10-19T01:00:46.2082049+02:00 [INF] Request finished in 0.7928ms 200 text/css (Microsoft.AspNetCore.Hosting.Diagnostics) (791a596a)
2020-10-19T01:00:46.2486992+02:00 [INF] Request starting HTTP/2 POST https://localhost:5055/_blazor/negotiate?negotiateVersion=1 text/plain;charset=UTF-8 0 (Microsoft.AspNetCore.Hosting.Diagnostics) (ca22a1cb)
2020-10-19T01:00:46.2489546+02:00 [INF] Executing endpoint '"/_blazor/negotiate"' (Microsoft.AspNetCore.Routing.EndpointMiddleware) (500cc934)
2020-10-19T01:00:46.2493356+02:00 [INF] Executed endpoint '"/_blazor/negotiate"' (Microsoft.AspNetCore.Routing.EndpointMiddleware) (99874f2b)
2020-10-19T01:00:46.2494068+02:00 [INF] Request finished in 0.7512ms 200 application/json (Microsoft.AspNetCore.Hosting.Diagnostics) (791a596a)
2020-10-19T01:00:46.2551458+02:00 [INF] Request starting HTTP/1.1 GET https://localhost:5055/_blazor?id=Tlvp_ZphR9l6_abffl4X1g   (Microsoft.AspNetCore.Hosting.Diagnostics) (ca22a1cb)
2020-10-19T01:00:46.2552787+02:00 [INF] Executing endpoint '"/_blazor"' (Microsoft.AspNetCore.Routing.EndpointMiddleware) (500cc934)
2020-10-19T01:00:46.2682701+02:00 [INF] Running SetupSession (SiteSelector.Domain.SessionStart.ActorSessionStart) (7e9ff657)
2020-10-19T01:00:46.2703624+02:00 [INF] Found galaxy-client in configuration: "Galaxy Systemvælger" (SiteSelector.Domain.Persist.ReadConfigXml) (88c8e810)
2020-10-19T01:00:46.2704356+02:00 [INF] @GetDaletServiceIsInstalled, looking for service: "DaletService" (SiteSelector.Domain.SessionStart.CheckEnvironment) (bb0ef24c)
2020-10-19T01:00:46.2707576+02:00 [INF] Found service "DaletService" in state: StartService (SiteSelector.Domain.Services.ServiceHandler) (d73723f9)
2020-10-19T01:00:46.2708225+02:00 [INF] @GetDaletServiceIsInstalled, found service "DaletService": True (SiteSelector.Domain.SessionStart.CheckEnvironment) (10d3e8ac)
2020-10-19T01:00:46.2736193+02:00 [INF] Could not detect "DaletGalaxy". (SiteSelector.Domain.Processes.ProcessHandler) (37043ae9)
2020-10-19T01:00:46.2736674+02:00 [INF] Detected "DaletGalaxy" running on client:False (SiteSelector.Domain.Processes.ProcessHandler) (92f7db5d)
2020-10-19T01:00:46.2945669+02:00 [INF] Request starting HTTP/2 GET https://localhost:5055/css/open-iconic/font/fonts/open-iconic.woff   (Microsoft.AspNetCore.Hosting.Diagnostics) (ca22a1cb)
2020-10-19T01:00:46.2952356+02:00 [INF] Sending file. Request path: '"/css/open-iconic/font/fonts/open-iconic.woff"'. Physical path: '"C:\ProgramData\GalaxySiteSelector\wwwroot\css\open-iconic\font\fonts\open-iconic.woff"' (Microsoft.AspNetCore.StaticFiles.StaticFileMiddleware) (27b0a520)
2020-10-19T01:00:46.2953158+02:00 [INF] Request finished in 0.7765ms 200 application/font-woff (Microsoft.AspNetCore.Hosting.Diagnostics) (791a596a)
2020-10-19T01:00:46.3472362+02:00 [INF] DetectGalaxyRunning - Galaxy is running: False (SiteSelector.Domain.SessionStart.CheckEnvironment) (fd1e0f1e)
2020-10-19T01:00:46.4602861+02:00 [INF] Found user "w-efl", is allowed to see test-sites: True (SiteSelector.Domain.SessionStart.CheckEnvironment) (7a41e528)
2020-10-19T01:00:46.4603215+02:00 [INF] Test-sites should be included in site-listing: True (SiteSelector.Domain.SessionStart.CheckEnvironment) (375b5f05)
2020-10-19T01:00:46.4606864+02:00 [INF] Found local SiteSelector.xml at "C:\ProgramData\GalaxySiteSelector\SiteSelector.xml" (SiteSelector.Domain.SessionStart.UpdateLocalSiteSelectorXml) (926e481e)
2020-10-19T01:00:46.4657586+02:00 [INF] Found "\\dalet1\DpShare\SiteSelector\config\SiteSelector.xml": True (SiteSelector.Domain.SessionStart.UpdateLocalSiteSelectorXml) (43bd9e6d)
2020-10-19T01:00:46.4661613+02:00 [INF] Local SiteSelector.xml was detected: True (SiteSelector.Domain.SessionStart.UpdateLocalSiteSelectorXml) (0845ccfd)
2020-10-19T01:00:46.4661831+02:00 [INF] Local SiteSelector.xml was updated from "\\dalet1\DpShare\SiteSelector\config\SiteSelector.xml": False (SiteSelector.Domain.SessionStart.UpdateLocalSiteSelectorXml) (40a93371)
2020-10-19T01:00:46.4666792+02:00 [INF] Found 6 galaxy-sites in sites-list. (SiteSelector.Domain.Persist.ReadConfigXml) (ee6a3325)
2020-10-19T01:00:46.4671062+02:00 [INF] Succesfully read file: "C:\ProgramData\DaletPlusData\config.ini" (SiteSelector.Domain.SessionStart.HandleConfigIni) (70338fcf)
2020-10-19T01:00:46.4674086+02:00 [INF] Succesfully read file: "C:\ProgramData\DaletPlusData\config.ini" (SiteSelector.Domain.SessionStart.HandleConfigIni) (70338fcf)
2020-10-19T01:00:46.4674665+02:00 [INF] Completed SetupSession (SiteSelector.Domain.SessionStart.ActorSessionStart) (f17818b2)
2020-10-19T01:00:46.4674878+02:00 [INF] DaletService exists on client: True (SiteSelector.Pages.MainPage.MainComponent) (ac368e96)
2020-10-19T01:00:46.4677145+02:00 [INF] UI found current site: True (SiteSelector.Pages.MainPage.SitesListComponent) (8d1f5b96)
2020-10-19T01:00:51.5588114+02:00 [INF] Request starting HTTP/2 POST https://localhost:5055/_blazor/disconnect multipart/form-data; boundary=---------------------------7e422b334067a 363 (Microsoft.AspNetCore.Hosting.Diagnostics) (ca22a1cb)
2020-10-19T01:00:51.5591587+02:00 [INF] Executing endpoint '"Blazor disconnect"' (Microsoft.AspNetCore.Routing.EndpointMiddleware) (500cc934)
2020-10-19T01:00:51.5604697+02:00 [INF] Disposing now (SiteSelector.Pages.MainPage.MainComponent) (7c5e0a46)
2020-10-19T01:00:51.5605281+02:00 [INF] Unsubscribed to all events. (SiteSelector.Pages.MainPage.MainComponent) (8a173910)
2020-10-19T01:00:51.5605869+02:00 [INF] Disposing now (SiteSelector.Pages.MainPage.SitesListComponent) (7c5e0a46)
2020-10-19T01:00:51.5607589+02:00 [INF] Executed endpoint '"Blazor disconnect"' (Microsoft.AspNetCore.Routing.EndpointMiddleware) (99874f2b)
2020-10-19T01:00:51.5610873+02:00 [INF] Request finished in 2.2967ms 200  (Microsoft.AspNetCore.Hosting.Diagnostics) (791a596a)
2020-10-19T01:00:51.6219487+02:00 [INF] Executed endpoint '"/_blazor"' (Microsoft.AspNetCore.Routing.EndpointMiddleware) (99874f2b)
2020-10-19T01:00:51.6221085+02:00 [INF] Request finished in 5366.9133ms 101  (Microsoft.AspNetCore.Hosting.Diagnostics) (791a596a)
