2020-12-09T09:53:00.1449698+01:00 [INF] "GalaxySiteSelector" - service version: "0.9.5.5", library version: "0.9.5.9" - machinename: "AX86505" (SiteSelector.Program) (b27fd4b2)
2020-12-09T09:53:00.1943622+01:00 [INF] User profile is available. Using '"C:\WINDOWS\system32\config\systemprofile\AppData\Local\ASP.NET\DataProtection-Keys"' as key repository and Windows DPAPI to encrypt keys at rest. (Microsoft.AspNetCore.DataProtection.KeyManagement.XmlKeyManager) (7ac5e29c)
2020-12-09T09:53:00.6299176+01:00 [INF] Now listening on: "https://[::]:5055" (Microsoft.Hosting.Lifetime) (d826f4b8)
2020-12-09T09:53:00.6300630+01:00 [INF] Application started. Hosting environment: "Production"; Content root path: "C:\ProgramData\GalaxySiteSelector" (Microsoft.Hosting.Lifetime) (9029d6f8)
2020-12-09T09:55:13.1447039+01:00 [INF] Request starting HTTP/2 GET https://localhost:5055/SiteSelector   (Microsoft.AspNetCore.Hosting.Diagnostics) (ca22a1cb)
2020-12-09T09:55:13.2006701+01:00 [INF] Executing endpoint '"/_Host"' (Microsoft.AspNetCore.Routing.EndpointMiddleware) (500cc934)
2020-12-09T09:55:13.2531884+01:00 [INF] Route matched with "{page = \"/_Host\", action = \"\", controller = \"\"}". Executing page "/_Host" (Microsoft.AspNetCore.Mvc.RazorPages.Infrastructure.PageActionInvoker) (547e620f)
2020-12-09T09:55:13.2765280+01:00 [INF] Executing an implicit handler method - ModelState is Valid (Microsoft.AspNetCore.Mvc.RazorPages.Infrastructure.PageActionInvoker) (232a55d1)
2020-12-09T09:55:13.2768853+01:00 [INF] Executed an implicit handler method, returned result "Microsoft.AspNetCore.Mvc.RazorPages.PageResult". (Microsoft.AspNetCore.Mvc.RazorPages.Infrastructure.PageActionInvoker) (f857da66)
2020-12-09T09:55:13.3959472+01:00 [INF] Request starting HTTP/2 GET https://localhost:5055/_framework/blazor.server.js   (Microsoft.AspNetCore.Hosting.Diagnostics) (ca22a1cb)
2020-12-09T09:55:13.3959518+01:00 [INF] Request starting HTTP/2 GET https://localhost:5055/js/interop.js   (Microsoft.AspNetCore.Hosting.Diagnostics) (ca22a1cb)
2020-12-09T09:55:13.3959472+01:00 [INF] Request starting HTTP/2 GET https://localhost:5055/css/bootstrap/bootstrap.min.css   (Microsoft.AspNetCore.Hosting.Diagnostics) (ca22a1cb)
2020-12-09T09:55:13.3963376+01:00 [INF] Request starting HTTP/2 GET https://localhost:5055/css/site.css   (Microsoft.AspNetCore.Hosting.Diagnostics) (ca22a1cb)
2020-12-09T09:55:13.3973260+01:00 [INF] Executed page "/_Host" in 130.4616ms (Microsoft.AspNetCore.Mvc.RazorPages.Infrastructure.PageActionInvoker) (02e01280)
2020-12-09T09:55:13.3974996+01:00 [INF] Executed endpoint '"/_Host"' (Microsoft.AspNetCore.Routing.EndpointMiddleware) (99874f2b)
2020-12-09T09:55:13.4019054+01:00 [INF] Request finished in 262.2698ms 200 text/html; charset=utf-8 (Microsoft.AspNetCore.Hosting.Diagnostics) (791a596a)
2020-12-09T09:55:13.4288907+01:00 [INF] Sending file. Request path: '"/js/interop.js"'. Physical path: '"C:\ProgramData\GalaxySiteSelector\wwwroot\js\interop.js"' (Microsoft.AspNetCore.StaticFiles.StaticFileMiddleware) (27b0a520)
2020-12-09T09:55:13.4289793+01:00 [INF] Sending file. Request path: '"/css/site.css"'. Physical path: '"C:\ProgramData\GalaxySiteSelector\wwwroot\css\site.css"' (Microsoft.AspNetCore.StaticFiles.StaticFileMiddleware) (27b0a520)
2020-12-09T09:55:13.4326410+01:00 [INF] Sending file. Request path: '"/_framework/blazor.server.js"'. Physical path: '"N/A"' (Microsoft.AspNetCore.StaticFiles.StaticFileMiddleware) (27b0a520)
2020-12-09T09:55:13.4329134+01:00 [INF] Request finished in 36.9515ms 200 application/javascript (Microsoft.AspNetCore.Hosting.Diagnostics) (791a596a)
2020-12-09T09:55:13.4335002+01:00 [INF] Request finished in 37.1564ms 200 text/css (Microsoft.AspNetCore.Hosting.Diagnostics) (791a596a)
2020-12-09T09:55:13.4336669+01:00 [INF] Request finished in 37.786ms 200 application/javascript (Microsoft.AspNetCore.Hosting.Diagnostics) (791a596a)
2020-12-09T09:55:13.4379924+01:00 [INF] Sending file. Request path: '"/css/bootstrap/bootstrap.min.css"'. Physical path: '"C:\ProgramData\GalaxySiteSelector\wwwroot\css\bootstrap\bootstrap.min.css"' (Microsoft.AspNetCore.StaticFiles.StaticFileMiddleware) (27b0a520)
2020-12-09T09:55:13.4381665+01:00 [INF] Request finished in 42.2674ms 200 text/css (Microsoft.AspNetCore.Hosting.Diagnostics) (791a596a)
2020-12-09T09:55:13.4454710+01:00 [INF] Request starting HTTP/2 GET https://localhost:5055/css/open-iconic/font/css/open-iconic-bootstrap.min.css   (Microsoft.AspNetCore.Hosting.Diagnostics) (ca22a1cb)
2020-12-09T09:55:13.4476981+01:00 [INF] Sending file. Request path: '"/css/open-iconic/font/css/open-iconic-bootstrap.min.css"'. Physical path: '"C:\ProgramData\GalaxySiteSelector\wwwroot\css\open-iconic\font\css\open-iconic-bootstrap.min.css"' (Microsoft.AspNetCore.StaticFiles.StaticFileMiddleware) (27b0a520)
2020-12-09T09:55:13.4478644+01:00 [INF] Request finished in 2.4536ms 200 text/css (Microsoft.AspNetCore.Hosting.Diagnostics) (791a596a)
2020-12-09T09:55:13.5333948+01:00 [INF] Request starting HTTP/2 POST https://localhost:5055/_blazor/negotiate?negotiateVersion=1 text/plain;charset=UTF-8 0 (Microsoft.AspNetCore.Hosting.Diagnostics) (ca22a1cb)
2020-12-09T09:55:13.5360510+01:00 [INF] Executing endpoint '"/_blazor/negotiate"' (Microsoft.AspNetCore.Routing.EndpointMiddleware) (500cc934)
2020-12-09T09:55:13.5497785+01:00 [INF] Executed endpoint '"/_blazor/negotiate"' (Microsoft.AspNetCore.Routing.EndpointMiddleware) (99874f2b)
2020-12-09T09:55:13.5499165+01:00 [INF] Request finished in 16.6097ms 200 application/json (Microsoft.AspNetCore.Hosting.Diagnostics) (791a596a)
2020-12-09T09:55:13.5885139+01:00 [INF] Request starting HTTP/1.1 GET https://localhost:5055/_blazor?id=0bk_eqi4pMtZC-XFpIi9BA   (Microsoft.AspNetCore.Hosting.Diagnostics) (ca22a1cb)
2020-12-09T09:55:13.5889449+01:00 [INF] Executing endpoint '"/_blazor"' (Microsoft.AspNetCore.Routing.EndpointMiddleware) (500cc934)
2020-12-09T09:55:13.7400549+01:00 [INF] Running SetupSession (SiteSelector.Domain.SessionStart.ActorSessionStart) (7e9ff657)
2020-12-09T09:55:13.8486892+01:00 [INF] Found galaxy-client in configuration: "Galaxy Systemvælger" (SiteSelector.Domain.Persist.ReadConfigXml) (88c8e810)
2020-12-09T09:55:13.8512046+01:00 [INF] @GetDaletServiceIsInstalled, looking for service: "DaletService" (SiteSelector.Domain.SessionStart.CheckEnvironment) (bb0ef24c)
2020-12-09T09:55:13.8592809+01:00 [INF] Request starting HTTP/2 GET https://localhost:5055/css/open-iconic/font/fonts/open-iconic.woff   (Microsoft.AspNetCore.Hosting.Diagnostics) (ca22a1cb)
2020-12-09T09:55:13.8615000+01:00 [INF] Sending file. Request path: '"/css/open-iconic/font/fonts/open-iconic.woff"'. Physical path: '"C:\ProgramData\GalaxySiteSelector\wwwroot\css\open-iconic\font\fonts\open-iconic.woff"' (Microsoft.AspNetCore.StaticFiles.StaticFileMiddleware) (27b0a520)
2020-12-09T09:55:13.8616442+01:00 [INF] Request finished in 2.5059ms 200 application/font-woff (Microsoft.AspNetCore.Hosting.Diagnostics) (791a596a)
2020-12-09T09:55:14.8495121+01:00 [WRN] Couldn't find service: "DaletService" - "Service 'DaletService' was not found on computer '.'." (SiteSelector.Domain.Services.ServiceHandler) (69aa165d)
2020-12-09T09:55:14.8497613+01:00 [INF] @GetDaletServiceIsInstalled, found service "DaletService": False (SiteSelector.Domain.SessionStart.CheckEnvironment) (10d3e8ac)
2020-12-09T09:55:14.8589227+01:00 [INF] Could not detect "DaletGalaxy". (SiteSelector.Domain.Processes.ProcessHandler) (37043ae9)
2020-12-09T09:55:14.8590234+01:00 [INF] Detected "DaletGalaxy" running on client:False (SiteSelector.Domain.Processes.ProcessHandler) (92f7db5d)
2020-12-09T09:55:14.9524910+01:00 [INF] DetectGalaxyRunning - Galaxy is running: False (SiteSelector.Domain.SessionStart.CheckEnvironment) (fd1e0f1e)
2020-12-09T09:55:15.1512985+01:00 [INF] Found user "kamm", is allowed to see test-sites: False (SiteSelector.Domain.SessionStart.CheckEnvironment) (7a41e528)
2020-12-09T09:55:15.1513934+01:00 [INF] Test-sites should be included in site-listing: False (SiteSelector.Domain.SessionStart.CheckEnvironment) (375b5f05)
2020-12-09T09:55:15.1575470+01:00 [INF] Found local SiteSelector.xml at "C:\ProgramData\GalaxySiteSelector\SiteSelector.xml" (SiteSelector.Domain.SessionStart.UpdateLocalSiteSelectorXml) (926e481e)
2020-12-09T09:55:15.1609867+01:00 [INF] Found "\\dalet1\DpShare\SiteSelector\config\SiteSelector.xml": True (SiteSelector.Domain.SessionStart.UpdateLocalSiteSelectorXml) (43bd9e6d)
2020-12-09T09:55:15.1616527+01:00 [INF] Local SiteSelector.xml was detected: True (SiteSelector.Domain.SessionStart.UpdateLocalSiteSelectorXml) (0845ccfd)
2020-12-09T09:55:15.1617127+01:00 [INF] Local SiteSelector.xml was updated from "\\dalet1\DpShare\SiteSelector\config\SiteSelector.xml": False (SiteSelector.Domain.SessionStart.UpdateLocalSiteSelectorXml) (40a93371)
2020-12-09T09:55:15.1633588+01:00 [INF] Found 2 galaxy-sites in sites-list. (SiteSelector.Domain.Persist.ReadConfigXml) (ee6a3325)
2020-12-09T09:55:15.1682205+01:00 [INF] Succesfully read file: "C:\ProgramData\DaletPlusData\config.ini" (SiteSelector.Domain.SessionStart.HandleConfigIni) (70338fcf)
2020-12-09T09:55:15.1705501+01:00 [INF] Succesfully read file: "C:\ProgramData\DaletPlusData\config.ini" (SiteSelector.Domain.SessionStart.HandleConfigIni) (70338fcf)
2020-12-09T09:55:15.1711952+01:00 [WRN] IdentifyCurrentlyActiveSite - Could not detect current site from config.ini: "Sequence contains no elements" (SiteSelector.Domain.SessionStart.ActorSessionStart) (8e71ca71)
2020-12-09T09:55:15.1713168+01:00 [INF] Completed SetupSession (SiteSelector.Domain.SessionStart.ActorSessionStart) (f17818b2)
2020-12-09T09:55:15.1718597+01:00 [INF] DaletService exists on client: False (SiteSelector.Pages.MainPage.MainComponent) (ac368e96)
2020-12-09T09:55:16.3264489+01:00 [INF] Clicked it: DALG2 (SiteSelector.Pages.MainPage.SitesListComponent) (7faeb06a)
2020-12-09T09:55:17.9575866+01:00 [INF] User requested site: "DALG2", AsWinUser: True, Restart Service: False (SiteSelector.Pages.MainPage.SitesListComponent) (d8efe5db)
2020-12-09T09:55:17.9669856+01:00 [INF] Succesfully read file: "C:\ProgramData\DaletPlusData\config.ini" (SiteSelector.Domain.SessionStart.HandleConfigIni) (70338fcf)
2020-12-09T09:55:17.9682177+01:00 [INF] Succesfully read file: "C:\ProgramData\DaletPlusData\config.ini" (SiteSelector.Domain.SessionStart.HandleConfigIni) (70338fcf)
2020-12-09T09:55:17.9700193+01:00 [INF] Succesfully wrote file: "C:\ProgramData\DaletPlusData\config.ini" (SiteSelector.Domain.SessionStart.HandleConfigIni) (073e61d3)
2020-12-09T09:55:17.9701453+01:00 [INF] Succesfully updated config.ini to "DALG2APP11 DALG2APP12": True (SiteSelector.Domain.SessionRespond.UpdateConfigIni) (4d06f4d8)
2020-12-09T09:55:17.9721724+01:00 [INF] SendEvent: Message - Success - "Config.ini was updated successfully." - "(null)" (SiteSelector.Domain.SessionRespond.ActorSessionRespond) (a9efe48d)
2020-12-09T09:55:17.9729669+01:00 [INF] SendEvent: Message - Waiting - "Preparing to start Galaxy." - "(null)" (SiteSelector.Domain.SessionRespond.ActorSessionRespond) (a9efe48d)
2020-12-09T09:55:17.9802293+01:00 [INF] SessionID is : 0 (SiteSelector.Domain.Processes.ProcessHandler) (6c7ef343)
2020-12-09T09:55:18.0954997+01:00 [INF] Found owner: "NET\kamm" (SiteSelector.Domain.Processes.ProcessHandler) (22b07dda)
2020-12-09T09:55:18.0955602+01:00 [INF] Non-interactive session. Now starting Galaxy. (SiteSelector.Domain.Processes.ProcessHandler) (dc4b6270)
2020-12-09T09:55:18.0959933+01:00 [INF] StartProcessAsUser: args: "C:\Program Files\Dalet\DaletPlus\bin\DaletGalaxy.exe -A Trusted -S DALG2APP11" (SiteSelector.Domain.Processes.ProcessHandler) (aee9c874)
2020-12-09T09:55:18.1015653+01:00 [INF] @ApplicationLoaderHelper, got environment as current user: True (SiteSelector.Domain.Processes.ProcessHandler) (78894c7a)
2020-12-09T09:55:18.1016846+01:00 [INF] @ApplicationLoaderHelper, environment var: "ALLUSERSPROFILE": "C:\ProgramData" (SiteSelector.Domain.Processes.ProcessHandler) (1999c767)
2020-12-09T09:55:18.1017105+01:00 [INF] @ApplicationLoaderHelper, environment var: "APPDATA": "C:\Users\kamm\AppData\Roaming" (SiteSelector.Domain.Processes.ProcessHandler) (1999c767)
2020-12-09T09:55:18.1017338+01:00 [INF] @ApplicationLoaderHelper, environment var: "CommonProgramFiles": "C:\Program Files\Common Files" (SiteSelector.Domain.Processes.ProcessHandler) (1999c767)
2020-12-09T09:55:18.1017511+01:00 [INF] @ApplicationLoaderHelper, environment var: "CommonProgramFiles(x86)": "C:\Program Files (x86)\Common Files" (SiteSelector.Domain.Processes.ProcessHandler) (1999c767)
2020-12-09T09:55:18.1017710+01:00 [INF] @ApplicationLoaderHelper, environment var: "CommonProgramW6432": "C:\Program Files\Common Files" (SiteSelector.Domain.Processes.ProcessHandler) (1999c767)
2020-12-09T09:55:18.1017907+01:00 [INF] @ApplicationLoaderHelper, environment var: "COMPUTERNAME": "AX86505" (SiteSelector.Domain.Processes.ProcessHandler) (1999c767)
2020-12-09T09:55:18.1018078+01:00 [INF] @ApplicationLoaderHelper, environment var: "ComSpec": "C:\WINDOWS\system32\cmd.exe" (SiteSelector.Domain.Processes.ProcessHandler) (1999c767)
2020-12-09T09:55:18.1018316+01:00 [INF] @ApplicationLoaderHelper, environment var: "DriverData": "C:\Windows\System32\Drivers\DriverData" (SiteSelector.Domain.Processes.ProcessHandler) (1999c767)
2020-12-09T09:55:18.1018484+01:00 [INF] @ApplicationLoaderHelper, environment var: "HOMEDRIVE": "C:" (SiteSelector.Domain.Processes.ProcessHandler) (1999c767)
2020-12-09T09:55:18.1018680+01:00 [INF] @ApplicationLoaderHelper, environment var: "HOMEPATH": "\Users\kamm" (SiteSelector.Domain.Processes.ProcessHandler) (1999c767)
2020-12-09T09:55:18.1018841+01:00 [INF] @ApplicationLoaderHelper, environment var: "LOCALAPPDATA": "C:\Users\kamm\AppData\Local" (SiteSelector.Domain.Processes.ProcessHandler) (1999c767)
2020-12-09T09:55:18.1019030+01:00 [INF] @ApplicationLoaderHelper, environment var: "LOGONSERVER": "\\DC02" (SiteSelector.Domain.Processes.ProcessHandler) (1999c767)
2020-12-09T09:55:18.1019189+01:00 [INF] @ApplicationLoaderHelper, environment var: "NUMBER_OF_PROCESSORS": "8" (SiteSelector.Domain.Processes.ProcessHandler) (1999c767)
2020-12-09T09:55:18.1019379+01:00 [INF] @ApplicationLoaderHelper, environment var: "OneDrive": "C:\Users\kamm\OneDrive - DR" (SiteSelector.Domain.Processes.ProcessHandler) (1999c767)
2020-12-09T09:55:18.1019567+01:00 [INF] @ApplicationLoaderHelper, environment var: "OneDriveCommercial": "C:\Users\kamm\OneDrive - DR" (SiteSelector.Domain.Processes.ProcessHandler) (1999c767)
2020-12-09T09:55:18.1019729+01:00 [INF] @ApplicationLoaderHelper, environment var: "OS": "Windows_NT" (SiteSelector.Domain.Processes.ProcessHandler) (1999c767)
2020-12-09T09:55:18.1019939+01:00 [INF] @ApplicationLoaderHelper, environment var: "Path": "C:\Prog32\Oracle\Ora11GR2\bin\;C:\ProgramData\Oracle\Java\javapath;C:\WINDOWS\system32;C:\WINDOWS;C:\WINDOWS\System32\Wbem;C:\WINDOWS\System32\WindowsPowerShell\v1.0\;C:\WINDOWS\System32\OpenSSH\;C:\Users\kamm\AppData\Local\Microsoft\WindowsApps" (SiteSelector.Domain.Processes.ProcessHandler) (1999c767)
2020-12-09T09:55:18.1020141+01:00 [INF] @ApplicationLoaderHelper, environment var: "PATHEXT": ".COM;.EXE;.BAT;.CMD;.VBS;.VBE;.JS;.JSE;.WSF;.WSH;.MSC" (SiteSelector.Domain.Processes.ProcessHandler) (1999c767)
2020-12-09T09:55:18.1020302+01:00 [INF] @ApplicationLoaderHelper, environment var: "PROCESSOR_ARCHITECTURE": "AMD64" (SiteSelector.Domain.Processes.ProcessHandler) (1999c767)
2020-12-09T09:55:18.1020498+01:00 [INF] @ApplicationLoaderHelper, environment var: "PROCESSOR_IDENTIFIER": "Intel64 Family 6 Model 142 Stepping 12, GenuineIntel" (SiteSelector.Domain.Processes.ProcessHandler) (1999c767)
2020-12-09T09:55:18.1020708+01:00 [INF] @ApplicationLoaderHelper, environment var: "PROCESSOR_LEVEL": "6" (SiteSelector.Domain.Processes.ProcessHandler) (1999c767)
2020-12-09T09:55:18.1020875+01:00 [INF] @ApplicationLoaderHelper, environment var: "PROCESSOR_REVISION": "8e0c" (SiteSelector.Domain.Processes.ProcessHandler) (1999c767)
2020-12-09T09:55:18.1021071+01:00 [INF] @ApplicationLoaderHelper, environment var: "ProgramData": "C:\ProgramData" (SiteSelector.Domain.Processes.ProcessHandler) (1999c767)
2020-12-09T09:55:18.1021235+01:00 [INF] @ApplicationLoaderHelper, environment var: "ProgramFiles": "C:\Program Files" (SiteSelector.Domain.Processes.ProcessHandler) (1999c767)
2020-12-09T09:55:18.1021425+01:00 [INF] @ApplicationLoaderHelper, environment var: "ProgramFiles(x86)": "C:\Program Files (x86)" (SiteSelector.Domain.Processes.ProcessHandler) (1999c767)
2020-12-09T09:55:18.1021584+01:00 [INF] @ApplicationLoaderHelper, environment var: "ProgramW6432": "C:\Program Files" (SiteSelector.Domain.Processes.ProcessHandler) (1999c767)
2020-12-09T09:55:18.1021792+01:00 [INF] @ApplicationLoaderHelper, environment var: "PSModulePath": "%ProgramFiles%\WindowsPowerShell\Modules;C:\WINDOWS\system32\WindowsPowerShell\v1.0\Modules" (SiteSelector.Domain.Processes.ProcessHandler) (1999c767)
2020-12-09T09:55:18.1021986+01:00 [INF] @ApplicationLoaderHelper, environment var: "PUBLIC": "C:\Users\Public" (SiteSelector.Domain.Processes.ProcessHandler) (1999c767)
2020-12-09T09:55:18.1022152+01:00 [INF] @ApplicationLoaderHelper, environment var: "SystemDrive": "C:" (SiteSelector.Domain.Processes.ProcessHandler) (1999c767)
2020-12-09T09:55:18.1022339+01:00 [INF] @ApplicationLoaderHelper, environment var: "SystemRoot": "C:\WINDOWS" (SiteSelector.Domain.Processes.ProcessHandler) (1999c767)
2020-12-09T09:55:18.1022502+01:00 [INF] @ApplicationLoaderHelper, environment var: "TEMP": "C:\Users\kamm\AppData\Local\Temp" (SiteSelector.Domain.Processes.ProcessHandler) (1999c767)
2020-12-09T09:55:18.1022693+01:00 [INF] @ApplicationLoaderHelper, environment var: "TMP": "C:\Users\kamm\AppData\Local\Temp" (SiteSelector.Domain.Processes.ProcessHandler) (1999c767)
2020-12-09T09:55:18.1022856+01:00 [INF] @ApplicationLoaderHelper, environment var: "UATDATA": "C:\WINDOWS\CCM\UATData\D9F8C395-CAB8-491d-B8AC-179A1FE1BE77" (SiteSelector.Domain.Processes.ProcessHandler) (1999c767)
2020-12-09T09:55:18.1023049+01:00 [INF] @ApplicationLoaderHelper, environment var: "USERDNSDOMAIN": "NET.DR.DK" (SiteSelector.Domain.Processes.ProcessHandler) (1999c767)
2020-12-09T09:55:18.1023209+01:00 [INF] @ApplicationLoaderHelper, environment var: "USERDOMAIN": "NET" (SiteSelector.Domain.Processes.ProcessHandler) (1999c767)
2020-12-09T09:55:18.1023424+01:00 [INF] @ApplicationLoaderHelper, environment var: "USERDOMAIN_ROAMINGPROFILE": "NET" (SiteSelector.Domain.Processes.ProcessHandler) (1999c767)
2020-12-09T09:55:18.1023586+01:00 [INF] @ApplicationLoaderHelper, environment var: "USERNAME": "kamm" (SiteSelector.Domain.Processes.ProcessHandler) (1999c767)
2020-12-09T09:55:18.1023782+01:00 [INF] @ApplicationLoaderHelper, environment var: "USERPROFILE": "C:\Users\kamm" (SiteSelector.Domain.Processes.ProcessHandler) (1999c767)
2020-12-09T09:55:18.1023978+01:00 [INF] @ApplicationLoaderHelper, environment var: "windir": "C:\WINDOWS" (SiteSelector.Domain.Processes.ProcessHandler) (1999c767)
2020-12-09T09:55:18.2173549+01:00 [INF] @ApplicationLoaderHelper, started process "C:\Program Files\Dalet\DaletPlus\bin\DaletGalaxy.exe -A Trusted -S DALG2APP11", PID: 2520 (SiteSelector.Domain.Processes.ProcessHandler) (cb3dba52)
2020-12-09T09:55:18.2182754+01:00 [INF] StartProcessAsUser - Started process: 2520 (SiteSelector.Domain.Processes.ProcessHandler) (018bf248)
2020-12-09T09:55:18.2183784+01:00 [INF] StartProcessEnvironmentAware. Process "C:\Program Files\Dalet\DaletPlus\bin\DaletGalaxy.exe" has been invoked. (SiteSelector.Domain.Processes.ProcessHandler) (f0f71640)
2020-12-09T09:55:18.2184645+01:00 [INF] StartGalaxy - started Dalet Galaxy: True (SiteSelector.Domain.SessionRespond.Launcher) (bddbbfc5)
2020-12-09T09:55:18.2188621+01:00 [INF] Now Switching to site "DALG2" (SiteSelector.Pages.MainPage.MainComponent) (105e6a29)
2020-12-09T09:55:18.2240452+01:00 [INF] SendEvent: StartGalaxy - Success - "Successfully started Galaxy" - "DALG2" (SiteSelector.Domain.SessionRespond.ActorSessionRespond) (a9efe48d)
2020-12-09T09:55:18.2241378+01:00 [INF] Successfully started Dalet Galaxy. (SiteSelector.Domain.SessionRespond.ActorSessionRespond) (df2d65df)
2020-12-09T09:55:18.2696421+01:00 [INF] Successfully build configuration (SiteSelector.Domain.Persist.PersistAppSettings) (34a2c1a5)
2020-12-09T09:55:18.2768606+01:00 [INF] Disposing now (SiteSelector.Pages.MainPage.MainComponent) (7c5e0a46)
2020-12-09T09:55:18.2770167+01:00 [INF] Unsubscribed to all events. (SiteSelector.Pages.MainPage.MainComponent) (8a173910)
2020-12-09T09:55:18.2772891+01:00 [INF] Disposing now (SiteSelector.Pages.MainPage.SitesListComponent) (7c5e0a46)
2020-12-09T09:55:18.2784441+01:00 [INF] Successfully updated configuration to appsettings.json (SiteSelector.Domain.Persist.PersistAppSettings) (de26bb35)
2020-12-09T09:55:18.2801127+01:00 [INF] Galaxy was started: True (SiteSelector.Pages.MainPage.SitesListComponent) (86cbc7be)
2020-12-09T09:55:21.2254064+01:00 [INF] Request starting HTTP/2 POST https://localhost:5055/_blazor/disconnect multipart/form-data; boundary=---------------------------7e4dd1510288 361 (Microsoft.AspNetCore.Hosting.Diagnostics) (ca22a1cb)
2020-12-09T09:55:21.2285303+01:00 [INF] Executing endpoint '"Blazor disconnect"' (Microsoft.AspNetCore.Routing.EndpointMiddleware) (500cc934)
2020-12-09T09:55:21.2298998+01:00 [INF] Closed current browser-window (MS Edge only). (SiteSelector.Pages.MainPage.MainComponent) (023c2a79)
2020-12-09T09:55:21.2318393+01:00 [INF] Request starting HTTP/2 GET https://localhost:5055/html/SwitchComplete.html   (Microsoft.AspNetCore.Hosting.Diagnostics) (ca22a1cb)
2020-12-09T09:55:21.2335203+01:00 [INF] Sending file. Request path: '"/html/SwitchComplete.html"'. Physical path: '"C:\ProgramData\GalaxySiteSelector\wwwroot\html\SwitchComplete.html"' (Microsoft.AspNetCore.StaticFiles.StaticFileMiddleware) (27b0a520)
2020-12-09T09:55:21.2339109+01:00 [INF] Request finished in 2.2224ms 200 text/html (Microsoft.AspNetCore.Hosting.Diagnostics) (791a596a)
2020-12-09T09:55:21.2572575+01:00 [INF] Executed endpoint '"Blazor disconnect"' (Microsoft.AspNetCore.Routing.EndpointMiddleware) (99874f2b)
2020-12-09T09:55:21.2574726+01:00 [INF] Request finished in 32.4706ms 200  (Microsoft.AspNetCore.Hosting.Diagnostics) (791a596a)
2020-12-09T09:55:21.2710954+01:00 [INF] Executed endpoint '"/_blazor"' (Microsoft.AspNetCore.Routing.EndpointMiddleware) (99874f2b)
2020-12-09T09:55:21.2712956+01:00 [INF] Request finished in 7682.8374ms 101  (Microsoft.AspNetCore.Hosting.Diagnostics) (791a596a)
2020-12-09T13:06:23.1768171+01:00 [INF] "GalaxySiteSelector" - service version: "0.9.5.5", library version: "0.9.5.9" - machinename: "AX86505" (SiteSelector.Program) (b27fd4b2)
2020-12-09T13:06:23.2693932+01:00 [INF] User profile is available. Using '"C:\WINDOWS\system32\config\systemprofile\AppData\Local\ASP.NET\DataProtection-Keys"' as key repository and Windows DPAPI to encrypt keys at rest. (Microsoft.AspNetCore.DataProtection.KeyManagement.XmlKeyManager) (7ac5e29c)
2020-12-09T13:06:24.2298141+01:00 [INF] Now listening on: "https://[::]:5055" (Microsoft.Hosting.Lifetime) (d826f4b8)
2020-12-09T13:06:24.2301166+01:00 [INF] Application started. Hosting environment: "Production"; Content root path: "C:\ProgramData\GalaxySiteSelector" (Microsoft.Hosting.Lifetime) (9029d6f8)
