2020-09-19T00:02:53.8275266+02:00 [INF] "GalaxySiteSelector" - service version: "0.9.5.1", library version: "0.9.5.6" - machinename: "JAKOB-LAPTOP" (SiteSelector.Program) (b27fd4b2)
2020-09-19T00:02:54.0238923+02:00 [INF] User profile is available. Using '"C:\Users\jakob\AppData\Local\ASP.NET\DataProtection-Keys"' as key repository and Windows DPAPI to encrypt keys at rest. (Microsoft.AspNetCore.DataProtection.KeyManagement.XmlKeyManager) (7ac5e29c)
2020-09-19T00:02:54.7223503+02:00 [INF] Now listening on: "https://[::]:5055" (Microsoft.Hosting.Lifetime) (d826f4b8)
2020-09-19T00:02:54.7300603+02:00 [INF] Application started. Press Ctrl+C to shut down. (Microsoft.Hosting.Lifetime) (dcaefe54)
2020-09-19T00:02:54.7322096+02:00 [INF] Hosting environment: "Development" (Microsoft.Hosting.Lifetime) (c3307c92)
2020-09-19T00:02:54.7347106+02:00 [INF] Content root path: "C:\ProgramData\GalaxySiteSelector" (Microsoft.Hosting.Lifetime) (b5d60022)
2020-09-19T00:03:02.5465453+02:00 [INF] Request starting HTTP/2 GET https://localhost:5055/SiteSelector   (Microsoft.AspNetCore.Hosting.Diagnostics) (ca22a1cb)
2020-09-19T00:03:02.6509496+02:00 [INF] Executing endpoint '"/_Host"' (Microsoft.AspNetCore.Routing.EndpointMiddleware) (500cc934)
2020-09-19T00:03:02.7588073+02:00 [INF] Route matched with "{page = \"/_Host\", action = \"\", controller = \"\"}". Executing page "/_Host" (Microsoft.AspNetCore.Mvc.RazorPages.Infrastructure.PageActionInvoker) (547e620f)
2020-09-19T00:03:02.7984047+02:00 [INF] Executing an implicit handler method - ModelState is Valid (Microsoft.AspNetCore.Mvc.RazorPages.Infrastructure.PageActionInvoker) (232a55d1)
2020-09-19T00:03:02.7990448+02:00 [INF] Executed an implicit handler method, returned result "Microsoft.AspNetCore.Mvc.RazorPages.PageResult". (Microsoft.AspNetCore.Mvc.RazorPages.Infrastructure.PageActionInvoker) (f857da66)
2020-09-19T00:03:02.9927614+02:00 [INF] Request starting HTTP/2 POST https://localhost:5055/_blazor/disconnect multipart/form-data; boundary=----WebKitFormBoundaryPTe8BdBJSZuiEkOK 359 (Microsoft.AspNetCore.Hosting.Diagnostics) (ca22a1cb)
2020-09-19T00:03:03.0000671+02:00 [INF] Request starting HTTP/2 GET https://localhost:5055/css/bootstrap/bootstrap.min.css   (Microsoft.AspNetCore.Hosting.Diagnostics) (ca22a1cb)
2020-09-19T00:03:03.0000605+02:00 [INF] Request starting HTTP/2 GET https://localhost:5055/css/site.css   (Microsoft.AspNetCore.Hosting.Diagnostics) (ca22a1cb)
2020-09-19T00:03:03.0436621+02:00 [INF] Executing endpoint '"Blazor disconnect"' (Microsoft.AspNetCore.Routing.EndpointMiddleware) (500cc934)
2020-09-19T00:03:03.0437342+02:00 [INF] Executed page "/_Host" in 199.2312ms (Microsoft.AspNetCore.Mvc.RazorPages.Infrastructure.PageActionInvoker) (02e01280)
2020-09-19T00:03:03.0449536+02:00 [INF] Request starting HTTP/2 GET https://localhost:5055/_framework/blazor.server.js   (Microsoft.AspNetCore.Hosting.Diagnostics) (ca22a1cb)
2020-09-19T00:03:03.0449595+02:00 [INF] Request starting HTTP/2 GET https://localhost:5055/js/interop.js   (Microsoft.AspNetCore.Hosting.Diagnostics) (ca22a1cb)
2020-09-19T00:03:03.0597691+02:00 [INF] Executed endpoint '"/_Host"' (Microsoft.AspNetCore.Routing.EndpointMiddleware) (99874f2b)
2020-09-19T00:03:03.0691041+02:00 [INF] Request finished in 531.3033ms 200 text/html; charset=utf-8 (Microsoft.AspNetCore.Hosting.Diagnostics) (791a596a)
2020-09-19T00:03:03.0867603+02:00 [INF] The file "/css/site.css" was not modified (Microsoft.AspNetCore.StaticFiles.StaticFileMiddleware) (f1f8d725)
2020-09-19T00:03:03.0867603+02:00 [INF] The file "/js/interop.js" was not modified (Microsoft.AspNetCore.StaticFiles.StaticFileMiddleware) (f1f8d725)
2020-09-19T00:03:03.0869524+02:00 [INF] The file "/css/bootstrap/bootstrap.min.css" was not modified (Microsoft.AspNetCore.StaticFiles.StaticFileMiddleware) (f1f8d725)
2020-09-19T00:03:03.0871642+02:00 [INF] The file "/_framework/blazor.server.js" was not modified (Microsoft.AspNetCore.StaticFiles.StaticFileMiddleware) (f1f8d725)
2020-09-19T00:03:03.0905429+02:00 [INF] Request finished in 46.6711ms 304 application/javascript (Microsoft.AspNetCore.Hosting.Diagnostics) (791a596a)
2020-09-19T00:03:03.0905430+02:00 [INF] Request finished in 90.3928ms 304 text/css (Microsoft.AspNetCore.Hosting.Diagnostics) (791a596a)
2020-09-19T00:03:03.0905429+02:00 [INF] Request finished in 90.5145ms 304 text/css (Microsoft.AspNetCore.Hosting.Diagnostics) (791a596a)
2020-09-19T00:03:03.0905577+02:00 [INF] Request finished in 46.7131ms 304 application/javascript (Microsoft.AspNetCore.Hosting.Diagnostics) (791a596a)
2020-09-19T00:03:03.0990209+02:00 [INF] Request starting HTTP/2 GET https://localhost:5055/css/open-iconic/font/css/open-iconic-bootstrap.min.css   (Microsoft.AspNetCore.Hosting.Diagnostics) (ca22a1cb)
2020-09-19T00:03:03.0995587+02:00 [INF] The file "/css/open-iconic/font/css/open-iconic-bootstrap.min.css" was not modified (Microsoft.AspNetCore.StaticFiles.StaticFileMiddleware) (f1f8d725)
2020-09-19T00:03:03.0998117+02:00 [INF] Request finished in 1.0174ms 304 text/css (Microsoft.AspNetCore.Hosting.Diagnostics) (791a596a)
2020-09-19T00:03:03.1114175+02:00 [INF] Executed endpoint '"Blazor disconnect"' (Microsoft.AspNetCore.Routing.EndpointMiddleware) (99874f2b)
2020-09-19T00:03:03.1126070+02:00 [INF] Request finished in 119.8409ms 200  (Microsoft.AspNetCore.Hosting.Diagnostics) (791a596a)
2020-09-19T00:03:03.1159258+02:00 [INF] Request starting HTTP/2 POST https://localhost:5055/_blazor/negotiate?negotiateVersion=1 text/plain;charset=UTF-8 0 (Microsoft.AspNetCore.Hosting.Diagnostics) (ca22a1cb)
2020-09-19T00:03:03.1174672+02:00 [INF] Executing endpoint '"/_blazor/negotiate"' (Microsoft.AspNetCore.Routing.EndpointMiddleware) (500cc934)
2020-09-19T00:03:03.1241207+02:00 [INF] Request starting HTTP/2 GET https://localhost:5055/favicon.ico   (Microsoft.AspNetCore.Hosting.Diagnostics) (ca22a1cb)
2020-09-19T00:03:03.1339826+02:00 [INF] Executed endpoint '"/_blazor/negotiate"' (Microsoft.AspNetCore.Routing.EndpointMiddleware) (99874f2b)
2020-09-19T00:03:03.1342106+02:00 [INF] Request finished in 18.5781ms 200 application/json (Microsoft.AspNetCore.Hosting.Diagnostics) (791a596a)
2020-09-19T00:03:03.1538797+02:00 [INF] Request starting HTTP/1.1 GET https://localhost:5055/_blazor?id=hTkbzPTQM9q0l91KkbfRLw   (Microsoft.AspNetCore.Hosting.Diagnostics) (ca22a1cb)
2020-09-19T00:03:03.1551631+02:00 [INF] Executing endpoint '"/_blazor"' (Microsoft.AspNetCore.Routing.EndpointMiddleware) (500cc934)
2020-09-19T00:03:03.1677403+02:00 [INF] Sending file. Request path: '"/favicon.ico"'. Physical path: '"C:\ProgramData\GalaxySiteSelector\wwwroot\favicon.ico"' (Microsoft.AspNetCore.StaticFiles.StaticFileMiddleware) (27b0a520)
2020-09-19T00:03:03.1726650+02:00 [INF] Request finished in 48.7839ms 200 image/x-icon (Microsoft.AspNetCore.Hosting.Diagnostics) (791a596a)
2020-09-19T00:03:03.4552117+02:00 [INF] Running SetupSession (SiteSelector.Domain.SessionStart.ActorSessionStart) (7e9ff657)
2020-09-19T00:03:03.7576604+02:00 [INF] Found galaxy-client in configuration: "Galaxy Systemvælger" (SiteSelector.Domain.Persist.ReadConfigXml) (88c8e810)
2020-09-19T00:03:03.7661105+02:00 [INF] @GetDaletServiceIsInstalled, looking for service: "AdobeARMService" (SiteSelector.Domain.SessionStart.CheckEnvironment) (bb0ef24c)
2020-09-19T00:03:03.7920058+02:00 [INF] Found service "AdobeARMService" in state: StartService (SiteSelector.Domain.Services.ServiceHandler) (d73723f9)
2020-09-19T00:03:03.7971751+02:00 [INF] @GetDaletServiceIsInstalled, found service "AdobeARMService": True (SiteSelector.Domain.SessionStart.CheckEnvironment) (10d3e8ac)
2020-09-19T00:03:03.9048739+02:00 [INF] Could not detect "DaletGalaxy". (SiteSelector.Domain.Processes.ProcessHandler) (37043ae9)
2020-09-19T00:03:03.9090689+02:00 [INF] Detected "DaletGalaxy" running on client:False (SiteSelector.Domain.Processes.ProcessHandler) (92f7db5d)
2020-09-19T00:03:04.1707560+02:00 [INF] DetectGalaxyRunning - Galaxy is running: False (SiteSelector.Domain.SessionStart.CheckEnvironment) (fd1e0f1e)
2020-09-19T00:03:08.8874119+02:00 [INF] Failed to find user white-list file: "\\dalet1\DpShare\SiteSelector\TestSites\TestSites.txt" (SiteSelector.Domain.SessionStart.CheckEnvironment) (3824b741)
2020-09-19T00:03:08.9121803+02:00 [INF] Found local SiteSelector.xml at "C:\ProgramData\GalaxySiteSelector\SiteSelector.xml" (SiteSelector.Domain.SessionStart.UpdateLocalSiteSelectorXml) (926e481e)
2020-09-19T00:03:08.9203854+02:00 [INF] Found "\\dalet1\DpShare\SiteSelector\config\SiteSelector.xml": False (SiteSelector.Domain.SessionStart.UpdateLocalSiteSelectorXml) (43bd9e6d)
2020-09-19T00:03:08.9382805+02:00 [INF] Found 2 galaxy-sites in sites-list. (SiteSelector.Domain.Persist.ReadConfigXml) (ee6a3325)
2020-09-19T00:03:08.9589421+02:00 [INF] Succesfully read file: "C:\ProgramData\DaletPlusData\config.ini" (SiteSelector.Domain.SessionStart.HandleConfigIni) (70338fcf)
2020-09-19T00:03:08.9646082+02:00 [INF] Succesfully read file: "C:\ProgramData\DaletPlusData\config.ini" (SiteSelector.Domain.SessionStart.HandleConfigIni) (70338fcf)
2020-09-19T00:03:09.2005000+02:00 [WRN] Failed to find line with NameServer info in config.ini: "Sequence contains no elements"
"   at System.Linq.ThrowHelper.ThrowNoElementsException()
   at System.Linq.Enumerable.Single[TSource](IEnumerable`1 source)
   at SiteSelector.Domain.SessionStart.HandleConfigIni.GetCurrentNameServers(List`1 configIniAsLInes) in C:\GIT_REPOS\CSharp\GalaxySelector\src\SiteSelector.Domain\SessionStart\HandleConfigIni.cs:line 105" (SiteSelector.Domain.SessionStart.HandleConfigIni) (754b0860)
2020-09-19T00:03:09.3245882+02:00 [WRN] IdentifyCurrentlyActiveSite - Could not detect current site from config.ini: "Sequence contains no elements" (SiteSelector.Domain.SessionStart.ActorSessionStart) (8e71ca71)
2020-09-19T00:03:09.3281819+02:00 [INF] Completed SetupSession (SiteSelector.Domain.SessionStart.ActorSessionStart) (f17818b2)
2020-09-19T00:03:09.3319318+02:00 [INF] DaletService exists on client: True (SiteSelector.Pages.MainPage.MainComponent) (ac368e96)
2020-09-19T00:04:38.8184723+02:00 [INF] Request starting HTTP/2 POST https://localhost:5055/_blazor/negotiate?negotiateVersion=1 text/plain;charset=UTF-8 0 (Microsoft.AspNetCore.Hosting.Diagnostics) (ca22a1cb)
2020-09-19T00:04:38.8191728+02:00 [INF] Executing endpoint '"/_blazor/negotiate"' (Microsoft.AspNetCore.Routing.EndpointMiddleware) (500cc934)
2020-09-19T00:04:38.8215596+02:00 [INF] Executed endpoint '"/_blazor/negotiate"' (Microsoft.AspNetCore.Routing.EndpointMiddleware) (99874f2b)
2020-09-19T00:04:38.8219020+02:00 [INF] Request finished in 3.7048ms 200 application/json (Microsoft.AspNetCore.Hosting.Diagnostics) (791a596a)
2020-09-19T00:04:38.8269692+02:00 [INF] Request starting HTTP/2 POST https://localhost:5055/_blazor/negotiate?negotiateVersion=1 text/plain;charset=UTF-8 0 (Microsoft.AspNetCore.Hosting.Diagnostics) (ca22a1cb)
2020-09-19T00:04:38.8271258+02:00 [INF] Executing endpoint '"/_blazor/negotiate"' (Microsoft.AspNetCore.Routing.EndpointMiddleware) (500cc934)
2020-09-19T00:04:38.8275889+02:00 [INF] Executed endpoint '"/_blazor/negotiate"' (Microsoft.AspNetCore.Routing.EndpointMiddleware) (99874f2b)
2020-09-19T00:04:38.8277299+02:00 [INF] Request finished in 0.8291ms 200 application/json (Microsoft.AspNetCore.Hosting.Diagnostics) (791a596a)
2020-09-19T00:04:38.8476622+02:00 [INF] Request starting HTTP/1.1 GET https://localhost:5055/_blazor?id=1O9emAiPPRdUuARDA10TjA   (Microsoft.AspNetCore.Hosting.Diagnostics) (ca22a1cb)
2020-09-19T00:04:38.8479457+02:00 [INF] Executing endpoint '"/_blazor"' (Microsoft.AspNetCore.Routing.EndpointMiddleware) (500cc934)
2020-09-19T00:04:38.8738727+02:00 [INF] Executed endpoint '"/_blazor"' (Microsoft.AspNetCore.Routing.EndpointMiddleware) (99874f2b)
2020-09-19T00:04:38.8741845+02:00 [INF] Request finished in 95720.4211ms 101  (Microsoft.AspNetCore.Hosting.Diagnostics) (791a596a)
2020-09-19T00:09:56.6951229+02:00 [INF] "GalaxySiteSelector" - service version: "0.9.5.1", library version: "0.9.5.6" - machinename: "JAKOB-LAPTOP" (SiteSelector.Program) (b27fd4b2)
2020-09-19T00:09:56.8102327+02:00 [INF] User profile is available. Using '"C:\Users\jakob\AppData\Local\ASP.NET\DataProtection-Keys"' as key repository and Windows DPAPI to encrypt keys at rest. (Microsoft.AspNetCore.DataProtection.KeyManagement.XmlKeyManager) (7ac5e29c)
2020-09-19T00:09:57.6448340+02:00 [INF] Now listening on: "https://[::]:5055" (Microsoft.Hosting.Lifetime) (d826f4b8)
2020-09-19T00:09:57.6518373+02:00 [INF] Application started. Press Ctrl+C to shut down. (Microsoft.Hosting.Lifetime) (dcaefe54)
2020-09-19T00:09:57.6539589+02:00 [INF] Hosting environment: "Development" (Microsoft.Hosting.Lifetime) (c3307c92)
2020-09-19T00:09:57.6559808+02:00 [INF] Content root path: "C:\ProgramData\GalaxySiteSelector" (Microsoft.Hosting.Lifetime) (b5d60022)
2020-09-19T00:10:04.7415896+02:00 [INF] Request starting HTTP/2 GET https://localhost:5055/SiteSelector   (Microsoft.AspNetCore.Hosting.Diagnostics) (ca22a1cb)
2020-09-19T00:10:04.8586453+02:00 [INF] Executing endpoint '"/_Host"' (Microsoft.AspNetCore.Routing.EndpointMiddleware) (500cc934)
2020-09-19T00:10:04.9397460+02:00 [INF] Route matched with "{page = \"/_Host\", action = \"\", controller = \"\"}". Executing page "/_Host" (Microsoft.AspNetCore.Mvc.RazorPages.Infrastructure.PageActionInvoker) (547e620f)
2020-09-19T00:10:04.9743183+02:00 [INF] Executing an implicit handler method - ModelState is Valid (Microsoft.AspNetCore.Mvc.RazorPages.Infrastructure.PageActionInvoker) (232a55d1)
2020-09-19T00:10:04.9749042+02:00 [INF] Executed an implicit handler method, returned result "Microsoft.AspNetCore.Mvc.RazorPages.PageResult". (Microsoft.AspNetCore.Mvc.RazorPages.Infrastructure.PageActionInvoker) (f857da66)
2020-09-19T00:10:05.1172455+02:00 [INF] Executed page "/_Host" in 159.8066ms (Microsoft.AspNetCore.Mvc.RazorPages.Infrastructure.PageActionInvoker) (02e01280)
2020-09-19T00:10:05.1189347+02:00 [INF] Executed endpoint '"/_Host"' (Microsoft.AspNetCore.Routing.EndpointMiddleware) (99874f2b)
2020-09-19T00:10:05.1192073+02:00 [INF] Request starting HTTP/2 POST https://localhost:5055/_blazor/disconnect multipart/form-data; boundary=----WebKitFormBoundaryhsraZQUJ1Xcs0PkJ 359 (Microsoft.AspNetCore.Hosting.Diagnostics) (ca22a1cb)
2020-09-19T00:10:05.1220803+02:00 [INF] Executing endpoint '"Blazor disconnect"' (Microsoft.AspNetCore.Routing.EndpointMiddleware) (500cc934)
2020-09-19T00:10:05.1326353+02:00 [INF] Request starting HTTP/2 GET https://localhost:5055/css/bootstrap/bootstrap.min.css   (Microsoft.AspNetCore.Hosting.Diagnostics) (ca22a1cb)
2020-09-19T00:10:05.1368397+02:00 [INF] Request finished in 397.4126ms 200 text/html; charset=utf-8 (Microsoft.AspNetCore.Hosting.Diagnostics) (791a596a)
2020-09-19T00:10:05.1368712+02:00 [INF] Request starting HTTP/2 GET https://localhost:5055/css/site.css   (Microsoft.AspNetCore.Hosting.Diagnostics) (ca22a1cb)
2020-09-19T00:10:05.1378501+02:00 [INF] Request starting HTTP/2 GET https://localhost:5055/_framework/blazor.server.js   (Microsoft.AspNetCore.Hosting.Diagnostics) (ca22a1cb)
2020-09-19T00:10:05.1519040+02:00 [INF] Request starting HTTP/2 GET https://localhost:5055/js/interop.js   (Microsoft.AspNetCore.Hosting.Diagnostics) (ca22a1cb)
2020-09-19T00:10:05.1786619+02:00 [INF] The file "/js/interop.js" was not modified (Microsoft.AspNetCore.StaticFiles.StaticFileMiddleware) (f1f8d725)
2020-09-19T00:10:05.1786619+02:00 [INF] The file "/_framework/blazor.server.js" was not modified (Microsoft.AspNetCore.StaticFiles.StaticFileMiddleware) (f1f8d725)
2020-09-19T00:10:05.1789264+02:00 [INF] The file "/css/site.css" was not modified (Microsoft.AspNetCore.StaticFiles.StaticFileMiddleware) (f1f8d725)
2020-09-19T00:10:05.1791170+02:00 [INF] The file "/css/bootstrap/bootstrap.min.css" was not modified (Microsoft.AspNetCore.StaticFiles.StaticFileMiddleware) (f1f8d725)
2020-09-19T00:10:05.1814068+02:00 [INF] Request finished in 43.6209ms 304 application/javascript (Microsoft.AspNetCore.Hosting.Diagnostics) (791a596a)
2020-09-19T00:10:05.1814010+02:00 [INF] Request finished in 45.2826ms 304 text/css (Microsoft.AspNetCore.Hosting.Diagnostics) (791a596a)
2020-09-19T00:10:05.1817561+02:00 [INF] Request finished in 49.2349ms 304 text/css (Microsoft.AspNetCore.Hosting.Diagnostics) (791a596a)
2020-09-19T00:10:05.1819038+02:00 [INF] Request finished in 30.0213ms 304 application/javascript (Microsoft.AspNetCore.Hosting.Diagnostics) (791a596a)
2020-09-19T00:10:05.1900216+02:00 [INF] Request starting HTTP/2 GET https://localhost:5055/css/open-iconic/font/css/open-iconic-bootstrap.min.css   (Microsoft.AspNetCore.Hosting.Diagnostics) (ca22a1cb)
2020-09-19T00:10:05.1906687+02:00 [INF] The file "/css/open-iconic/font/css/open-iconic-bootstrap.min.css" was not modified (Microsoft.AspNetCore.StaticFiles.StaticFileMiddleware) (f1f8d725)
2020-09-19T00:10:05.1922566+02:00 [INF] Request finished in 2.1686ms 304 text/css (Microsoft.AspNetCore.Hosting.Diagnostics) (791a596a)
2020-09-19T00:10:05.2073204+02:00 [INF] Executed endpoint '"Blazor disconnect"' (Microsoft.AspNetCore.Routing.EndpointMiddleware) (99874f2b)
2020-09-19T00:10:05.2078320+02:00 [INF] Request finished in 89.0017ms 200  (Microsoft.AspNetCore.Hosting.Diagnostics) (791a596a)
2020-09-19T00:10:05.2114995+02:00 [INF] Request starting HTTP/2 POST https://localhost:5055/_blazor/negotiate?negotiateVersion=1 text/plain;charset=UTF-8 0 (Microsoft.AspNetCore.Hosting.Diagnostics) (ca22a1cb)
2020-09-19T00:10:05.2134421+02:00 [INF] Executing endpoint '"/_blazor/negotiate"' (Microsoft.AspNetCore.Routing.EndpointMiddleware) (500cc934)
2020-09-19T00:10:05.2202289+02:00 [INF] Request starting HTTP/2 GET https://localhost:5055/favicon.ico   (Microsoft.AspNetCore.Hosting.Diagnostics) (ca22a1cb)
2020-09-19T00:10:05.2316200+02:00 [INF] Executed endpoint '"/_blazor/negotiate"' (Microsoft.AspNetCore.Routing.EndpointMiddleware) (99874f2b)
2020-09-19T00:10:05.2318283+02:00 [INF] Request finished in 20.6064ms 200 application/json (Microsoft.AspNetCore.Hosting.Diagnostics) (791a596a)
2020-09-19T00:10:05.2534474+02:00 [INF] Request starting HTTP/1.1 GET https://localhost:5055/_blazor?id=IiWr2kuq3wEbvGIfjSDBfg   (Microsoft.AspNetCore.Hosting.Diagnostics) (ca22a1cb)
2020-09-19T00:10:05.2548844+02:00 [INF] Executing endpoint '"/_blazor"' (Microsoft.AspNetCore.Routing.EndpointMiddleware) (500cc934)
2020-09-19T00:10:05.2692172+02:00 [INF] Sending file. Request path: '"/favicon.ico"'. Physical path: '"C:\ProgramData\GalaxySiteSelector\wwwroot\favicon.ico"' (Microsoft.AspNetCore.StaticFiles.StaticFileMiddleware) (27b0a520)
2020-09-19T00:10:05.2744512+02:00 [INF] Request finished in 54.3753ms 200 image/x-icon (Microsoft.AspNetCore.Hosting.Diagnostics) (791a596a)
2020-09-19T00:10:05.4974324+02:00 [INF] Running SetupSession (SiteSelector.Domain.SessionStart.ActorSessionStart) (7e9ff657)
2020-09-19T00:10:05.7347960+02:00 [INF] Found galaxy-client in configuration: "Galaxy Systemvælger" (SiteSelector.Domain.Persist.ReadConfigXml) (88c8e810)
2020-09-19T00:10:05.7424056+02:00 [INF] @GetDaletServiceIsInstalled, looking for service: "AdobeARMService" (SiteSelector.Domain.SessionStart.CheckEnvironment) (bb0ef24c)
2020-09-19T00:10:05.7630418+02:00 [INF] Found service "AdobeARMService" in state: StartService (SiteSelector.Domain.Services.ServiceHandler) (d73723f9)
2020-09-19T00:10:05.7678209+02:00 [INF] @GetDaletServiceIsInstalled, found service "AdobeARMService": True (SiteSelector.Domain.SessionStart.CheckEnvironment) (10d3e8ac)
2020-09-19T00:10:05.8437370+02:00 [INF] Could not detect "DaletGalaxy". (SiteSelector.Domain.Processes.ProcessHandler) (37043ae9)
2020-09-19T00:10:05.8470595+02:00 [INF] Detected "DaletGalaxy" running on client:False (SiteSelector.Domain.Processes.ProcessHandler) (92f7db5d)
2020-09-19T00:10:06.0992946+02:00 [INF] DetectGalaxyRunning - Galaxy is running: False (SiteSelector.Domain.SessionStart.CheckEnvironment) (fd1e0f1e)
2020-09-19T00:10:10.9045064+02:00 [INF] Failed to find user white-list file: "\\dalet1\DpShare\SiteSelector\TestSites\TestSites.txt" (SiteSelector.Domain.SessionStart.CheckEnvironment) (3824b741)
2020-09-19T00:10:10.9568429+02:00 [INF] Found local SiteSelector.xml at "C:\ProgramData\GalaxySiteSelector\SiteSelector.xml" (SiteSelector.Domain.SessionStart.UpdateLocalSiteSelectorXml) (926e481e)
2020-09-19T00:10:10.9737567+02:00 [INF] Found "\\dalet1\DpShare\SiteSelector\config\SiteSelector.xml": False (SiteSelector.Domain.SessionStart.UpdateLocalSiteSelectorXml) (43bd9e6d)
2020-09-19T00:10:11.0097463+02:00 [INF] Found 2 galaxy-sites in sites-list. (SiteSelector.Domain.Persist.ReadConfigXml) (ee6a3325)
2020-09-19T00:10:11.0479078+02:00 [INF] Succesfully read file: "C:\ProgramData\DaletPlusData\config.ini" (SiteSelector.Domain.SessionStart.HandleConfigIni) (70338fcf)
2020-09-19T00:10:11.0596223+02:00 [INF] Succesfully read file: "C:\ProgramData\DaletPlusData\config.ini" (SiteSelector.Domain.SessionStart.HandleConfigIni) (70338fcf)
2020-09-19T00:10:11.4023456+02:00 [WRN] Failed to find line with NameServer info in config.ini: "Sequence contains no elements"
"   at System.Linq.ThrowHelper.ThrowNoElementsException()
   at System.Linq.Enumerable.Single[TSource](IEnumerable`1 source)
   at SiteSelector.Domain.SessionStart.HandleConfigIni.GetCurrentNameServers(List`1 configIniAsLInes) in C:\GIT_REPOS\CSharp\GalaxySelector\src\SiteSelector.Domain\SessionStart\HandleConfigIni.cs:line 105" (SiteSelector.Domain.SessionStart.HandleConfigIni) (754b0860)
2020-09-19T00:10:11.5176377+02:00 [WRN] IdentifyCurrentlyActiveSite - Could not detect current site from config.ini: "Sequence contains no elements" (SiteSelector.Domain.SessionStart.ActorSessionStart) (8e71ca71)
2020-09-19T00:10:11.5247201+02:00 [INF] Completed SetupSession (SiteSelector.Domain.SessionStart.ActorSessionStart) (f17818b2)
2020-09-19T00:10:11.5294532+02:00 [INF] DaletService exists on client: True (SiteSelector.Pages.MainPage.MainComponent) (ac368e96)
2020-09-19T00:10:30.3742713+02:00 [INF] Clicked it: DALG1 (SiteSelector.Pages.MainPage.SitesListComponent) (91c1548f)
2020-09-19T00:10:41.9123995+02:00 [INF] Clicked it: DALG2 (SiteSelector.Pages.MainPage.SitesListComponent) (7faeb06a)
2020-09-19T00:11:32.0177500+02:00 [INF] "GalaxySiteSelector" - service version: "0.9.5.1", library version: "0.9.5.6" - machinename: "JAKOB-LAPTOP" (SiteSelector.Program) (b27fd4b2)
2020-09-19T00:11:32.1365195+02:00 [INF] User profile is available. Using '"C:\Users\jakob\AppData\Local\ASP.NET\DataProtection-Keys"' as key repository and Windows DPAPI to encrypt keys at rest. (Microsoft.AspNetCore.DataProtection.KeyManagement.XmlKeyManager) (7ac5e29c)
2020-09-19T00:11:33.0166215+02:00 [INF] Now listening on: "https://[::]:5055" (Microsoft.Hosting.Lifetime) (d826f4b8)
2020-09-19T00:11:33.0261266+02:00 [INF] Application started. Press Ctrl+C to shut down. (Microsoft.Hosting.Lifetime) (dcaefe54)
2020-09-19T00:11:33.0287202+02:00 [INF] Hosting environment: "Development" (Microsoft.Hosting.Lifetime) (c3307c92)
2020-09-19T00:11:33.0309978+02:00 [INF] Content root path: "C:\ProgramData\GalaxySiteSelector" (Microsoft.Hosting.Lifetime) (b5d60022)
2020-09-19T00:11:35.2383161+02:00 [INF] Request starting HTTP/2 GET https://localhost:5055/SiteSelector   (Microsoft.AspNetCore.Hosting.Diagnostics) (ca22a1cb)
2020-09-19T00:11:35.2383161+02:00 [INF] Request starting HTTP/2 POST https://localhost:5055/_blazor/negotiate?negotiateVersion=1 text/plain;charset=UTF-8 0 (Microsoft.AspNetCore.Hosting.Diagnostics) (ca22a1cb)
2020-09-19T00:11:35.2951557+02:00 [INF] Executing endpoint '"/_Host"' (Microsoft.AspNetCore.Routing.EndpointMiddleware) (500cc934)
2020-09-19T00:11:35.2952416+02:00 [INF] Executing endpoint '"/_blazor/negotiate"' (Microsoft.AspNetCore.Routing.EndpointMiddleware) (500cc934)
2020-09-19T00:11:35.3368776+02:00 [INF] Executed endpoint '"/_blazor/negotiate"' (Microsoft.AspNetCore.Routing.EndpointMiddleware) (99874f2b)
2020-09-19T00:11:35.3413855+02:00 [INF] Request finished in 106.177ms 200 application/json (Microsoft.AspNetCore.Hosting.Diagnostics) (791a596a)
2020-09-19T00:11:35.3500130+02:00 [INF] Request starting HTTP/1.1 GET https://localhost:5055/_blazor?id=aMKkP9Otrg9qVfBImJCdUQ   (Microsoft.AspNetCore.Hosting.Diagnostics) (ca22a1cb)
2020-09-19T00:11:35.3523113+02:00 [INF] Executing endpoint '"/_blazor"' (Microsoft.AspNetCore.Routing.EndpointMiddleware) (500cc934)
2020-09-19T00:11:35.3762837+02:00 [INF] Route matched with "{page = \"/_Host\", action = \"\", controller = \"\"}". Executing page "/_Host" (Microsoft.AspNetCore.Mvc.RazorPages.Infrastructure.PageActionInvoker) (547e620f)
2020-09-19T00:11:35.4015987+02:00 [INF] Executing an implicit handler method - ModelState is Valid (Microsoft.AspNetCore.Mvc.RazorPages.Infrastructure.PageActionInvoker) (232a55d1)
2020-09-19T00:11:35.4018440+02:00 [INF] Executed an implicit handler method, returned result "Microsoft.AspNetCore.Mvc.RazorPages.PageResult". (Microsoft.AspNetCore.Mvc.RazorPages.Infrastructure.PageActionInvoker) (f857da66)
2020-09-19T00:11:35.5238220+02:00 [INF] Request starting HTTP/2 POST https://localhost:5055/_blazor/disconnect multipart/form-data; boundary=----WebKitFormBoundaryymuQ66pGL7AW0FNN 359 (Microsoft.AspNetCore.Hosting.Diagnostics) (ca22a1cb)
2020-09-19T00:11:35.5255434+02:00 [INF] Executing endpoint '"Blazor disconnect"' (Microsoft.AspNetCore.Routing.EndpointMiddleware) (500cc934)
2020-09-19T00:11:35.5404985+02:00 [INF] Request starting HTTP/2 GET https://localhost:5055/css/bootstrap/bootstrap.min.css   (Microsoft.AspNetCore.Hosting.Diagnostics) (ca22a1cb)
2020-09-19T00:11:35.5417294+02:00 [INF] Request starting HTTP/2 GET https://localhost:5055/js/interop.js   (Microsoft.AspNetCore.Hosting.Diagnostics) (ca22a1cb)
2020-09-19T00:11:35.5417294+02:00 [INF] Request starting HTTP/2 GET https://localhost:5055/css/site.css   (Microsoft.AspNetCore.Hosting.Diagnostics) (ca22a1cb)
2020-09-19T00:11:35.5419347+02:00 [INF] Request starting HTTP/2 GET https://localhost:5055/_framework/blazor.server.js   (Microsoft.AspNetCore.Hosting.Diagnostics) (ca22a1cb)
2020-09-19T00:11:35.5428529+02:00 [INF] Executed page "/_Host" in 137.1828ms (Microsoft.AspNetCore.Mvc.RazorPages.Infrastructure.PageActionInvoker) (02e01280)
2020-09-19T00:11:35.5429551+02:00 [INF] Executed endpoint '"/_Host"' (Microsoft.AspNetCore.Routing.EndpointMiddleware) (99874f2b)
2020-09-19T00:11:35.5466029+02:00 [INF] Request finished in 312.6304ms 200 text/html; charset=utf-8 (Microsoft.AspNetCore.Hosting.Diagnostics) (791a596a)
2020-09-19T00:11:35.5552708+02:00 [INF] The file "/js/interop.js" was not modified (Microsoft.AspNetCore.StaticFiles.StaticFileMiddleware) (f1f8d725)
2020-09-19T00:11:35.5552856+02:00 [INF] The file "/_framework/blazor.server.js" was not modified (Microsoft.AspNetCore.StaticFiles.StaticFileMiddleware) (f1f8d725)
2020-09-19T00:11:35.5555526+02:00 [INF] The file "/css/bootstrap/bootstrap.min.css" was not modified (Microsoft.AspNetCore.StaticFiles.StaticFileMiddleware) (f1f8d725)
2020-09-19T00:11:35.5559436+02:00 [INF] The file "/css/site.css" was not modified (Microsoft.AspNetCore.StaticFiles.StaticFileMiddleware) (f1f8d725)
2020-09-19T00:11:35.5586329+02:00 [INF] Request finished in 17.3512ms 304 application/javascript (Microsoft.AspNetCore.Hosting.Diagnostics) (791a596a)
2020-09-19T00:11:35.5586377+02:00 [INF] Request finished in 18.2886ms 304 text/css (Microsoft.AspNetCore.Hosting.Diagnostics) (791a596a)
2020-09-19T00:11:35.5586328+02:00 [INF] Request finished in 17.6453ms 304 text/css (Microsoft.AspNetCore.Hosting.Diagnostics) (791a596a)
2020-09-19T00:11:35.5587781+02:00 [INF] Request finished in 17.124ms 304 application/javascript (Microsoft.AspNetCore.Hosting.Diagnostics) (791a596a)
2020-09-19T00:11:35.5706843+02:00 [INF] Request starting HTTP/2 GET https://localhost:5055/css/open-iconic/font/css/open-iconic-bootstrap.min.css   (Microsoft.AspNetCore.Hosting.Diagnostics) (ca22a1cb)
2020-09-19T00:11:35.5711320+02:00 [INF] The file "/css/open-iconic/font/css/open-iconic-bootstrap.min.css" was not modified (Microsoft.AspNetCore.StaticFiles.StaticFileMiddleware) (f1f8d725)
2020-09-19T00:11:35.5714946+02:00 [INF] Request finished in 0.8181ms 304 text/css (Microsoft.AspNetCore.Hosting.Diagnostics) (791a596a)
2020-09-19T00:11:35.5767989+02:00 [INF] Executed endpoint '"Blazor disconnect"' (Microsoft.AspNetCore.Routing.EndpointMiddleware) (99874f2b)
2020-09-19T00:11:35.5770455+02:00 [INF] Request finished in 53.3104ms 200  (Microsoft.AspNetCore.Hosting.Diagnostics) (791a596a)
2020-09-19T00:11:35.5770455+02:00 [INF] Executed endpoint '"/_blazor"' (Microsoft.AspNetCore.Routing.EndpointMiddleware) (99874f2b)
2020-09-19T00:11:35.5772248+02:00 [INF] Request finished in 227.357ms 101  (Microsoft.AspNetCore.Hosting.Diagnostics) (791a596a)
2020-09-19T00:11:35.5827303+02:00 [INF] Request starting HTTP/2 POST https://localhost:5055/_blazor/negotiate?negotiateVersion=1 text/plain;charset=UTF-8 0 (Microsoft.AspNetCore.Hosting.Diagnostics) (ca22a1cb)
2020-09-19T00:11:35.5830336+02:00 [INF] Executing endpoint '"/_blazor/negotiate"' (Microsoft.AspNetCore.Routing.EndpointMiddleware) (500cc934)
2020-09-19T00:11:35.5837825+02:00 [INF] Executed endpoint '"/_blazor/negotiate"' (Microsoft.AspNetCore.Routing.EndpointMiddleware) (99874f2b)
2020-09-19T00:11:35.5842206+02:00 [INF] Request finished in 1.5451ms 200 application/json (Microsoft.AspNetCore.Hosting.Diagnostics) (791a596a)
2020-09-19T00:11:35.6020490+02:00 [INF] Request starting HTTP/2 GET https://localhost:5055/favicon.ico   (Microsoft.AspNetCore.Hosting.Diagnostics) (ca22a1cb)
2020-09-19T00:11:35.6026081+02:00 [INF] Request starting HTTP/1.1 GET https://localhost:5055/_blazor?id=-cBY8AjwpoBtineP_UmQkw   (Microsoft.AspNetCore.Hosting.Diagnostics) (ca22a1cb)
2020-09-19T00:11:35.6027573+02:00 [INF] Executing endpoint '"/_blazor"' (Microsoft.AspNetCore.Routing.EndpointMiddleware) (500cc934)
2020-09-19T00:11:35.6259900+02:00 [INF] Sending file. Request path: '"/favicon.ico"'. Physical path: '"C:\ProgramData\GalaxySiteSelector\wwwroot\favicon.ico"' (Microsoft.AspNetCore.StaticFiles.StaticFileMiddleware) (27b0a520)
2020-09-19T00:11:35.6262025+02:00 [INF] Request finished in 24.6506ms 200 image/x-icon (Microsoft.AspNetCore.Hosting.Diagnostics) (791a596a)
2020-09-19T00:11:35.7258729+02:00 [INF] Running SetupSession (SiteSelector.Domain.SessionStart.ActorSessionStart) (7e9ff657)
2020-09-19T00:11:35.9135204+02:00 [INF] Found galaxy-client in configuration: "Galaxy Systemvælger" (SiteSelector.Domain.Persist.ReadConfigXml) (88c8e810)
2020-09-19T00:11:35.9222065+02:00 [INF] @GetDaletServiceIsInstalled, looking for service: "AdobeARMService" (SiteSelector.Domain.SessionStart.CheckEnvironment) (bb0ef24c)
2020-09-19T00:11:35.9383864+02:00 [INF] Found service "AdobeARMService" in state: StartService (SiteSelector.Domain.Services.ServiceHandler) (d73723f9)
2020-09-19T00:11:35.9421832+02:00 [INF] @GetDaletServiceIsInstalled, found service "AdobeARMService": True (SiteSelector.Domain.SessionStart.CheckEnvironment) (10d3e8ac)
2020-09-19T00:11:36.0220925+02:00 [INF] Could not detect "DaletGalaxy". (SiteSelector.Domain.Processes.ProcessHandler) (37043ae9)
2020-09-19T00:11:36.0253916+02:00 [INF] Detected "DaletGalaxy" running on client:False (SiteSelector.Domain.Processes.ProcessHandler) (92f7db5d)
2020-09-19T00:11:36.1977020+02:00 [INF] DetectGalaxyRunning - Galaxy is running: False (SiteSelector.Domain.SessionStart.CheckEnvironment) (fd1e0f1e)
2020-09-19T00:11:40.8415007+02:00 [INF] Failed to find user white-list file: "\\dalet1\DpShare\SiteSelector\TestSites\TestSites.txt" (SiteSelector.Domain.SessionStart.CheckEnvironment) (3824b741)
2020-09-19T00:11:40.8580427+02:00 [INF] Found local SiteSelector.xml at "C:\ProgramData\GalaxySiteSelector\SiteSelector.xml" (SiteSelector.Domain.SessionStart.UpdateLocalSiteSelectorXml) (926e481e)
2020-09-19T00:11:40.8640205+02:00 [INF] Found "\\dalet1\DpShare\SiteSelector\config\SiteSelector.xml": False (SiteSelector.Domain.SessionStart.UpdateLocalSiteSelectorXml) (43bd9e6d)
2020-09-19T00:11:40.8761505+02:00 [INF] Found 2 galaxy-sites in sites-list. (SiteSelector.Domain.Persist.ReadConfigXml) (ee6a3325)
2020-09-19T00:11:40.8919444+02:00 [INF] Succesfully read file: "C:\ProgramData\DaletPlusData\config.ini" (SiteSelector.Domain.SessionStart.HandleConfigIni) (70338fcf)
2020-09-19T00:11:40.8967373+02:00 [INF] Succesfully read file: "C:\ProgramData\DaletPlusData\config.ini" (SiteSelector.Domain.SessionStart.HandleConfigIni) (70338fcf)
2020-09-19T00:11:41.0488917+02:00 [WRN] Failed to find line with NameServer info in config.ini: "Sequence contains no elements"
"   at System.Linq.ThrowHelper.ThrowNoElementsException()
   at System.Linq.Enumerable.Single[TSource](IEnumerable`1 source)
   at SiteSelector.Domain.SessionStart.HandleConfigIni.GetCurrentNameServers(List`1 configIniAsLInes) in C:\GIT_REPOS\CSharp\GalaxySelector\src\SiteSelector.Domain\SessionStart\HandleConfigIni.cs:line 105" (SiteSelector.Domain.SessionStart.HandleConfigIni) (754b0860)
2020-09-19T00:11:41.1176630+02:00 [WRN] IdentifyCurrentlyActiveSite - Could not detect current site from config.ini: "Sequence contains no elements" (SiteSelector.Domain.SessionStart.ActorSessionStart) (8e71ca71)
2020-09-19T00:11:41.1210304+02:00 [INF] Completed SetupSession (SiteSelector.Domain.SessionStart.ActorSessionStart) (f17818b2)
2020-09-19T00:11:41.1248954+02:00 [INF] DaletService exists on client: True (SiteSelector.Pages.MainPage.MainComponent) (ac368e96)
2020-09-19T00:11:54.3881481+02:00 [INF] Clicked it: DALG1 (SiteSelector.Pages.MainPage.SitesListComponent) (91c1548f)
2020-09-19T00:12:07.1666862+02:00 [INF] User requested site: "DALG1", AsWinUser: False, Restart Service: True (SiteSelector.Pages.MainPage.SitesListComponent) (d8efe5db)
2020-09-19T00:12:07.2071951+02:00 [INF] SendEvent: Message - Waiting - "Trying to stop DaletService." - "(null)" (SiteSelector.Domain.SessionRespond.ActorSessionRespond) (a9efe48d)
2020-09-19T00:12:07.2214957+02:00 [INF] Found service "AdobeARMService" in state: StartService (SiteSelector.Domain.Services.ServiceHandler) (d73723f9)
2020-09-19T00:12:07.2273836+02:00 [INF] Trying to stop "AdobeARMService" (SiteSelector.Domain.SessionRespond.StartStopDaletService) (d2766b69)
2020-09-19T00:12:07.2619990+02:00 [WRN] Could not invoke Dalet RestartManager, not found on path: "C:\Program Files\Dalet\DaletPlus\bin\RestartManager.exe" (SiteSelector.Domain.SessionRespond.StartStopDaletService) (18982c2f)
2020-09-19T00:12:07.2757721+02:00 [INF] @CheckForRunningProcesses, try#: 1 (SiteSelector.Domain.SessionRespond.StartStopDaletService) (e0f04456)
2020-09-19T00:12:07.3581629+02:00 [INF] Could not detect "ASIOServerAgent.exe". (SiteSelector.Domain.Processes.ProcessHandler) (37043ae9)
2020-09-19T00:12:07.3636668+02:00 [INF] Detected "ASIOServerAgent.exe" running on client:False (SiteSelector.Domain.Processes.ProcessHandler) (92f7db5d)
2020-09-19T00:12:07.4316709+02:00 [INF] Could not detect "MediaChannelContainer.exe". (SiteSelector.Domain.Processes.ProcessHandler) (37043ae9)
2020-09-19T00:12:07.4367465+02:00 [INF] Detected "MediaChannelContainer.exe" running on client:False (SiteSelector.Domain.Processes.ProcessHandler) (92f7db5d)
2020-09-19T00:12:07.4937801+02:00 [INF] Could not detect "bs_server.exe". (SiteSelector.Domain.Processes.ProcessHandler) (37043ae9)
2020-09-19T00:12:07.4968312+02:00 [INF] Detected "bs_server.exe" running on client:False (SiteSelector.Domain.Processes.ProcessHandler) (92f7db5d)
2020-09-19T00:12:07.5776798+02:00 [INF] Could not detect "ChannelDetectorAgent.exe". (SiteSelector.Domain.Processes.ProcessHandler) (37043ae9)
2020-09-19T00:12:07.5847915+02:00 [INF] Detected "ChannelDetectorAgent.exe" running on client:False (SiteSelector.Domain.Processes.ProcessHandler) (92f7db5d)
2020-09-19T00:12:07.6715307+02:00 [INF] Could not detect "ControlDeviceAgent.exe". (SiteSelector.Domain.Processes.ProcessHandler) (37043ae9)
2020-09-19T00:12:07.6790852+02:00 [INF] Detected "ControlDeviceAgent.exe" running on client:False (SiteSelector.Domain.Processes.ProcessHandler) (92f7db5d)
2020-09-19T00:12:07.7702924+02:00 [INF] Could not detect "DaletService.exe". (SiteSelector.Domain.Processes.ProcessHandler) (37043ae9)
2020-09-19T00:12:07.7769786+02:00 [INF] Detected "DaletService.exe" running on client:False (SiteSelector.Domain.Processes.ProcessHandler) (92f7db5d)
2020-09-19T00:12:07.7921094+02:00 [INF] @StopServiceAsync, current attempt# 1 (SiteSelector.Domain.Services.ServiceHandler) (75b481b3)
2020-09-19T00:12:07.8748656+02:00 [WRN] Cannot interact with service - Access denied (SiteSelector.Domain.Services.ServiceHandler) (ec99feaa)
2020-09-19T00:12:13.2043520+02:00 [WRN] @StopServiceAsync, cannot interact with service: "Cannot open 'AdobeARMService' service on computer '.'."
"System.ComponentModel.Win32Exception (5): Access is denied." (SiteSelector.Domain.Services.ServiceHandler) (01e1e302)
2020-09-19T00:12:13.2101492+02:00 [INF] SendEvent: Message - Success - "DaletService was stopped successfully." - "(null)" (SiteSelector.Domain.SessionRespond.ActorSessionRespond) (a9efe48d)
2020-09-19T00:12:13.2248498+02:00 [INF] Looking for DaletServiceSource-folder at "\\DALET1\DpShare\DALG1\DS_Config\JAKOB-LAPTOP" (SiteSelector.Domain.SessionRespond.DaletServiceXml) (4ccc8816)
2020-09-19T00:12:15.5348588+02:00 [INF] DaletServiceSource-folder at "\\DALET1\DpShare\DALG1\DS_Config\JAKOB-LAPTOP" detected: False (SiteSelector.Domain.SessionRespond.DaletServiceXml) (cfe69921)
2020-09-19T00:12:15.5451883+02:00 [INF] Preparing to acquire DaletServiceSourceXml. (SiteSelector.Domain.SessionRespond.DaletServiceXml) (d75359a2)
2020-09-19T00:12:15.5568490+02:00 [INF] preparing to invoke Generator... (SiteSelector.Domain.SessionRespond.DaletServiceXml) (4f17ac6c)
2020-09-19T00:12:15.5760636+02:00 [WRN] InvokeGenerator - could not find xml-generator at: "\\DALET1\DpShare\DALG1\DS_Config\_std\Copy_std.cmd" (SiteSelector.Domain.SessionRespond.DaletServiceXml) (bcac6336)
2020-09-19T00:12:15.5853092+02:00 [ERR] Failed while invoking "\\DALET1\DpShare\DALG1\DS_Config\_std\Copy_std.cmd" - (Fatal) (SiteSelector.Domain.SessionRespond.DaletServiceXml) (77edfe8b)
2020-09-19T00:12:15.7918671+02:00 [ERR] Could not acquire an updated copy of DaletService.xml - Error:
"Could not invoke \\DALET1\DpShare\DALG1\DS_Config\_std\Copy_std.cmd."
"   at SiteSelector.Domain.SessionRespond.DaletServiceXml.AcquireDaletServiceSourceXml() in C:\GIT_REPOS\CSharp\GalaxySelector\src\SiteSelector.Domain\SessionRespond\DaletServiceXml.cs:line 122
   at SiteSelector.Domain.SessionRespond.ActorSessionRespond.React(SessionStartState sessionStartState, GalaxyClient client, List`1 siteList, GalaxySite selectedSite) in C:\GIT_REPOS\CSharp\GalaxySelector\src\SiteSelector.Domain\SessionRespond\ActorSessionRespond.cs:line 120" (SiteSelector.Domain.SessionRespond.ActorSessionRespond) (e86c088e)
2020-09-19T00:12:15.7974085+02:00 [INF] Disposing now (SiteSelector.Pages.MainPage.SitesListComponent) (7c5e0a46)
2020-09-19T00:12:15.8020917+02:00 [INF] SendEvent: AcquireDaletServiceXml - FatalError - "Could not acquire an updated copy of DaletService.xml" - "Could not invoke \\DALET1\DpShare\DALG1\DS_Config\_std\Copy_std.cmd." (SiteSelector.Domain.SessionRespond.ActorSessionRespond) (a9efe48d)
2020-09-19T00:12:15.8057755+02:00 [INF] Galaxy was started: False (SiteSelector.Pages.MainPage.SitesListComponent) (86cbc7be)
2020-09-19T00:34:03.2176395+02:00 [INF] "GalaxySiteSelector" - service version: "0.9.5.1", library version: "0.9.5.6" - machinename: "JAKOB-LAPTOP" (SiteSelector.Program) (b27fd4b2)
2020-09-19T00:34:03.3174447+02:00 [INF] User profile is available. Using '"C:\Users\jakob\AppData\Local\ASP.NET\DataProtection-Keys"' as key repository and Windows DPAPI to encrypt keys at rest. (Microsoft.AspNetCore.DataProtection.KeyManagement.XmlKeyManager) (7ac5e29c)
2020-09-19T00:34:04.0161869+02:00 [INF] Now listening on: "https://[::]:5055" (Microsoft.Hosting.Lifetime) (d826f4b8)
2020-09-19T00:34:04.0218650+02:00 [INF] Application started. Press Ctrl+C to shut down. (Microsoft.Hosting.Lifetime) (dcaefe54)
2020-09-19T00:34:04.0244405+02:00 [INF] Hosting environment: "Development" (Microsoft.Hosting.Lifetime) (c3307c92)
2020-09-19T00:34:04.0271606+02:00 [INF] Content root path: "C:\ProgramData\GalaxySiteSelector" (Microsoft.Hosting.Lifetime) (b5d60022)
2020-09-19T00:34:07.7331530+02:00 [INF] Request starting HTTP/2 GET https://localhost:5055/SiteSelector   (Microsoft.AspNetCore.Hosting.Diagnostics) (ca22a1cb)
2020-09-19T00:34:07.7916286+02:00 [INF] Executing endpoint '"/_Host"' (Microsoft.AspNetCore.Routing.EndpointMiddleware) (500cc934)
2020-09-19T00:34:07.8421765+02:00 [INF] Route matched with "{page = \"/_Host\", action = \"\", controller = \"\"}". Executing page "/_Host" (Microsoft.AspNetCore.Mvc.RazorPages.Infrastructure.PageActionInvoker) (547e620f)
2020-09-19T00:34:07.8606564+02:00 [INF] Executing an implicit handler method - ModelState is Valid (Microsoft.AspNetCore.Mvc.RazorPages.Infrastructure.PageActionInvoker) (232a55d1)
2020-09-19T00:34:07.8609280+02:00 [INF] Executed an implicit handler method, returned result "Microsoft.AspNetCore.Mvc.RazorPages.PageResult". (Microsoft.AspNetCore.Mvc.RazorPages.Infrastructure.PageActionInvoker) (f857da66)
2020-09-19T00:34:07.9459997+02:00 [INF] Executed page "/_Host" in 94.179ms (Microsoft.AspNetCore.Mvc.RazorPages.Infrastructure.PageActionInvoker) (02e01280)
2020-09-19T00:34:07.9468269+02:00 [INF] Executed endpoint '"/_Host"' (Microsoft.AspNetCore.Routing.EndpointMiddleware) (99874f2b)
2020-09-19T00:34:07.9497211+02:00 [INF] Request starting HTTP/2 POST https://localhost:5055/_blazor/disconnect multipart/form-data; boundary=----WebKitFormBoundaryt7VfNMIGk8hYpndT 359 (Microsoft.AspNetCore.Hosting.Diagnostics) (ca22a1cb)
2020-09-19T00:34:07.9524118+02:00 [INF] Executing endpoint '"Blazor disconnect"' (Microsoft.AspNetCore.Routing.EndpointMiddleware) (500cc934)
2020-09-19T00:34:07.9530891+02:00 [INF] Request finished in 222.6515ms 200 text/html; charset=utf-8 (Microsoft.AspNetCore.Hosting.Diagnostics) (791a596a)
2020-09-19T00:34:07.9821490+02:00 [INF] Request starting HTTP/2 GET https://localhost:5055/css/site.css   (Microsoft.AspNetCore.Hosting.Diagnostics) (ca22a1cb)
2020-09-19T00:34:07.9851456+02:00 [INF] Request starting HTTP/2 GET https://localhost:5055/css/bootstrap/bootstrap.min.css   (Microsoft.AspNetCore.Hosting.Diagnostics) (ca22a1cb)
2020-09-19T00:34:07.9975151+02:00 [INF] Request starting HTTP/2 GET https://localhost:5055/_framework/blazor.server.js   (Microsoft.AspNetCore.Hosting.Diagnostics) (ca22a1cb)
2020-09-19T00:34:08.0035031+02:00 [INF] Request starting HTTP/2 GET https://localhost:5055/js/interop.js   (Microsoft.AspNetCore.Hosting.Diagnostics) (ca22a1cb)
2020-09-19T00:34:08.0143338+02:00 [INF] The file "/css/bootstrap/bootstrap.min.css" was not modified (Microsoft.AspNetCore.StaticFiles.StaticFileMiddleware) (f1f8d725)
2020-09-19T00:34:08.0143263+02:00 [INF] The file "/js/interop.js" was not modified (Microsoft.AspNetCore.StaticFiles.StaticFileMiddleware) (f1f8d725)
2020-09-19T00:34:08.0143851+02:00 [INF] The file "/_framework/blazor.server.js" was not modified (Microsoft.AspNetCore.StaticFiles.StaticFileMiddleware) (f1f8d725)
2020-09-19T00:34:08.0144561+02:00 [INF] The file "/css/site.css" was not modified (Microsoft.AspNetCore.StaticFiles.StaticFileMiddleware) (f1f8d725)
2020-09-19T00:34:08.0161055+02:00 [INF] Request finished in 18.6339ms 304 application/javascript (Microsoft.AspNetCore.Hosting.Diagnostics) (791a596a)
2020-09-19T00:34:08.0161204+02:00 [INF] Request finished in 34.53ms 304 text/css (Microsoft.AspNetCore.Hosting.Diagnostics) (791a596a)
2020-09-19T00:34:08.0161055+02:00 [INF] Request finished in 12.633ms 304 application/javascript (Microsoft.AspNetCore.Hosting.Diagnostics) (791a596a)
2020-09-19T00:34:08.0161190+02:00 [INF] Request finished in 34.523ms 304 text/css (Microsoft.AspNetCore.Hosting.Diagnostics) (791a596a)
2020-09-19T00:34:08.0224732+02:00 [INF] Request starting HTTP/2 GET https://localhost:5055/css/open-iconic/font/css/open-iconic-bootstrap.min.css   (Microsoft.AspNetCore.Hosting.Diagnostics) (ca22a1cb)
2020-09-19T00:34:08.0230559+02:00 [INF] The file "/css/open-iconic/font/css/open-iconic-bootstrap.min.css" was not modified (Microsoft.AspNetCore.StaticFiles.StaticFileMiddleware) (f1f8d725)
2020-09-19T00:34:08.0234679+02:00 [INF] Request finished in 1.0458ms 304 text/css (Microsoft.AspNetCore.Hosting.Diagnostics) (791a596a)
2020-09-19T00:34:08.0300274+02:00 [INF] Executed endpoint '"Blazor disconnect"' (Microsoft.AspNetCore.Routing.EndpointMiddleware) (99874f2b)
2020-09-19T00:34:08.0303081+02:00 [INF] Request finished in 80.8759ms 200  (Microsoft.AspNetCore.Hosting.Diagnostics) (791a596a)
2020-09-19T00:34:08.0379921+02:00 [INF] Request starting HTTP/2 POST https://localhost:5055/_blazor/negotiate?negotiateVersion=1 text/plain;charset=UTF-8 0 (Microsoft.AspNetCore.Hosting.Diagnostics) (ca22a1cb)
2020-09-19T00:34:08.0448687+02:00 [INF] Executing endpoint '"/_blazor/negotiate"' (Microsoft.AspNetCore.Routing.EndpointMiddleware) (500cc934)
2020-09-19T00:34:08.0464964+02:00 [INF] Request starting HTTP/2 GET https://localhost:5055/favicon.ico   (Microsoft.AspNetCore.Hosting.Diagnostics) (ca22a1cb)
2020-09-19T00:34:08.0541338+02:00 [INF] Executed endpoint '"/_blazor/negotiate"' (Microsoft.AspNetCore.Routing.EndpointMiddleware) (99874f2b)
2020-09-19T00:34:08.0543149+02:00 [INF] Request finished in 17.5411ms 200 application/json (Microsoft.AspNetCore.Hosting.Diagnostics) (791a596a)
2020-09-19T00:34:08.0767925+02:00 [INF] Request starting HTTP/1.1 GET https://localhost:5055/_blazor?id=8eWI0bxQqzuwL_CL3sobPQ   (Microsoft.AspNetCore.Hosting.Diagnostics) (ca22a1cb)
2020-09-19T00:34:08.0771557+02:00 [INF] Executing endpoint '"/_blazor"' (Microsoft.AspNetCore.Routing.EndpointMiddleware) (500cc934)
2020-09-19T00:34:08.0774035+02:00 [INF] Sending file. Request path: '"/favicon.ico"'. Physical path: '"C:\ProgramData\GalaxySiteSelector\wwwroot\favicon.ico"' (Microsoft.AspNetCore.StaticFiles.StaticFileMiddleware) (27b0a520)
2020-09-19T00:34:08.0801689+02:00 [INF] Request finished in 33.7039ms 200 image/x-icon (Microsoft.AspNetCore.Hosting.Diagnostics) (791a596a)
2020-09-19T00:34:08.2409301+02:00 [INF] Running SetupSession (SiteSelector.Domain.SessionStart.ActorSessionStart) (7e9ff657)
2020-09-19T00:34:08.4306301+02:00 [INF] Found galaxy-client in configuration: "Galaxy Systemvælger" (SiteSelector.Domain.Persist.ReadConfigXml) (88c8e810)
2020-09-19T00:34:08.4375909+02:00 [INF] @GetDaletServiceIsInstalled, looking for service: "AdobeARMService" (SiteSelector.Domain.SessionStart.CheckEnvironment) (bb0ef24c)
2020-09-19T00:34:08.4518888+02:00 [INF] Found service "AdobeARMService" in state: StartService (SiteSelector.Domain.Services.ServiceHandler) (d73723f9)
2020-09-19T00:34:08.4568846+02:00 [INF] @GetDaletServiceIsInstalled, found service "AdobeARMService": True (SiteSelector.Domain.SessionStart.CheckEnvironment) (10d3e8ac)
2020-09-19T00:34:08.5314348+02:00 [INF] Could not detect "DaletGalaxy". (SiteSelector.Domain.Processes.ProcessHandler) (37043ae9)
2020-09-19T00:34:08.5352434+02:00 [INF] Detected "DaletGalaxy" running on client:False (SiteSelector.Domain.Processes.ProcessHandler) (92f7db5d)
2020-09-19T00:34:08.6892432+02:00 [INF] DetectGalaxyRunning - Galaxy is running: False (SiteSelector.Domain.SessionStart.CheckEnvironment) (fd1e0f1e)
2020-09-19T00:34:13.3580153+02:00 [INF] Failed to find user white-list file: "\\dalet1\DpShare\SiteSelector\TestSites\TestSites.txt" (SiteSelector.Domain.SessionStart.CheckEnvironment) (3824b741)
2020-09-19T00:34:13.3717095+02:00 [INF] Found local SiteSelector.xml at "C:\ProgramData\GalaxySiteSelector\SiteSelector.xml" (SiteSelector.Domain.SessionStart.UpdateLocalSiteSelectorXml) (926e481e)
2020-09-19T00:34:13.3784326+02:00 [INF] Found "\\dalet1\DpShare\SiteSelector\config\SiteSelector.xml": False (SiteSelector.Domain.SessionStart.UpdateLocalSiteSelectorXml) (43bd9e6d)
2020-09-19T00:34:13.3941720+02:00 [INF] Found 2 galaxy-sites in sites-list. (SiteSelector.Domain.Persist.ReadConfigXml) (ee6a3325)
2020-09-19T00:34:13.4095725+02:00 [INF] Succesfully read file: "C:\ProgramData\DaletPlusData\config.ini" (SiteSelector.Domain.SessionStart.HandleConfigIni) (70338fcf)
2020-09-19T00:34:13.4143124+02:00 [INF] Succesfully read file: "C:\ProgramData\DaletPlusData\config.ini" (SiteSelector.Domain.SessionStart.HandleConfigIni) (70338fcf)
2020-09-19T00:34:13.5500015+02:00 [WRN] Failed to find line with NameServer info in config.ini: "Sequence contains no elements"
"   at System.Linq.ThrowHelper.ThrowNoElementsException()
   at System.Linq.Enumerable.Single[TSource](IEnumerable`1 source)
   at SiteSelector.Domain.SessionStart.HandleConfigIni.GetCurrentNameServers(List`1 configIniAsLInes) in C:\GIT_REPOS\CSharp\GalaxySelector\src\SiteSelector.Domain\SessionStart\HandleConfigIni.cs:line 105" (SiteSelector.Domain.SessionStart.HandleConfigIni) (754b0860)
2020-09-19T00:34:13.6043418+02:00 [WRN] IdentifyCurrentlyActiveSite - Could not detect current site from config.ini: "Sequence contains no elements" (SiteSelector.Domain.SessionStart.ActorSessionStart) (8e71ca71)
2020-09-19T00:34:13.6068203+02:00 [INF] Completed SetupSession (SiteSelector.Domain.SessionStart.ActorSessionStart) (f17818b2)
2020-09-19T00:34:13.6109292+02:00 [INF] DaletService exists on client: True (SiteSelector.Pages.MainPage.MainComponent) (ac368e96)
2020-09-19T00:34:34.3564719+02:00 [INF] Request starting HTTP/2 GET https://localhost:5055/css/open-iconic/font/fonts/open-iconic.woff   (Microsoft.AspNetCore.Hosting.Diagnostics) (ca22a1cb)
2020-09-19T00:34:34.3576741+02:00 [INF] The file "/css/open-iconic/font/fonts/open-iconic.woff" was not modified (Microsoft.AspNetCore.StaticFiles.StaticFileMiddleware) (f1f8d725)
2020-09-19T00:34:34.3584474+02:00 [INF] Request finished in 2.2173ms 304 application/font-woff (Microsoft.AspNetCore.Hosting.Diagnostics) (791a596a)
2020-09-19T00:34:36.3469881+02:00 [WRN] Couldn't find service: "DaletService" - "Service 'DaletService' was not found on computer '.'." (SiteSelector.Domain.Services.ServiceHandler) (69aa165d)
2020-09-19T00:34:36.3514995+02:00 [INF] Disposing now (SiteSelector.Pages.MainPage.MainComponent) (7c5e0a46)
2020-09-19T00:34:36.3551200+02:00 [INF] Unsubscribed to all events. (SiteSelector.Pages.MainPage.MainComponent) (8a173910)
2020-09-19T00:34:36.3590875+02:00 [INF] Disposing now (SiteSelector.Pages.MainPage.SitesListComponent) (7c5e0a46)
2020-09-19T00:34:40.9178796+02:00 [INF] Running SetupSession (SiteSelector.Domain.SessionStart.ActorSessionStart) (7e9ff657)
2020-09-19T00:34:40.9352967+02:00 [INF] Found galaxy-client in configuration: "Galaxy Systemvælger" (SiteSelector.Domain.Persist.ReadConfigXml) (88c8e810)
2020-09-19T00:34:40.9425837+02:00 [INF] @GetDaletServiceIsInstalled, looking for service: "AdobeARMService" (SiteSelector.Domain.SessionStart.CheckEnvironment) (bb0ef24c)
2020-09-19T00:34:40.9492976+02:00 [INF] Found service "AdobeARMService" in state: StartService (SiteSelector.Domain.Services.ServiceHandler) (d73723f9)
2020-09-19T00:34:40.9526741+02:00 [INF] @GetDaletServiceIsInstalled, found service "AdobeARMService": True (SiteSelector.Domain.SessionStart.CheckEnvironment) (10d3e8ac)
2020-09-19T00:34:41.0009862+02:00 [INF] Could not detect "DaletGalaxy". (SiteSelector.Domain.Processes.ProcessHandler) (37043ae9)
2020-09-19T00:34:41.0039813+02:00 [INF] Detected "DaletGalaxy" running on client:False (SiteSelector.Domain.Processes.ProcessHandler) (92f7db5d)
2020-09-19T00:34:41.1143804+02:00 [INF] DetectGalaxyRunning - Galaxy is running: False (SiteSelector.Domain.SessionStart.CheckEnvironment) (fd1e0f1e)
2020-09-19T00:34:43.4041040+02:00 [INF] Failed to find user white-list file: "\\dalet1\DpShare\SiteSelector\TestSites\TestSites.txt" (SiteSelector.Domain.SessionStart.CheckEnvironment) (3824b741)
2020-09-19T00:34:43.4132220+02:00 [INF] Found local SiteSelector.xml at "C:\ProgramData\GalaxySiteSelector\SiteSelector.xml" (SiteSelector.Domain.SessionStart.UpdateLocalSiteSelectorXml) (926e481e)
2020-09-19T00:34:43.4184520+02:00 [INF] Found "\\dalet1\DpShare\SiteSelector\config\SiteSelector.xml": False (SiteSelector.Domain.SessionStart.UpdateLocalSiteSelectorXml) (43bd9e6d)
2020-09-19T00:34:43.4263506+02:00 [INF] Found 2 galaxy-sites in sites-list. (SiteSelector.Domain.Persist.ReadConfigXml) (ee6a3325)
2020-09-19T00:34:43.4320728+02:00 [INF] Succesfully read file: "C:\ProgramData\DaletPlusData\config.ini" (SiteSelector.Domain.SessionStart.HandleConfigIni) (70338fcf)
2020-09-19T00:34:43.4363580+02:00 [INF] Succesfully read file: "C:\ProgramData\DaletPlusData\config.ini" (SiteSelector.Domain.SessionStart.HandleConfigIni) (70338fcf)
2020-09-19T00:34:43.4839057+02:00 [WRN] Failed to find line with NameServer info in config.ini: "Sequence contains no elements"
"   at System.Linq.ThrowHelper.ThrowNoElementsException()
   at System.Linq.Enumerable.Single[TSource](IEnumerable`1 source)
   at SiteSelector.Domain.SessionStart.HandleConfigIni.GetCurrentNameServers(List`1 configIniAsLInes) in C:\GIT_REPOS\CSharp\GalaxySelector\src\SiteSelector.Domain\SessionStart\HandleConfigIni.cs:line 105" (SiteSelector.Domain.SessionStart.HandleConfigIni) (754b0860)
2020-09-19T00:34:43.5304323+02:00 [WRN] IdentifyCurrentlyActiveSite - Could not detect current site from config.ini: "Sequence contains no elements" (SiteSelector.Domain.SessionStart.ActorSessionStart) (8e71ca71)
2020-09-19T00:34:43.5340453+02:00 [INF] Completed SetupSession (SiteSelector.Domain.SessionStart.ActorSessionStart) (f17818b2)
2020-09-19T00:34:43.5387495+02:00 [INF] DaletService exists on client: True (SiteSelector.Pages.MainPage.MainComponent) (ac368e96)
2020-09-19T00:35:03.9560897+02:00 [INF] Clicked it: DALG2 (SiteSelector.Pages.MainPage.SitesListComponent) (7faeb06a)
2020-09-19T00:35:08.0800785+02:00 [INF] Clicked it: DALG1 (SiteSelector.Pages.MainPage.SitesListComponent) (91c1548f)
2020-09-19T00:35:09.4084958+02:00 [INF] Clicked it: DALG2 (SiteSelector.Pages.MainPage.SitesListComponent) (7faeb06a)
2020-09-19T00:35:11.4359416+02:00 [INF] Clicked it: DALG1 (SiteSelector.Pages.MainPage.SitesListComponent) (91c1548f)
2020-09-19T00:35:13.0164432+02:00 [INF] Clicked it: DALG2 (SiteSelector.Pages.MainPage.SitesListComponent) (7faeb06a)
2020-09-19T00:35:31.6806609+02:00 [WRN] Couldn't find service: "DaletService" - "Service 'DaletService' was not found on computer '.'." (SiteSelector.Domain.Services.ServiceHandler) (69aa165d)
2020-09-19T00:35:31.6854288+02:00 [INF] Disposing now (SiteSelector.Pages.MainPage.MainComponent) (7c5e0a46)
2020-09-19T00:35:31.6894662+02:00 [INF] Unsubscribed to all events. (SiteSelector.Pages.MainPage.MainComponent) (8a173910)
2020-09-19T00:35:31.6938126+02:00 [INF] Disposing now (SiteSelector.Pages.MainPage.SitesListComponent) (7c5e0a46)
2020-09-19T00:35:35.0205114+02:00 [INF] Running SetupSession (SiteSelector.Domain.SessionStart.ActorSessionStart) (7e9ff657)
2020-09-19T00:35:35.0381060+02:00 [INF] Found galaxy-client in configuration: "Galaxy Systemvælger" (SiteSelector.Domain.Persist.ReadConfigXml) (88c8e810)
2020-09-19T00:35:35.0428472+02:00 [INF] @GetDaletServiceIsInstalled, looking for service: "AdobeARMService" (SiteSelector.Domain.SessionStart.CheckEnvironment) (bb0ef24c)
2020-09-19T00:35:35.0497892+02:00 [INF] Found service "AdobeARMService" in state: StartService (SiteSelector.Domain.Services.ServiceHandler) (d73723f9)
2020-09-19T00:35:35.0539121+02:00 [INF] @GetDaletServiceIsInstalled, found service "AdobeARMService": True (SiteSelector.Domain.SessionStart.CheckEnvironment) (10d3e8ac)
2020-09-19T00:35:35.1001136+02:00 [INF] Could not detect "DaletGalaxy". (SiteSelector.Domain.Processes.ProcessHandler) (37043ae9)
2020-09-19T00:35:35.1047238+02:00 [INF] Detected "DaletGalaxy" running on client:False (SiteSelector.Domain.Processes.ProcessHandler) (92f7db5d)
2020-09-19T00:35:35.2238858+02:00 [INF] DetectGalaxyRunning - Galaxy is running: False (SiteSelector.Domain.SessionStart.CheckEnvironment) (fd1e0f1e)
2020-09-19T00:35:39.8712307+02:00 [INF] Failed to find user white-list file: "\\dalet1\DpShare\SiteSelector\TestSites\TestSites.txt" (SiteSelector.Domain.SessionStart.CheckEnvironment) (3824b741)
2020-09-19T00:35:39.8766202+02:00 [INF] Found local SiteSelector.xml at "C:\ProgramData\GalaxySiteSelector\SiteSelector.xml" (SiteSelector.Domain.SessionStart.UpdateLocalSiteSelectorXml) (926e481e)
2020-09-19T00:35:39.8844636+02:00 [INF] Found "\\dalet1\DpShare\SiteSelector\config\SiteSelector.xml": False (SiteSelector.Domain.SessionStart.UpdateLocalSiteSelectorXml) (43bd9e6d)
2020-09-19T00:35:39.8910210+02:00 [INF] Found 2 galaxy-sites in sites-list. (SiteSelector.Domain.Persist.ReadConfigXml) (ee6a3325)
2020-09-19T00:35:39.8973708+02:00 [INF] Succesfully read file: "C:\ProgramData\DaletPlusData\config.ini" (SiteSelector.Domain.SessionStart.HandleConfigIni) (70338fcf)
2020-09-19T00:35:39.9034777+02:00 [INF] Succesfully read file: "C:\ProgramData\DaletPlusData\config.ini" (SiteSelector.Domain.SessionStart.HandleConfigIni) (70338fcf)
2020-09-19T00:35:39.9564944+02:00 [WRN] Failed to find line with NameServer info in config.ini: "Sequence contains no elements"
"   at System.Linq.ThrowHelper.ThrowNoElementsException()
   at System.Linq.Enumerable.Single[TSource](IEnumerable`1 source)
   at SiteSelector.Domain.SessionStart.HandleConfigIni.GetCurrentNameServers(List`1 configIniAsLInes) in C:\GIT_REPOS\CSharp\GalaxySelector\src\SiteSelector.Domain\SessionStart\HandleConfigIni.cs:line 105" (SiteSelector.Domain.SessionStart.HandleConfigIni) (754b0860)
2020-09-19T00:35:40.0068755+02:00 [WRN] IdentifyCurrentlyActiveSite - Could not detect current site from config.ini: "Sequence contains no elements" (SiteSelector.Domain.SessionStart.ActorSessionStart) (8e71ca71)
2020-09-19T00:35:40.0103513+02:00 [INF] Completed SetupSession (SiteSelector.Domain.SessionStart.ActorSessionStart) (f17818b2)
2020-09-19T00:35:40.0132721+02:00 [INF] DaletService exists on client: True (SiteSelector.Pages.MainPage.MainComponent) (ac368e96)
2020-09-19T00:35:43.1171180+02:00 [WRN] Unhandled exception rendering component: "Sequence contains no elements" (Microsoft.AspNetCore.Components.Server.Circuits.RemoteRenderer) (e3f9387d)
System.InvalidOperationException: Sequence contains no elements
   at System.Linq.ThrowHelper.ThrowNoElementsException()
   at System.Linq.Enumerable.Single[TSource](IEnumerable`1 source)
   at SiteSelector.Pages.MainPage.SitesListComponent.OnStartGalaxy() in C:\GIT_REPOS\CSharp\GalaxySelector\src\SiteSelector\Pages\MainPage\SitesListComponent.cs:line 181
   at Microsoft.AspNetCore.Components.ComponentBase.CallStateHasChangedOnAsyncCompletion(Task task)
   at Microsoft.AspNetCore.Components.RenderTree.Renderer.GetErrorHandledTask(Task taskToHandle)
2020-09-19T00:35:43.1285284+02:00 [ERR] Unhandled exception in circuit '"OnUq2eipTrAjDm0BRin-0ZVzKV6S9rftF6r_Ic8rLDw"'. (Microsoft.AspNetCore.Components.Server.Circuits.CircuitHost) (47be2d5d)
System.InvalidOperationException: Sequence contains no elements
   at System.Linq.ThrowHelper.ThrowNoElementsException()
   at System.Linq.Enumerable.Single[TSource](IEnumerable`1 source)
   at SiteSelector.Pages.MainPage.SitesListComponent.OnStartGalaxy() in C:\GIT_REPOS\CSharp\GalaxySelector\src\SiteSelector\Pages\MainPage\SitesListComponent.cs:line 181
   at Microsoft.AspNetCore.Components.ComponentBase.CallStateHasChangedOnAsyncCompletion(Task task)
   at Microsoft.AspNetCore.Components.RenderTree.Renderer.GetErrorHandledTask(Task taskToHandle)
2020-09-19T00:35:43.1439027+02:00 [INF] Disposing now (SiteSelector.Pages.MainPage.MainComponent) (7c5e0a46)
2020-09-19T00:35:43.1484808+02:00 [INF] Unsubscribed to all events. (SiteSelector.Pages.MainPage.MainComponent) (8a173910)
2020-09-19T00:35:43.1515136+02:00 [INF] Disposing now (SiteSelector.Pages.MainPage.SitesListComponent) (7c5e0a46)
2020-09-19T00:35:43.1659753+02:00 [INF] Executed endpoint '"/_blazor"' (Microsoft.AspNetCore.Routing.EndpointMiddleware) (99874f2b)
2020-09-19T00:35:43.1662485+02:00 [INF] Request finished in 95089.5084ms 101  (Microsoft.AspNetCore.Hosting.Diagnostics) (791a596a)
