2020-12-08T03:33:20.7496653+01:00 [INF] "GalaxySiteSelector" - service version: "0.9.5.5", library version: "0.9.5.9" - machinename: "TX80359" (SiteSelector.Program) (b27fd4b2)
2020-12-08T03:33:20.7824197+01:00 [INF] User profile is available. Using '"C:\WINDOWS\system32\config\systemprofile\AppData\Local\ASP.NET\DataProtection-Keys"' as key repository and Windows DPAPI to encrypt keys at rest. (Microsoft.AspNetCore.DataProtection.KeyManagement.XmlKeyManager) (7ac5e29c)
2020-12-08T03:33:21.5720019+01:00 [INF] Now listening on: "https://[::]:5055" (Microsoft.Hosting.Lifetime) (d826f4b8)
2020-12-08T03:33:21.5723436+01:00 [INF] Application started. Hosting environment: "Production"; Content root path: "C:\ProgramData\GalaxySiteSelector" (Microsoft.Hosting.Lifetime) (9029d6f8)
2020-12-08T10:10:27.1039000+01:00 [INF] Request starting HTTP/2 GET https://localhost:5055/SiteSelector   (Microsoft.AspNetCore.Hosting.Diagnostics) (ca22a1cb)
2020-12-08T10:10:27.1934237+01:00 [INF] Executing endpoint '"/_Host"' (Microsoft.AspNetCore.Routing.EndpointMiddleware) (500cc934)
2020-12-08T10:10:27.2650381+01:00 [INF] Route matched with "{page = \"/_Host\", action = \"\", controller = \"\"}". Executing page "/_Host" (Microsoft.AspNetCore.Mvc.RazorPages.Infrastructure.PageActionInvoker) (547e620f)
2020-12-08T10:10:27.2758601+01:00 [INF] Executing an implicit handler method - ModelState is Valid (Microsoft.AspNetCore.Mvc.RazorPages.Infrastructure.PageActionInvoker) (232a55d1)
2020-12-08T10:10:27.2760943+01:00 [INF] Executed an implicit handler method, returned result "Microsoft.AspNetCore.Mvc.RazorPages.PageResult". (Microsoft.AspNetCore.Mvc.RazorPages.Infrastructure.PageActionInvoker) (f857da66)
2020-12-08T10:10:27.3407983+01:00 [INF] Executed page "/_Host" in 68.8459ms (Microsoft.AspNetCore.Mvc.RazorPages.Infrastructure.PageActionInvoker) (02e01280)
2020-12-08T10:10:27.3409839+01:00 [INF] Executed endpoint '"/_Host"' (Microsoft.AspNetCore.Routing.EndpointMiddleware) (99874f2b)
2020-12-08T10:10:27.3435430+01:00 [INF] Request finished in 241.9436ms 200 text/html; charset=utf-8 (Microsoft.AspNetCore.Hosting.Diagnostics) (791a596a)
2020-12-08T10:10:27.3537065+01:00 [INF] Request starting HTTP/2 GET https://localhost:5055/css/bootstrap/bootstrap.min.css   (Microsoft.AspNetCore.Hosting.Diagnostics) (ca22a1cb)
2020-12-08T10:10:27.3537066+01:00 [INF] Request starting HTTP/2 GET https://localhost:5055/css/site.css   (Microsoft.AspNetCore.Hosting.Diagnostics) (ca22a1cb)
2020-12-08T10:10:27.3561844+01:00 [INF] Request starting HTTP/2 GET https://localhost:5055/js/interop.js   (Microsoft.AspNetCore.Hosting.Diagnostics) (ca22a1cb)
2020-12-08T10:10:27.4234545+01:00 [INF] The file "/css/site.css" was not modified (Microsoft.AspNetCore.StaticFiles.StaticFileMiddleware) (f1f8d725)
2020-12-08T10:10:27.4234545+01:00 [INF] The file "/css/bootstrap/bootstrap.min.css" was not modified (Microsoft.AspNetCore.StaticFiles.StaticFileMiddleware) (f1f8d725)
2020-12-08T10:10:27.4234545+01:00 [INF] The file "/js/interop.js" was not modified (Microsoft.AspNetCore.StaticFiles.StaticFileMiddleware) (f1f8d725)
2020-12-08T10:10:27.4245642+01:00 [INF] Request finished in 68.3536ms 304 application/javascript (Microsoft.AspNetCore.Hosting.Diagnostics) (791a596a)
2020-12-08T10:10:27.4245733+01:00 [INF] Request finished in 70.9347ms 304 text/css (Microsoft.AspNetCore.Hosting.Diagnostics) (791a596a)
2020-12-08T10:10:27.4245644+01:00 [INF] Request finished in 70.8755ms 304 text/css (Microsoft.AspNetCore.Hosting.Diagnostics) (791a596a)
2020-12-08T10:10:27.4542993+01:00 [INF] Request starting HTTP/2 GET https://localhost:5055/_framework/blazor.server.js   (Microsoft.AspNetCore.Hosting.Diagnostics) (ca22a1cb)
2020-12-08T10:10:27.5040056+01:00 [INF] Sending file. Request path: '"/_framework/blazor.server.js"'. Physical path: '"N/A"' (Microsoft.AspNetCore.StaticFiles.StaticFileMiddleware) (27b0a520)
2020-12-08T10:10:27.5049165+01:00 [INF] Request finished in 50.6178ms 200 application/javascript (Microsoft.AspNetCore.Hosting.Diagnostics) (791a596a)
2020-12-08T10:10:27.5191333+01:00 [INF] Request starting HTTP/2 GET https://localhost:5055/css/open-iconic/font/css/open-iconic-bootstrap.min.css   (Microsoft.AspNetCore.Hosting.Diagnostics) (ca22a1cb)
2020-12-08T10:10:27.5195047+01:00 [INF] The file "/css/open-iconic/font/css/open-iconic-bootstrap.min.css" was not modified (Microsoft.AspNetCore.StaticFiles.StaticFileMiddleware) (f1f8d725)
2020-12-08T10:10:27.5196855+01:00 [INF] Request finished in 0.5827ms 304 text/css (Microsoft.AspNetCore.Hosting.Diagnostics) (791a596a)
2020-12-08T10:10:27.5840099+01:00 [INF] Request starting HTTP/2 POST https://localhost:5055/_blazor/negotiate?negotiateVersion=1 text/plain;charset=UTF-8 0 (Microsoft.AspNetCore.Hosting.Diagnostics) (ca22a1cb)
2020-12-08T10:10:27.5853194+01:00 [INF] Executing endpoint '"/_blazor/negotiate"' (Microsoft.AspNetCore.Routing.EndpointMiddleware) (500cc934)
2020-12-08T10:10:27.5926238+01:00 [INF] Executed endpoint '"/_blazor/negotiate"' (Microsoft.AspNetCore.Routing.EndpointMiddleware) (99874f2b)
2020-12-08T10:10:27.5927916+01:00 [INF] Request finished in 8.9059ms 200 application/json (Microsoft.AspNetCore.Hosting.Diagnostics) (791a596a)
2020-12-08T10:10:27.6077517+01:00 [INF] Request starting HTTP/1.1 GET https://localhost:5055/_blazor?id=RmGIdYIbxKBIyBj-_nviMA   (Microsoft.AspNetCore.Hosting.Diagnostics) (ca22a1cb)
2020-12-08T10:10:27.6080401+01:00 [INF] Executing endpoint '"/_blazor"' (Microsoft.AspNetCore.Routing.EndpointMiddleware) (500cc934)
2020-12-08T10:10:27.7170212+01:00 [INF] Running SetupSession (SiteSelector.Domain.SessionStart.ActorSessionStart) (7e9ff657)
2020-12-08T10:10:27.8573881+01:00 [INF] Request starting HTTP/2 GET https://localhost:5055/css/open-iconic/font/fonts/open-iconic.woff   (Microsoft.AspNetCore.Hosting.Diagnostics) (ca22a1cb)
2020-12-08T10:10:27.8576747+01:00 [INF] The file "/css/open-iconic/font/fonts/open-iconic.woff" was not modified (Microsoft.AspNetCore.StaticFiles.StaticFileMiddleware) (f1f8d725)
2020-12-08T10:10:27.8579515+01:00 [INF] Request finished in 0.547ms 304 application/font-woff (Microsoft.AspNetCore.Hosting.Diagnostics) (791a596a)
2020-12-08T10:10:27.8825604+01:00 [INF] Found galaxy-client in configuration: "Galaxy Systemvælger" (SiteSelector.Domain.Persist.ReadConfigXml) (88c8e810)
2020-12-08T10:10:27.8843508+01:00 [INF] @GetDaletServiceIsInstalled, looking for service: "DaletService" (SiteSelector.Domain.SessionStart.CheckEnvironment) (bb0ef24c)
2020-12-08T10:10:27.8865352+01:00 [INF] Found service "DaletService" in state: StartService (SiteSelector.Domain.Services.ServiceHandler) (d73723f9)
2020-12-08T10:10:27.8866828+01:00 [INF] @GetDaletServiceIsInstalled, found service "DaletService": True (SiteSelector.Domain.SessionStart.CheckEnvironment) (10d3e8ac)
2020-12-08T10:10:27.8944988+01:00 [INF] Could not detect "DaletGalaxy". (SiteSelector.Domain.Processes.ProcessHandler) (37043ae9)
2020-12-08T10:10:27.8946152+01:00 [INF] Detected "DaletGalaxy" running on client:False (SiteSelector.Domain.Processes.ProcessHandler) (92f7db5d)
2020-12-08T10:10:27.9684991+01:00 [INF] DetectGalaxyRunning - Galaxy is running: False (SiteSelector.Domain.SessionStart.CheckEnvironment) (fd1e0f1e)
2020-12-08T10:10:28.1641565+01:00 [INF] Found user "w-psog", is allowed to see test-sites: True (SiteSelector.Domain.SessionStart.CheckEnvironment) (7a41e528)
2020-12-08T10:10:28.1642366+01:00 [INF] Test-sites should be included in site-listing: True (SiteSelector.Domain.SessionStart.CheckEnvironment) (375b5f05)
2020-12-08T10:10:28.1676770+01:00 [INF] Found local SiteSelector.xml at "C:\ProgramData\GalaxySiteSelector\SiteSelector.xml" (SiteSelector.Domain.SessionStart.UpdateLocalSiteSelectorXml) (926e481e)
2020-12-08T10:10:28.1808914+01:00 [INF] Found "\\dalet1\DpShare\SiteSelector\config\SiteSelector.xml": True (SiteSelector.Domain.SessionStart.UpdateLocalSiteSelectorXml) (43bd9e6d)
2020-12-08T10:10:28.1814143+01:00 [INF] Local SiteSelector.xml was detected: True (SiteSelector.Domain.SessionStart.UpdateLocalSiteSelectorXml) (0845ccfd)
2020-12-08T10:10:28.1814506+01:00 [INF] Local SiteSelector.xml was updated from "\\dalet1\DpShare\SiteSelector\config\SiteSelector.xml": False (SiteSelector.Domain.SessionStart.UpdateLocalSiteSelectorXml) (40a93371)
2020-12-08T10:10:28.1827591+01:00 [INF] Found 7 galaxy-sites in sites-list. (SiteSelector.Domain.Persist.ReadConfigXml) (ee6a3325)
2020-12-08T10:10:28.1862417+01:00 [INF] Succesfully read file: "C:\ProgramData\DaletPlusData\config.ini" (SiteSelector.Domain.SessionStart.HandleConfigIni) (70338fcf)
2020-12-08T10:10:28.1875735+01:00 [INF] Succesfully read file: "C:\ProgramData\DaletPlusData\config.ini" (SiteSelector.Domain.SessionStart.HandleConfigIni) (70338fcf)
2020-12-08T10:10:28.1878811+01:00 [INF] Completed SetupSession (SiteSelector.Domain.SessionStart.ActorSessionStart) (f17818b2)
2020-12-08T10:10:28.1882742+01:00 [INF] DaletService exists on client: True (SiteSelector.Pages.MainPage.MainComponent) (ac368e96)
2020-12-08T10:10:28.1889465+01:00 [INF] UI found current site: True (SiteSelector.Pages.MainPage.SitesListComponent) (8d1f5b96)
2020-12-08T10:10:34.9102556+01:00 [INF] User requested site: "DALG3test", AsWinUser: True, Restart Service: True (SiteSelector.Pages.MainPage.SitesListComponent) (d8efe5db)
2020-12-08T10:10:34.9145145+01:00 [INF] SendEvent: Message - Waiting - "Trying to stop DaletService." - "(null)" (SiteSelector.Domain.SessionRespond.ActorSessionRespond) (a9efe48d)
2020-12-08T10:10:34.9159288+01:00 [INF] Found service "DaletService" in state: StartService (SiteSelector.Domain.Services.ServiceHandler) (d73723f9)
2020-12-08T10:10:34.9160249+01:00 [INF] Trying to stop "DaletService". (SiteSelector.Domain.SessionRespond.StartStopDaletService) (04887d2e)
2020-12-08T10:10:34.9531132+01:00 [INF] Found 6 processes in DaletServiceXml. (SiteSelector.Domain.Persist.ReadDaletServiceXml) (a289d3dd)
2020-12-08T10:10:35.0287157+01:00 [INF] @InvokeRestartManager, process "DALG3test-ASIOServer_1" is added to kill-list. (SiteSelector.Domain.SessionRespond.StartStopDaletService) (06cb7ec8)
2020-12-08T10:10:35.0427542+01:00 [INF] @InvokeRestartManager, process "DALG3test-AudioMediaAgent_1" is added to kill-list. (SiteSelector.Domain.SessionRespond.StartStopDaletService) (06cb7ec8)
2020-12-08T10:10:35.0559213+01:00 [INF] @InvokeRestartManager, process "DALG3test-AudioMediaAgent_2" is added to kill-list. (SiteSelector.Domain.SessionRespond.StartStopDaletService) (06cb7ec8)
2020-12-08T10:10:35.0696113+01:00 [INF] @InvokeRestartManager, process "DALG3test-AudioMediaAgent_3" is added to kill-list. (SiteSelector.Domain.SessionRespond.StartStopDaletService) (06cb7ec8)
2020-12-08T10:10:35.1506460+01:00 [INF] @InvokeRestartManager, process "DALG3test-BroadcastServer_1" is added to kill-list. (SiteSelector.Domain.SessionRespond.StartStopDaletService) (06cb7ec8)
2020-12-08T10:10:35.1646651+01:00 [INF] @InvokeRestartManager, process "LOCAL-ChannelDetectorAgent_1" is added to kill-list. (SiteSelector.Domain.SessionRespond.StartStopDaletService) (06cb7ec8)
2020-12-08T10:10:36.9337761+01:00 [INF] StartProcessAndWait: "Incorrect function." (SiteSelector.Domain.Processes.ProcessHandler) (75e65bc8)
2020-12-08T10:10:36.9465191+01:00 [INF] StartProcessAndWait: "Incorrect function." (SiteSelector.Domain.Processes.ProcessHandler) (75e65bc8)
2020-12-08T10:10:36.9484091+01:00 [INF] StartProcessAndWait: "Incorrect function." (SiteSelector.Domain.Processes.ProcessHandler) (75e65bc8)
2020-12-08T10:10:36.9581455+01:00 [INF] StartProcessAndWait: "Incorrect function." (SiteSelector.Domain.Processes.ProcessHandler) (75e65bc8)
2020-12-08T10:10:45.7354808+01:00 [INF] StartProcessAndWait: "Incorrect function." (SiteSelector.Domain.Processes.ProcessHandler) (75e65bc8)
2020-12-08T10:10:46.1186678+01:00 [INF] StartProcessAndWait: "-208 - unknown Exitcode." (SiteSelector.Domain.Processes.ProcessHandler) (75e65bc8)
2020-12-08T10:10:46.1203419+01:00 [INF] @InvokeRestartManager, completed action. (SiteSelector.Domain.SessionRespond.StartStopDaletService) (96d20844)
2020-12-08T10:10:46.1206711+01:00 [INF] @CheckForRunningProcesses, try#: 1 (SiteSelector.Domain.SessionRespond.StartStopDaletService) (e0f04456)
2020-12-08T10:10:46.1230222+01:00 [INF] Could not detect "ASIOServerAgent". (SiteSelector.Domain.Processes.ProcessHandler) (37043ae9)
2020-12-08T10:10:46.1230789+01:00 [INF] Detected "ASIOServerAgent" running on client:False (SiteSelector.Domain.Processes.ProcessHandler) (92f7db5d)
2020-12-08T10:10:46.1255762+01:00 [INF] Could not detect "MediaChannelContainer". (SiteSelector.Domain.Processes.ProcessHandler) (37043ae9)
2020-12-08T10:10:46.1256261+01:00 [INF] Detected "MediaChannelContainer" running on client:False (SiteSelector.Domain.Processes.ProcessHandler) (92f7db5d)
2020-12-08T10:10:46.1275761+01:00 [INF] Could not detect "bs_server". (SiteSelector.Domain.Processes.ProcessHandler) (37043ae9)
2020-12-08T10:10:46.1276226+01:00 [INF] Detected "bs_server" running on client:False (SiteSelector.Domain.Processes.ProcessHandler) (92f7db5d)
2020-12-08T10:10:46.1295032+01:00 [INF] Detected "ChannelDetectorAgent" running on client:True (SiteSelector.Domain.Processes.ProcessHandler) (92f7db5d)
2020-12-08T10:10:46.1295794+01:00 [INF] @CheckForRunningProcesses, trying to stop: "ChannelDetectorAgent" (SiteSelector.Domain.SessionRespond.StartStopDaletService) (893a7649)
2020-12-08T10:10:46.1310646+01:00 [INF] @CheckForRunningProcesses, tried stopping: "ChannelDetectorAgent" (SiteSelector.Domain.SessionRespond.StartStopDaletService) (0eb6f192)
2020-12-08T10:10:46.1335773+01:00 [INF] Could not detect "ControlDeviceAgent". (SiteSelector.Domain.Processes.ProcessHandler) (37043ae9)
2020-12-08T10:10:46.1336365+01:00 [INF] Detected "ControlDeviceAgent" running on client:False (SiteSelector.Domain.Processes.ProcessHandler) (92f7db5d)
2020-12-08T10:10:46.6344403+01:00 [INF] @CheckForRunningProcesses, try#: 2 (SiteSelector.Domain.SessionRespond.StartStopDaletService) (e0f04456)
2020-12-08T10:10:46.6367614+01:00 [INF] Could not detect "ASIOServerAgent". (SiteSelector.Domain.Processes.ProcessHandler) (37043ae9)
2020-12-08T10:10:46.6368289+01:00 [INF] Detected "ASIOServerAgent" running on client:False (SiteSelector.Domain.Processes.ProcessHandler) (92f7db5d)
2020-12-08T10:10:46.6385958+01:00 [INF] Could not detect "MediaChannelContainer". (SiteSelector.Domain.Processes.ProcessHandler) (37043ae9)
2020-12-08T10:10:46.6386498+01:00 [INF] Detected "MediaChannelContainer" running on client:False (SiteSelector.Domain.Processes.ProcessHandler) (92f7db5d)
2020-12-08T10:10:46.6404294+01:00 [INF] Could not detect "bs_server". (SiteSelector.Domain.Processes.ProcessHandler) (37043ae9)
2020-12-08T10:10:46.6404866+01:00 [INF] Detected "bs_server" running on client:False (SiteSelector.Domain.Processes.ProcessHandler) (92f7db5d)
2020-12-08T10:10:46.6422907+01:00 [INF] Could not detect "ChannelDetectorAgent". (SiteSelector.Domain.Processes.ProcessHandler) (37043ae9)
2020-12-08T10:10:46.6423290+01:00 [INF] Detected "ChannelDetectorAgent" running on client:False (SiteSelector.Domain.Processes.ProcessHandler) (92f7db5d)
2020-12-08T10:10:46.6440563+01:00 [INF] Could not detect "ControlDeviceAgent". (SiteSelector.Domain.Processes.ProcessHandler) (37043ae9)
2020-12-08T10:10:46.6441189+01:00 [INF] Detected "ControlDeviceAgent" running on client:False (SiteSelector.Domain.Processes.ProcessHandler) (92f7db5d)
2020-12-08T10:10:46.6527445+01:00 [INF] @StopServiceAsync, current attempt# 1 (SiteSelector.Domain.Services.ServiceHandler) (75b481b3)
2020-12-08T10:10:46.9059241+01:00 [INF] Service name and status: "DaletService": Stopped (SiteSelector.Domain.Services.ServiceHandler) (d88393ae)
2020-12-08T10:10:46.9083624+01:00 [INF] SendEvent: Message - Success - "DaletService was stopped successfully." - "(null)" (SiteSelector.Domain.SessionRespond.ActorSessionRespond) (a9efe48d)
2020-12-08T10:10:46.9089898+01:00 [INF] Looking for DaletServiceSource-folder at "\\DALET1\DpShare\DALG3test\DS_Config\TX80359" (SiteSelector.Domain.SessionRespond.DaletServiceXml) (4ccc8816)
2020-12-08T10:10:46.9900203+01:00 [INF] DaletServiceSource-folder at "\\DALET1\DpShare\DALG3test\DS_Config\TX80359" detected: True (SiteSelector.Domain.SessionRespond.DaletServiceXml) (cfe69921)
2020-12-08T10:10:46.9900979+01:00 [INF] Preparing to acquire DaletServiceSourceXml. (SiteSelector.Domain.SessionRespond.DaletServiceXml) (d75359a2)
2020-12-08T10:10:47.0396461+01:00 [INF] DaletServiceSource-files were copied from network: True (SiteSelector.Domain.SessionRespond.DaletServiceXml) (73288b83)
2020-12-08T10:10:47.0404621+01:00 [INF] SendEvent: Message - Success - "DaletService.xml was acquired successfully." - "(null)" (SiteSelector.Domain.SessionRespond.ActorSessionRespond) (a9efe48d)
2020-12-08T10:10:47.0419670+01:00 [INF] Succesfully read file: "C:\ProgramData\DaletPlusData\config.ini" (SiteSelector.Domain.SessionStart.HandleConfigIni) (70338fcf)
2020-12-08T10:10:47.0430448+01:00 [INF] Succesfully read file: "C:\ProgramData\DaletPlusData\config.ini" (SiteSelector.Domain.SessionStart.HandleConfigIni) (70338fcf)
2020-12-08T10:10:47.0443362+01:00 [INF] Succesfully wrote file: "C:\ProgramData\DaletPlusData\config.ini" (SiteSelector.Domain.SessionStart.HandleConfigIni) (073e61d3)
2020-12-08T10:10:47.0444000+01:00 [INF] Succesfully updated config.ini to "DALG3APP01TST DALG3APP02TST": True (SiteSelector.Domain.SessionRespond.UpdateConfigIni) (4d06f4d8)
2020-12-08T10:10:47.0448391+01:00 [INF] SendEvent: Message - Success - "Config.ini was updated successfully." - "(null)" (SiteSelector.Domain.SessionRespond.ActorSessionRespond) (a9efe48d)
2020-12-08T10:10:47.0453478+01:00 [INF] SendEvent: Message - Waiting - "Preparing to start Galaxy." - "(null)" (SiteSelector.Domain.SessionRespond.ActorSessionRespond) (a9efe48d)
2020-12-08T10:10:47.0456810+01:00 [INF] Preparing to restart service: "DaletService" (SiteSelector.Domain.SessionRespond.Launcher) (5a64e8b2)
2020-12-08T10:10:47.0465300+01:00 [INF] Found service "DaletService" in state: StopService (SiteSelector.Domain.Services.ServiceHandler) (d73723f9)
2020-12-08T10:10:47.0480535+01:00 [INF] @StopServiceAsync, current attempt# 1 (SiteSelector.Domain.Services.ServiceHandler) (75b481b3)
2020-12-08T10:10:47.1327365+01:00 [INF] CopyNetWorkFilesToLocal - copy from: "\\DALET1\DpShare\DALG3test\DS_Config\TX80359\DaletService.xml" to: "C:\ProgramData\DaletPlusData\DaletService.xml" was succesfull: True (SiteSelector.Domain.SessionRespond.DaletServiceXml) (027c37f2)
2020-12-08T10:10:47.1387789+01:00 [INF] Actual startUpType for service "DaletService": "Manual" vs requested: Manual (SiteSelector.Domain.Services.ServiceHandler) (c09c8fd6)
2020-12-08T10:10:48.1088340+01:00 [INF] Service name and status: "DaletService": Running (SiteSelector.Domain.Services.ServiceHandler) (d88393ae)
2020-12-08T10:10:48.1104983+01:00 [INF] Restarted service: "DaletService". (SiteSelector.Domain.SessionRespond.StartStopDaletService) (2deba2b1)
2020-12-08T10:10:48.1110826+01:00 [INF] Completed service interaction: "DaletService" (SiteSelector.Domain.SessionRespond.Launcher) (56082d23)
2020-12-08T10:10:48.1150540+01:00 [INF] SessionID is : 0 (SiteSelector.Domain.Processes.ProcessHandler) (6c7ef343)
2020-12-08T10:10:48.1807491+01:00 [INF] Found owner: "NET\w-psog" (SiteSelector.Domain.Processes.ProcessHandler) (22b07dda)
2020-12-08T10:10:48.1808600+01:00 [INF] Non-interactive session. Now starting Galaxy. (SiteSelector.Domain.Processes.ProcessHandler) (dc4b6270)
2020-12-08T10:10:48.1817062+01:00 [INF] StartProcessAsUser: args: "C:\Program Files\Dalet\DaletPlus\bin\DaletGalaxy.exe -A Trusted -S DALG3APP01TST" (SiteSelector.Domain.Processes.ProcessHandler) (aee9c874)
2020-12-08T10:10:48.1873424+01:00 [INF] @ApplicationLoaderHelper, got environment as current user: True (SiteSelector.Domain.Processes.ProcessHandler) (78894c7a)
2020-12-08T10:10:48.1874791+01:00 [INF] @ApplicationLoaderHelper, environment var: "ALLUSERSPROFILE": "C:\ProgramData" (SiteSelector.Domain.Processes.ProcessHandler) (1999c767)
2020-12-08T10:10:48.1875130+01:00 [INF] @ApplicationLoaderHelper, environment var: "APPDATA": "C:\Users\w-psog\AppData\Roaming" (SiteSelector.Domain.Processes.ProcessHandler) (1999c767)
2020-12-08T10:10:48.1875310+01:00 [INF] @ApplicationLoaderHelper, environment var: "CommonProgramFiles": "C:\Program Files\Common Files" (SiteSelector.Domain.Processes.ProcessHandler) (1999c767)
2020-12-08T10:10:48.1875514+01:00 [INF] @ApplicationLoaderHelper, environment var: "CommonProgramFiles(x86)": "C:\Program Files (x86)\Common Files" (SiteSelector.Domain.Processes.ProcessHandler) (1999c767)
2020-12-08T10:10:48.1875689+01:00 [INF] @ApplicationLoaderHelper, environment var: "CommonProgramW6432": "C:\Program Files\Common Files" (SiteSelector.Domain.Processes.ProcessHandler) (1999c767)
2020-12-08T10:10:48.1875838+01:00 [INF] @ApplicationLoaderHelper, environment var: "COMPUTERNAME": "TX80359" (SiteSelector.Domain.Processes.ProcessHandler) (1999c767)
2020-12-08T10:10:48.1876060+01:00 [INF] @ApplicationLoaderHelper, environment var: "ComSpec": "C:\WINDOWS\system32\cmd.exe" (SiteSelector.Domain.Processes.ProcessHandler) (1999c767)
2020-12-08T10:10:48.1876240+01:00 [INF] @ApplicationLoaderHelper, environment var: "DriverData": "C:\Windows\System32\Drivers\DriverData" (SiteSelector.Domain.Processes.ProcessHandler) (1999c767)
2020-12-08T10:10:48.1876386+01:00 [INF] @ApplicationLoaderHelper, environment var: "HOMEDRIVE": "C:" (SiteSelector.Domain.Processes.ProcessHandler) (1999c767)
2020-12-08T10:10:48.1876553+01:00 [INF] @ApplicationLoaderHelper, environment var: "HOMEPATH": "\Users\w-psog" (SiteSelector.Domain.Processes.ProcessHandler) (1999c767)
2020-12-08T10:10:48.1876696+01:00 [INF] @ApplicationLoaderHelper, environment var: "LOCALAPPDATA": "C:\Users\w-psog\AppData\Local" (SiteSelector.Domain.Processes.ProcessHandler) (1999c767)
2020-12-08T10:10:48.1876867+01:00 [INF] @ApplicationLoaderHelper, environment var: "LOGONSERVER": "\\DC01" (SiteSelector.Domain.Processes.ProcessHandler) (1999c767)
2020-12-08T10:10:48.1877007+01:00 [INF] @ApplicationLoaderHelper, environment var: "NUMBER_OF_PROCESSORS": "8" (SiteSelector.Domain.Processes.ProcessHandler) (1999c767)
2020-12-08T10:10:48.1877177+01:00 [INF] @ApplicationLoaderHelper, environment var: "OneDrive": "C:\Users\w-psog\OneDrive" (SiteSelector.Domain.Processes.ProcessHandler) (1999c767)
2020-12-08T10:10:48.1877314+01:00 [INF] @ApplicationLoaderHelper, environment var: "OS": "Windows_NT" (SiteSelector.Domain.Processes.ProcessHandler) (1999c767)
2020-12-08T10:10:48.1877499+01:00 [INF] @ApplicationLoaderHelper, environment var: "Path": "C:\ProgramData\Oracle\Java\javapath;C:\WINDOWS\system32;C:\WINDOWS;C:\WINDOWS\System32\Wbem;C:\WINDOWS\System32\WindowsPowerShell\v1.0\;C:\WINDOWS\System32\OpenSSH\;C:\Users\w-psog\AppData\Local\Microsoft\WindowsApps" (SiteSelector.Domain.Processes.ProcessHandler) (1999c767)
2020-12-08T10:10:48.1877673+01:00 [INF] @ApplicationLoaderHelper, environment var: "PATHEXT": ".COM;.EXE;.BAT;.CMD;.VBS;.VBE;.JS;.JSE;.WSF;.WSH;.MSC" (SiteSelector.Domain.Processes.ProcessHandler) (1999c767)
2020-12-08T10:10:48.1877845+01:00 [INF] @ApplicationLoaderHelper, environment var: "PROCESSOR_ARCHITECTURE": "AMD64" (SiteSelector.Domain.Processes.ProcessHandler) (1999c767)
2020-12-08T10:10:48.1877988+01:00 [INF] @ApplicationLoaderHelper, environment var: "PROCESSOR_IDENTIFIER": "Intel64 Family 6 Model 60 Stepping 3, GenuineIntel" (SiteSelector.Domain.Processes.ProcessHandler) (1999c767)
2020-12-08T10:10:48.1878221+01:00 [INF] @ApplicationLoaderHelper, environment var: "PROCESSOR_LEVEL": "6" (SiteSelector.Domain.Processes.ProcessHandler) (1999c767)
2020-12-08T10:10:48.1878367+01:00 [INF] @ApplicationLoaderHelper, environment var: "PROCESSOR_REVISION": "3c03" (SiteSelector.Domain.Processes.ProcessHandler) (1999c767)
2020-12-08T10:10:48.1878537+01:00 [INF] @ApplicationLoaderHelper, environment var: "ProgramData": "C:\ProgramData" (SiteSelector.Domain.Processes.ProcessHandler) (1999c767)
2020-12-08T10:10:48.1878674+01:00 [INF] @ApplicationLoaderHelper, environment var: "ProgramFiles": "C:\Program Files" (SiteSelector.Domain.Processes.ProcessHandler) (1999c767)
2020-12-08T10:10:48.1878847+01:00 [INF] @ApplicationLoaderHelper, environment var: "ProgramFiles(x86)": "C:\Program Files (x86)" (SiteSelector.Domain.Processes.ProcessHandler) (1999c767)
2020-12-08T10:10:48.1879012+01:00 [INF] @ApplicationLoaderHelper, environment var: "ProgramW6432": "C:\Program Files" (SiteSelector.Domain.Processes.ProcessHandler) (1999c767)
2020-12-08T10:10:48.1879159+01:00 [INF] @ApplicationLoaderHelper, environment var: "PSModulePath": "%ProgramFiles%\WindowsPowerShell\Modules;C:\WINDOWS\system32\WindowsPowerShell\v1.0\Modules" (SiteSelector.Domain.Processes.ProcessHandler) (1999c767)
2020-12-08T10:10:48.1879328+01:00 [INF] @ApplicationLoaderHelper, environment var: "PUBLIC": "C:\Users\Public" (SiteSelector.Domain.Processes.ProcessHandler) (1999c767)
2020-12-08T10:10:48.1879467+01:00 [INF] @ApplicationLoaderHelper, environment var: "SystemDrive": "C:" (SiteSelector.Domain.Processes.ProcessHandler) (1999c767)
2020-12-08T10:10:48.1879636+01:00 [INF] @ApplicationLoaderHelper, environment var: "SystemRoot": "C:\WINDOWS" (SiteSelector.Domain.Processes.ProcessHandler) (1999c767)
2020-12-08T10:10:48.1879784+01:00 [INF] @ApplicationLoaderHelper, environment var: "TEMP": "C:\Users\w-psog\AppData\Local\Temp" (SiteSelector.Domain.Processes.ProcessHandler) (1999c767)
2020-12-08T10:10:48.1879957+01:00 [INF] @ApplicationLoaderHelper, environment var: "TMP": "C:\Users\w-psog\AppData\Local\Temp" (SiteSelector.Domain.Processes.ProcessHandler) (1999c767)
2020-12-08T10:10:48.1880098+01:00 [INF] @ApplicationLoaderHelper, environment var: "UATDATA": "C:\WINDOWS\CCM\UATData\D9F8C395-CAB8-491d-B8AC-179A1FE1BE77" (SiteSelector.Domain.Processes.ProcessHandler) (1999c767)
2020-12-08T10:10:48.1880276+01:00 [INF] @ApplicationLoaderHelper, environment var: "USERDNSDOMAIN": "NET.DR.DK" (SiteSelector.Domain.Processes.ProcessHandler) (1999c767)
2020-12-08T10:10:48.1880456+01:00 [INF] @ApplicationLoaderHelper, environment var: "USERDOMAIN": "NET" (SiteSelector.Domain.Processes.ProcessHandler) (1999c767)
2020-12-08T10:10:48.1880609+01:00 [INF] @ApplicationLoaderHelper, environment var: "USERDOMAIN_ROAMINGPROFILE": "NET" (SiteSelector.Domain.Processes.ProcessHandler) (1999c767)
2020-12-08T10:10:48.1880776+01:00 [INF] @ApplicationLoaderHelper, environment var: "USERNAME": "w-psog" (SiteSelector.Domain.Processes.ProcessHandler) (1999c767)
2020-12-08T10:10:48.1880915+01:00 [INF] @ApplicationLoaderHelper, environment var: "USERPROFILE": "C:\Users\w-psog" (SiteSelector.Domain.Processes.ProcessHandler) (1999c767)
2020-12-08T10:10:48.1881087+01:00 [INF] @ApplicationLoaderHelper, environment var: "windir": "C:\WINDOWS" (SiteSelector.Domain.Processes.ProcessHandler) (1999c767)
2020-12-08T10:10:48.2350457+01:00 [INF] @ApplicationLoaderHelper, started process "C:\Program Files\Dalet\DaletPlus\bin\DaletGalaxy.exe -A Trusted -S DALG3APP01TST", PID: 8724 (SiteSelector.Domain.Processes.ProcessHandler) (cb3dba52)
2020-12-08T10:10:48.2356611+01:00 [INF] StartProcessAsUser - Started process: 8724 (SiteSelector.Domain.Processes.ProcessHandler) (018bf248)
2020-12-08T10:10:48.2357019+01:00 [INF] StartProcessEnvironmentAware. Process "C:\Program Files\Dalet\DaletPlus\bin\DaletGalaxy.exe" has been invoked. (SiteSelector.Domain.Processes.ProcessHandler) (f0f71640)
2020-12-08T10:10:48.2357436+01:00 [INF] StartGalaxy - started Dalet Galaxy: True (SiteSelector.Domain.SessionRespond.Launcher) (bddbbfc5)
2020-12-08T10:10:48.2360222+01:00 [INF] Now Switching to site "DALG3test" (SiteSelector.Pages.MainPage.MainComponent) (105e6a29)
2020-12-08T10:10:48.2402001+01:00 [INF] SendEvent: StartGalaxy - Success - "Successfully started Galaxy" - "DALG3test" (SiteSelector.Domain.SessionRespond.ActorSessionRespond) (a9efe48d)
2020-12-08T10:10:48.2402729+01:00 [INF] Successfully started Dalet Galaxy. (SiteSelector.Domain.SessionRespond.ActorSessionRespond) (df2d65df)
2020-12-08T10:10:48.2677204+01:00 [INF] Successfully build configuration (SiteSelector.Domain.Persist.PersistAppSettings) (34a2c1a5)
2020-12-08T10:10:48.2747354+01:00 [INF] Disposing now (SiteSelector.Pages.MainPage.MainComponent) (7c5e0a46)
2020-12-08T10:10:48.2749845+01:00 [INF] Unsubscribed to all events. (SiteSelector.Pages.MainPage.MainComponent) (8a173910)
2020-12-08T10:10:48.2758076+01:00 [INF] Disposing now (SiteSelector.Pages.MainPage.SitesListComponent) (7c5e0a46)
2020-12-08T10:10:48.2775538+01:00 [INF] Successfully updated configuration to appsettings.json (SiteSelector.Domain.Persist.PersistAppSettings) (de26bb35)
2020-12-08T10:10:48.2792824+01:00 [INF] Galaxy was started: True (SiteSelector.Pages.MainPage.SitesListComponent) (86cbc7be)
2020-12-08T10:10:51.2443650+01:00 [INF] Request starting HTTP/2 POST https://localhost:5055/_blazor/disconnect multipart/form-data; boundary=---------------------------7e4f033302d2 361 (Microsoft.AspNetCore.Hosting.Diagnostics) (ca22a1cb)
2020-12-08T10:10:51.2461923+01:00 [INF] Executing endpoint '"Blazor disconnect"' (Microsoft.AspNetCore.Routing.EndpointMiddleware) (500cc934)
2020-12-08T10:10:51.2476029+01:00 [INF] Closed current browser-window (MS Edge only). (SiteSelector.Pages.MainPage.MainComponent) (023c2a79)
2020-12-08T10:10:51.2633295+01:00 [INF] Executed endpoint '"Blazor disconnect"' (Microsoft.AspNetCore.Routing.EndpointMiddleware) (99874f2b)
2020-12-08T10:10:51.2637556+01:00 [INF] Request finished in 19.6741ms 200  (Microsoft.AspNetCore.Hosting.Diagnostics) (791a596a)
2020-12-08T10:10:51.2718062+01:00 [INF] Executed endpoint '"/_blazor"' (Microsoft.AspNetCore.Routing.EndpointMiddleware) (99874f2b)
2020-12-08T10:10:51.2720893+01:00 [INF] Request finished in 23664.2864ms 101  (Microsoft.AspNetCore.Hosting.Diagnostics) (791a596a)
2020-12-08T10:10:51.2755722+01:00 [INF] Request starting HTTP/2 GET https://localhost:5055/html/SwitchComplete.html   (Microsoft.AspNetCore.Hosting.Diagnostics) (ca22a1cb)
2020-12-08T10:10:51.2768723+01:00 [INF] The file "/html/SwitchComplete.html" was not modified (Microsoft.AspNetCore.StaticFiles.StaticFileMiddleware) (f1f8d725)
2020-12-08T10:10:51.2774127+01:00 [INF] Request finished in 1.8061ms 304 text/html (Microsoft.AspNetCore.Hosting.Diagnostics) (791a596a)
2020-12-08T11:04:47.5510812+01:00 [INF] Request starting HTTP/2 GET https://localhost:5055/SiteSelector   (Microsoft.AspNetCore.Hosting.Diagnostics) (ca22a1cb)
2020-12-08T11:04:47.5526706+01:00 [INF] Executing endpoint '"/_Host"' (Microsoft.AspNetCore.Routing.EndpointMiddleware) (500cc934)
2020-12-08T11:04:47.5543184+01:00 [INF] Route matched with "{page = \"/_Host\", action = \"\", controller = \"\"}". Executing page "/_Host" (Microsoft.AspNetCore.Mvc.RazorPages.Infrastructure.PageActionInvoker) (547e620f)
2020-12-08T11:04:47.5562975+01:00 [INF] Executing an implicit handler method - ModelState is Valid (Microsoft.AspNetCore.Mvc.RazorPages.Infrastructure.PageActionInvoker) (232a55d1)
2020-12-08T11:04:47.5564386+01:00 [INF] Executed an implicit handler method, returned result "Microsoft.AspNetCore.Mvc.RazorPages.PageResult". (Microsoft.AspNetCore.Mvc.RazorPages.Infrastructure.PageActionInvoker) (f857da66)
2020-12-08T11:04:47.5625532+01:00 [INF] Executed page "/_Host" in 8.0188ms (Microsoft.AspNetCore.Mvc.RazorPages.Infrastructure.PageActionInvoker) (02e01280)
2020-12-08T11:04:47.5626434+01:00 [INF] Executed endpoint '"/_Host"' (Microsoft.AspNetCore.Routing.EndpointMiddleware) (99874f2b)
2020-12-08T11:04:47.5628844+01:00 [INF] Request finished in 12.8828ms 200 text/html; charset=utf-8 (Microsoft.AspNetCore.Hosting.Diagnostics) (791a596a)
2020-12-08T11:04:47.5690773+01:00 [INF] Request starting HTTP/2 GET https://localhost:5055/css/bootstrap/bootstrap.min.css   (Microsoft.AspNetCore.Hosting.Diagnostics) (ca22a1cb)
2020-12-08T11:04:47.5691038+01:00 [INF] Request starting HTTP/2 GET https://localhost:5055/css/site.css   (Microsoft.AspNetCore.Hosting.Diagnostics) (ca22a1cb)
2020-12-08T11:04:47.5691883+01:00 [INF] Request starting HTTP/2 GET https://localhost:5055/js/interop.js   (Microsoft.AspNetCore.Hosting.Diagnostics) (ca22a1cb)
2020-12-08T11:04:47.5933636+01:00 [INF] The file "/css/site.css" was not modified (Microsoft.AspNetCore.StaticFiles.StaticFileMiddleware) (f1f8d725)
2020-12-08T11:04:47.5933700+01:00 [INF] The file "/css/bootstrap/bootstrap.min.css" was not modified (Microsoft.AspNetCore.StaticFiles.StaticFileMiddleware) (f1f8d725)
2020-12-08T11:04:47.5933634+01:00 [INF] The file "/js/interop.js" was not modified (Microsoft.AspNetCore.StaticFiles.StaticFileMiddleware) (f1f8d725)
2020-12-08T11:04:47.5937681+01:00 [INF] Request finished in 24.6438ms 304 text/css (Microsoft.AspNetCore.Hosting.Diagnostics) (791a596a)
2020-12-08T11:04:47.5938359+01:00 [INF] Request finished in 24.8268ms 304 text/css (Microsoft.AspNetCore.Hosting.Diagnostics) (791a596a)
2020-12-08T11:04:47.5938377+01:00 [INF] Request finished in 24.7721ms 304 application/javascript (Microsoft.AspNetCore.Hosting.Diagnostics) (791a596a)
2020-12-08T11:04:47.6969605+01:00 [INF] Request starting HTTP/2 GET https://localhost:5055/_framework/blazor.server.js   (Microsoft.AspNetCore.Hosting.Diagnostics) (ca22a1cb)
2020-12-08T11:04:47.6973409+01:00 [INF] The file "/_framework/blazor.server.js" was not modified (Microsoft.AspNetCore.StaticFiles.StaticFileMiddleware) (f1f8d725)
2020-12-08T11:04:47.6975122+01:00 [INF] Request finished in 0.6186ms 304 application/javascript (Microsoft.AspNetCore.Hosting.Diagnostics) (791a596a)
2020-12-08T11:04:47.7021335+01:00 [INF] Request starting HTTP/2 GET https://localhost:5055/css/open-iconic/font/css/open-iconic-bootstrap.min.css   (Microsoft.AspNetCore.Hosting.Diagnostics) (ca22a1cb)
2020-12-08T11:04:47.7172394+01:00 [INF] The file "/css/open-iconic/font/css/open-iconic-bootstrap.min.css" was not modified (Microsoft.AspNetCore.StaticFiles.StaticFileMiddleware) (f1f8d725)
2020-12-08T11:04:47.7175134+01:00 [INF] Request finished in 15.3648ms 304 text/css (Microsoft.AspNetCore.Hosting.Diagnostics) (791a596a)
2020-12-08T11:04:47.7955400+01:00 [INF] Request starting HTTP/2 POST https://localhost:5055/_blazor/negotiate?negotiateVersion=1 text/plain;charset=UTF-8 0 (Microsoft.AspNetCore.Hosting.Diagnostics) (ca22a1cb)
2020-12-08T11:04:47.7959181+01:00 [INF] Executing endpoint '"/_blazor/negotiate"' (Microsoft.AspNetCore.Routing.EndpointMiddleware) (500cc934)
2020-12-08T11:04:47.7968803+01:00 [INF] Executed endpoint '"/_blazor/negotiate"' (Microsoft.AspNetCore.Routing.EndpointMiddleware) (99874f2b)
2020-12-08T11:04:47.7972463+01:00 [INF] Request finished in 1.5723ms 200 application/json (Microsoft.AspNetCore.Hosting.Diagnostics) (791a596a)
2020-12-08T11:04:47.8039975+01:00 [INF] Request starting HTTP/1.1 GET https://localhost:5055/_blazor?id=x5MJORY_kVNPjn51GnCEkQ   (Microsoft.AspNetCore.Hosting.Diagnostics) (ca22a1cb)
2020-12-08T11:04:47.8041962+01:00 [INF] Executing endpoint '"/_blazor"' (Microsoft.AspNetCore.Routing.EndpointMiddleware) (500cc934)
2020-12-08T11:04:47.8206714+01:00 [INF] Running SetupSession (SiteSelector.Domain.SessionStart.ActorSessionStart) (7e9ff657)
2020-12-08T11:04:47.8467784+01:00 [INF] Request starting HTTP/2 GET https://localhost:5055/css/open-iconic/font/fonts/open-iconic.woff   (Microsoft.AspNetCore.Hosting.Diagnostics) (ca22a1cb)
2020-12-08T11:04:47.8601091+01:00 [INF] The file "/css/open-iconic/font/fonts/open-iconic.woff" was not modified (Microsoft.AspNetCore.StaticFiles.StaticFileMiddleware) (f1f8d725)
2020-12-08T11:04:47.8604095+01:00 [INF] Request finished in 13.6601ms 304 application/font-woff (Microsoft.AspNetCore.Hosting.Diagnostics) (791a596a)
2020-12-08T11:04:47.9684205+01:00 [INF] Found galaxy-client in configuration: "Galaxy Systemvælger" (SiteSelector.Domain.Persist.ReadConfigXml) (88c8e810)
2020-12-08T11:04:47.9686115+01:00 [INF] @GetDaletServiceIsInstalled, looking for service: "DaletService" (SiteSelector.Domain.SessionStart.CheckEnvironment) (bb0ef24c)
2020-12-08T11:04:47.9692162+01:00 [INF] Found service "DaletService" in state: StartService (SiteSelector.Domain.Services.ServiceHandler) (d73723f9)
2020-12-08T11:04:47.9693292+01:00 [INF] @GetDaletServiceIsInstalled, found service "DaletService": True (SiteSelector.Domain.SessionStart.CheckEnvironment) (10d3e8ac)
2020-12-08T11:04:47.9736093+01:00 [INF] Detected "DaletGalaxy" running on client:True (SiteSelector.Domain.Processes.ProcessHandler) (92f7db5d)
2020-12-08T11:04:47.9737627+01:00 [INF] DetectGalaxyRunning - Galaxy is running: True (SiteSelector.Domain.SessionStart.CheckEnvironment) (fd1e0f1e)
2020-12-08T11:04:48.1259001+01:00 [INF] Found user "w-psog", is allowed to see test-sites: True (SiteSelector.Domain.SessionStart.CheckEnvironment) (7a41e528)
2020-12-08T11:04:48.1259788+01:00 [INF] Test-sites should be included in site-listing: True (SiteSelector.Domain.SessionStart.CheckEnvironment) (375b5f05)
2020-12-08T11:04:48.1261005+01:00 [WRN] Galaxy is currently running - Cannot continue. (SiteSelector.Domain.SessionStart.ActorSessionStart) (3a53d356)
2020-12-08T11:04:48.1295993+01:00 [INF] Disposing now (SiteSelector.Pages.MainPage.SitesListComponent) (7c5e0a46)
2020-12-08T11:04:48.1303861+01:00 [INF] SendEvent: GalaxyIsRunnning - FatalError - "Galaxy is currently running - Cannot continue." - "(null)" (SiteSelector.Domain.SessionStart.ActorSessionStart) (a9efe48d)
2020-12-08T11:04:48.1304782+01:00 [INF] DaletService exists on client: True (SiteSelector.Pages.MainPage.MainComponent) (ac368e96)
2020-12-08T11:04:48.5636018+01:00 [INF] Request starting HTTP/2 POST https://localhost:5055/_blazor/disconnect multipart/form-data; boundary=---------------------------7e422e303052c 363 (Microsoft.AspNetCore.Hosting.Diagnostics) (ca22a1cb)
2020-12-08T11:04:48.5642654+01:00 [INF] Executing endpoint '"Blazor disconnect"' (Microsoft.AspNetCore.Routing.EndpointMiddleware) (500cc934)
2020-12-08T11:04:48.5657569+01:00 [INF] Disposing now (SiteSelector.Pages.MainPage.MainComponent) (7c5e0a46)
2020-12-08T11:04:48.5658394+01:00 [INF] Unsubscribed to all events. (SiteSelector.Pages.MainPage.MainComponent) (8a173910)
2020-12-08T11:04:48.5660516+01:00 [INF] Executed endpoint '"Blazor disconnect"' (Microsoft.AspNetCore.Routing.EndpointMiddleware) (99874f2b)
2020-12-08T11:04:48.5664765+01:00 [INF] Request finished in 3.2558ms 200  (Microsoft.AspNetCore.Hosting.Diagnostics) (791a596a)
2020-12-08T11:04:49.0014183+01:00 [INF] Executed endpoint '"/_blazor"' (Microsoft.AspNetCore.Routing.EndpointMiddleware) (99874f2b)
2020-12-08T11:04:49.0018501+01:00 [INF] Request finished in 1197.7405ms 101  (Microsoft.AspNetCore.Hosting.Diagnostics) (791a596a)
